Log file open, 03/16/15 19:26:22
LogInit:Display: Running engine for game: Karaage
LogInit: Version: 4.7.1-0+++depot+UE4-Releases+4.7
LogInit: API Version: 0
LogInit: Compiled (64-bit): Mar 11 2015 04:45:01
LogInit: Compiled with Visual C++: 18.00.31101.00
LogInit: Build Configuration: Development
LogInit: Branch Name: ++depot+UE4-Releases+4.7
LogInit: Command line: 
LogInit: Base directory: C:/Users/bhnas_000/Documents/UnrealEngine/Engine/Binaries/Win64/
LogInit: Rocket: 0
[2015.03.17-02.26.22:316][  0]LogTaskGraph: Started task graph with 3 named threads and 6 total threads.
[2015.03.17-02.26.22:369][  0]LogOnline:Warning: No default platform service specified for OnlineSubsystem
[2015.03.17-02.26.22:379][  0]LogInit: Presizing for 0 objects not considered by GC, pre-allocating 0 bytes.
[2015.03.17-02.26.22:388][  0]LogInit: Object subsystem initialized
[2015.03.17-02.26.22:389][  0]LogConsoleResponse:Warning: Skipping Unknown console variable: 'UIScaleRule = ShortestSide'
[2015.03.17-02.26.22:389][  0]LogConsoleResponse:Warning:   Found in ini file 'C:/Users/bhnas_000/Documents/Unreal Projects/Karaage/Editor/Saved/Config/Windows/Engine.ini', in section '[/Script/Engine.RendererSettings]'
[2015.03.17-02.26.22:389][  0]LogConsoleResponse:Warning: Skipping Unknown console variable: 'UIScaleCurve = (EditorCurveData=(Keys=),ExternalCurve=None)'
[2015.03.17-02.26.22:389][  0]LogConsoleResponse:Warning:   Found in ini file 'C:/Users/bhnas_000/Documents/Unreal Projects/Karaage/Editor/Saved/Config/Windows/Engine.ini', in section '[/Script/Engine.RendererSettings]'
[2015.03.17-02.26.22:389][  0]LogConsoleResponse:Warning: Skipping Unknown console variable: 'r.SeperateTranslucency = 0'
[2015.03.17-02.26.22:389][  0]LogConsoleResponse:Warning:   Found in ini file 'C:/Users/bhnas_000/Documents/Unreal Projects/Karaage/Editor/Saved/Config/Windows/Engine.ini', in section '[/Script/Engine.RendererSettings]'
[2015.03.17-02.26.22:389][  0]LogConsoleResponse:Warning: Skipping Unknown console variable: 'r.SSSSS = 0'
[2015.03.17-02.26.22:389][  0]LogConsoleResponse:Warning:   Found in ini file 'C:/Users/bhnas_000/Documents/Unreal Projects/Karaage/Editor/Saved/Config/Windows/Engine.ini', in section '[/Script/Engine.RendererSettings]'
[2015.03.17-02.26.22:390][  0]LogConsoleManager:Warning: Console variable 'r.PostProcessAAQuality' wasn't set (Priority ProjectSetting < Scalability)
[2015.03.17-02.26.22:390][  0]LogConsoleManager:Warning: Console variable 'r.MSAA.CompositingSampleCount' wasn't set (Priority ProjectSetting < Scalability)
[2015.03.17-02.26.22:390][  0]LogConsoleManager:Warning: Console variable 'r.MotionBlurQuality' wasn't set (Priority ProjectSetting < Scalability)
[2015.03.17-02.26.22:390][  0]LogConsoleManager:Warning: Console variable 'r.AmbientOcclusionLevels' wasn't set (Priority ProjectSetting < Scalability)
[2015.03.17-02.26.22:390][  0]LogConsoleManager:Warning: Console variable 'r.DepthOfFieldQuality' wasn't set (Priority ProjectSetting < Scalability)
[2015.03.17-02.26.22:390][  0]LogConsoleManager:Warning: Console variable 'r.LensFlareQuality' wasn't set (Priority ProjectSetting < Scalability)
[2015.03.17-02.26.22:390][  0]LogConsoleManager:Warning: Console variable 'r.SceneColorFringeQuality' wasn't set (Priority ProjectSetting < Scalability)
[2015.03.17-02.26.22:390][  0]LogConsoleManager:Warning: Console variable 'r.BloomQuality' wasn't set (Priority ProjectSetting < Scalability)
[2015.03.17-02.26.22:390][  0]LogConsoleManager:Warning: Console variable 'r.FastBlurThreshold' wasn't set (Priority ProjectSetting < Scalability)
[2015.03.17-02.26.22:390][  0]LogConsoleManager:Warning: Console variable 'r.MaxAnisotropy' wasn't set (Priority ProjectSetting < Scalability)
[2015.03.17-02.26.22:390][  0]LogConsoleManager:Warning: Console variable 'r.SSR.Quality' wasn't set (Priority ProjectSetting < Scalability)
[2015.03.17-02.26.22:390][  0]LogConsoleManager:Warning: Console variable 'r.TranslucencyVolumeBlur' wasn't set (Priority ProjectSetting < Scalability)
[2015.03.17-02.26.22:390][  0]LogInit: Selected Device Profile: [Windows]
[2015.03.17-02.26.22:390][  0]LogInit: Applying CVar settings loaded from the selected device profile: [Windows]
[2015.03.17-02.26.22:395][  0]LogInit: Computer: AWESOME-BOX
[2015.03.17-02.26.22:395][  0]LogInit: User: Benhan
[2015.03.17-02.26.22:395][  0]LogInit: CPU Page size=4096, Cores=4
[2015.03.17-02.26.22:395][  0]LogInit: High frequency timer resolution =3.330095 MHz
[2015.03.17-02.26.22:395][  0]LogMemory: Memory total: Physical=15.9GB (16GB approx) Virtual=8192.0GB
[2015.03.17-02.26.22:395][  0]LogMemory: Platform Memory Stats for Windows
[2015.03.17-02.26.22:395][  0]LogMemory: Process Physical Memory: 46.92 MB used, 46.92 MB peak
[2015.03.17-02.26.22:395][  0]LogMemory: Process Virtual Memory: 23.36 MB used, 23.36 MB peak
[2015.03.17-02.26.22:395][  0]LogMemory: Physical Memory: 4193.09 MB used, 16330.08 MB total
[2015.03.17-02.26.22:395][  0]LogMemory: Virtual Memory: 285.62 MB used, 8388608.00 MB total
[2015.03.17-02.26.22:418][  0]LogD3D11RHI: Found D3D11 adapter 0: NVIDIA GeForce GTX 680 (Feature Level 11_0)
[2015.03.17-02.26.22:418][  0]LogD3D11RHI: Adapter has 1986MB of dedicated video memory, 0MB of dedicated system memory, and 2048MB of shared system memory, 1 output[s]
[2015.03.17-02.26.22:419][  0]LogD3D11RHI: Found D3D11 adapter 1: Microsoft Basic Render Driver (Feature Level 11_0)
[2015.03.17-02.26.22:419][  0]LogD3D11RHI: Adapter has 0MB of dedicated video memory, 0MB of dedicated system memory, and 256MB of shared system memory, 0 output[s]
[2015.03.17-02.26.22:419][  0]LogD3D11RHI: Chosen D3D11 Adapter Id = 0
[2015.03.17-02.26.22:421][  0]LogRHI: Texture pool is 1361 MB (70% of 1945 MB)
[2015.03.17-02.26.22:427][  0]LogD3D11RHI: Async texture creation enabled
[2015.03.17-02.26.22:481][  0]LogTextLocalizationManager: The requested culture ('en_US') has no localization data; parent culture's ('en') localization data will be used.
[2015.03.17-02.26.22:602][  0]LogContentStreaming: Texture pool size is 0.000000MB
[2015.03.17-02.26.24:745][  0]LogTargetPlatformManager:Display: Building Assets For Windows
[2015.03.17-02.26.25:194][  0]LogTargetPlatformManager:Display: Building Assets For Windows
[2015.03.17-02.26.25:247][  0]LogDerivedDataCache:Display: Max Cache Size: 512 MB
[2015.03.17-02.26.25:279][  0]LogDerivedDataCache: Loaded boot cache 0.03s 40MB ../../../../Unreal Projects/Karaage/Editor/DerivedDataCache/Boot.ddc.
[2015.03.17-02.26.25:279][  0]LogDerivedDataCache:Display: Loaded Boot cache: ../../../../Unreal Projects/Karaage/Editor/DerivedDataCache/Boot.ddc
[2015.03.17-02.26.25:279][  0]LogDerivedDataCache: FDerivedDataBackendGraph:  Pak pak cache file ../../../../Unreal Projects/Karaage/Editor/DerivedDataCache/DDC.ddp not found, will not use a pak cache.
[2015.03.17-02.26.25:279][  0]LogDerivedDataCache: Unable to find inner node Pak for hierarchical cache Hierarchy.
[2015.03.17-02.26.25:279][  0]LogDerivedDataCache: FDerivedDataBackendGraph:  EnginePak pak cache file ../../../Engine/DerivedDataCache/DDC.ddp not found, will not use a pak cache.
[2015.03.17-02.26.25:279][  0]LogDerivedDataCache: Unable to find inner node EnginePak for hierarchical cache Hierarchy.
[2015.03.17-02.26.25:291][  0]LogDerivedDataCache: Using Local data cache path ../../../Engine/DerivedDataCache: Writable
[2015.03.17-02.26.25:291][  0]LogDerivedDataCache: Shared data cache path not found in *engine.ini, will not use an Shared cache.
[2015.03.17-02.26.25:291][  0]LogDerivedDataCache: Unable to find inner node Shared for hierarchical cache Hierarchy.
[2015.03.17-02.26.25:547][  0]LogMeshUtilities: No automatic mesh reduction module available
[2015.03.17-02.26.25:547][  0]LogMeshUtilities: No automatic mesh merging module available
[2015.03.17-02.26.25:906][  0]LogInit: WinSock: version 1.1 (2.2), MaxSocks=32767, MaxUdp=65467
[2015.03.17-02.26.25:974][  0]LogSlate:Warning: Failed to load font data from '../../../Engine/Content/Slate/Fonts/Roboto-Italic.ttf'
[2015.03.17-02.26.26:722][  0]UdpMessaging: Initializing bridge on interface 0.0.0.0:0 to multicast group 230.0.0.1:6666.
[2015.03.17-02.26.26:789][  0]LogCoherentUI: CoherentUI plugin initialized!
[2015.03.17-02.26.26:858][  0]LogTemp:Warning: Chai3DPlugin initiated!
[2015.03.17-02.26.26:926][  0]SourceControl: Info Source control is disabled
[2015.03.17-02.26.26:926][  0]SourceControl: Info Source control is disabled
[2015.03.17-02.26.26:926][  0]SourceControl: Info Source control is disabled
[2015.03.17-02.26.26:926][  0]LogSourceControl: RunCommandInternalRaw: 'git version'
[2015.03.17-02.26.26:926][  0]LogSourceControl: RunCommandInternalRaw: ExecProcess ReturnCode=2 OutResults=''
[2015.03.17-02.26.26:934][  0]SourceControl: Info Source control is disabled
[2015.03.17-02.26.27:157][  0]LogCoherentUIEditor: Coherent UI Editor plugin initialized!
[2015.03.17-02.26.27:188][  0]LogObj: 24725 objects as part of root set at end of initial load.
[2015.03.17-02.26.27:188][  0]LogUObjectAllocator: 5310936 out of 0 bytes used by permanent object pool.
[2015.03.17-02.26.27:263][  0]LogEngine: Initializing Engine...
[2015.03.17-02.26.29:466][  0]LogInit: XAudio2 using 'Speakers (High Definition Audio Device)' : 2 channels at 44.1 kHz using 16 bits per sample (channel mask 0x3)
[2015.03.17-02.26.29:471][  0]LogInit: FAudioDevice initialized.
[2015.03.17-02.26.29:501][  0]LogAIModule: Creating AISystem for world NewWorld
[2015.03.17-02.26.29:518][  0]LogDerivedDataCache: Saved boot cache 0.02s 40MB ../../../../Unreal Projects/Karaage/Editor/DerivedDataCache/Boot.ddc.
[2015.03.17-02.26.29:522][  0]LogInit: Texture streaming: Enabled
[2015.03.17-02.26.29:551][  0]LogAnalytics: Creating configured Analytics provider AnalyticsET
[2015.03.17-02.26.29:552][  0]LogAnalytics: ET APIKey = UnrealEngine.Release. APIServer = http://etsource.epicgames.com/ET2/. AppVersion = 4.7.1-0+++depot+UE4-Releases+4.7
[2015.03.17-02.26.29:552][  0]LogAnalytics: SetUserId df7e18ac4face5c1a4653aaf6d2584dc|2ed71ecbfc7f45179b9f57239c0b84a9|14c1e869-eef3-48db-bcdf-4018b2e6672e
[2015.03.17-02.26.29:552][  0]LogAnalytics: AnalyticsET::StartSession [UnrealEngine.Release]
[2015.03.17-02.26.29:569][  0]LogInit: Transaction tracking system initialized
[2015.03.17-02.26.29:668][  0]BlueprintLog: New page: Editor Load
[2015.03.17-02.26.29:698][  0]LogAssetRegistry: FAssetRegistry took 0.0112 seconds to start up
[2015.03.17-02.26.29:698][  0]LogDirectoryWatcher:Warning: Failed to begin reading directory changes for ../../../Engine/Plugins/Experimental/CharacterAI/Content/. Error: 0
[2015.03.17-02.26.30:132][  0]LogTargetPlatformManager:Display: Building Assets For Windows
[2015.03.17-02.26.30:435][  0]LogTargetPlatformManager:Display: Building Assets For Windows
[2015.03.17-02.26.30:630][  0]LogSlate:Warning: Failed to load font data from '../../../Engine/Content/Editor/Slate/Fonts/Roboto-Regular.ttf'
[2015.03.17-02.26.30:630][  0]LogSlate:Warning: Failed to load font data from '../../../Engine/Content/Editor/Slate/Fonts/Roboto-Bold.ttf'
[2015.03.17-02.26.30:634][  0]LogConsoleResponse:Display: 
[2015.03.17-02.26.30:753][  0]LogCook:Display: Done creating registry. It took  0.00s.
[2015.03.17-02.26.30:862][  0]SourceControl: Info Source control is disabled
[2015.03.17-02.26.30:863][  0]Cmd: MAP LOAD FILE="../../../../Unreal Projects/Karaage/Editor/Content/StarterContent/PrototypingMap.umap" TEMPLATE=0 SHOWPROGRESS=1 FEATURELEVEL=3
[2015.03.17-02.26.30:863][  0]LightingResults: New page: Lighting Build
[2015.03.17-02.26.30:873][  0]MapCheck: New page: Map Check
[2015.03.17-02.26.30:873][  0]LightingResults: New page: Lighting Build
[2015.03.17-02.26.30:879][  0]LogParticles: Destroying 0 GPU particle simulations for FXSystem 0x000000C03D37AAC0
[2015.03.17-02.26.32:687][  0]LogEditorServer: Finished looking for orphan Actors (0.000 secs)
[2015.03.17-02.26.32:687][  0]LogAIModule: Creating AISystem for world PrototypingMap
[2015.03.17-02.26.32:688][  0]Cmd: MAP CHECKDEP
[2015.03.17-02.26.32:688][  0]MapCheck: New page: PrototypingMap - Mar 16, 2015, 12:26:32 PM
[2015.03.17-02.26.32:809][  0]MapCheck:Warning: Warning StaticMesh4 StaticMeshComponent /Game/StarterContent/PrototypingMap.PrototypingMap:PersistentLevel.Blueprint_Axes_C_0.StaticMesh4 : Externally referenced 
[2015.03.17-02.26.32:809][  0]MapCheck:Warning: Warning StaticMesh6 StaticMeshComponent /Game/StarterContent/PrototypingMap.PrototypingMap:PersistentLevel.Blueprint_Axes_C_0.StaticMesh6 : Externally referenced 
[2015.03.17-02.26.32:809][  0]MapCheck:Warning: Warning StaticMesh1 StaticMeshComponent /Game/StarterContent/PrototypingMap.PrototypingMap:PersistentLevel.Blueprint_Axes_C_0.StaticMesh1 : Externally referenced 
[2015.03.17-02.26.32:809][  0]MapCheck:Warning: Warning StaticMesh2 StaticMeshComponent /Game/StarterContent/PrototypingMap.PrototypingMap:PersistentLevel.Blueprint_Axes_C_0.StaticMesh2 : Externally referenced 
[2015.03.17-02.26.32:809][  0]MapCheck:Warning: Warning StaticMesh3 StaticMeshComponent /Game/StarterContent/PrototypingMap.PrototypingMap:PersistentLevel.Blueprint_Axes_C_0.StaticMesh3 : Externally referenced 
[2015.03.17-02.26.32:809][  0]MapCheck:Warning: Warning StaticMesh5 StaticMeshComponent /Game/StarterContent/PrototypingMap.PrototypingMap:PersistentLevel.Blueprint_Axes_C_0.StaticMesh5 : Externally referenced 
[2015.03.17-02.26.32:809][  0]MapCheck:Warning: Warning StaticMesh1 StaticMeshComponent /Game/StarterContent/PrototypingMap.PrototypingMap:PersistentLevel.Blueprint_Axes_C_0.StaticMesh1 : Externally referenced 
[2015.03.17-02.26.32:809][  0]MapCheck:Warning: Warning StaticMesh5 StaticMeshComponent /Game/StarterContent/PrototypingMap.PrototypingMap:PersistentLevel.Blueprint_Axes_C_0.StaticMesh5 : Externally referenced 
[2015.03.17-02.26.32:809][  0]MapCheck:Warning: Warning StaticMesh6 StaticMeshComponent /Game/StarterContent/PrototypingMap.PrototypingMap:PersistentLevel.Blueprint_Axes_C_0.StaticMesh6 : Externally referenced 
[2015.03.17-02.26.32:809][  0]MapCheck:Warning: Warning StaticMesh2 StaticMeshComponent /Game/StarterContent/PrototypingMap.PrototypingMap:PersistentLevel.Blueprint_Axes_C_0.StaticMesh2 : Externally referenced 
[2015.03.17-02.26.32:809][  0]MapCheck:Warning: Warning StaticMesh3 StaticMeshComponent /Game/StarterContent/PrototypingMap.PrototypingMap:PersistentLevel.Blueprint_Axes_C_0.StaticMesh3 : Externally referenced 
[2015.03.17-02.26.32:810][  0]MapCheck:Warning: Warning StaticMesh4 StaticMeshComponent /Game/StarterContent/PrototypingMap.PrototypingMap:PersistentLevel.Blueprint_Axes_C_0.StaticMesh4 : Externally referenced 
[2015.03.17-02.26.32:810][  0]MapCheck:Warning: Warning StaticMeshComponent0 StaticMeshComponent /Game/StarterContent/PrototypingMap.PrototypingMap:PersistentLevel.SM_Template_Map_Floor_7.StaticMeshComponent0 : Externally referenced 
[2015.03.17-02.26.32:810][  0]MapCheck:Warning: Warning ModelComponent_0 ModelComponent /Game/StarterContent/PrototypingMap.PrototypingMap:PersistentLevel.ModelComponent_0 : Externally referenced 
[2015.03.17-02.26.32:810][  0]MapCheck:Warning: Warning ModelComponent_1 ModelComponent /Game/StarterContent/PrototypingMap.PrototypingMap:PersistentLevel.ModelComponent_1 : Externally referenced 
[2015.03.17-02.26.32:810][  0]MapCheck:Warning: Warning ModelComponent_2 ModelComponent /Game/StarterContent/PrototypingMap.PrototypingMap:PersistentLevel.ModelComponent_2 : Externally referenced 
[2015.03.17-02.26.32:810][  0]MapCheck:Warning: Warning ModelComponent_3 ModelComponent /Game/StarterContent/PrototypingMap.PrototypingMap:PersistentLevel.ModelComponent_3 : Externally referenced 
[2015.03.17-02.26.32:810][  0]MapCheck:Warning: Warning Model_3 Model /Game/StarterContent/PrototypingMap.PrototypingMap:PersistentLevel.Model_3 : Externally referenced 
[2015.03.17-02.26.32:810][  0]MapCheck:Warning: Warning Polys_82 Polys /Game/StarterContent/PrototypingMap.PrototypingMap:PersistentLevel.BoxBrush.Model_18.Polys_82 : Externally referenced 
[2015.03.17-02.26.32:810][  0]MapCheck:Warning: Warning Polys_123 Polys /Game/StarterContent/PrototypingMap.PrototypingMap:PersistentLevel.BoxBrush2.Model_18.Polys_123 : Externally referenced 
[2015.03.17-02.26.32:810][  0]MapCheck:Warning: Warning Polys_145 Polys /Game/StarterContent/PrototypingMap.PrototypingMap:PersistentLevel.BoxBrush3.Model_19.Polys_145 : Externally referenced 
[2015.03.17-02.26.32:810][  0]MapCheck:Warning: Warning Polys_198 Polys /Game/StarterContent/PrototypingMap.PrototypingMap:PersistentLevel.BoxBrush4.Model_19.Polys_198 : Externally referenced 
[2015.03.17-02.26.32:810][  0]MapCheck:Warning: Warning StaticMeshComponent0 StaticMeshComponent /Game/StarterContent/PrototypingMap.PrototypingMap:PersistentLevel.Cursor.StaticMeshComponent0 : Externally referenced 
[2015.03.17-02.26.32:811][  0]MapCheck: Info Map check complete: 0 Error(s), 23 Warning(s), took 122.628ms to complete.
[2015.03.17-02.26.32:816][  0]LogFileHelpers: Loading map 'PrototypingMap' took 1.954
[2015.03.17-02.26.32:922][  0]LogCollectionManager: Loaded 0 collections in 0.001664 seconds
[2015.03.17-02.26.32:931][  0]LogContentBrowser: Native class hierarchy populated in 0.0089 seconds. Added 1710 classes and 263 folders.
[2015.03.17-02.26.33:002][  0]LogContentBrowser: Native class hierarchy updated for 'SceneOutliner' in 0.0021 seconds. Added 1 classes and 2 folders.
[2015.03.17-02.26.33:031][  0]LogCoherentUIEditor: Starting Extension logic
[2015.03.17-02.26.33:051][  0]LogCrashTracker: Crashtracker disabled due to settings.
[2015.03.17-02.26.33:052][  0]LogSlate:Warning: Failed to load font data from 'Veranda'
[2015.03.17-02.26.33:085][  0]LogLoad: Full Startup: 12.68 seconds (BP compile: 0.66 seconds)
[2015.03.17-02.26.33:118][  0]LogContentBrowser:Verbose: The content browser source was changed by the sources view to '/Game/StarterContent/Blueprints'
[2015.03.17-02.26.33:296][  0]LogRenderer:Warning: Reallocating scene render targets to support 912x536 (Frame:2).
[2015.03.17-02.26.33:563][  4]LogAssetRegistry: Asset discovery search completed in 3.8762 seconds
[2015.03.17-02.26.37:480][448]LogRenderer:Warning: Reallocating scene render targets to support 1224x752 (Frame:8).
[2015.03.17-02.26.55:022][517]Cmd: SELECT NONE
[2015.03.17-02.28.00:798][530]BlueprintLog: New page: Pre-PIE auto-recompile
[2015.03.17-02.28.00:798][530]LogPlayLevel: [PIE] Compiling PrototypingMap before PIE...
[2015.03.17-02.28.01:074][530]LogPlayLevel: PIE:  Blueprint regeneration took 276 ms (1 blueprints)
[2015.03.17-02.28.01:074][530]PIE: New page: PIE session: PrototypingMap (Mar 16, 2015, 12:28:01 PM)
[2015.03.17-02.28.01:136][530]LogBlueprint:Warning: FMemberReference::ResolveMember (GetTransform) bSelfContext == true, but no scope supplied!
[2015.03.17-02.28.01:136][530]LogBlueprint:Warning: FMemberReference::ResolveMember (GetTransform) bSelfContext == true, but no scope supplied!
[2015.03.17-02.28.01:136][530]LogBlueprint:Warning: FMemberReference::ResolveMember (K2_DestroyActor) bSelfContext == true, but no scope supplied!
[2015.03.17-02.28.01:136][530]LogBlueprint:Warning: FMemberReference::ResolveMember (K2_DestroyActor) bSelfContext == true, but no scope supplied!
[2015.03.17-02.28.01:139][530]LogBlueprint:Warning: FMemberReference::ResolveMember (SetActorHiddenInGame) bSelfContext == true, but no scope supplied!
[2015.03.17-02.28.01:139][530]LogBlueprint:Warning: FMemberReference::ResolveMember (SetActorHiddenInGame) bSelfContext == true, but no scope supplied!
[2015.03.17-02.28.01:139][530]LogBlueprint:Warning: FMemberReference::ResolveMember (GetTransform) bSelfContext == true, but no scope supplied!
[2015.03.17-02.28.01:139][530]LogBlueprint:Warning: FMemberReference::ResolveMember (GetTransform) bSelfContext == true, but no scope supplied!
[2015.03.17-02.28.01:140][530]LogBlueprint:Warning: FMemberReference::ResolveMember (K2_AttachRootComponentToActor) bSelfContext == true, but no scope supplied!
[2015.03.17-02.28.01:140][530]LogBlueprint:Warning: FMemberReference::ResolveMember (K2_AttachRootComponentToActor) bSelfContext == true, but no scope supplied!
[2015.03.17-02.28.01:140][530]LogBlueprint:Warning: FMemberReference::ResolveMember (K2_SetActorLocation) bSelfContext == true, but no scope supplied!
[2015.03.17-02.28.01:141][530]LogBlueprint:Warning: FMemberReference::ResolveMember (K2_SetActorLocation) bSelfContext == true, but no scope supplied!
[2015.03.17-02.28.01:141][530]LogBlueprint:Warning: FMemberReference::ResolveMember (K2_AddActorLocalOffset) bSelfContext == true, but no scope supplied!
[2015.03.17-02.28.01:141][530]LogBlueprint:Warning: FMemberReference::ResolveMember (K2_AddActorLocalOffset) bSelfContext == true, but no scope supplied!
[2015.03.17-02.28.01:141][530]LogBlueprint:Warning: FMemberReference::ResolveMember (K2_AddActorLocalOffset) bSelfContext == true, but no scope supplied!
[2015.03.17-02.28.01:141][530]LogBlueprint:Warning: FMemberReference::ResolveMember (K2_AddActorLocalOffset) bSelfContext == true, but no scope supplied!
[2015.03.17-02.28.01:142][530]LogBlueprint:Warning: FMemberReference::ResolveMember (K2_GetActorLocation) bSelfContext == true, but no scope supplied!
[2015.03.17-02.28.01:142][530]LogBlueprint:Warning: FMemberReference::ResolveMember (K2_GetActorLocation) bSelfContext == true, but no scope supplied!
[2015.03.17-02.28.01:142][530]LogBlueprint:Warning: FMemberReference::ResolveMember (K2_AttachRootComponentToActor) bSelfContext == true, but no scope supplied!
[2015.03.17-02.28.01:142][530]LogBlueprint:Warning: FMemberReference::ResolveMember (K2_AttachRootComponentToActor) bSelfContext == true, but no scope supplied!
[2015.03.17-02.28.01:143][530]LogBlueprint:Warning: FMemberReference::ResolveMember (K2_AddActorLocalOffset) bSelfContext == true, but no scope supplied!
[2015.03.17-02.28.01:143][530]LogBlueprint:Warning: FMemberReference::ResolveMember (K2_AddActorLocalOffset) bSelfContext == true, but no scope supplied!
[2015.03.17-02.28.01:143][530]LogBlueprint:Warning: FMemberReference::ResolveMember (K2_AddActorLocalOffset) bSelfContext == true, but no scope supplied!
[2015.03.17-02.28.01:143][530]LogBlueprint:Warning: FMemberReference::ResolveMember (K2_AddActorLocalOffset) bSelfContext == true, but no scope supplied!
[2015.03.17-02.28.01:144][530]LogBlueprint:Warning: FMemberReference::ResolveMember (Rotate Current Object) bSelfContext == true, but no scope supplied!
[2015.03.17-02.28.01:144][530]LogBlueprint:Warning: FMemberReference::ResolveMember (Rotate Current Object) bSelfContext == true, but no scope supplied!
[2015.03.17-02.28.01:144][530]LogBlueprint:Warning: FMemberReference::ResolveMember (Rotate Current Object) bSelfContext == true, but no scope supplied!
[2015.03.17-02.28.01:144][530]LogBlueprint:Warning: FMemberReference::ResolveMember (Rotate Current Object) bSelfContext == true, but no scope supplied!
[2015.03.17-02.28.01:144][530]LogBlueprint:Warning: FMemberReference::ResolveMember (Rotate Current Object) bSelfContext == true, but no scope supplied!
[2015.03.17-02.28.01:144][530]LogBlueprint:Warning: FMemberReference::ResolveMember (Rotate Current Object) bSelfContext == true, but no scope supplied!
[2015.03.17-02.28.01:144][530]LogBlueprint:Warning: FMemberReference::ResolveMember (Scale Current Object) bSelfContext == true, but no scope supplied!
[2015.03.17-02.28.01:144][530]LogBlueprint:Warning: FMemberReference::ResolveMember (Scale Current Object) bSelfContext == true, but no scope supplied!
[2015.03.17-02.28.01:144][530]LogBlueprint:Warning: FMemberReference::ResolveMember (Scale Current Object) bSelfContext == true, but no scope supplied!
[2015.03.17-02.28.01:144][530]LogBlueprint:Warning: FMemberReference::ResolveMember (Scale Current Object) bSelfContext == true, but no scope supplied!
[2015.03.17-02.28.01:144][530]LogBlueprint:Warning: FMemberReference::ResolveMember (Scale Current Object) bSelfContext == true, but no scope supplied!
[2015.03.17-02.28.01:144][530]LogBlueprint:Warning: FMemberReference::ResolveMember (Scale Current Object) bSelfContext == true, but no scope supplied!
[2015.03.17-02.28.01:145][530]LogBlueprint:Warning: FMemberReference::ResolveMember (Translate Current Object) bSelfContext == true, but no scope supplied!
[2015.03.17-02.28.01:145][530]LogBlueprint:Warning: FMemberReference::ResolveMember (Translate Current Object) bSelfContext == true, but no scope supplied!
[2015.03.17-02.28.01:145][530]LogBlueprint:Warning: FMemberReference::ResolveMember (Translate Current Object) bSelfContext == true, but no scope supplied!
[2015.03.17-02.28.01:145][530]LogBlueprint:Warning: FMemberReference::ResolveMember (Translate Current Object) bSelfContext == true, but no scope supplied!
[2015.03.17-02.28.01:145][530]LogBlueprint:Warning: FMemberReference::ResolveMember (Translate Current Object) bSelfContext == true, but no scope supplied!
[2015.03.17-02.28.01:145][530]LogBlueprint:Warning: FMemberReference::ResolveMember (Translate Current Object) bSelfContext == true, but no scope supplied!
[2015.03.17-02.28.01:145][530]LogBlueprint:Warning: FMemberReference::ResolveMember (Rotate Current Object) bSelfContext == true, but no scope supplied!
[2015.03.17-02.28.01:145][530]LogBlueprint:Warning: FMemberReference::ResolveMember (Rotate Current Object) bSelfContext == true, but no scope supplied!
[2015.03.17-02.28.01:145][530]LogBlueprint:Warning: FMemberReference::ResolveMember (Rotate Current Object) bSelfContext == true, but no scope supplied!
[2015.03.17-02.28.01:145][530]LogBlueprint:Warning: FMemberReference::ResolveMember (Rotate Current Object) bSelfContext == true, but no scope supplied!
[2015.03.17-02.28.01:145][530]LogBlueprint:Warning: FMemberReference::ResolveMember (Rotate Current Object) bSelfContext == true, but no scope supplied!
[2015.03.17-02.28.01:145][530]LogBlueprint:Warning: FMemberReference::ResolveMember (Rotate Current Object) bSelfContext == true, but no scope supplied!
[2015.03.17-02.28.01:146][530]LogBlueprint:Warning: FMemberReference::ResolveMember (Scale Current Object) bSelfContext == true, but no scope supplied!
[2015.03.17-02.28.01:146][530]LogBlueprint:Warning: FMemberReference::ResolveMember (Scale Current Object) bSelfContext == true, but no scope supplied!
[2015.03.17-02.28.01:146][530]LogBlueprint:Warning: FMemberReference::ResolveMember (Scale Current Object) bSelfContext == true, but no scope supplied!
[2015.03.17-02.28.01:146][530]LogBlueprint:Warning: FMemberReference::ResolveMember (Scale Current Object) bSelfContext == true, but no scope supplied!
[2015.03.17-02.28.01:146][530]LogBlueprint:Warning: FMemberReference::ResolveMember (Scale Current Object) bSelfContext == true, but no scope supplied!
[2015.03.17-02.28.01:146][530]LogBlueprint:Warning: FMemberReference::ResolveMember (Scale Current Object) bSelfContext == true, but no scope supplied!
[2015.03.17-02.28.01:146][530]LogBlueprint:Warning: FMemberReference::ResolveMember (Translate Current Object) bSelfContext == true, but no scope supplied!
[2015.03.17-02.28.01:146][530]LogBlueprint:Warning: FMemberReference::ResolveMember (Translate Current Object) bSelfContext == true, but no scope supplied!
[2015.03.17-02.28.01:146][530]LogBlueprint:Warning: FMemberReference::ResolveMember (Translate Current Object) bSelfContext == true, but no scope supplied!
[2015.03.17-02.28.01:146][530]LogBlueprint:Warning: FMemberReference::ResolveMember (Translate Current Object) bSelfContext == true, but no scope supplied!
[2015.03.17-02.28.01:146][530]LogBlueprint:Warning: FMemberReference::ResolveMember (Translate Current Object) bSelfContext == true, but no scope supplied!
[2015.03.17-02.28.01:146][530]LogBlueprint:Warning: FMemberReference::ResolveMember (Translate Current Object) bSelfContext == true, but no scope supplied!
[2015.03.17-02.28.01:147][530]LogBlueprint:Warning: FMemberReference::ResolveMember (Select Object By Cursor Overlap) bSelfContext == true, but no scope supplied!
[2015.03.17-02.28.01:147][530]LogBlueprint:Warning: FMemberReference::ResolveMember (Select Object By Cursor Overlap) bSelfContext == true, but no scope supplied!
[2015.03.17-02.28.01:148][530]LogBlueprint:Warning: FMemberReference::ResolveMember (ToggleMainMenu) bSelfContext == true, but no scope supplied!
[2015.03.17-02.28.01:148][530]LogBlueprint:Warning: FMemberReference::ResolveMember (ToggleMainMenu) bSelfContext == true, but no scope supplied!
[2015.03.17-02.28.01:149][530]LogBlueprint:Warning: FMemberReference::ResolveMember (Select Object By Cursor Line Trace) bSelfContext == true, but no scope supplied!
[2015.03.17-02.28.01:149][530]LogBlueprint:Warning: FMemberReference::ResolveMember (Select Object By Cursor Line Trace) bSelfContext == true, but no scope supplied!
[2015.03.17-02.28.01:149][530]LogBlueprint:Warning: FMemberReference::ResolveMember (K2_SetActorLocation) bSelfContext == true, but no scope supplied!
[2015.03.17-02.28.01:149][530]LogBlueprint:Warning: FMemberReference::ResolveMember (K2_SetActorLocation) bSelfContext == true, but no scope supplied!
[2015.03.17-02.28.01:149][530]LogBlueprint:Warning: FMemberReference::ResolveMember (K2_GetActorLocation) bSelfContext == true, but no scope supplied!
[2015.03.17-02.28.01:150][530]LogBlueprint:Warning: FMemberReference::ResolveMember (K2_GetActorLocation) bSelfContext == true, but no scope supplied!
[2015.03.17-02.28.01:151][530]LogBlueprint:Warning: FMemberReference::ResolveMember (Select Object By Camera Line Trace) bSelfContext == true, but no scope supplied!
[2015.03.17-02.28.01:151][530]LogBlueprint:Warning: FMemberReference::ResolveMember (Select Object By Camera Line Trace) bSelfContext == true, but no scope supplied!
[2015.03.17-02.28.01:152][530]LogBlueprint:Warning: FMemberReference::ResolveMember (K2_AttachRootComponentToActor) bSelfContext == true, but no scope supplied!
[2015.03.17-02.28.01:152][530]LogBlueprint:Warning: FMemberReference::ResolveMember (K2_AttachRootComponentToActor) bSelfContext == true, but no scope supplied!
[2015.03.17-02.28.01:152][530]LogBlueprint:Warning: FMemberReference::ResolveMember (SetActorHiddenInGame) bSelfContext == true, but no scope supplied!
[2015.03.17-02.28.01:152][530]LogBlueprint:Warning: FMemberReference::ResolveMember (SetActorHiddenInGame) bSelfContext == true, but no scope supplied!
[2015.03.17-02.28.01:153][530]LogBlueprint:Warning: FMemberReference::ResolveMember (K2_GetRootComponent) bSelfContext == true, but no scope supplied!
[2015.03.17-02.28.01:153][530]LogBlueprint:Warning: FMemberReference::ResolveMember (K2_GetRootComponent) bSelfContext == true, but no scope supplied!
[2015.03.17-02.28.01:153][530]LogBlueprint:Warning: FMemberReference::ResolveMember (K2_AddActorLocalRotation) bSelfContext == true, but no scope supplied!
[2015.03.17-02.28.01:153][530]LogBlueprint:Warning: FMemberReference::ResolveMember (K2_AddActorLocalRotation) bSelfContext == true, but no scope supplied!
[2015.03.17-02.28.01:154][530]LogBlueprint:Warning: FMemberReference::ResolveMember (K2_AddActorWorldOffset) bSelfContext == true, but no scope supplied!
[2015.03.17-02.28.01:154][530]LogBlueprint:Warning: FMemberReference::ResolveMember (K2_AddActorWorldOffset) bSelfContext == true, but no scope supplied!
[2015.03.17-02.28.01:154][530]LogBlueprint:Warning: FMemberReference::ResolveMember (GetActorScale3D) bSelfContext == true, but no scope supplied!
[2015.03.17-02.28.01:154][530]LogBlueprint:Warning: FMemberReference::ResolveMember (GetActorScale3D) bSelfContext == true, but no scope supplied!
[2015.03.17-02.28.01:155][530]LogBlueprint:Warning: FMemberReference::ResolveMember (SetActorScale3D) bSelfContext == true, but no scope supplied!
[2015.03.17-02.28.01:155][530]LogBlueprint:Warning: FMemberReference::ResolveMember (SetActorScale3D) bSelfContext == true, but no scope supplied!
[2015.03.17-02.28.01:156][530]LogBlueprint:Warning: FMemberReference::ResolveMember (SelectCurrentObject) bSelfContext == true, but no scope supplied!
[2015.03.17-02.28.01:156][530]LogBlueprint:Warning: FMemberReference::ResolveMember (SelectCurrentObject) bSelfContext == true, but no scope supplied!
[2015.03.17-02.28.01:157][530]LogBlueprint:Warning: FMemberReference::ResolveMember (SelectCurrentObject) bSelfContext == true, but no scope supplied!
[2015.03.17-02.28.01:157][530]LogBlueprint:Warning: FMemberReference::ResolveMember (SelectCurrentObject) bSelfContext == true, but no scope supplied!
[2015.03.17-02.28.01:157][530]LogBlueprint:Warning: FMemberReference::ResolveMember (GetActorForwardVector) bSelfContext == true, but no scope supplied!
[2015.03.17-02.28.01:157][530]LogBlueprint:Warning: FMemberReference::ResolveMember (GetActorForwardVector) bSelfContext == true, but no scope supplied!
[2015.03.17-02.28.01:159][530]LogBlueprint:Warning: FMemberReference::ResolveMember (SelectCurrentObject) bSelfContext == true, but no scope supplied!
[2015.03.17-02.28.01:159][530]LogBlueprint:Warning: FMemberReference::ResolveMember (SelectCurrentObject) bSelfContext == true, but no scope supplied!
[2015.03.17-02.28.01:160][530]LogBlueprint:Warning: FMemberReference::ResolveMember (SelectCurrentObject) bSelfContext == true, but no scope supplied!
[2015.03.17-02.28.01:160][530]LogBlueprint:Warning: FMemberReference::ResolveMember (SelectCurrentObject) bSelfContext == true, but no scope supplied!
[2015.03.17-02.28.01:161][530]LogBlueprint:Warning: FMemberReference::ResolveMember (SelectCurrentObject) bSelfContext == true, but no scope supplied!
[2015.03.17-02.28.01:161][530]LogBlueprint:Warning: FMemberReference::ResolveMember (SelectCurrentObject) bSelfContext == true, but no scope supplied!
[2015.03.17-02.28.01:162][530]LogBlueprint:Warning: FMemberReference::ResolveMember (SelectCurrentObject) bSelfContext == true, but no scope supplied!
[2015.03.17-02.28.01:162][530]LogBlueprint:Warning: FMemberReference::ResolveMember (SelectCurrentObject) bSelfContext == true, but no scope supplied!
[2015.03.17-02.28.01:164][530]LogBlueprint:Warning: FMemberReference::ResolveMember (SetActorHiddenInGame) bSelfContext == true, but no scope supplied!
[2015.03.17-02.28.01:164][530]LogBlueprint:Warning: FMemberReference::ResolveMember (SetActorHiddenInGame) bSelfContext == true, but no scope supplied!
[2015.03.17-02.28.01:165][530]LogBlueprint:Warning: FMemberReference::ResolveMember (GetTransform) bSelfContext == true, but no scope supplied!
[2015.03.17-02.28.01:165][530]LogBlueprint:Warning: FMemberReference::ResolveMember (GetTransform) bSelfContext == true, but no scope supplied!
[2015.03.17-02.28.01:166][530]LogBlueprint:Warning: FMemberReference::ResolveMember (K2_AddActorLocalRotation) bSelfContext == true, but no scope supplied!
[2015.03.17-02.28.01:166][530]LogBlueprint:Warning: FMemberReference::ResolveMember (K2_AddActorLocalRotation) bSelfContext == true, but no scope supplied!
[2015.03.17-02.28.01:166][530]LogBlueprint:Warning: FMemberReference::ResolveMember (K2_AddActorLocalOffset) bSelfContext == true, but no scope supplied!
[2015.03.17-02.28.01:166][530]LogBlueprint:Warning: FMemberReference::ResolveMember (K2_AddActorLocalOffset) bSelfContext == true, but no scope supplied!
[2015.03.17-02.28.01:185][530]LogPlayLevel: PIE: StaticDuplicateObject took: (0.111315s)
[2015.03.17-02.28.01:186][530]LogPlayLevel: PIE: World Init took: (0.000423s)
[2015.03.17-02.28.01:186][530]LogPlayLevel: PIE: Created PIE world by copying editor world from /Game/StarterContent/PrototypingMap.PrototypingMap to /Game/StarterContent/UEDPIE_0_PrototypingMap.PrototypingMap (0.111916s)
[2015.03.17-02.28.01:234][530]LogWorld: Game class is 'GameMode'
[2015.03.17-02.28.01:236][530]LogAIModule: Creating AISystem for world PrototypingMap
[2015.03.17-02.28.01:239][530]LogWorld: Bringing World /Game/StarterContent/UEDPIE_0_PrototypingMap.PrototypingMap up for play (max tick rate 0) at 2015.03.16-19.28.01
[2015.03.17-02.28.01:240][530]LogWorld: Bringing up level for play took: 0.003707
[2015.03.17-02.28.01:242][530]PIE: Info Play in editor start time for /Game/StarterContent/UEDPIE_0_PrototypingMap 0.049
[2015.03.17-02.28.01:243][530]LogBlueprintUserMessages: 0.0
[2015.03.17-02.28.01:267][531]LogBlueprintUserMessages: 0.0
[2015.03.17-02.28.01:307][532]LogBlueprintUserMessages: 0.0
[2015.03.17-02.28.01:326][533]LogBlueprintUserMessages: 0.0
[2015.03.17-02.28.01:343][534]LogBlueprintUserMessages: 0.0
[2015.03.17-02.28.01:361][535]LogBlueprintUserMessages: 0.0
[2015.03.17-02.28.01:378][536]LogBlueprintUserMessages: 0.0
[2015.03.17-02.28.01:395][537]LogBlueprintUserMessages: 0.0
[2015.03.17-02.28.01:411][538]LogBlueprintUserMessages: 0.0
[2015.03.17-02.28.01:428][539]LogBlueprintUserMessages: 0.0
[2015.03.17-02.28.01:444][540]LogBlueprintUserMessages: 0.0
[2015.03.17-02.28.01:461][541]LogBlueprintUserMessages: 0.0
[2015.03.17-02.28.01:478][542]LogBlueprintUserMessages: 0.0
[2015.03.17-02.28.01:495][543]LogBlueprintUserMessages: 0.0
[2015.03.17-02.28.01:512][544]LogBlueprintUserMessages: 0.0
[2015.03.17-02.28.01:529][545]LogBlueprintUserMessages: 0.0
[2015.03.17-02.28.01:544][546]LogBlueprintUserMessages: 0.0
[2015.03.17-02.28.01:552][547]LogBlueprintUserMessages: 0.0
[2015.03.17-02.28.01:560][548]LogBlueprintUserMessages: 0.0
[2015.03.17-02.28.01:569][549]LogBlueprintUserMessages: 0.0
[2015.03.17-02.28.01:577][550]LogBlueprintUserMessages: 0.0
[2015.03.17-02.28.01:585][551]LogBlueprintUserMessages: 0.0
[2015.03.17-02.28.01:594][552]LogBlueprintUserMessages: 0.0
[2015.03.17-02.28.01:602][553]LogBlueprintUserMessages: 0.0
[2015.03.17-02.28.01:610][554]LogBlueprintUserMessages: 0.0
[2015.03.17-02.28.01:619][555]LogBlueprintUserMessages: 0.0
[2015.03.17-02.28.01:627][556]LogBlueprintUserMessages: 0.0
[2015.03.17-02.28.01:635][557]LogBlueprintUserMessages: 0.0
[2015.03.17-02.28.01:644][558]LogBlueprintUserMessages: 0.0
[2015.03.17-02.28.01:652][559]LogBlueprintUserMessages: 0.0
[2015.03.17-02.28.01:660][560]LogBlueprintUserMessages: 0.0
[2015.03.17-02.28.01:669][561]LogBlueprintUserMessages: 0.0
[2015.03.17-02.28.01:677][562]LogBlueprintUserMessages: 0.0
[2015.03.17-02.28.01:685][563]LogBlueprintUserMessages: 0.0
[2015.03.17-02.28.01:693][564]LogBlueprintUserMessages: 0.0
[2015.03.17-02.28.01:702][565]LogBlueprintUserMessages: 0.0
[2015.03.17-02.28.01:710][566]LogBlueprintUserMessages: 0.0
[2015.03.17-02.28.01:719][567]LogBlueprintUserMessages: 0.0
[2015.03.17-02.28.01:727][568]LogBlueprintUserMessages: 0.0
[2015.03.17-02.28.01:735][569]LogBlueprintUserMessages: 0.0
[2015.03.17-02.28.01:743][570]LogBlueprintUserMessages: 0.0
[2015.03.17-02.28.01:752][571]LogBlueprintUserMessages: 0.0
[2015.03.17-02.28.01:760][572]LogBlueprintUserMessages: 0.0
[2015.03.17-02.28.01:768][573]LogBlueprintUserMessages: 0.0
[2015.03.17-02.28.01:777][574]LogBlueprintUserMessages: 0.0
[2015.03.17-02.28.01:785][575]LogBlueprintUserMessages: 0.0
[2015.03.17-02.28.01:793][576]LogBlueprintUserMessages: 0.0
[2015.03.17-02.28.01:802][577]LogBlueprintUserMessages: 0.0
[2015.03.17-02.28.01:810][578]LogBlueprintUserMessages: 0.0
[2015.03.17-02.28.01:818][579]LogBlueprintUserMessages: 0.0
[2015.03.17-02.28.01:827][580]LogBlueprintUserMessages: 0.0
[2015.03.17-02.28.01:835][581]LogBlueprintUserMessages: 0.0
[2015.03.17-02.28.01:843][582]LogBlueprintUserMessages: 0.0
[2015.03.17-02.28.01:852][583]LogBlueprintUserMessages: 0.0
[2015.03.17-02.28.01:860][584]LogBlueprintUserMessages: 0.0
[2015.03.17-02.28.01:868][585]LogBlueprintUserMessages: 0.0
[2015.03.17-02.28.01:877][586]LogBlueprintUserMessages: 0.0
[2015.03.17-02.28.01:885][587]LogBlueprintUserMessages: 0.0
[2015.03.17-02.28.01:893][588]LogBlueprintUserMessages: 0.0
[2015.03.17-02.28.01:902][589]LogBlueprintUserMessages: 0.0
[2015.03.17-02.28.01:910][590]LogBlueprintUserMessages: 0.0
[2015.03.17-02.28.01:918][591]LogBlueprintUserMessages: 0.0
[2015.03.17-02.28.01:927][592]LogBlueprintUserMessages: 0.0
[2015.03.17-02.28.01:935][593]LogBlueprintUserMessages: 0.0
[2015.03.17-02.28.01:943][594]LogBlueprintUserMessages: 0.0
[2015.03.17-02.28.01:952][595]LogBlueprintUserMessages: 0.0
[2015.03.17-02.28.01:960][596]LogBlueprintUserMessages: 0.0
[2015.03.17-02.28.01:968][597]LogBlueprintUserMessages: 0.0
[2015.03.17-02.28.01:977][598]LogBlueprintUserMessages: 0.0
[2015.03.17-02.28.01:985][599]LogBlueprintUserMessages: 0.0
[2015.03.17-02.28.01:993][600]LogBlueprintUserMessages: 0.0
[2015.03.17-02.28.02:002][601]LogBlueprintUserMessages: 0.0
[2015.03.17-02.28.02:010][602]LogBlueprintUserMessages: 0.0
[2015.03.17-02.28.02:018][603]LogBlueprintUserMessages: 0.0
[2015.03.17-02.28.02:027][604]LogBlueprintUserMessages: 0.0
[2015.03.17-02.28.02:035][605]LogBlueprintUserMessages: 0.0
[2015.03.17-02.28.02:043][606]LogBlueprintUserMessages: 0.0
[2015.03.17-02.28.02:052][607]LogBlueprintUserMessages: 0.0
[2015.03.17-02.28.02:060][608]LogBlueprintUserMessages: 0.0
[2015.03.17-02.28.02:068][609]LogBlueprintUserMessages: 0.0
[2015.03.17-02.28.02:077][610]LogBlueprintUserMessages: 0.0
[2015.03.17-02.28.02:085][611]LogBlueprintUserMessages: 0.0
[2015.03.17-02.28.02:093][612]LogBlueprintUserMessages: 0.0
[2015.03.17-02.28.02:102][613]LogBlueprintUserMessages: 0.0
[2015.03.17-02.28.02:110][614]LogBlueprintUserMessages: 0.0
[2015.03.17-02.28.02:118][615]LogBlueprintUserMessages: 0.0
[2015.03.17-02.28.02:127][616]LogBlueprintUserMessages: 0.0
[2015.03.17-02.28.02:135][617]LogBlueprintUserMessages: 0.0
[2015.03.17-02.28.02:143][618]LogBlueprintUserMessages: 0.0
[2015.03.17-02.28.02:152][619]LogBlueprintUserMessages: 0.0
[2015.03.17-02.28.02:160][620]LogBlueprintUserMessages: 0.0
[2015.03.17-02.28.02:168][621]LogBlueprintUserMessages: 0.0
[2015.03.17-02.28.02:177][622]LogBlueprintUserMessages: 0.0
[2015.03.17-02.28.02:185][623]LogBlueprintUserMessages: 0.0
[2015.03.17-02.28.02:193][624]LogBlueprintUserMessages: 0.0
[2015.03.17-02.28.02:202][625]LogBlueprintUserMessages: 0.0
[2015.03.17-02.28.02:210][626]LogBlueprintUserMessages: 0.0
[2015.03.17-02.28.02:218][627]LogBlueprintUserMessages: 0.0
[2015.03.17-02.28.02:227][628]LogBlueprintUserMessages: 0.0
[2015.03.17-02.28.02:235][629]LogBlueprintUserMessages: 0.0
[2015.03.17-02.28.02:243][630]LogBlueprintUserMessages: 0.0
[2015.03.17-02.28.02:252][631]LogBlueprintUserMessages: 0.0
[2015.03.17-02.28.02:260][632]LogBlueprintUserMessages: 0.0
[2015.03.17-02.28.02:268][633]LogBlueprintUserMessages: 0.0
[2015.03.17-02.28.02:276][634]LogBlueprintUserMessages: 0.0
[2015.03.17-02.28.02:285][635]LogBlueprintUserMessages: 0.0
[2015.03.17-02.28.02:293][636]LogBlueprintUserMessages: 0.0
[2015.03.17-02.28.02:301][637]LogBlueprintUserMessages: 0.0
[2015.03.17-02.28.02:310][638]LogBlueprintUserMessages: 0.0
[2015.03.17-02.28.02:330][639]LogBlueprintUserMessages: 0.0
[2015.03.17-02.28.02:338][640]LogBlueprintUserMessages: 0.0
[2015.03.17-02.28.02:347][641]LogBlueprintUserMessages: 0.0
[2015.03.17-02.28.02:355][642]LogBlueprintUserMessages: 0.0
[2015.03.17-02.28.02:363][643]LogBlueprintUserMessages: 0.0
[2015.03.17-02.28.02:372][644]LogBlueprintUserMessages: 0.0
[2015.03.17-02.28.02:380][645]LogBlueprintUserMessages: 0.0
[2015.03.17-02.28.02:388][646]LogBlueprintUserMessages: 0.0
[2015.03.17-02.28.02:397][647]LogBlueprintUserMessages: 0.0
[2015.03.17-02.28.02:405][648]LogBlueprintUserMessages: 0.0
[2015.03.17-02.28.02:413][649]LogBlueprintUserMessages: 0.0
[2015.03.17-02.28.02:422][650]LogBlueprintUserMessages: 0.0
[2015.03.17-02.28.02:430][651]LogBlueprintUserMessages: 0.0
[2015.03.17-02.28.02:438][652]LogBlueprintUserMessages: 0.0
[2015.03.17-02.28.02:447][653]LogBlueprintUserMessages: 0.0
[2015.03.17-02.28.02:455][654]LogBlueprintUserMessages: 0.0
[2015.03.17-02.28.02:463][655]LogBlueprintUserMessages: 0.0
[2015.03.17-02.28.02:472][656]LogBlueprintUserMessages: 0.0
[2015.03.17-02.28.02:480][657]LogBlueprintUserMessages: 0.0
[2015.03.17-02.28.02:488][658]LogBlueprintUserMessages: 0.0
[2015.03.17-02.28.02:497][659]LogBlueprintUserMessages: 0.0
[2015.03.17-02.28.02:505][660]LogBlueprintUserMessages: 0.0
[2015.03.17-02.28.02:513][661]LogBlueprintUserMessages: 0.0
[2015.03.17-02.28.02:522][662]LogBlueprintUserMessages: 0.0
[2015.03.17-02.28.02:530][663]LogBlueprintUserMessages: 0.0
[2015.03.17-02.28.02:538][664]LogBlueprintUserMessages: 0.0
[2015.03.17-02.28.02:547][665]LogBlueprintUserMessages: 0.0
[2015.03.17-02.28.02:555][666]LogBlueprintUserMessages: 0.0
[2015.03.17-02.28.02:563][667]LogBlueprintUserMessages: 0.0
[2015.03.17-02.28.02:572][668]LogBlueprintUserMessages: 0.0
[2015.03.17-02.28.02:580][669]LogBlueprintUserMessages: 0.0
[2015.03.17-02.28.02:588][670]LogBlueprintUserMessages: 0.0
[2015.03.17-02.28.02:597][671]LogBlueprintUserMessages: 0.0
[2015.03.17-02.28.02:605][672]LogBlueprintUserMessages: 0.0
[2015.03.17-02.28.02:613][673]LogBlueprintUserMessages: 0.0
[2015.03.17-02.28.02:622][674]LogBlueprintUserMessages: 0.0
[2015.03.17-02.28.02:630][675]LogBlueprintUserMessages: 0.0
[2015.03.17-02.28.02:638][676]LogBlueprintUserMessages: 0.0
[2015.03.17-02.28.02:647][677]LogBlueprintUserMessages: 0.0
[2015.03.17-02.28.02:655][678]LogBlueprintUserMessages: 0.0
[2015.03.17-02.28.02:663][679]LogBlueprintUserMessages: 0.0
[2015.03.17-02.28.02:672][680]LogBlueprintUserMessages: 0.0
[2015.03.17-02.28.02:680][681]LogBlueprintUserMessages: 0.0
[2015.03.17-02.28.02:688][682]LogBlueprintUserMessages: 0.0
[2015.03.17-02.28.02:697][683]LogBlueprintUserMessages: 0.0
[2015.03.17-02.28.02:705][684]LogBlueprintUserMessages: 0.0
[2015.03.17-02.28.02:713][685]LogBlueprintUserMessages: 0.0
[2015.03.17-02.28.02:722][686]LogBlueprintUserMessages: 0.0
[2015.03.17-02.28.02:730][687]LogBlueprintUserMessages: 0.0
[2015.03.17-02.28.02:738][688]LogBlueprintUserMessages: 0.0
[2015.03.17-02.28.02:747][689]LogBlueprintUserMessages: 0.0
[2015.03.17-02.28.02:755][690]LogBlueprintUserMessages: 0.0
[2015.03.17-02.28.02:763][691]LogBlueprintUserMessages: 0.0
[2015.03.17-02.28.02:771][692]LogBlueprintUserMessages: 0.0
[2015.03.17-02.28.02:780][693]LogBlueprintUserMessages: 0.0
[2015.03.17-02.28.02:788][694]LogBlueprintUserMessages: 0.0
[2015.03.17-02.28.02:797][695]LogBlueprintUserMessages: 0.0
[2015.03.17-02.28.02:805][696]LogBlueprintUserMessages: 0.0
[2015.03.17-02.28.02:813][697]LogBlueprintUserMessages: 0.0
[2015.03.17-02.28.02:821][698]LogBlueprintUserMessages: 0.0
[2015.03.17-02.28.02:830][699]LogBlueprintUserMessages: 0.0
[2015.03.17-02.28.02:838][700]LogBlueprintUserMessages: 0.0
[2015.03.17-02.28.02:846][701]LogBlueprintUserMessages: 0.0
[2015.03.17-02.28.02:855][702]LogBlueprintUserMessages: 0.0
[2015.03.17-02.28.02:863][703]LogBlueprintUserMessages: 0.0
[2015.03.17-02.28.02:871][704]LogBlueprintUserMessages: 0.0
[2015.03.17-02.28.02:880][705]LogBlueprintUserMessages: 0.0
[2015.03.17-02.28.02:888][706]LogBlueprintUserMessages: 0.0
[2015.03.17-02.28.02:896][707]LogBlueprintUserMessages: 0.0
[2015.03.17-02.28.02:905][708]LogBlueprintUserMessages: 0.0
[2015.03.17-02.28.02:913][709]LogBlueprintUserMessages: 0.0
[2015.03.17-02.28.02:921][710]LogBlueprintUserMessages: 0.0
[2015.03.17-02.28.02:930][711]LogBlueprintUserMessages: 0.0
[2015.03.17-02.28.02:938][712]LogBlueprintUserMessages: 0.0
[2015.03.17-02.28.02:946][713]LogBlueprintUserMessages: 0.0
[2015.03.17-02.28.02:955][714]LogBlueprintUserMessages: 0.0
[2015.03.17-02.28.02:963][715]LogBlueprintUserMessages: 0.0
[2015.03.17-02.28.02:971][716]LogBlueprintUserMessages: 0.0
[2015.03.17-02.28.02:980][717]LogBlueprintUserMessages: 0.0
[2015.03.17-02.28.02:988][718]LogBlueprintUserMessages: 0.0
[2015.03.17-02.28.02:996][719]LogBlueprintUserMessages: 0.0
[2015.03.17-02.28.03:005][720]LogBlueprintUserMessages: 0.0
[2015.03.17-02.28.03:014][721]LogBlueprintUserMessages: 0.0
[2015.03.17-02.28.03:022][722]LogBlueprintUserMessages: 0.0
[2015.03.17-02.28.03:031][723]LogBlueprintUserMessages: 0.0
[2015.03.17-02.28.03:039][724]LogBlueprintUserMessages: 0.0
[2015.03.17-02.28.03:047][725]LogBlueprintUserMessages: 0.0
[2015.03.17-02.28.03:056][726]LogBlueprintUserMessages: 0.0
[2015.03.17-02.28.03:064][727]LogBlueprintUserMessages: 0.0
[2015.03.17-02.28.03:072][728]LogBlueprintUserMessages: 0.0
[2015.03.17-02.28.03:081][729]LogBlueprintUserMessages: 0.0
[2015.03.17-02.28.03:089][730]LogBlueprintUserMessages: 0.0
[2015.03.17-02.28.03:097][731]LogBlueprintUserMessages: 0.0
[2015.03.17-02.28.03:106][732]LogBlueprintUserMessages: 0.0
[2015.03.17-02.28.03:114][733]LogBlueprintUserMessages: 0.0
[2015.03.17-02.28.03:122][734]LogBlueprintUserMessages: 0.0
[2015.03.17-02.28.03:131][735]LogBlueprintUserMessages: 0.0
[2015.03.17-02.28.03:139][736]LogBlueprintUserMessages: 0.0
[2015.03.17-02.28.03:147][737]LogBlueprintUserMessages: 0.0
[2015.03.17-02.28.03:156][738]LogBlueprintUserMessages: 0.0
[2015.03.17-02.28.03:164][739]LogBlueprintUserMessages: 0.0
[2015.03.17-02.28.03:172][740]LogBlueprintUserMessages: 0.0
[2015.03.17-02.28.03:181][741]LogBlueprintUserMessages: 0.0
[2015.03.17-02.28.03:189][742]LogBlueprintUserMessages: 0.0
[2015.03.17-02.28.03:197][743]LogBlueprintUserMessages: 0.0
[2015.03.17-02.28.03:206][744]LogBlueprintUserMessages: 0.0
[2015.03.17-02.28.03:214][745]LogBlueprintUserMessages: 0.0
[2015.03.17-02.28.03:222][746]LogBlueprintUserMessages: 0.0
[2015.03.17-02.28.03:231][747]LogBlueprintUserMessages: 0.0
[2015.03.17-02.28.03:239][748]LogBlueprintUserMessages: 0.0
[2015.03.17-02.28.03:247][749]LogBlueprintUserMessages: 0.0
[2015.03.17-02.28.03:256][750]LogBlueprintUserMessages: 0.0
[2015.03.17-02.28.03:264][751]LogBlueprintUserMessages: 0.0
[2015.03.17-02.28.03:272][752]LogBlueprintUserMessages: 0.0
[2015.03.17-02.28.03:281][753]LogBlueprintUserMessages: 0.0
[2015.03.17-02.28.03:289][754]LogBlueprintUserMessages: 0.0
[2015.03.17-02.28.03:297][755]LogBlueprintUserMessages: 0.0
[2015.03.17-02.28.03:306][756]LogBlueprintUserMessages: 0.0
[2015.03.17-02.28.03:314][757]LogBlueprintUserMessages: 0.0
[2015.03.17-02.28.03:322][758]LogBlueprintUserMessages: 0.0
[2015.03.17-02.28.03:331][759]LogBlueprintUserMessages: 0.0
[2015.03.17-02.28.03:352][760]LogBlueprintUserMessages: 0.0
[2015.03.17-02.28.03:360][761]LogBlueprintUserMessages: 0.0
[2015.03.17-02.28.03:368][762]LogBlueprintUserMessages: 0.0
[2015.03.17-02.28.03:376][763]LogBlueprintUserMessages: 0.0
[2015.03.17-02.28.03:385][764]LogBlueprintUserMessages: 0.0
[2015.03.17-02.28.03:393][765]LogBlueprintUserMessages: 0.0
[2015.03.17-02.28.03:402][766]LogBlueprintUserMessages: 0.0
[2015.03.17-02.28.03:410][767]LogBlueprintUserMessages: 0.0
[2015.03.17-02.28.03:418][768]LogBlueprintUserMessages: 0.0
[2015.03.17-02.28.03:427][769]LogBlueprintUserMessages: 0.0
[2015.03.17-02.28.03:435][770]LogBlueprintUserMessages: 0.0
[2015.03.17-02.28.03:443][771]LogBlueprintUserMessages: 0.0
[2015.03.17-02.28.03:452][772]LogBlueprintUserMessages: 0.0
[2015.03.17-02.28.03:460][773]LogBlueprintUserMessages: 0.0
[2015.03.17-02.28.03:468][774]LogBlueprintUserMessages: 0.0
[2015.03.17-02.28.03:477][775]LogBlueprintUserMessages: 0.0
[2015.03.17-02.28.03:485][776]LogBlueprintUserMessages: 0.0
[2015.03.17-02.28.03:493][777]LogBlueprintUserMessages: 0.0
[2015.03.17-02.28.03:502][778]LogBlueprintUserMessages: 0.0
[2015.03.17-02.28.03:510][779]LogBlueprintUserMessages: 0.0
[2015.03.17-02.28.03:518][780]LogBlueprintUserMessages: 0.0
[2015.03.17-02.28.03:527][781]LogBlueprintUserMessages: 0.0
[2015.03.17-02.28.03:535][782]LogBlueprintUserMessages: 0.0
[2015.03.17-02.28.03:543][783]LogBlueprintUserMessages: 0.0
[2015.03.17-02.28.03:552][784]LogBlueprintUserMessages: 0.0
[2015.03.17-02.28.03:560][785]LogBlueprintUserMessages: 0.0
[2015.03.17-02.28.03:568][786]LogBlueprintUserMessages: 0.0
[2015.03.17-02.28.03:577][787]LogBlueprintUserMessages: 0.0
[2015.03.17-02.28.03:585][788]LogBlueprintUserMessages: 0.0
[2015.03.17-02.28.03:593][789]LogBlueprintUserMessages: 0.0
[2015.03.17-02.28.03:602][790]LogBlueprintUserMessages: 0.0
[2015.03.17-02.28.03:610][791]LogBlueprintUserMessages: 0.0
[2015.03.17-02.28.03:618][792]LogBlueprintUserMessages: 0.0
[2015.03.17-02.28.03:627][793]LogBlueprintUserMessages: 0.0
[2015.03.17-02.28.03:635][794]LogBlueprintUserMessages: 0.0
[2015.03.17-02.28.03:643][795]LogBlueprintUserMessages: 0.0
[2015.03.17-02.28.03:652][796]LogBlueprintUserMessages: 0.0
[2015.03.17-02.28.03:660][797]LogBlueprintUserMessages: 0.0
[2015.03.17-02.28.03:668][798]LogBlueprintUserMessages: 0.0
[2015.03.17-02.28.03:677][799]LogBlueprintUserMessages: 0.0
[2015.03.17-02.28.03:685][800]LogBlueprintUserMessages: 0.0
[2015.03.17-02.28.03:693][801]LogBlueprintUserMessages: 0.0
[2015.03.17-02.28.03:702][802]LogBlueprintUserMessages: 0.0
[2015.03.17-02.28.03:710][803]LogBlueprintUserMessages: 0.0
[2015.03.17-02.28.03:718][804]LogBlueprintUserMessages: 0.0
[2015.03.17-02.28.03:727][805]LogBlueprintUserMessages: 0.0
[2015.03.17-02.28.03:735][806]LogBlueprintUserMessages: 0.0
[2015.03.17-02.28.03:743][807]LogBlueprintUserMessages: 0.0
[2015.03.17-02.28.03:752][808]LogBlueprintUserMessages: 0.0
[2015.03.17-02.28.03:760][809]LogBlueprintUserMessages: 0.0
[2015.03.17-02.28.03:768][810]LogBlueprintUserMessages: 0.0
[2015.03.17-02.28.03:776][811]LogBlueprintUserMessages: 0.0
[2015.03.17-02.28.03:785][812]LogBlueprintUserMessages: 0.0
[2015.03.17-02.28.03:793][813]LogBlueprintUserMessages: 0.0
[2015.03.17-02.28.03:801][814]LogBlueprintUserMessages: 0.0
[2015.03.17-02.28.03:810][815]LogBlueprintUserMessages: 0.0
[2015.03.17-02.28.03:818][816]LogBlueprintUserMessages: 0.0
[2015.03.17-02.28.03:826][817]LogBlueprintUserMessages: 0.0
[2015.03.17-02.28.03:835][818]LogBlueprintUserMessages: 0.0
[2015.03.17-02.28.03:843][819]LogBlueprintUserMessages: 0.0
[2015.03.17-02.28.03:851][820]LogBlueprintUserMessages: 0.0
[2015.03.17-02.28.03:860][821]LogBlueprintUserMessages: 0.0
[2015.03.17-02.28.03:868][822]LogBlueprintUserMessages: 0.0
[2015.03.17-02.28.03:876][823]LogBlueprintUserMessages: 0.0
[2015.03.17-02.28.03:885][824]LogBlueprintUserMessages: 0.0
[2015.03.17-02.28.03:893][825]LogBlueprintUserMessages: 0.0
[2015.03.17-02.28.03:901][826]LogBlueprintUserMessages: 0.0
[2015.03.17-02.28.03:910][827]LogBlueprintUserMessages: 0.0
[2015.03.17-02.28.03:918][828]LogBlueprintUserMessages: 0.0
[2015.03.17-02.28.03:926][829]LogBlueprintUserMessages: 0.0
[2015.03.17-02.28.03:935][830]LogBlueprintUserMessages: 0.0
[2015.03.17-02.28.03:943][831]LogBlueprintUserMessages: 0.0
[2015.03.17-02.28.03:951][832]LogBlueprintUserMessages: 0.0
[2015.03.17-02.28.03:960][833]LogBlueprintUserMessages: 0.0
[2015.03.17-02.28.03:968][834]LogBlueprintUserMessages: 0.0
[2015.03.17-02.28.03:976][835]LogBlueprintUserMessages: 0.0
[2015.03.17-02.28.03:985][836]LogBlueprintUserMessages: 0.0
[2015.03.17-02.28.03:993][837]LogBlueprintUserMessages: 0.0
[2015.03.17-02.28.04:001][838]LogBlueprintUserMessages: 0.0
[2015.03.17-02.28.04:010][839]LogBlueprintUserMessages: 0.0
[2015.03.17-02.28.04:018][840]LogBlueprintUserMessages: 0.0
[2015.03.17-02.28.04:026][841]LogBlueprintUserMessages: 0.0
[2015.03.17-02.28.04:035][842]LogBlueprintUserMessages: 0.0
[2015.03.17-02.28.04:043][843]LogBlueprintUserMessages: 0.0
[2015.03.17-02.28.04:051][844]LogBlueprintUserMessages: 0.0
[2015.03.17-02.28.04:059][845]LogBlueprintUserMessages: 0.0
[2015.03.17-02.28.04:068][846]LogBlueprintUserMessages: 0.0
[2015.03.17-02.28.04:076][847]LogBlueprintUserMessages: 0.0
[2015.03.17-02.28.04:085][848]LogBlueprintUserMessages: 0.0
[2015.03.17-02.28.04:093][849]LogBlueprintUserMessages: 0.0
[2015.03.17-02.28.04:101][850]LogBlueprintUserMessages: 0.0
[2015.03.17-02.28.04:109][851]LogBlueprintUserMessages: 0.0
[2015.03.17-02.28.04:118][852]LogBlueprintUserMessages: 0.0
[2015.03.17-02.28.04:126][853]LogBlueprintUserMessages: 0.0
[2015.03.17-02.28.04:134][854]LogBlueprintUserMessages: 0.0
[2015.03.17-02.28.04:143][855]LogBlueprintUserMessages: 0.0
[2015.03.17-02.28.04:151][856]LogBlueprintUserMessages: 0.0
[2015.03.17-02.28.04:159][857]LogBlueprintUserMessages: 0.0
[2015.03.17-02.28.04:168][858]LogBlueprintUserMessages: 0.0
[2015.03.17-02.28.04:176][859]LogBlueprintUserMessages: 0.0
[2015.03.17-02.28.04:184][860]LogBlueprintUserMessages: 0.0
[2015.03.17-02.28.04:193][861]LogBlueprintUserMessages: 0.0
[2015.03.17-02.28.04:201][862]LogBlueprintUserMessages: 0.0
[2015.03.17-02.28.04:209][863]LogBlueprintUserMessages: 0.0
[2015.03.17-02.28.04:218][864]LogBlueprintUserMessages: 0.0
[2015.03.17-02.28.04:226][865]LogBlueprintUserMessages: 0.0
[2015.03.17-02.28.04:234][866]LogBlueprintUserMessages: 0.0
[2015.03.17-02.28.04:243][867]LogBlueprintUserMessages: 0.0
[2015.03.17-02.28.04:251][868]LogBlueprintUserMessages: 0.0
[2015.03.17-02.28.04:259][869]LogBlueprintUserMessages: 0.0
[2015.03.17-02.28.04:268][870]LogBlueprintUserMessages: 0.0
[2015.03.17-02.28.04:276][871]LogBlueprintUserMessages: 0.0
[2015.03.17-02.28.04:284][872]LogBlueprintUserMessages: 0.0
[2015.03.17-02.28.04:293][873]LogBlueprintUserMessages: 0.0
[2015.03.17-02.28.04:301][874]LogBlueprintUserMessages: 0.0
[2015.03.17-02.28.04:309][875]LogBlueprintUserMessages: 0.0
[2015.03.17-02.28.04:318][876]LogBlueprintUserMessages: 0.0
[2015.03.17-02.28.04:326][877]LogBlueprintUserMessages: 0.0
[2015.03.17-02.28.04:334][878]LogBlueprintUserMessages: 0.0
[2015.03.17-02.28.04:343][879]LogBlueprintUserMessages: 0.0
[2015.03.17-02.28.04:351][880]LogBlueprintUserMessages: 0.0
[2015.03.17-02.28.04:364][881]LogBlueprintUserMessages: 0.0
[2015.03.17-02.28.04:372][882]LogBlueprintUserMessages: 0.0
[2015.03.17-02.28.04:381][883]LogBlueprintUserMessages: 0.0
[2015.03.17-02.28.04:389][884]LogBlueprintUserMessages: 0.0
[2015.03.17-02.28.04:397][885]LogBlueprintUserMessages: 0.0
[2015.03.17-02.28.04:406][886]LogBlueprintUserMessages: 0.0
[2015.03.17-02.28.04:414][887]LogBlueprintUserMessages: 0.0
[2015.03.17-02.28.04:422][888]LogBlueprintUserMessages: 0.0
[2015.03.17-02.28.04:431][889]LogBlueprintUserMessages: 0.0
[2015.03.17-02.28.04:439][890]LogBlueprintUserMessages: 0.0
[2015.03.17-02.28.04:447][891]LogBlueprintUserMessages: 0.0
[2015.03.17-02.28.04:456][892]LogBlueprintUserMessages: 0.0
[2015.03.17-02.28.04:464][893]LogBlueprintUserMessages: 0.0
[2015.03.17-02.28.04:472][894]LogBlueprintUserMessages: 0.0
[2015.03.17-02.28.04:481][895]LogBlueprintUserMessages: 0.0
[2015.03.17-02.28.04:489][896]LogBlueprintUserMessages: 0.0
[2015.03.17-02.28.04:497][897]LogBlueprintUserMessages: 0.0
[2015.03.17-02.28.04:506][898]LogBlueprintUserMessages: 0.0
[2015.03.17-02.28.04:514][899]LogBlueprintUserMessages: 0.0
[2015.03.17-02.28.04:523][900]LogBlueprintUserMessages: 0.0
[2015.03.17-02.28.04:531][901]LogBlueprintUserMessages: 0.0
[2015.03.17-02.28.04:539][902]LogBlueprintUserMessages: 0.0
[2015.03.17-02.28.04:548][903]LogBlueprintUserMessages: 0.0
[2015.03.17-02.28.04:556][904]LogBlueprintUserMessages: 0.0
[2015.03.17-02.28.04:564][905]LogBlueprintUserMessages: 0.0
[2015.03.17-02.28.04:573][906]LogBlueprintUserMessages: 0.0
[2015.03.17-02.28.04:581][907]LogBlueprintUserMessages: 0.0
[2015.03.17-02.28.04:589][908]LogBlueprintUserMessages: 0.0
[2015.03.17-02.28.04:598][909]LogBlueprintUserMessages: 0.0
[2015.03.17-02.28.04:606][910]LogBlueprintUserMessages: 0.0
[2015.03.17-02.28.04:614][911]LogBlueprintUserMessages: 0.0
[2015.03.17-02.28.04:622][912]LogBlueprintUserMessages: 0.0
[2015.03.17-02.28.04:631][913]LogBlueprintUserMessages: 0.0
[2015.03.17-02.28.04:639][914]LogBlueprintUserMessages: 0.0
[2015.03.17-02.28.04:648][915]LogBlueprintUserMessages: 0.0
[2015.03.17-02.28.04:656][916]LogBlueprintUserMessages: 0.0
[2015.03.17-02.28.04:664][917]LogBlueprintUserMessages: 0.0
[2015.03.17-02.28.04:673][918]LogBlueprintUserMessages: 0.0
[2015.03.17-02.28.04:681][919]LogBlueprintUserMessages: 0.0
[2015.03.17-02.28.04:689][920]LogBlueprintUserMessages: 0.0
[2015.03.17-02.28.04:698][921]LogBlueprintUserMessages: 0.0
[2015.03.17-02.28.04:706][922]LogBlueprintUserMessages: 0.0
[2015.03.17-02.28.04:714][923]LogBlueprintUserMessages: 0.0
[2015.03.17-02.28.04:723][924]LogBlueprintUserMessages: 0.0
[2015.03.17-02.28.04:731][925]LogBlueprintUserMessages: 0.0
[2015.03.17-02.28.04:739][926]LogBlueprintUserMessages: 0.0
[2015.03.17-02.28.04:748][927]LogBlueprintUserMessages: 0.0
[2015.03.17-02.28.04:757][928]LogBlueprintUserMessages: 0.0
[2015.03.17-02.28.04:765][929]LogBlueprintUserMessages: 0.0
[2015.03.17-02.28.04:774][930]LogBlueprintUserMessages: 0.0
[2015.03.17-02.28.04:782][931]LogBlueprintUserMessages: 0.0
[2015.03.17-02.28.04:790][932]LogBlueprintUserMessages: 0.0
[2015.03.17-02.28.04:799][933]LogBlueprintUserMessages: 0.0
[2015.03.17-02.28.04:807][934]LogBlueprintUserMessages: 0.0
[2015.03.17-02.28.04:815][935]LogBlueprintUserMessages: 0.0
[2015.03.17-02.28.04:824][936]LogBlueprintUserMessages: 0.0
[2015.03.17-02.28.04:832][937]LogBlueprintUserMessages: 0.0
[2015.03.17-02.28.04:840][938]LogBlueprintUserMessages: 0.0
[2015.03.17-02.28.04:848][939]LogBlueprintUserMessages: 0.0
[2015.03.17-02.28.04:857][940]LogBlueprintUserMessages: 0.0
[2015.03.17-02.28.04:865][941]LogBlueprintUserMessages: 0.0
[2015.03.17-02.28.04:873][942]LogBlueprintUserMessages: 0.0
[2015.03.17-02.28.04:882][943]LogBlueprintUserMessages: 0.0
[2015.03.17-02.28.04:890][944]LogBlueprintUserMessages: 0.0
[2015.03.17-02.28.04:898][945]LogBlueprintUserMessages: 0.0
[2015.03.17-02.28.04:907][946]LogBlueprintUserMessages: 0.0
[2015.03.17-02.28.04:915][947]LogBlueprintUserMessages: 0.0
[2015.03.17-02.28.04:923][948]LogBlueprintUserMessages: 0.0
[2015.03.17-02.28.04:932][949]LogBlueprintUserMessages: 0.0
[2015.03.17-02.28.04:940][950]LogBlueprintUserMessages: 0.0
[2015.03.17-02.28.04:949][951]LogBlueprintUserMessages: 0.0
[2015.03.17-02.28.04:957][952]LogBlueprintUserMessages: 0.0
[2015.03.17-02.28.04:965][953]LogBlueprintUserMessages: 0.0
[2015.03.17-02.28.04:973][954]LogBlueprintUserMessages: 0.0
[2015.03.17-02.28.04:982][955]LogBlueprintUserMessages: 0.0
[2015.03.17-02.28.04:990][956]LogBlueprintUserMessages: 0.0
[2015.03.17-02.28.04:998][957]LogBlueprintUserMessages: 0.0
[2015.03.17-02.28.05:007][958]LogBlueprintUserMessages: 0.0
[2015.03.17-02.28.05:015][959]LogBlueprintUserMessages: 0.0
[2015.03.17-02.28.05:023][960]LogBlueprintUserMessages: 0.0
[2015.03.17-02.28.05:032][961]LogBlueprintUserMessages: 0.0
[2015.03.17-02.28.05:040][962]LogBlueprintUserMessages: 0.0
[2015.03.17-02.28.05:048][963]LogBlueprintUserMessages: 0.0
[2015.03.17-02.28.05:057][964]LogBlueprintUserMessages: 0.0
[2015.03.17-02.28.05:065][965]LogBlueprintUserMessages: 0.0
[2015.03.17-02.28.05:073][966]LogBlueprintUserMessages: 0.0
[2015.03.17-02.28.05:082][967]LogBlueprintUserMessages: 0.0
[2015.03.17-02.28.05:090][968]LogBlueprintUserMessages: 0.0
[2015.03.17-02.28.05:098][969]LogBlueprintUserMessages: 0.0
[2015.03.17-02.28.05:107][970]LogBlueprintUserMessages: 0.0
[2015.03.17-02.28.05:115][971]LogBlueprintUserMessages: 0.0
[2015.03.17-02.28.05:123][972]LogBlueprintUserMessages: 0.0
[2015.03.17-02.28.05:132][973]LogBlueprintUserMessages: 0.0
[2015.03.17-02.28.05:140][974]LogBlueprintUserMessages: 0.0
[2015.03.17-02.28.05:148][975]LogBlueprintUserMessages: 0.0
[2015.03.17-02.28.05:157][976]LogBlueprintUserMessages: 0.0
[2015.03.17-02.28.05:165][977]LogBlueprintUserMessages: 0.0
[2015.03.17-02.28.05:173][978]LogBlueprintUserMessages: 0.0
[2015.03.17-02.28.05:182][979]LogBlueprintUserMessages: 0.0
[2015.03.17-02.28.05:190][980]LogBlueprintUserMessages: 0.0
[2015.03.17-02.28.05:198][981]LogBlueprintUserMessages: 0.0
[2015.03.17-02.28.05:207][982]LogBlueprintUserMessages: 0.0
[2015.03.17-02.28.05:215][983]LogBlueprintUserMessages: 0.0
[2015.03.17-02.28.05:223][984]LogBlueprintUserMessages: 0.0
[2015.03.17-02.28.05:232][985]LogBlueprintUserMessages: 0.0
[2015.03.17-02.28.05:240][986]LogBlueprintUserMessages: 0.0
[2015.03.17-02.28.05:248][987]LogBlueprintUserMessages: 0.0
[2015.03.17-02.28.05:257][988]LogBlueprintUserMessages: 0.0
[2015.03.17-02.28.05:265][989]LogBlueprintUserMessages: 0.0
[2015.03.17-02.28.05:273][990]LogBlueprintUserMessages: 0.0
[2015.03.17-02.28.05:282][991]LogBlueprintUserMessages: 0.0
[2015.03.17-02.28.05:290][992]LogBlueprintUserMessages: 0.0
[2015.03.17-02.28.05:298][993]LogBlueprintUserMessages: 0.0
[2015.03.17-02.28.05:307][994]LogBlueprintUserMessages: 0.0
[2015.03.17-02.28.05:315][995]LogBlueprintUserMessages: 0.0
[2015.03.17-02.28.05:323][996]LogBlueprintUserMessages: 0.0
[2015.03.17-02.28.05:332][997]LogBlueprintUserMessages: 0.0
[2015.03.17-02.28.05:340][998]LogBlueprintUserMessages: 0.0
[2015.03.17-02.28.05:348][999]LogBlueprintUserMessages: 0.0
[2015.03.17-02.28.05:357][  0]LogBlueprintUserMessages: 0.0
[2015.03.17-02.28.05:365][  1]LogBlueprintUserMessages: 0.0
[2015.03.17-02.28.05:373][  2]LogBlueprintUserMessages: 0.0
[2015.03.17-02.28.05:387][  3]LogBlueprintUserMessages: 0.0
[2015.03.17-02.28.05:396][  4]LogBlueprintUserMessages: 0.0
[2015.03.17-02.28.05:404][  5]LogBlueprintUserMessages: 0.0
[2015.03.17-02.28.05:412][  6]LogBlueprintUserMessages: 0.0
[2015.03.17-02.28.05:421][  7]LogBlueprintUserMessages: 0.0
[2015.03.17-02.28.05:429][  8]LogBlueprintUserMessages: 0.0
[2015.03.17-02.28.05:437][  9]LogBlueprintUserMessages: 0.0
[2015.03.17-02.28.05:445][ 10]LogBlueprintUserMessages: 0.0
[2015.03.17-02.28.05:454][ 11]LogBlueprintUserMessages: 0.0
[2015.03.17-02.28.05:462][ 12]LogBlueprintUserMessages: 0.0
[2015.03.17-02.28.05:470][ 13]LogBlueprintUserMessages: 0.0
[2015.03.17-02.28.05:479][ 14]LogBlueprintUserMessages: 0.0
[2015.03.17-02.28.05:487][ 15]LogBlueprintUserMessages: 0.0
[2015.03.17-02.28.05:495][ 16]LogBlueprintUserMessages: 0.0
[2015.03.17-02.28.05:504][ 17]LogBlueprintUserMessages: 0.0
[2015.03.17-02.28.05:512][ 18]LogBlueprintUserMessages: 0.0
[2015.03.17-02.28.05:520][ 19]LogBlueprintUserMessages: 0.0
[2015.03.17-02.28.05:529][ 20]LogBlueprintUserMessages: 0.0
[2015.03.17-02.28.05:537][ 21]LogBlueprintUserMessages: 0.0
[2015.03.17-02.28.05:545][ 22]LogBlueprintUserMessages: 0.0
[2015.03.17-02.28.05:554][ 23]LogBlueprintUserMessages: 0.0
[2015.03.17-02.28.05:562][ 24]LogBlueprintUserMessages: 0.0
[2015.03.17-02.28.05:570][ 25]LogBlueprintUserMessages: 0.0
[2015.03.17-02.28.05:579][ 26]LogBlueprintUserMessages: 0.0
[2015.03.17-02.28.05:587][ 27]LogBlueprintUserMessages: 0.0
[2015.03.17-02.28.05:595][ 28]LogBlueprintUserMessages: 0.0
[2015.03.17-02.28.05:604][ 29]LogBlueprintUserMessages: 0.0
[2015.03.17-02.28.05:612][ 30]LogBlueprintUserMessages: 0.0
[2015.03.17-02.28.05:626][ 31]LogBlueprintUserMessages: 0.0
[2015.03.17-02.28.08:375][361]LogBlueprintUserMessages: 0.0
[2015.03.17-02.28.08:383][362]LogBlueprintUserMessages: 0.0
[2015.03.17-02.28.08:392][363]LogBlueprintUserMessages: 0.0
[2015.03.17-02.28.08:400][364]LogBlueprintUserMessages: 0.0
[2015.03.17-02.28.08:408][365]LogBlueprintUserMessages: 0.0
[2015.03.17-02.28.08:417][366]LogBlueprintUserMessages: 0.0
[2015.03.17-02.28.08:425][367]LogBlueprintUserMessages: 0.0
[2015.03.17-02.28.08:433][368]LogBlueprintUserMessages: 0.0
[2015.03.17-02.28.08:442][369]LogBlueprintUserMessages: 0.0
[2015.03.17-02.28.08:450][370]LogBlueprintUserMessages: 0.0
[2015.03.17-02.28.08:458][371]LogBlueprintUserMessages: 0.0
[2015.03.17-02.28.08:467][372]LogBlueprintUserMessages: 0.0
[2015.03.17-02.28.08:475][373]LogBlueprintUserMessages: 0.0
[2015.03.17-02.28.08:483][374]LogBlueprintUserMessages: 0.0
[2015.03.17-02.28.08:492][375]LogBlueprintUserMessages: 0.0
[2015.03.17-02.28.08:500][376]LogBlueprintUserMessages: 0.0
[2015.03.17-02.28.08:508][377]LogBlueprintUserMessages: 0.0
[2015.03.17-02.28.08:517][378]LogBlueprintUserMessages: 0.0
[2015.03.17-02.28.08:525][379]LogBlueprintUserMessages: 0.0
[2015.03.17-02.28.08:533][380]LogBlueprintUserMessages: 0.0
[2015.03.17-02.28.08:542][381]LogBlueprintUserMessages: 0.0
[2015.03.17-02.28.08:550][382]LogBlueprintUserMessages: 0.0
[2015.03.17-02.28.08:558][383]LogBlueprintUserMessages: 0.0
[2015.03.17-02.28.08:567][384]LogBlueprintUserMessages: 0.0
[2015.03.17-02.28.08:575][385]LogBlueprintUserMessages: 0.0
[2015.03.17-02.28.08:583][386]LogBlueprintUserMessages: 0.0
[2015.03.17-02.28.08:592][387]LogBlueprintUserMessages: 0.0
[2015.03.17-02.28.08:600][388]LogBlueprintUserMessages: 0.0
[2015.03.17-02.28.08:608][389]LogBlueprintUserMessages: 0.0
[2015.03.17-02.28.08:617][390]LogBlueprintUserMessages: 0.0
[2015.03.17-02.28.08:625][391]LogBlueprintUserMessages: 0.0
[2015.03.17-02.28.08:633][392]LogBlueprintUserMessages: 0.0
[2015.03.17-02.28.08:642][393]LogBlueprintUserMessages: 0.0
[2015.03.17-02.28.08:650][394]LogBlueprintUserMessages: 0.0
[2015.03.17-02.28.08:658][395]LogBlueprintUserMessages: 0.0
[2015.03.17-02.28.08:667][396]LogBlueprintUserMessages: 0.0
[2015.03.17-02.28.08:675][397]LogBlueprintUserMessages: 0.0
[2015.03.17-02.28.08:683][398]LogBlueprintUserMessages: 0.0
[2015.03.17-02.28.08:692][399]LogBlueprintUserMessages: 0.0
[2015.03.17-02.28.08:700][400]LogBlueprintUserMessages: 0.0
[2015.03.17-02.28.08:708][401]LogBlueprintUserMessages: 0.0
[2015.03.17-02.28.08:717][402]LogBlueprintUserMessages: 0.0
[2015.03.17-02.28.08:725][403]LogBlueprintUserMessages: 0.0
[2015.03.17-02.28.08:733][404]LogBlueprintUserMessages: 0.0
[2015.03.17-02.28.08:742][405]LogBlueprintUserMessages: 0.0
[2015.03.17-02.28.08:750][406]LogBlueprintUserMessages: 0.0
[2015.03.17-02.28.08:758][407]LogBlueprintUserMessages: 0.0
[2015.03.17-02.28.08:767][408]LogBlueprintUserMessages: 0.0
[2015.03.17-02.28.08:775][409]LogBlueprintUserMessages: 0.0
[2015.03.17-02.28.08:783][410]LogBlueprintUserMessages: 0.0
[2015.03.17-02.28.08:792][411]LogBlueprintUserMessages: 0.0
[2015.03.17-02.28.08:801][412]LogBlueprintUserMessages: 0.0
[2015.03.17-02.28.08:809][413]LogBlueprintUserMessages: 0.0
[2015.03.17-02.28.08:818][414]LogBlueprintUserMessages: 0.0
[2015.03.17-02.28.08:826][415]LogBlueprintUserMessages: 0.0
[2015.03.17-02.28.08:834][416]LogBlueprintUserMessages: 0.0
[2015.03.17-02.28.08:842][417]LogBlueprintUserMessages: 0.0
[2015.03.17-02.28.08:851][418]LogBlueprintUserMessages: 0.0
[2015.03.17-02.28.08:859][419]LogBlueprintUserMessages: 0.0
[2015.03.17-02.28.08:867][420]LogBlueprintUserMessages: 0.0
[2015.03.17-02.28.08:876][421]LogBlueprintUserMessages: 0.0
[2015.03.17-02.28.08:884][422]LogBlueprintUserMessages: 0.0
[2015.03.17-02.28.08:893][423]LogBlueprintUserMessages: 0.0
[2015.03.17-02.28.08:901][424]LogBlueprintUserMessages: 0.0
[2015.03.17-02.28.08:909][425]LogBlueprintUserMessages: 0.0
[2015.03.17-02.28.08:917][426]LogBlueprintUserMessages: 0.0
[2015.03.17-02.28.08:926][427]LogBlueprintUserMessages: 0.0
[2015.03.17-02.28.08:934][428]LogBlueprintUserMessages: 0.0
[2015.03.17-02.28.08:942][429]LogBlueprintUserMessages: 0.0
[2015.03.17-02.28.08:951][430]LogBlueprintUserMessages: 0.0
[2015.03.17-02.28.08:959][431]LogBlueprintUserMessages: 0.0
[2015.03.17-02.28.08:968][432]LogBlueprintUserMessages: 0.0
[2015.03.17-02.28.08:976][433]LogBlueprintUserMessages: 0.0
[2015.03.17-02.28.08:984][434]LogBlueprintUserMessages: 0.0
[2015.03.17-02.28.09:019][435]LogBlueprintUserMessages: 0.0
[2015.03.17-02.28.09:037][436]LogBlueprintUserMessages: 0.0
[2015.03.17-02.28.09:045][437]LogBlueprintUserMessages: 0.0
[2015.03.17-02.28.09:053][438]LogBlueprintUserMessages: 0.0
[2015.03.17-02.28.09:061][439]LogBlueprintUserMessages: 0.0
[2015.03.17-02.28.09:070][440]LogBlueprintUserMessages: 0.0
[2015.03.17-02.28.09:078][441]LogBlueprintUserMessages: 0.0
[2015.03.17-02.28.09:086][442]LogBlueprintUserMessages: 0.0
[2015.03.17-02.28.09:095][443]LogBlueprintUserMessages: 0.0
[2015.03.17-02.28.09:129][444]LogBlueprintUserMessages: 0.0
[2015.03.17-02.28.09:141][445]LogBlueprintUserMessages: 0.0
[2015.03.17-02.28.09:149][446]LogBlueprintUserMessages: 0.0
[2015.03.17-02.28.09:157][447]LogBlueprintUserMessages: 0.0
[2015.03.17-02.28.09:166][448]LogBlueprintUserMessages: 0.0
[2015.03.17-02.28.09:174][449]LogBlueprintUserMessages: 0.0
[2015.03.17-02.28.09:182][450]LogBlueprintUserMessages: 0.0
[2015.03.17-02.28.09:191][451]LogBlueprintUserMessages: 0.0
[2015.03.17-02.28.09:199][452]LogBlueprintUserMessages: 0.0
[2015.03.17-02.28.09:207][453]LogBlueprintUserMessages: 0.0
[2015.03.17-02.28.09:215][454]LogBlueprintUserMessages: 0.0
[2015.03.17-02.28.09:224][455]LogBlueprintUserMessages: 0.0
[2015.03.17-02.28.09:232][456]LogBlueprintUserMessages: 0.0
[2015.03.17-02.28.09:241][457]LogBlueprintUserMessages: 0.0
[2015.03.17-02.28.09:249][458]LogBlueprintUserMessages: 0.0
[2015.03.17-02.28.09:257][459]LogBlueprintUserMessages: 0.0
[2015.03.17-02.28.09:266][460]LogBlueprintUserMessages: 0.0
[2015.03.17-02.28.09:274][461]LogBlueprintUserMessages: 0.0
[2015.03.17-02.28.09:282][462]LogBlueprintUserMessages: 0.0
[2015.03.17-02.28.09:290][463]LogBlueprintUserMessages: 0.0
[2015.03.17-02.28.09:299][464]LogBlueprintUserMessages: 0.0
[2015.03.17-02.28.09:307][465]LogBlueprintUserMessages: 0.0
[2015.03.17-02.28.09:315][466]LogBlueprintUserMessages: 0.0
[2015.03.17-02.28.09:324][467]LogBlueprintUserMessages: 0.0
[2015.03.17-02.28.09:332][468]LogBlueprintUserMessages: 0.0
[2015.03.17-02.28.09:341][469]LogBlueprintUserMessages: 0.0
[2015.03.17-02.28.09:349][470]LogBlueprintUserMessages: 0.0
[2015.03.17-02.28.09:357][471]LogBlueprintUserMessages: 0.0
[2015.03.17-02.28.09:365][472]LogBlueprintUserMessages: 0.0
[2015.03.17-02.28.09:374][473]LogBlueprintUserMessages: 0.0
[2015.03.17-02.28.09:382][474]LogBlueprintUserMessages: 0.0
[2015.03.17-02.28.09:391][475]LogBlueprintUserMessages: 0.0
[2015.03.17-02.28.09:399][476]LogBlueprintUserMessages: 0.0
[2015.03.17-02.28.09:407][477]LogBlueprintUserMessages: 0.0
[2015.03.17-02.28.09:415][478]LogBlueprintUserMessages: 0.0
[2015.03.17-02.28.09:424][479]LogBlueprintUserMessages: 0.0
[2015.03.17-02.28.09:432][480]LogBlueprintUserMessages: 0.0
[2015.03.17-02.28.09:440][481]LogBlueprintUserMessages: 0.0
[2015.03.17-02.28.09:449][482]LogBlueprintUserMessages: 0.0
[2015.03.17-02.28.09:459][483]LogBlueprintUserMessages: 0.0
[2015.03.17-02.28.09:467][484]LogBlueprintUserMessages: 0.0
[2015.03.17-02.28.09:475][485]LogBlueprintUserMessages: 0.0
[2015.03.17-02.28.09:484][486]LogBlueprintUserMessages: 0.0
[2015.03.17-02.28.09:492][487]LogBlueprintUserMessages: 0.0
[2015.03.17-02.28.09:500][488]LogBlueprintUserMessages: 0.0
[2015.03.17-02.28.09:601][500]LogBlueprintUserMessages: 0.0
[2015.03.17-02.28.09:644][500]LogParticles: Destroying 0 GPU particle simulations for FXSystem 0x000000C035F0F560
[2015.03.17-02.29.28:461][343]Cmd: QUIT_EDITOR
[2015.03.17-02.29.28:941][343]LogExit: Preparing to exit.
[2015.03.17-02.29.29:926][343]LogExit: Editor shut down
[2015.03.17-02.29.29:926][343]LogExit: Transaction tracking system shut down
[2015.03.17-02.29.29:927][343]LogParticles: Destroying 0 GPU particle simulations for FXSystem 0x000000C035F81080
[2015.03.17-02.29.29:927][343]LogParticles: Destroying 0 GPU particle simulations for FXSystem 0x000000C0425B0C20
[2015.03.17-02.29.29:927][343]LogParticles: Destroying 0 GPU particle simulations for FXSystem 0x000000C0463528E0
[2015.03.17-02.29.29:970][343]LogExit: Object subsystem successfully closed.
[2015.03.17-02.29.30:014][343]LogModuleManager: Shutting down and abandoning module CrashTracker (176)
[2015.03.17-02.29.30:014][343]LogModuleManager: Shutting down and abandoning module SuperSearch (175)
[2015.03.17-02.29.30:014][343]LogModuleManager: Shutting down and abandoning module SceneOutliner (174)
[2015.03.17-02.29.30:014][343]LogModuleManager: Shutting down and abandoning module EditorWidgets (173)
[2015.03.17-02.29.30:014][343]LogModuleManager: Shutting down and abandoning module CollectionManager (172)
[2015.03.17-02.29.30:014][343]LogModuleManager: Shutting down and abandoning module StatsViewer (171)
[2015.03.17-02.29.30:014][343]LogModuleManager: Shutting down and abandoning module FoliageEdit (170)
[2015.03.17-02.29.30:014][343]LogModuleManager: Shutting down and abandoning module LandscapeEditor (169)
[2015.03.17-02.29.30:014][343]LogModuleManager: Shutting down and abandoning module MeshPaint (168)
[2015.03.17-02.29.30:014][343]LogModuleManager: Shutting down and abandoning module ActorPickerMode (167)
[2015.03.17-02.29.30:014][343]LogModuleManager: Shutting down and abandoning module GeometryMode (166)
[2015.03.17-02.29.30:014][343]LogModuleManager: Shutting down and abandoning module TextureAlignMode (165)
[2015.03.17-02.29.30:014][343]LogModuleManager: Shutting down and abandoning module BspMode (164)
[2015.03.17-02.29.30:014][343]LogModuleManager: Shutting down and abandoning module PlacementMode (163)
[2015.03.17-02.29.30:014][343]LogModuleManager: Shutting down and abandoning module AutomationWorker (162)
[2015.03.17-02.29.30:014][343]LogModuleManager: Shutting down and abandoning module CharacterAI (161)
[2015.03.17-02.29.30:014][343]LogModuleManager: Shutting down and abandoning module SmartSnapping (160)
[2015.03.17-02.29.30:014][343]LogModuleManager: Shutting down and abandoning module ViewportSnapping (159)
[2015.03.17-02.29.30:014][343]LogModuleManager: Shutting down and abandoning module LogVisualizer (158)
[2015.03.17-02.29.30:014][343]LogModuleManager: Shutting down and abandoning module GameProjectGeneration (157)
[2015.03.17-02.29.30:014][343]LogModuleManager: Shutting down and abandoning module IntroTutorials (156)
[2015.03.17-02.29.30:014][343]LogModuleManager: Shutting down and abandoning module EditorLiveStreaming (155)
[2015.03.17-02.29.30:014][343]LogModuleManager: Shutting down and abandoning module HardwareTargeting (154)
[2015.03.17-02.29.30:014][343]LogModuleManager: Shutting down and abandoning module DeviceProfileEditor (153)
[2015.03.17-02.29.30:014][343]LogModuleManager: Shutting down and abandoning module UndoHistory (152)
[2015.03.17-02.29.30:014][343]LogModuleManager: Shutting down and abandoning module GameplayTagsEditor (151)
[2015.03.17-02.29.30:014][343]LogModuleManager: Shutting down and abandoning module UserFeedback (150)
[2015.03.17-02.29.30:014][343]LogModuleManager: Shutting down and abandoning module XmlParser (149)
[2015.03.17-02.29.30:014][343]LogModuleManager: Shutting down and abandoning module Blutility (148)
[2015.03.17-02.29.30:014][343]LogModuleManager: Shutting down and abandoning module IOSPlatformEditor (147)
[2015.03.17-02.29.30:014][343]LogModuleManager: Shutting down and abandoning module IOSRuntimeSettings (146)
[2015.03.17-02.29.30:014][343]LogModuleManager: Shutting down and abandoning module AndroidDeviceDetection (145)
[2015.03.17-02.29.30:590][343]LogModuleManager: Shutting down and abandoning module AndroidPlatformEditor (144)
[2015.03.17-02.29.30:590][343]LogModuleManager: Shutting down and abandoning module AndroidRuntimeSettings (143)
[2015.03.17-02.29.30:590][343]LogModuleManager: Shutting down and abandoning module ProjectTargetPlatformEditor (142)
[2015.03.17-02.29.30:590][343]LogModuleManager: Shutting down and abandoning module ProjectSettingsViewer (141)
[2015.03.17-02.29.30:590][343]LogModuleManager: Shutting down and abandoning module InputBindingEditor (140)
[2015.03.17-02.29.30:590][343]LogModuleManager: Shutting down and abandoning module EditorSettingsViewer (139)
[2015.03.17-02.29.30:590][343]LogModuleManager: Shutting down and abandoning module SettingsEditor (138)
[2015.03.17-02.29.30:590][343]LogModuleManager: Shutting down and abandoning module ProjectLauncher (137)
[2015.03.17-02.29.30:590][343]LogModuleManager: Shutting down and abandoning module SessionFrontend (136)
[2015.03.17-02.29.30:590][343]LogModuleManager: Shutting down and abandoning module ProfilerClient (135)
[2015.03.17-02.29.30:590][343]LogModuleManager: Shutting down and abandoning module TargetDeviceServices (134)
[2015.03.17-02.29.30:591][343]LogModuleManager: Shutting down and abandoning module DeviceManager (133)
[2015.03.17-02.29.30:591][343]LogModuleManager: Shutting down and abandoning module AutomationController (132)
[2015.03.17-02.29.30:591][343]LogModuleManager: Shutting down and abandoning module AutomationWindow (131)
[2015.03.17-02.29.30:591][343]LogModuleManager: Shutting down and abandoning module Layers (130)
[2015.03.17-02.29.30:591][343]LogModuleManager: Shutting down and abandoning module ComponentVisualizers (129)
[2015.03.17-02.29.30:591][343]LogModuleManager: Shutting down and abandoning module DetailCustomizations (128)
[2015.03.17-02.29.30:591][343]LogModuleManager: Shutting down and abandoning module PackagesDialog (127)
[2015.03.17-02.29.30:591][343]LogModuleManager: Shutting down and abandoning module AssetRegistry (126)
[2015.03.17-02.29.30:675][343]LogModuleManager: Shutting down and abandoning module Persona (125)
[2015.03.17-02.29.30:676][343]LogModuleManager: Shutting down and abandoning module Kismet (124)
[2015.03.17-02.29.30:676][343]LogModuleManager: Shutting down and abandoning module GraphEditor (123)
[2015.03.17-02.29.30:676][343]LogModuleManager: Shutting down and abandoning module ClassViewer (122)
[2015.03.17-02.29.30:676][343]LogModuleManager: Shutting down and abandoning module Toolbox (121)
[2015.03.17-02.29.30:676][343]LogModuleManager: Shutting down and abandoning module ModuleUI (120)
[2015.03.17-02.29.30:676][343]LogModuleManager: Shutting down and abandoning module MovieSceneTools (119)
[2015.03.17-02.29.30:676][343]LogModuleManager: Shutting down and abandoning module OutputLog (118)
[2015.03.17-02.29.30:676][343]LogModuleManager: Shutting down and abandoning module GammaUI (117)
[2015.03.17-02.29.30:676][343]LogModuleManager: Shutting down and abandoning module Documentation (116)
[2015.03.17-02.29.30:676][343]LogModuleManager: Shutting down and abandoning module GameLiveStreaming (115)
[2015.03.17-02.29.30:676][343]LogModuleManager: Shutting down and abandoning module StreamingPauseRendering (114)
[2015.03.17-02.29.30:676][343]LogModuleManager: Shutting down and abandoning module HTTP (113)
[2015.03.17-02.29.30:676][343]LogModuleManager: Shutting down and abandoning module AnalyticsET (112)
[2015.03.17-02.29.30:676][343]LogModuleManager: Shutting down and abandoning module Analytics (111)
[2015.03.17-02.29.30:676][343]LogModuleManager: Shutting down and abandoning module AITestSuite (110)
[2015.03.17-02.29.30:676][343]LogModuleManager: Shutting down and abandoning module GameplayDebugger (109)
[2015.03.17-02.29.30:676][343]LogModuleManager: Shutting down and abandoning module AIModule (108)
[2015.03.17-02.29.30:676][343]LogModuleManager: Shutting down and abandoning module ProfilerService (107)
[2015.03.17-02.29.30:916][343]LogModuleManager: Shutting down and abandoning module TaskGraph (106)
[2015.03.17-02.29.30:916][343]LogModuleManager: Shutting down and abandoning module SlateRemote (105)
[2015.03.17-02.29.30:916][343]LogModuleManager: Shutting down and abandoning module ScriptEditorPlugin (104)
[2015.03.17-02.29.30:916][343]LogModuleManager: Shutting down and abandoning module CustomMeshComponent (103)
[2015.03.17-02.29.30:916][343]LogModuleManager: Shutting down and abandoning module SlateReflector (102)
[2015.03.17-02.29.30:916][343]LogModuleManager: Shutting down and abandoning module LevelEditor (101)
[2015.03.17-02.29.30:917][343]LogModuleManager: Shutting down and abandoning module CoherentUIEditorPlugin (100)
[2015.03.17-02.29.30:917][343]LogCoherentUIEditor: Coherent UI Editor plugin shut-down!
[2015.03.17-02.29.30:918][343]LogModuleManager: Shutting down and abandoning module CableComponent (99)
[2015.03.17-02.29.30:918][343]LogModuleManager: Shutting down and abandoning module MessagingDebugger (98)
[2015.03.17-02.29.30:918][343]LogModuleManager: Shutting down and abandoning module MediaPlayerEditor (97)
[2015.03.17-02.29.30:918][343]LogModuleManager: Shutting down and abandoning module SpeedTreeImporter (96)
[2015.03.17-02.29.30:918][343]LogModuleManager: Shutting down and abandoning module PluginsEditor (95)
[2015.03.17-02.29.30:918][343]LogModuleManager: Shutting down and abandoning module MainFrame (94)
[2015.03.17-02.29.30:918][343]LogModuleManager: Shutting down and abandoning module EpicSurvey (93)
[2015.03.17-02.29.30:918][343]LogModuleManager: Shutting down and abandoning module DesktopPlatform (92)
[2015.03.17-02.29.30:918][343]LogModuleManager: Shutting down and abandoning module DirectoryWatcher (91)
[2015.03.17-02.29.30:918][343]LogModuleManager: Shutting down and abandoning module HotReload (90)
[2015.03.17-02.29.30:918][343]LogModuleManager: Shutting down and abandoning module VisualStudioSourceCodeAccess (89)
[2015.03.17-02.29.30:918][343]LogModuleManager: Shutting down and abandoning module UObjectPlugin (88)
[2015.03.17-02.29.30:918][343]LogModuleManager: Shutting down and abandoning module SubversionSourceControl (87)
[2015.03.17-02.29.30:918][343]LogModuleManager: Shutting down and abandoning module PerforceSourceControl (86)
[2015.03.17-02.29.30:918][343]LogModuleManager: Shutting down and abandoning module SourceControl (85)
[2015.03.17-02.29.30:918][343]LogModuleManager: Shutting down and abandoning module GitSourceControl (84)
[2015.03.17-02.29.30:919][343]LogModuleManager: Shutting down and abandoning module ConnexionPlugin (83)
[2015.03.17-02.29.30:919][343]LogModuleManager: Shutting down and abandoning module Chai3dPlugin (82)
[2015.03.17-02.29.30:919][343]LogTemp:Warning: Chai3DPlugin shut down!
[2015.03.17-02.29.30:919][343]LogModuleManager: Shutting down and abandoning module BlankPlugin (81)
[2015.03.17-02.29.30:919][343]LogModuleManager: Shutting down and abandoning module PaperTiledImporter (80)
[2015.03.17-02.29.30:919][343]LogModuleManager: Shutting down and abandoning module PaperJsonImporter (79)
[2015.03.17-02.29.30:919][343]LogModuleManager: Shutting down and abandoning module ContentBrowser (78)
[2015.03.17-02.29.30:920][343]LogModuleManager: Shutting down and abandoning module Paper2DEditor (77)
[2015.03.17-02.29.30:920][343]LogModuleManager: Shutting down and abandoning module ScriptPlugin (76)
[2015.03.17-02.29.30:920][343]LogModuleManager: Shutting down and abandoning module CoherentUIPlugin (75)
[2015.03.17-02.29.30:920][343]LogCoherentUI: CoherentUI plugin shut-down!
[2015.03.17-02.29.30:920][343]LogModuleManager: Shutting down and abandoning module UdpMessaging (74)
[2015.03.17-02.29.31:021][343]LogModuleManager: Shutting down and abandoning module Paper2D (73)
[2015.03.17-02.29.31:021][343]LogModuleManager: Shutting down and abandoning module WindowsMoviePlayer (72)
[2015.03.17-02.29.31:022][343]LogModuleManager: Shutting down and abandoning module Media (71)
[2015.03.17-02.29.31:022][343]LogModuleManager: Shutting down and abandoning module WmfMedia (70)
[2015.03.17-02.29.31:022][343]LogModuleManager: Shutting down and abandoning module OnlineBlueprintSupport (69)
[2015.03.17-02.29.31:022][343]LogModuleManager: Shutting down and abandoning module PropertyEditor (68)
[2015.03.17-02.29.31:022][343]LogModuleManager: Shutting down and abandoning module BehaviorTreeEditor (67)
[2015.03.17-02.29.31:022][343]LogModuleManager: Shutting down and abandoning module FunctionalTesting (66)
[2015.03.17-02.29.31:023][343]LogModuleManager: Shutting down and abandoning module CollisionAnalyzer (65)
[2015.03.17-02.29.31:023][343]LogModuleManager: Shutting down and abandoning module WorkspaceMenuStructure (64)
[2015.03.17-02.29.31:023][343]LogModuleManager: Shutting down and abandoning module MessageLog (63)
[2015.03.17-02.29.31:023][343]LogModuleManager: Shutting down and abandoning module Sequencer (62)
[2015.03.17-02.29.31:023][343]LogModuleManager: Shutting down and abandoning module AssetTools (61)
[2015.03.17-02.29.31:023][343]LogModuleManager: Shutting down and abandoning module UMGEditor (60)
[2015.03.17-02.29.31:023][343]LogModuleManager: Shutting down and abandoning module UMG (59)
[2015.03.17-02.29.31:023][343]LogModuleManager: Shutting down and abandoning module Slate (58)
[2015.03.17-02.29.31:023][343]LogModuleManager: Shutting down and abandoning module EditorStyle (57)
[2015.03.17-02.29.31:032][343]LogModuleManager: Shutting down and abandoning module SessionServices (56)
[2015.03.17-02.29.31:032][343]LogModuleManager: Shutting down and abandoning module SourceCodeAccess (55)
[2015.03.17-02.29.31:032][343]LogModuleManager: Shutting down and abandoning module HeadMountedDisplay (54)
[2015.03.17-02.29.31:032][343]LogModuleManager: Shutting down and abandoning module XAudio2 (53)
[2015.03.17-02.29.31:032][343]LogModuleManager: Shutting down and abandoning module Networking (51)
[2015.03.17-02.29.31:032][343]LogModuleManager: Shutting down and abandoning module Core (50)
[2015.03.17-02.29.31:032][343]LogModuleManager: Shutting down and abandoning module KismetCompiler (49)
[2015.03.17-02.29.31:032][343]LogModuleManager: Shutting down and abandoning module PhysXFormats (48)
[2015.03.17-02.29.31:032][343]LogModuleManager: Shutting down and abandoning module MeshUtilities (47)
[2015.03.17-02.29.31:032][343]LogModuleManager: Shutting down and abandoning module DerivedDataCache (46)
[2015.03.17-02.29.31:120][343]LogDerivedDataCache: Shutdown
[2015.03.17-02.29.31:120][343]LogModuleManager: Shutting down and abandoning module ShaderFormatOpenGL (45)
[2015.03.17-02.29.31:120][343]LogModuleManager: Shutting down and abandoning module ShaderFormatD3D (44)
[2015.03.17-02.29.31:120][343]LogModuleManager: Shutting down and abandoning module MetalShaderFormat (43)
[2015.03.17-02.29.31:120][343]LogModuleManager: Shutting down and abandoning module TextureFormatUncompressed (42)
[2015.03.17-02.29.31:120][343]LogModuleManager: Shutting down and abandoning module TextureFormatPVR (41)
[2015.03.17-02.29.31:120][343]LogModuleManager: Shutting down and abandoning module TextureFormatIntelISPCTexComp (40)
[2015.03.17-02.29.31:120][343]LogModuleManager: Shutting down and abandoning module TextureFormatDXT (39)
[2015.03.17-02.29.31:120][343]LogModuleManager: Shutting down and abandoning module ImageWrapper (38)
[2015.03.17-02.29.31:120][343]LogModuleManager: Shutting down and abandoning module TextureFormatASTC (37)
[2015.03.17-02.29.31:120][343]LogModuleManager: Shutting down and abandoning module AudioFormatOpus (36)
[2015.03.17-02.29.31:120][343]LogModuleManager: Shutting down and abandoning module AudioFormatOgg (35)
[2015.03.17-02.29.31:120][343]LogModuleManager: Shutting down and abandoning module AudioFormatADPCM (34)
[2015.03.17-02.29.31:120][343]LogModuleManager: Shutting down and abandoning module Messaging (33)
[2015.03.17-02.29.31:120][343]LogModuleManager: Shutting down and abandoning module IOSTargetPlatform (32)
[2015.03.17-02.29.31:120][343]LogModuleManager: Shutting down and abandoning module HTML5TargetPlatform (31)
[2015.03.17-02.29.31:120][343]LogModuleManager: Shutting down and abandoning module Android_PVRTCTargetPlatform (30)
[2015.03.17-02.29.31:120][343]LogModuleManager: Shutting down and abandoning module Android_ETC2TargetPlatform (29)
[2015.03.17-02.29.31:120][343]LogModuleManager: Shutting down and abandoning module Android_ETC1TargetPlatform (28)
[2015.03.17-02.29.31:120][343]LogModuleManager: Shutting down and abandoning module Android_DXTTargetPlatform (27)
[2015.03.17-02.29.31:120][343]LogModuleManager: Shutting down and abandoning module Android_ATCTargetPlatform (26)
[2015.03.17-02.29.31:120][343]LogModuleManager: Shutting down and abandoning module AndroidTargetPlatform (25)
[2015.03.17-02.29.31:120][343]LogModuleManager: Shutting down and abandoning module WindowsTargetPlatform (24)
[2015.03.17-02.29.31:120][343]LogModuleManager: Shutting down and abandoning module WindowsServerTargetPlatform (23)
[2015.03.17-02.29.31:120][343]LogModuleManager: Shutting down and abandoning module WindowsNoEditorTargetPlatform (22)
[2015.03.17-02.29.31:120][343]LogModuleManager: Shutting down and abandoning module WindowsClientTargetPlatform (21)
[2015.03.17-02.29.31:120][343]LogModuleManager: Shutting down and abandoning module TargetPlatform (20)
[2015.03.17-02.29.31:120][343]LogModuleManager: Shutting down and abandoning module InputCore (19)
[2015.03.17-02.29.31:120][343]LogModuleManager: Shutting down and abandoning module Settings (18)
[2015.03.17-02.29.31:120][343]LogModuleManager: Shutting down and abandoning module OnlineSubsystem (16)
[2015.03.17-02.29.31:120][343]LogModuleManager: Shutting down and abandoning module OculusRift (15)
[2015.03.17-02.29.31:121][343]LogModuleManager: Shutting down and abandoning module ExampleDeviceProfileSelector (14)
[2015.03.17-02.29.31:121][343]LogModuleManager: Shutting down and abandoning module TextureCompressor (13)
[2015.03.17-02.29.31:121][343]LogModuleManager: Shutting down and abandoning module ShaderCore (12)
[2015.03.17-02.29.31:121][343]LogModuleManager: Shutting down and abandoning module Landscape (11)
[2015.03.17-02.29.31:121][343]LogModuleManager: Shutting down and abandoning module SlateRHIRenderer (10)
[2015.03.17-02.29.31:123][343]LogModuleManager: Shutting down and abandoning module OpenGLDrv (9)
[2015.03.17-02.29.31:123][343]LogModuleManager: Shutting down and abandoning module D3D11RHI (8)
[2015.03.17-02.29.31:123][343]LogModuleManager: Shutting down and abandoning module Renderer (7)
[2015.03.17-02.29.31:123][343]LogModuleManager: Shutting down and abandoning module Engine (6)
[2015.03.17-02.29.31:123][343]LogModuleManager: Shutting down and abandoning module CoreUObject (5)
[2015.03.17-02.29.31:123][343]LogModuleManager: Shutting down and abandoning module NetworkFile (4)
[2015.03.17-02.29.31:123][343]LogModuleManager: Shutting down and abandoning module StreamingFile (3)
[2015.03.17-02.29.31:123][343]LogModuleManager: Shutting down and abandoning module SandboxFile (2)
[2015.03.17-02.29.31:123][343]LogModuleManager: Shutting down and abandoning module PakFile (1)
[2015.03.17-02.29.31:123][343]LogExit: Exiting.
[2015.03.17-02.29.31:157][343]Log file closed, 03/16/15 19:29:31
