Log file open, 03/16/15 19:30:01
LogInit:Display: Running engine for game: Karaage
LogInit: Version: 4.7.1-0+++depot+UE4-Releases+4.7
LogInit: API Version: 0
LogInit: Compiled (64-bit): Mar 11 2015 04:45:01
LogInit: Compiled with Visual C++: 18.00.31101.00
LogInit: Build Configuration: Development
LogInit: Branch Name: ++depot+UE4-Releases+4.7
LogInit: Command line: 
LogInit: Base directory: C:/Users/bhnas_000/Documents/UnrealEngine/Engine/Binaries/Win64/
LogInit: Rocket: 0
[2015.03.17-02.30.01:598][  0]LogTaskGraph: Started task graph with 3 named threads and 6 total threads.
[2015.03.17-02.30.01:651][  0]LogOnline:Warning: No default platform service specified for OnlineSubsystem
[2015.03.17-02.30.01:660][  0]LogInit: Presizing for 0 objects not considered by GC, pre-allocating 0 bytes.
[2015.03.17-02.30.01:669][  0]LogInit: Object subsystem initialized
[2015.03.17-02.30.01:670][  0]LogConsoleResponse:Warning: Skipping Unknown console variable: 'UIScaleRule = ShortestSide'
[2015.03.17-02.30.01:670][  0]LogConsoleResponse:Warning:   Found in ini file 'C:/Users/bhnas_000/Documents/Unreal Projects/Karaage/Editor/Saved/Config/Windows/Engine.ini', in section '[/Script/Engine.RendererSettings]'
[2015.03.17-02.30.01:670][  0]LogConsoleResponse:Warning: Skipping Unknown console variable: 'UIScaleCurve = (EditorCurveData=(Keys=),ExternalCurve=None)'
[2015.03.17-02.30.01:670][  0]LogConsoleResponse:Warning:   Found in ini file 'C:/Users/bhnas_000/Documents/Unreal Projects/Karaage/Editor/Saved/Config/Windows/Engine.ini', in section '[/Script/Engine.RendererSettings]'
[2015.03.17-02.30.01:670][  0]LogConsoleResponse:Warning: Skipping Unknown console variable: 'r.SeperateTranslucency = 0'
[2015.03.17-02.30.01:670][  0]LogConsoleResponse:Warning:   Found in ini file 'C:/Users/bhnas_000/Documents/Unreal Projects/Karaage/Editor/Saved/Config/Windows/Engine.ini', in section '[/Script/Engine.RendererSettings]'
[2015.03.17-02.30.01:670][  0]LogConsoleResponse:Warning: Skipping Unknown console variable: 'r.SSSSS = 0'
[2015.03.17-02.30.01:671][  0]LogConsoleResponse:Warning:   Found in ini file 'C:/Users/bhnas_000/Documents/Unreal Projects/Karaage/Editor/Saved/Config/Windows/Engine.ini', in section '[/Script/Engine.RendererSettings]'
[2015.03.17-02.30.01:671][  0]LogConsoleManager:Warning: Console variable 'r.PostProcessAAQuality' wasn't set (Priority ProjectSetting < Scalability)
[2015.03.17-02.30.01:671][  0]LogConsoleManager:Warning: Console variable 'r.MSAA.CompositingSampleCount' wasn't set (Priority ProjectSetting < Scalability)
[2015.03.17-02.30.01:671][  0]LogConsoleManager:Warning: Console variable 'r.MotionBlurQuality' wasn't set (Priority ProjectSetting < Scalability)
[2015.03.17-02.30.01:671][  0]LogConsoleManager:Warning: Console variable 'r.AmbientOcclusionLevels' wasn't set (Priority ProjectSetting < Scalability)
[2015.03.17-02.30.01:671][  0]LogConsoleManager:Warning: Console variable 'r.DepthOfFieldQuality' wasn't set (Priority ProjectSetting < Scalability)
[2015.03.17-02.30.01:671][  0]LogConsoleManager:Warning: Console variable 'r.LensFlareQuality' wasn't set (Priority ProjectSetting < Scalability)
[2015.03.17-02.30.01:671][  0]LogConsoleManager:Warning: Console variable 'r.SceneColorFringeQuality' wasn't set (Priority ProjectSetting < Scalability)
[2015.03.17-02.30.01:671][  0]LogConsoleManager:Warning: Console variable 'r.BloomQuality' wasn't set (Priority ProjectSetting < Scalability)
[2015.03.17-02.30.01:671][  0]LogConsoleManager:Warning: Console variable 'r.FastBlurThreshold' wasn't set (Priority ProjectSetting < Scalability)
[2015.03.17-02.30.01:671][  0]LogConsoleManager:Warning: Console variable 'r.MaxAnisotropy' wasn't set (Priority ProjectSetting < Scalability)
[2015.03.17-02.30.01:671][  0]LogConsoleManager:Warning: Console variable 'r.SSR.Quality' wasn't set (Priority ProjectSetting < Scalability)
[2015.03.17-02.30.01:671][  0]LogConsoleManager:Warning: Console variable 'r.TranslucencyVolumeBlur' wasn't set (Priority ProjectSetting < Scalability)
[2015.03.17-02.30.01:671][  0]LogInit: Selected Device Profile: [Windows]
[2015.03.17-02.30.01:671][  0]LogInit: Applying CVar settings loaded from the selected device profile: [Windows]
[2015.03.17-02.30.01:676][  0]LogInit: Computer: AWESOME-BOX
[2015.03.17-02.30.01:676][  0]LogInit: User: Benhan
[2015.03.17-02.30.01:676][  0]LogInit: CPU Page size=4096, Cores=4
[2015.03.17-02.30.01:676][  0]LogInit: High frequency timer resolution =3.330095 MHz
[2015.03.17-02.30.01:676][  0]LogMemory: Memory total: Physical=15.9GB (16GB approx) Virtual=8192.0GB
[2015.03.17-02.30.01:676][  0]LogMemory: Platform Memory Stats for Windows
[2015.03.17-02.30.01:676][  0]LogMemory: Process Physical Memory: 46.92 MB used, 46.92 MB peak
[2015.03.17-02.30.01:676][  0]LogMemory: Process Virtual Memory: 23.36 MB used, 23.37 MB peak
[2015.03.17-02.30.01:676][  0]LogMemory: Physical Memory: 3728.62 MB used, 16330.08 MB total
[2015.03.17-02.30.01:676][  0]LogMemory: Virtual Memory: 285.62 MB used, 8388608.00 MB total
[2015.03.17-02.30.01:699][  0]LogD3D11RHI: Found D3D11 adapter 0: NVIDIA GeForce GTX 680 (Feature Level 11_0)
[2015.03.17-02.30.01:699][  0]LogD3D11RHI: Adapter has 1986MB of dedicated video memory, 0MB of dedicated system memory, and 2048MB of shared system memory, 1 output[s]
[2015.03.17-02.30.01:700][  0]LogD3D11RHI: Found D3D11 adapter 1: Microsoft Basic Render Driver (Feature Level 11_0)
[2015.03.17-02.30.01:700][  0]LogD3D11RHI: Adapter has 0MB of dedicated video memory, 0MB of dedicated system memory, and 256MB of shared system memory, 0 output[s]
[2015.03.17-02.30.01:700][  0]LogD3D11RHI: Chosen D3D11 Adapter Id = 0
[2015.03.17-02.30.01:702][  0]LogRHI: Texture pool is 1361 MB (70% of 1945 MB)
[2015.03.17-02.30.01:709][  0]LogD3D11RHI: Async texture creation enabled
[2015.03.17-02.30.01:762][  0]LogTextLocalizationManager: The requested culture ('en_US') has no localization data; parent culture's ('en') localization data will be used.
[2015.03.17-02.30.01:879][  0]LogContentStreaming: Texture pool size is 0.000000MB
[2015.03.17-02.30.03:983][  0]LogTargetPlatformManager:Display: Building Assets For Windows
[2015.03.17-02.30.04:402][  0]LogTargetPlatformManager:Display: Building Assets For Windows
[2015.03.17-02.30.04:455][  0]LogDerivedDataCache:Display: Max Cache Size: 512 MB
[2015.03.17-02.30.04:485][  0]LogDerivedDataCache: Loaded boot cache 0.03s 40MB ../../../../Unreal Projects/Karaage/Editor/DerivedDataCache/Boot.ddc.
[2015.03.17-02.30.04:485][  0]LogDerivedDataCache:Display: Loaded Boot cache: ../../../../Unreal Projects/Karaage/Editor/DerivedDataCache/Boot.ddc
[2015.03.17-02.30.04:485][  0]LogDerivedDataCache: FDerivedDataBackendGraph:  Pak pak cache file ../../../../Unreal Projects/Karaage/Editor/DerivedDataCache/DDC.ddp not found, will not use a pak cache.
[2015.03.17-02.30.04:485][  0]LogDerivedDataCache: Unable to find inner node Pak for hierarchical cache Hierarchy.
[2015.03.17-02.30.04:485][  0]LogDerivedDataCache: FDerivedDataBackendGraph:  EnginePak pak cache file ../../../Engine/DerivedDataCache/DDC.ddp not found, will not use a pak cache.
[2015.03.17-02.30.04:485][  0]LogDerivedDataCache: Unable to find inner node EnginePak for hierarchical cache Hierarchy.
[2015.03.17-02.30.04:497][  0]LogDerivedDataCache: Using Local data cache path ../../../Engine/DerivedDataCache: Writable
[2015.03.17-02.30.04:497][  0]LogDerivedDataCache: Shared data cache path not found in *engine.ini, will not use an Shared cache.
[2015.03.17-02.30.04:497][  0]LogDerivedDataCache: Unable to find inner node Shared for hierarchical cache Hierarchy.
[2015.03.17-02.30.04:754][  0]LogMeshUtilities: No automatic mesh reduction module available
[2015.03.17-02.30.04:754][  0]LogMeshUtilities: No automatic mesh merging module available
[2015.03.17-02.30.05:096][  0]LogInit: WinSock: version 1.1 (2.2), MaxSocks=32767, MaxUdp=65467
[2015.03.17-02.30.05:155][  0]LogSlate:Warning: Failed to load font data from '../../../Engine/Content/Slate/Fonts/Roboto-Italic.ttf'
[2015.03.17-02.30.05:796][  0]UdpMessaging: Initializing bridge on interface 0.0.0.0:0 to multicast group 230.0.0.1:6666.
[2015.03.17-02.30.05:861][  0]LogCoherentUI: CoherentUI plugin initialized!
[2015.03.17-02.30.05:929][  0]LogTemp:Warning: Chai3DPlugin initiated!





[2015.03.17-02.30.05:996][  0]SourceControl: Info Source control is disabled
[2015.03.17-02.30.05:996][  0]SourceControl: Info Source control is disabled
[2015.03.17-02.30.05:996][  0]SourceControl: Info Source control is disabled
[2015.03.17-02.30.05:996][  0]LogSourceControl: RunCommandInternalRaw: 'git version'
[2015.03.17-02.30.05:996][  0]LogSourceControl: RunCommandInternalRaw: ExecProcess ReturnCode=2 OutResults=''
[2015.03.17-02.30.06:004][  0]SourceControl: Info Source control is disabled
[2015.03.17-02.30.06:223][  0]LogCoherentUIEditor: Coherent UI Editor plugin initialized!
[2015.03.17-02.30.06:252][  0]LogObj: 24725 objects as part of root set at end of initial load.
[2015.03.17-02.30.06:252][  0]LogUObjectAllocator: 5310936 out of 0 bytes used by permanent object pool.
[2015.03.17-02.30.06:326][  0]LogEngine: Initializing Engine...
[2015.03.17-02.30.08:495][  0]LogInit: XAudio2 using 'Speakers (High Definition Audio Device)' : 2 channels at 44.1 kHz using 16 bits per sample (channel mask 0x3)
[2015.03.17-02.30.08:503][  0]LogInit: FAudioDevice initialized.
[2015.03.17-02.30.08:532][  0]LogAIModule: Creating AISystem for world NewWorld
[2015.03.17-02.30.08:549][  0]LogDerivedDataCache: Saved boot cache 0.02s 40MB ../../../../Unreal Projects/Karaage/Editor/DerivedDataCache/Boot.ddc.
[2015.03.17-02.30.08:553][  0]LogInit: Texture streaming: Enabled
[2015.03.17-02.30.08:581][  0]LogAnalytics: Creating configured Analytics provider AnalyticsET
[2015.03.17-02.30.08:581][  0]LogAnalytics: ET APIKey = UnrealEngine.Release. APIServer = http://etsource.epicgames.com/ET2/. AppVersion = 4.7.1-0+++depot+UE4-Releases+4.7
[2015.03.17-02.30.08:581][  0]LogAnalytics: SetUserId df7e18ac4face5c1a4653aaf6d2584dc|2ed71ecbfc7f45179b9f57239c0b84a9|14c1e869-eef3-48db-bcdf-4018b2e6672e
[2015.03.17-02.30.08:581][  0]LogAnalytics: AnalyticsET::StartSession [UnrealEngine.Release]
[2015.03.17-02.30.08:598][  0]LogInit: Transaction tracking system initialized
[2015.03.17-02.30.08:701][  0]BlueprintLog: New page: Editor Load
[2015.03.17-02.30.08:731][  0]LogAssetRegistry: FAssetRegistry took 0.0108 seconds to start up
[2015.03.17-02.30.08:731][  0]LogDirectoryWatcher:Warning: Failed to begin reading directory changes for ../../../Engine/Plugins/Experimental/CharacterAI/Content/. Error: 0
[2015.03.17-02.30.09:166][  0]LogTargetPlatformManager:Display: Building Assets For Windows
[2015.03.17-02.30.09:467][  0]LogTargetPlatformManager:Display: Building Assets For Windows
[2015.03.17-02.30.09:676][  0]LogSlate:Warning: Failed to load font data from '../../../Engine/Content/Editor/Slate/Fonts/Roboto-Regular.ttf'
[2015.03.17-02.30.09:676][  0]LogSlate:Warning: Failed to load font data from '../../../Engine/Content/Editor/Slate/Fonts/Roboto-Bold.ttf'
[2015.03.17-02.30.09:680][  0]LogConsoleResponse:Display: 
[2015.03.17-02.30.09:798][  0]LogCook:Display: Done creating registry. It took  0.00s.
[2015.03.17-02.30.09:911][  0]SourceControl: Info Source control is disabled
[2015.03.17-02.30.09:912][  0]Cmd: MAP LOAD FILE="../../../../Unreal Projects/Karaage/Editor/Content/StarterContent/PrototypingMap.umap" TEMPLATE=0 SHOWPROGRESS=1 FEATURELEVEL=3
[2015.03.17-02.30.09:912][  0]LightingResults: New page: Lighting Build
[2015.03.17-02.30.09:922][  0]MapCheck: New page: Map Check
[2015.03.17-02.30.09:922][  0]LightingResults: New page: Lighting Build
[2015.03.17-02.30.09:929][  0]LogParticles: Destroying 0 GPU particle simulations for FXSystem 0x00000038476FEAC0
[2015.03.17-02.30.11:696][  0]LogEditorServer: Finished looking for orphan Actors (0.000 secs)
[2015.03.17-02.30.11:696][  0]LogAIModule: Creating AISystem for world PrototypingMap
[2015.03.17-02.30.11:696][  0]Cmd: MAP CHECKDEP
[2015.03.17-02.30.11:696][  0]MapCheck: New page: PrototypingMap - Mar 16, 2015, 12:30:11 PM
[2015.03.17-02.30.11:820][  0]MapCheck:Warning: Warning StaticMesh4 StaticMeshComponent /Game/StarterContent/PrototypingMap.PrototypingMap:PersistentLevel.Blueprint_Axes_C_0.StaticMesh4 : Externally referenced 
[2015.03.17-02.30.11:820][  0]MapCheck:Warning: Warning StaticMesh6 StaticMeshComponent /Game/StarterContent/PrototypingMap.PrototypingMap:PersistentLevel.Blueprint_Axes_C_0.StaticMesh6 : Externally referenced 
[2015.03.17-02.30.11:820][  0]MapCheck:Warning: Warning StaticMesh1 StaticMeshComponent /Game/StarterContent/PrototypingMap.PrototypingMap:PersistentLevel.Blueprint_Axes_C_0.StaticMesh1 : Externally referenced 
[2015.03.17-02.30.11:820][  0]MapCheck:Warning: Warning StaticMesh2 StaticMeshComponent /Game/StarterContent/PrototypingMap.PrototypingMap:PersistentLevel.Blueprint_Axes_C_0.StaticMesh2 : Externally referenced 
[2015.03.17-02.30.11:820][  0]MapCheck:Warning: Warning StaticMesh3 StaticMeshComponent /Game/StarterContent/PrototypingMap.PrototypingMap:PersistentLevel.Blueprint_Axes_C_0.StaticMesh3 : Externally referenced 
[2015.03.17-02.30.11:820][  0]MapCheck:Warning: Warning StaticMesh5 StaticMeshComponent /Game/StarterContent/PrototypingMap.PrototypingMap:PersistentLevel.Blueprint_Axes_C_0.StaticMesh5 : Externally referenced 
[2015.03.17-02.30.11:821][  0]MapCheck:Warning: Warning StaticMesh1 StaticMeshComponent /Game/StarterContent/PrototypingMap.PrototypingMap:PersistentLevel.Blueprint_Axes_C_0.StaticMesh1 : Externally referenced 
[2015.03.17-02.30.11:821][  0]MapCheck:Warning: Warning StaticMesh5 StaticMeshComponent /Game/StarterContent/PrototypingMap.PrototypingMap:PersistentLevel.Blueprint_Axes_C_0.StaticMesh5 : Externally referenced 
[2015.03.17-02.30.11:821][  0]MapCheck:Warning: Warning StaticMesh6 StaticMeshComponent /Game/StarterContent/PrototypingMap.PrototypingMap:PersistentLevel.Blueprint_Axes_C_0.StaticMesh6 : Externally referenced 
[2015.03.17-02.30.11:821][  0]MapCheck:Warning: Warning StaticMesh2 StaticMeshComponent /Game/StarterContent/PrototypingMap.PrototypingMap:PersistentLevel.Blueprint_Axes_C_0.StaticMesh2 : Externally referenced 
[2015.03.17-02.30.11:821][  0]MapCheck:Warning: Warning StaticMesh3 StaticMeshComponent /Game/StarterContent/PrototypingMap.PrototypingMap:PersistentLevel.Blueprint_Axes_C_0.StaticMesh3 : Externally referenced 
[2015.03.17-02.30.11:821][  0]MapCheck:Warning: Warning StaticMesh4 StaticMeshComponent /Game/StarterContent/PrototypingMap.PrototypingMap:PersistentLevel.Blueprint_Axes_C_0.StaticMesh4 : Externally referenced 
[2015.03.17-02.30.11:821][  0]MapCheck:Warning: Warning StaticMeshComponent0 StaticMeshComponent /Game/StarterContent/PrototypingMap.PrototypingMap:PersistentLevel.SM_Template_Map_Floor_7.StaticMeshComponent0 : Externally referenced 
[2015.03.17-02.30.11:821][  0]MapCheck:Warning: Warning ModelComponent_0 ModelComponent /Game/StarterContent/PrototypingMap.PrototypingMap:PersistentLevel.ModelComponent_0 : Externally referenced 
[2015.03.17-02.30.11:821][  0]MapCheck:Warning: Warning ModelComponent_1 ModelComponent /Game/StarterContent/PrototypingMap.PrototypingMap:PersistentLevel.ModelComponent_1 : Externally referenced 
[2015.03.17-02.30.11:821][  0]MapCheck:Warning: Warning ModelComponent_2 ModelComponent /Game/StarterContent/PrototypingMap.PrototypingMap:PersistentLevel.ModelComponent_2 : Externally referenced 
[2015.03.17-02.30.11:821][  0]MapCheck:Warning: Warning ModelComponent_3 ModelComponent /Game/StarterContent/PrototypingMap.PrototypingMap:PersistentLevel.ModelComponent_3 : Externally referenced 
[2015.03.17-02.30.11:821][  0]MapCheck:Warning: Warning Model_3 Model /Game/StarterContent/PrototypingMap.PrototypingMap:PersistentLevel.Model_3 : Externally referenced 
[2015.03.17-02.30.11:822][  0]MapCheck:Warning: Warning Polys_82 Polys /Game/StarterContent/PrototypingMap.PrototypingMap:PersistentLevel.BoxBrush.Model_18.Polys_82 : Externally referenced 
[2015.03.17-02.30.11:822][  0]MapCheck:Warning: Warning Polys_123 Polys /Game/StarterContent/PrototypingMap.PrototypingMap:PersistentLevel.BoxBrush2.Model_18.Polys_123 : Externally referenced 
[2015.03.17-02.30.11:822][  0]MapCheck:Warning: Warning Polys_145 Polys /Game/StarterContent/PrototypingMap.PrototypingMap:PersistentLevel.BoxBrush3.Model_19.Polys_145 : Externally referenced 
[2015.03.17-02.30.11:822][  0]MapCheck:Warning: Warning Polys_198 Polys /Game/StarterContent/PrototypingMap.PrototypingMap:PersistentLevel.BoxBrush4.Model_19.Polys_198 : Externally referenced 
[2015.03.17-02.30.11:822][  0]MapCheck:Warning: Warning StaticMeshComponent0 StaticMeshComponent /Game/StarterContent/PrototypingMap.PrototypingMap:PersistentLevel.Cursor.StaticMeshComponent0 : Externally referenced 
[2015.03.17-02.30.11:822][  0]MapCheck: Info Map check complete: 0 Error(s), 23 Warning(s), took 125.826ms to complete.
[2015.03.17-02.30.11:828][  0]LogFileHelpers: Loading map 'PrototypingMap' took 1.916
[2015.03.17-02.30.11:896][  0]LogCollectionManager: Loaded 0 collections in 0.001526 seconds
[2015.03.17-02.30.11:905][  0]LogContentBrowser: Native class hierarchy populated in 0.0083 seconds. Added 1710 classes and 263 folders.
[2015.03.17-02.30.11:973][  0]LogContentBrowser: Native class hierarchy updated for 'SceneOutliner' in 0.0027 seconds. Added 1 classes and 2 folders.
[2015.03.17-02.30.12:001][  0]LogCoherentUIEditor: Starting Extension logic
[2015.03.17-02.30.12:021][  0]LogCrashTracker: Crashtracker disabled due to settings.
[2015.03.17-02.30.12:022][  0]LogSlate:Warning: Failed to load font data from 'Veranda'
[2015.03.17-02.30.12:056][  0]LogLoad: Full Startup: 12.44 seconds (BP compile: 0.64 seconds)
[2015.03.17-02.30.12:090][  0]LogContentBrowser:Verbose: The content browser source was changed by the sources view to '/Game/StarterContent/Blueprints'
[2015.03.17-02.30.12:266][  0]LogRenderer:Warning: Reallocating scene render targets to support 1224x752 (Frame:2).
[2015.03.17-02.30.12:558][  4]LogAssetRegistry: Asset discovery search completed in 3.8384 seconds
[2015.03.17-02.30.48:430][240]BlueprintLog: New page: Pre-PIE auto-recompile
[2015.03.17-02.30.48:430][240]LogPlayLevel: [PIE] Compiling PrototypingMap before PIE...
[2015.03.17-02.30.48:703][240]LogPlayLevel: PIE:  Blueprint regeneration took 273 ms (1 blueprints)
[2015.03.17-02.30.48:703][240]PIE: New page: PIE session: PrototypingMap (Mar 16, 2015, 12:30:48 PM)
[2015.03.17-02.30.48:763][240]LogBlueprint:Warning: FMemberReference::ResolveMember (GetTransform) bSelfContext == true, but no scope supplied!
[2015.03.17-02.30.48:763][240]LogBlueprint:Warning: FMemberReference::ResolveMember (GetTransform) bSelfContext == true, but no scope supplied!
[2015.03.17-02.30.48:763][240]LogBlueprint:Warning: FMemberReference::ResolveMember (K2_DestroyActor) bSelfContext == true, but no scope supplied!
[2015.03.17-02.30.48:763][240]LogBlueprint:Warning: FMemberReference::ResolveMember (K2_DestroyActor) bSelfContext == true, but no scope supplied!
[2015.03.17-02.30.48:766][240]LogBlueprint:Warning: FMemberReference::ResolveMember (SetActorHiddenInGame) bSelfContext == true, but no scope supplied!
[2015.03.17-02.30.48:766][240]LogBlueprint:Warning: FMemberReference::ResolveMember (SetActorHiddenInGame) bSelfContext == true, but no scope supplied!
[2015.03.17-02.30.48:766][240]LogBlueprint:Warning: FMemberReference::ResolveMember (GetTransform) bSelfContext == true, but no scope supplied!
[2015.03.17-02.30.48:766][240]LogBlueprint:Warning: FMemberReference::ResolveMember (GetTransform) bSelfContext == true, but no scope supplied!
[2015.03.17-02.30.48:767][240]LogBlueprint:Warning: FMemberReference::ResolveMember (K2_AttachRootComponentToActor) bSelfContext == true, but no scope supplied!
[2015.03.17-02.30.48:767][240]LogBlueprint:Warning: FMemberReference::ResolveMember (K2_AttachRootComponentToActor) bSelfContext == true, but no scope supplied!
[2015.03.17-02.30.48:767][240]LogBlueprint:Warning: FMemberReference::ResolveMember (K2_SetActorLocation) bSelfContext == true, but no scope supplied!
[2015.03.17-02.30.48:767][240]LogBlueprint:Warning: FMemberReference::ResolveMember (K2_SetActorLocation) bSelfContext == true, but no scope supplied!
[2015.03.17-02.30.48:767][240]LogBlueprint:Warning: FMemberReference::ResolveMember (K2_AddActorLocalOffset) bSelfContext == true, but no scope supplied!
[2015.03.17-02.30.48:768][240]LogBlueprint:Warning: FMemberReference::ResolveMember (K2_AddActorLocalOffset) bSelfContext == true, but no scope supplied!
[2015.03.17-02.30.48:768][240]LogBlueprint:Warning: FMemberReference::ResolveMember (K2_AddActorLocalOffset) bSelfContext == true, but no scope supplied!
[2015.03.17-02.30.48:768][240]LogBlueprint:Warning: FMemberReference::ResolveMember (K2_AddActorLocalOffset) bSelfContext == true, but no scope supplied!
[2015.03.17-02.30.48:769][240]LogBlueprint:Warning: FMemberReference::ResolveMember (K2_GetActorLocation) bSelfContext == true, but no scope supplied!
[2015.03.17-02.30.48:769][240]LogBlueprint:Warning: FMemberReference::ResolveMember (K2_GetActorLocation) bSelfContext == true, but no scope supplied!
[2015.03.17-02.30.48:769][240]LogBlueprint:Warning: FMemberReference::ResolveMember (K2_AttachRootComponentToActor) bSelfContext == true, but no scope supplied!
[2015.03.17-02.30.48:769][240]LogBlueprint:Warning: FMemberReference::ResolveMember (K2_AttachRootComponentToActor) bSelfContext == true, but no scope supplied!
[2015.03.17-02.30.48:770][240]LogBlueprint:Warning: FMemberReference::ResolveMember (K2_AddActorLocalOffset) bSelfContext == true, but no scope supplied!
[2015.03.17-02.30.48:770][240]LogBlueprint:Warning: FMemberReference::ResolveMember (K2_AddActorLocalOffset) bSelfContext == true, but no scope supplied!
[2015.03.17-02.30.48:770][240]LogBlueprint:Warning: FMemberReference::ResolveMember (K2_AddActorLocalOffset) bSelfContext == true, but no scope supplied!
[2015.03.17-02.30.48:770][240]LogBlueprint:Warning: FMemberReference::ResolveMember (K2_AddActorLocalOffset) bSelfContext == true, but no scope supplied!
[2015.03.17-02.30.48:770][240]LogBlueprint:Warning: FMemberReference::ResolveMember (Rotate Current Object) bSelfContext == true, but no scope supplied!
[2015.03.17-02.30.48:770][240]LogBlueprint:Warning: FMemberReference::ResolveMember (Rotate Current Object) bSelfContext == true, but no scope supplied!
[2015.03.17-02.30.48:770][240]LogBlueprint:Warning: FMemberReference::ResolveMember (Rotate Current Object) bSelfContext == true, but no scope supplied!
[2015.03.17-02.30.48:770][240]LogBlueprint:Warning: FMemberReference::ResolveMember (Rotate Current Object) bSelfContext == true, but no scope supplied!
[2015.03.17-02.30.48:770][240]LogBlueprint:Warning: FMemberReference::ResolveMember (Rotate Current Object) bSelfContext == true, but no scope supplied!
[2015.03.17-02.30.48:770][240]LogBlueprint:Warning: FMemberReference::ResolveMember (Rotate Current Object) bSelfContext == true, but no scope supplied!
[2015.03.17-02.30.48:771][240]LogBlueprint:Warning: FMemberReference::ResolveMember (Scale Current Object) bSelfContext == true, but no scope supplied!
[2015.03.17-02.30.48:771][240]LogBlueprint:Warning: FMemberReference::ResolveMember (Scale Current Object) bSelfContext == true, but no scope supplied!
[2015.03.17-02.30.48:771][240]LogBlueprint:Warning: FMemberReference::ResolveMember (Scale Current Object) bSelfContext == true, but no scope supplied!
[2015.03.17-02.30.48:771][240]LogBlueprint:Warning: FMemberReference::ResolveMember (Scale Current Object) bSelfContext == true, but no scope supplied!
[2015.03.17-02.30.48:771][240]LogBlueprint:Warning: FMemberReference::ResolveMember (Scale Current Object) bSelfContext == true, but no scope supplied!
[2015.03.17-02.30.48:771][240]LogBlueprint:Warning: FMemberReference::ResolveMember (Scale Current Object) bSelfContext == true, but no scope supplied!
[2015.03.17-02.30.48:771][240]LogBlueprint:Warning: FMemberReference::ResolveMember (Translate Current Object) bSelfContext == true, but no scope supplied!
[2015.03.17-02.30.48:771][240]LogBlueprint:Warning: FMemberReference::ResolveMember (Translate Current Object) bSelfContext == true, but no scope supplied!
[2015.03.17-02.30.48:771][240]LogBlueprint:Warning: FMemberReference::ResolveMember (Translate Current Object) bSelfContext == true, but no scope supplied!
[2015.03.17-02.30.48:771][240]LogBlueprint:Warning: FMemberReference::ResolveMember (Translate Current Object) bSelfContext == true, but no scope supplied!
[2015.03.17-02.30.48:771][240]LogBlueprint:Warning: FMemberReference::ResolveMember (Translate Current Object) bSelfContext == true, but no scope supplied!
[2015.03.17-02.30.48:771][240]LogBlueprint:Warning: FMemberReference::ResolveMember (Translate Current Object) bSelfContext == true, but no scope supplied!
[2015.03.17-02.30.48:772][240]LogBlueprint:Warning: FMemberReference::ResolveMember (Rotate Current Object) bSelfContext == true, but no scope supplied!
[2015.03.17-02.30.48:772][240]LogBlueprint:Warning: FMemberReference::ResolveMember (Rotate Current Object) bSelfContext == true, but no scope supplied!
[2015.03.17-02.30.48:772][240]LogBlueprint:Warning: FMemberReference::ResolveMember (Rotate Current Object) bSelfContext == true, but no scope supplied!
[2015.03.17-02.30.48:772][240]LogBlueprint:Warning: FMemberReference::ResolveMember (Rotate Current Object) bSelfContext == true, but no scope supplied!
[2015.03.17-02.30.48:772][240]LogBlueprint:Warning: FMemberReference::ResolveMember (Rotate Current Object) bSelfContext == true, but no scope supplied!
[2015.03.17-02.30.48:772][240]LogBlueprint:Warning: FMemberReference::ResolveMember (Rotate Current Object) bSelfContext == true, but no scope supplied!
[2015.03.17-02.30.48:772][240]LogBlueprint:Warning: FMemberReference::ResolveMember (Scale Current Object) bSelfContext == true, but no scope supplied!
[2015.03.17-02.30.48:772][240]LogBlueprint:Warning: FMemberReference::ResolveMember (Scale Current Object) bSelfContext == true, but no scope supplied!
[2015.03.17-02.30.48:772][240]LogBlueprint:Warning: FMemberReference::ResolveMember (Scale Current Object) bSelfContext == true, but no scope supplied!
[2015.03.17-02.30.48:772][240]LogBlueprint:Warning: FMemberReference::ResolveMember (Scale Current Object) bSelfContext == true, but no scope supplied!
[2015.03.17-02.30.48:772][240]LogBlueprint:Warning: FMemberReference::ResolveMember (Scale Current Object) bSelfContext == true, but no scope supplied!
[2015.03.17-02.30.48:772][240]LogBlueprint:Warning: FMemberReference::ResolveMember (Scale Current Object) bSelfContext == true, but no scope supplied!
[2015.03.17-02.30.48:772][240]LogBlueprint:Warning: FMemberReference::ResolveMember (Translate Current Object) bSelfContext == true, but no scope supplied!
[2015.03.17-02.30.48:772][240]LogBlueprint:Warning: FMemberReference::ResolveMember (Translate Current Object) bSelfContext == true, but no scope supplied!
[2015.03.17-02.30.48:773][240]LogBlueprint:Warning: FMemberReference::ResolveMember (Translate Current Object) bSelfContext == true, but no scope supplied!
[2015.03.17-02.30.48:773][240]LogBlueprint:Warning: FMemberReference::ResolveMember (Translate Current Object) bSelfContext == true, but no scope supplied!
[2015.03.17-02.30.48:773][240]LogBlueprint:Warning: FMemberReference::ResolveMember (Translate Current Object) bSelfContext == true, but no scope supplied!
[2015.03.17-02.30.48:773][240]LogBlueprint:Warning: FMemberReference::ResolveMember (Translate Current Object) bSelfContext == true, but no scope supplied!
[2015.03.17-02.30.48:774][240]LogBlueprint:Warning: FMemberReference::ResolveMember (Select Object By Cursor Overlap) bSelfContext == true, but no scope supplied!
[2015.03.17-02.30.48:774][240]LogBlueprint:Warning: FMemberReference::ResolveMember (Select Object By Cursor Overlap) bSelfContext == true, but no scope supplied!
[2015.03.17-02.30.48:775][240]LogBlueprint:Warning: FMemberReference::ResolveMember (ToggleMainMenu) bSelfContext == true, but no scope supplied!
[2015.03.17-02.30.48:775][240]LogBlueprint:Warning: FMemberReference::ResolveMember (ToggleMainMenu) bSelfContext == true, but no scope supplied!
[2015.03.17-02.30.48:775][240]LogBlueprint:Warning: FMemberReference::ResolveMember (Select Object By Cursor Line Trace) bSelfContext == true, but no scope supplied!
[2015.03.17-02.30.48:776][240]LogBlueprint:Warning: FMemberReference::ResolveMember (Select Object By Cursor Line Trace) bSelfContext == true, but no scope supplied!
[2015.03.17-02.30.48:776][240]LogBlueprint:Warning: FMemberReference::ResolveMember (K2_SetActorLocation) bSelfContext == true, but no scope supplied!
[2015.03.17-02.30.48:776][240]LogBlueprint:Warning: FMemberReference::ResolveMember (K2_SetActorLocation) bSelfContext == true, but no scope supplied!
[2015.03.17-02.30.48:776][240]LogBlueprint:Warning: FMemberReference::ResolveMember (K2_GetActorLocation) bSelfContext == true, but no scope supplied!
[2015.03.17-02.30.48:776][240]LogBlueprint:Warning: FMemberReference::ResolveMember (K2_GetActorLocation) bSelfContext == true, but no scope supplied!
[2015.03.17-02.30.48:777][240]LogBlueprint:Warning: FMemberReference::ResolveMember (Select Object By Camera Line Trace) bSelfContext == true, but no scope supplied!
[2015.03.17-02.30.48:777][240]LogBlueprint:Warning: FMemberReference::ResolveMember (Select Object By Camera Line Trace) bSelfContext == true, but no scope supplied!
[2015.03.17-02.30.48:778][240]LogBlueprint:Warning: FMemberReference::ResolveMember (K2_AttachRootComponentToActor) bSelfContext == true, but no scope supplied!
[2015.03.17-02.30.48:778][240]LogBlueprint:Warning: FMemberReference::ResolveMember (K2_AttachRootComponentToActor) bSelfContext == true, but no scope supplied!
[2015.03.17-02.30.48:778][240]LogBlueprint:Warning: FMemberReference::ResolveMember (SetActorHiddenInGame) bSelfContext == true, but no scope supplied!
[2015.03.17-02.30.48:778][240]LogBlueprint:Warning: FMemberReference::ResolveMember (SetActorHiddenInGame) bSelfContext == true, but no scope supplied!
[2015.03.17-02.30.48:779][240]LogBlueprint:Warning: FMemberReference::ResolveMember (K2_GetRootComponent) bSelfContext == true, but no scope supplied!
[2015.03.17-02.30.48:779][240]LogBlueprint:Warning: FMemberReference::ResolveMember (K2_GetRootComponent) bSelfContext == true, but no scope supplied!
[2015.03.17-02.30.48:779][240]LogBlueprint:Warning: FMemberReference::ResolveMember (K2_AddActorLocalRotation) bSelfContext == true, but no scope supplied!
[2015.03.17-02.30.48:779][240]LogBlueprint:Warning: FMemberReference::ResolveMember (K2_AddActorLocalRotation) bSelfContext == true, but no scope supplied!
[2015.03.17-02.30.48:780][240]LogBlueprint:Warning: FMemberReference::ResolveMember (K2_AddActorWorldOffset) bSelfContext == true, but no scope supplied!
[2015.03.17-02.30.48:780][240]LogBlueprint:Warning: FMemberReference::ResolveMember (K2_AddActorWorldOffset) bSelfContext == true, but no scope supplied!
[2015.03.17-02.30.48:780][240]LogBlueprint:Warning: FMemberReference::ResolveMember (GetActorScale3D) bSelfContext == true, but no scope supplied!
[2015.03.17-02.30.48:780][240]LogBlueprint:Warning: FMemberReference::ResolveMember (GetActorScale3D) bSelfContext == true, but no scope supplied!
[2015.03.17-02.30.48:780][240]LogBlueprint:Warning: FMemberReference::ResolveMember (SetActorScale3D) bSelfContext == true, but no scope supplied!
[2015.03.17-02.30.48:780][240]LogBlueprint:Warning: FMemberReference::ResolveMember (SetActorScale3D) bSelfContext == true, but no scope supplied!
[2015.03.17-02.30.48:782][240]LogBlueprint:Warning: FMemberReference::ResolveMember (SelectCurrentObject) bSelfContext == true, but no scope supplied!
[2015.03.17-02.30.48:782][240]LogBlueprint:Warning: FMemberReference::ResolveMember (SelectCurrentObject) bSelfContext == true, but no scope supplied!
[2015.03.17-02.30.48:782][240]LogBlueprint:Warning: FMemberReference::ResolveMember (SelectCurrentObject) bSelfContext == true, but no scope supplied!
[2015.03.17-02.30.48:782][240]LogBlueprint:Warning: FMemberReference::ResolveMember (SelectCurrentObject) bSelfContext == true, but no scope supplied!
[2015.03.17-02.30.48:783][240]LogBlueprint:Warning: FMemberReference::ResolveMember (GetActorForwardVector) bSelfContext == true, but no scope supplied!
[2015.03.17-02.30.48:783][240]LogBlueprint:Warning: FMemberReference::ResolveMember (GetActorForwardVector) bSelfContext == true, but no scope supplied!
[2015.03.17-02.30.48:785][240]LogBlueprint:Warning: FMemberReference::ResolveMember (SelectCurrentObject) bSelfContext == true, but no scope supplied!
[2015.03.17-02.30.48:785][240]LogBlueprint:Warning: FMemberReference::ResolveMember (SelectCurrentObject) bSelfContext == true, but no scope supplied!
[2015.03.17-02.30.48:786][240]LogBlueprint:Warning: FMemberReference::ResolveMember (SelectCurrentObject) bSelfContext == true, but no scope supplied!
[2015.03.17-02.30.48:786][240]LogBlueprint:Warning: FMemberReference::ResolveMember (SelectCurrentObject) bSelfContext == true, but no scope supplied!
[2015.03.17-02.30.48:787][240]LogBlueprint:Warning: FMemberReference::ResolveMember (SelectCurrentObject) bSelfContext == true, but no scope supplied!
[2015.03.17-02.30.48:787][240]LogBlueprint:Warning: FMemberReference::ResolveMember (SelectCurrentObject) bSelfContext == true, but no scope supplied!
[2015.03.17-02.30.48:788][240]LogBlueprint:Warning: FMemberReference::ResolveMember (SelectCurrentObject) bSelfContext == true, but no scope supplied!
[2015.03.17-02.30.48:788][240]LogBlueprint:Warning: FMemberReference::ResolveMember (SelectCurrentObject) bSelfContext == true, but no scope supplied!
[2015.03.17-02.30.48:791][240]LogBlueprint:Warning: FMemberReference::ResolveMember (SetActorHiddenInGame) bSelfContext == true, but no scope supplied!
[2015.03.17-02.30.48:791][240]LogBlueprint:Warning: FMemberReference::ResolveMember (SetActorHiddenInGame) bSelfContext == true, but no scope supplied!
[2015.03.17-02.30.48:792][240]LogBlueprint:Warning: FMemberReference::ResolveMember (GetTransform) bSelfContext == true, but no scope supplied!
[2015.03.17-02.30.48:792][240]LogBlueprint:Warning: FMemberReference::ResolveMember (GetTransform) bSelfContext == true, but no scope supplied!
[2015.03.17-02.30.48:792][240]LogBlueprint:Warning: FMemberReference::ResolveMember (K2_AddActorLocalRotation) bSelfContext == true, but no scope supplied!
[2015.03.17-02.30.48:792][240]LogBlueprint:Warning: FMemberReference::ResolveMember (K2_AddActorLocalRotation) bSelfContext == true, but no scope supplied!
[2015.03.17-02.30.48:793][240]LogBlueprint:Warning: FMemberReference::ResolveMember (K2_AddActorLocalOffset) bSelfContext == true, but no scope supplied!
[2015.03.17-02.30.48:793][240]LogBlueprint:Warning: FMemberReference::ResolveMember (K2_AddActorLocalOffset) bSelfContext == true, but no scope supplied!
[2015.03.17-02.30.48:811][240]LogPlayLevel: PIE: StaticDuplicateObject took: (0.107529s)
[2015.03.17-02.30.48:811][240]LogPlayLevel: PIE: World Init took: (0.000418s)
[2015.03.17-02.30.48:811][240]LogPlayLevel: PIE: Created PIE world by copying editor world from /Game/StarterContent/PrototypingMap.PrototypingMap to /Game/StarterContent/UEDPIE_0_PrototypingMap.PrototypingMap (0.108146s)
[2015.03.17-02.30.48:859][240]LogWorld: Game class is 'GameMode'
[2015.03.17-02.30.48:861][240]LogAIModule: Creating AISystem for world PrototypingMap
[2015.03.17-02.30.48:864][240]LogWorld: Bringing World /Game/StarterContent/UEDPIE_0_PrototypingMap.PrototypingMap up for play (max tick rate 0) at 2015.03.16-19.30.48
[2015.03.17-02.30.48:865][240]LogWorld: Bringing up level for play took: 0.003656
[2015.03.17-02.30.48:867][240]PIE: Info Play in editor start time for /Game/StarterContent/UEDPIE_0_PrototypingMap -0.327
[2015.03.17-02.30.48:868][240]LogBlueprintUserMessages: 0.0
[2015.03.17-02.30.48:892][241]LogBlueprintUserMessages: 0.0
[2015.03.17-02.30.48:915][242]LogBlueprintUserMessages: 0.0
[2015.03.17-02.30.48:923][243]LogBlueprintUserMessages: 0.0
[2015.03.17-02.30.48:932][244]LogBlueprintUserMessages: 0.0
[2015.03.17-02.30.48:941][245]LogBlueprintUserMessages: 0.0
[2015.03.17-02.30.48:950][246]LogBlueprintUserMessages: 0.0
[2015.03.17-02.30.48:958][247]LogBlueprintUserMessages: 0.0
[2015.03.17-02.30.48:966][248]LogBlueprintUserMessages: 0.0
[2015.03.17-02.30.48:975][249]LogBlueprintUserMessages: 0.0
[2015.03.17-02.30.48:983][250]LogBlueprintUserMessages: 0.0
[2015.03.17-02.30.48:991][251]LogBlueprintUserMessages: 0.0
[2015.03.17-02.30.49:000][252]LogBlueprintUserMessages: 0.0
[2015.03.17-02.30.49:008][253]LogBlueprintUserMessages: 0.0
[2015.03.17-02.30.49:016][254]LogBlueprintUserMessages: 0.0
[2015.03.17-02.30.49:025][255]LogBlueprintUserMessages: 0.0
[2015.03.17-02.30.49:033][256]LogBlueprintUserMessages: 0.0
[2015.03.17-02.30.49:041][257]LogBlueprintUserMessages: 0.0
[2015.03.17-02.30.49:050][258]LogBlueprintUserMessages: 0.0
[2015.03.17-02.30.49:058][259]LogBlueprintUserMessages: 0.0
[2015.03.17-02.30.49:066][260]LogBlueprintUserMessages: 0.0
[2015.03.17-02.30.49:075][261]LogBlueprintUserMessages: 0.0
[2015.03.17-02.30.49:083][262]LogBlueprintUserMessages: 0.0
[2015.03.17-02.30.49:091][263]LogBlueprintUserMessages: 0.0
[2015.03.17-02.30.49:100][264]LogBlueprintUserMessages: 0.0
[2015.03.17-02.30.49:108][265]LogBlueprintUserMessages: 0.0
[2015.03.17-02.30.49:116][266]LogBlueprintUserMessages: 0.0
[2015.03.17-02.30.49:124][267]LogBlueprintUserMessages: 0.0
[2015.03.17-02.30.49:133][268]LogBlueprintUserMessages: 0.0
[2015.03.17-02.30.49:141][269]LogBlueprintUserMessages: 0.0
[2015.03.17-02.30.49:149][270]LogBlueprintUserMessages: 0.0
[2015.03.17-02.30.49:158][271]LogBlueprintUserMessages: 0.0
[2015.03.17-02.30.49:166][272]LogBlueprintUserMessages: 0.0
[2015.03.17-02.30.49:174][273]LogBlueprintUserMessages: 0.0
[2015.03.17-02.30.49:183][274]LogBlueprintUserMessages: 0.0
[2015.03.17-02.30.49:191][275]LogBlueprintUserMessages: 0.0
[2015.03.17-02.30.49:199][276]LogBlueprintUserMessages: 0.0
[2015.03.17-02.30.49:208][277]LogBlueprintUserMessages: 0.0
[2015.03.17-02.30.49:216][278]LogBlueprintUserMessages: 0.0
[2015.03.17-02.30.49:224][279]LogBlueprintUserMessages: 0.0
[2015.03.17-02.30.49:233][280]LogBlueprintUserMessages: 0.0
[2015.03.17-02.30.49:241][281]LogBlueprintUserMessages: 0.0
[2015.03.17-02.30.49:249][282]LogBlueprintUserMessages: 0.0
[2015.03.17-02.30.49:258][283]LogBlueprintUserMessages: 0.0
[2015.03.17-02.30.49:266][284]LogBlueprintUserMessages: 0.0
[2015.03.17-02.30.49:274][285]LogBlueprintUserMessages: 0.0
[2015.03.17-02.30.49:283][286]LogBlueprintUserMessages: 0.0
[2015.03.17-02.30.49:291][287]LogBlueprintUserMessages: 0.0
[2015.03.17-02.30.49:299][288]LogBlueprintUserMessages: 0.0
[2015.03.17-02.30.49:308][289]LogBlueprintUserMessages: 0.0
[2015.03.17-02.30.49:316][290]LogBlueprintUserMessages: 0.0
[2015.03.17-02.30.49:324][291]LogBlueprintUserMessages: 0.0
[2015.03.17-02.30.49:333][292]LogBlueprintUserMessages: 0.0
[2015.03.17-02.30.49:341][293]LogBlueprintUserMessages: 0.0
[2015.03.17-02.30.49:349][294]LogBlueprintUserMessages: 0.0
[2015.03.17-02.30.49:358][295]LogBlueprintUserMessages: 0.0
[2015.03.17-02.30.49:366][296]LogBlueprintUserMessages: 0.0
[2015.03.17-02.30.49:374][297]LogBlueprintUserMessages: 0.0
[2015.03.17-02.30.49:383][298]LogBlueprintUserMessages: 0.0
[2015.03.17-02.30.49:391][299]LogBlueprintUserMessages: 0.0
[2015.03.17-02.30.49:399][300]LogBlueprintUserMessages: 0.0
[2015.03.17-02.30.49:408][301]LogBlueprintUserMessages: 0.0
[2015.03.17-02.30.49:417][302]LogBlueprintUserMessages: 0.0
[2015.03.17-02.30.49:425][303]LogBlueprintUserMessages: 0.0
[2015.03.17-02.30.49:433][304]LogBlueprintUserMessages: 0.0
[2015.03.17-02.30.49:441][305]LogBlueprintUserMessages: 0.0
[2015.03.17-02.30.49:449][306]LogBlueprintUserMessages: 0.0
[2015.03.17-02.30.49:458][307]LogBlueprintUserMessages: 0.0
[2015.03.17-02.30.49:467][308]LogBlueprintUserMessages: 0.0
[2015.03.17-02.30.49:475][309]LogBlueprintUserMessages: 0.0
[2015.03.17-02.30.49:484][310]LogBlueprintUserMessages: 0.0
[2015.03.17-02.30.49:492][311]LogBlueprintUserMessages: 0.0
[2015.03.17-02.30.49:500][312]LogBlueprintUserMessages: 0.0
[2015.03.17-02.30.49:509][313]LogBlueprintUserMessages: 0.0
[2015.03.17-02.30.49:517][314]LogBlueprintUserMessages: 0.0
[2015.03.17-02.30.49:526][315]LogBlueprintUserMessages: 0.0
[2015.03.17-02.30.49:534][316]LogBlueprintUserMessages: 0.0
[2015.03.17-02.30.49:542][317]LogBlueprintUserMessages: 0.0
[2015.03.17-02.30.49:550][318]LogBlueprintUserMessages: 0.0
[2015.03.17-02.30.49:559][319]LogBlueprintUserMessages: 0.0
[2015.03.17-02.30.49:567][320]LogBlueprintUserMessages: 0.0
[2015.03.17-02.30.49:575][321]LogBlueprintUserMessages: 0.0
[2015.03.17-02.30.49:584][322]LogBlueprintUserMessages: 0.0
[2015.03.17-02.30.49:592][323]LogBlueprintUserMessages: 0.0
[2015.03.17-02.30.49:600][324]LogBlueprintUserMessages: 0.0
[2015.03.17-02.30.49:609][325]LogBlueprintUserMessages: 0.0
[2015.03.17-02.30.49:617][326]LogBlueprintUserMessages: 0.0
[2015.03.17-02.30.49:625][327]LogBlueprintUserMessages: 0.0
[2015.03.17-02.30.49:634][328]LogBlueprintUserMessages: 0.0
[2015.03.17-02.30.49:642][329]LogBlueprintUserMessages: 0.0
[2015.03.17-02.30.49:650][330]LogBlueprintUserMessages: 0.0
[2015.03.17-02.30.49:659][331]LogBlueprintUserMessages: 0.0
[2015.03.17-02.30.49:667][332]LogBlueprintUserMessages: 0.0
[2015.03.17-02.30.49:675][333]LogBlueprintUserMessages: 0.0
[2015.03.17-02.30.49:684][334]LogBlueprintUserMessages: 0.0
[2015.03.17-02.30.49:692][335]LogBlueprintUserMessages: 0.0
[2015.03.17-02.30.49:700][336]LogBlueprintUserMessages: 0.0
[2015.03.17-02.30.49:709][337]LogBlueprintUserMessages: 0.0
[2015.03.17-02.30.49:717][338]LogBlueprintUserMessages: 0.0
[2015.03.17-02.30.49:725][339]LogBlueprintUserMessages: 0.0
[2015.03.17-02.30.49:734][340]LogBlueprintUserMessages: 0.0
[2015.03.17-02.30.49:742][341]LogBlueprintUserMessages: 0.0
[2015.03.17-02.30.49:750][342]LogBlueprintUserMessages: 0.0
[2015.03.17-02.30.49:759][343]LogBlueprintUserMessages: 0.0
[2015.03.17-02.30.49:767][344]LogBlueprintUserMessages: 0.0
[2015.03.17-02.30.49:775][345]LogBlueprintUserMessages: 0.0
[2015.03.17-02.30.49:784][346]LogBlueprintUserMessages: 0.0
[2015.03.17-02.30.49:792][347]LogBlueprintUserMessages: 0.0
[2015.03.17-02.30.49:800][348]LogBlueprintUserMessages: 0.0
[2015.03.17-02.30.49:809][349]LogBlueprintUserMessages: 0.0
[2015.03.17-02.30.49:817][350]LogBlueprintUserMessages: 0.0
[2015.03.17-02.30.49:825][351]LogBlueprintUserMessages: 0.0
[2015.03.17-02.30.49:834][352]LogBlueprintUserMessages: 0.0
[2015.03.17-02.30.49:842][353]LogBlueprintUserMessages: 0.0
[2015.03.17-02.30.49:850][354]LogBlueprintUserMessages: 0.0
[2015.03.17-02.30.49:859][355]LogBlueprintUserMessages: 0.0
[2015.03.17-02.30.49:867][356]LogBlueprintUserMessages: 0.0
[2015.03.17-02.30.49:875][357]LogBlueprintUserMessages: 0.0
[2015.03.17-02.30.49:884][358]LogBlueprintUserMessages: 0.0
[2015.03.17-02.30.49:892][359]LogBlueprintUserMessages: 0.0
[2015.03.17-02.30.49:900][360]LogBlueprintUserMessages: 0.0
[2015.03.17-02.30.49:909][361]LogBlueprintUserMessages: 0.0
[2015.03.17-02.30.49:917][362]LogBlueprintUserMessages: 0.0
[2015.03.17-02.30.49:925][363]LogBlueprintUserMessages: 0.0
[2015.03.17-02.30.49:933][364]LogBlueprintUserMessages: 0.0
[2015.03.17-02.30.49:942][365]LogBlueprintUserMessages: 0.0
[2015.03.17-02.30.49:950][366]LogBlueprintUserMessages: 0.0
[2015.03.17-02.30.49:958][367]LogBlueprintUserMessages: 0.0
[2015.03.17-02.30.49:967][368]LogBlueprintUserMessages: 0.0
[2015.03.17-02.30.49:975][369]LogBlueprintUserMessages: 0.0
[2015.03.17-02.30.49:983][370]LogBlueprintUserMessages: 0.0
[2015.03.17-02.30.49:992][371]LogBlueprintUserMessages: 0.0
[2015.03.17-02.30.50:000][372]LogBlueprintUserMessages: 0.0
[2015.03.17-02.30.50:008][373]LogBlueprintUserMessages: 0.0
[2015.03.17-02.30.50:017][374]LogBlueprintUserMessages: 0.0
[2015.03.17-02.30.50:025][375]LogBlueprintUserMessages: 0.0
[2015.03.17-02.30.50:033][376]LogBlueprintUserMessages: 0.0
[2015.03.17-02.30.50:042][377]LogBlueprintUserMessages: 0.0
[2015.03.17-02.30.50:050][378]LogBlueprintUserMessages: 0.0
[2015.03.17-02.30.50:058][379]LogBlueprintUserMessages: 0.0
[2015.03.17-02.30.50:067][380]LogBlueprintUserMessages: 0.0
[2015.03.17-02.30.50:075][381]LogBlueprintUserMessages: 0.0
[2015.03.17-02.30.50:084][382]LogBlueprintUserMessages: 0.0
[2015.03.17-02.30.50:092][383]LogBlueprintUserMessages: 0.0
[2015.03.17-02.30.50:100][384]LogBlueprintUserMessages: 0.0
[2015.03.17-02.30.50:109][385]LogBlueprintUserMessages: 0.0
[2015.03.17-02.30.50:117][386]LogBlueprintUserMessages: 0.0
[2015.03.17-02.30.50:125][387]LogBlueprintUserMessages: 0.0
[2015.03.17-02.30.50:133][388]LogBlueprintUserMessages: 0.0
[2015.03.17-02.30.50:142][389]LogBlueprintUserMessages: 0.0
[2015.03.17-02.30.50:150][390]LogBlueprintUserMessages: 0.0
[2015.03.17-02.30.50:158][391]LogBlueprintUserMessages: 0.0
[2015.03.17-02.30.50:167][392]LogBlueprintUserMessages: 0.0
[2015.03.17-02.30.50:175][393]LogBlueprintUserMessages: 0.0
[2015.03.17-02.30.50:183][394]LogBlueprintUserMessages: 0.0
[2015.03.17-02.30.50:192][395]LogBlueprintUserMessages: 0.0
[2015.03.17-02.30.50:200][396]LogBlueprintUserMessages: 0.0
[2015.03.17-02.30.50:208][397]LogBlueprintUserMessages: 0.0
[2015.03.17-02.30.50:217][398]LogBlueprintUserMessages: 0.0
[2015.03.17-02.30.50:225][399]LogBlueprintUserMessages: 0.0
[2015.03.17-02.30.50:233][400]LogBlueprintUserMessages: 0.0
[2015.03.17-02.30.50:242][401]LogBlueprintUserMessages: 0.0
[2015.03.17-02.30.50:250][402]LogBlueprintUserMessages: 0.0
[2015.03.17-02.30.50:258][403]LogBlueprintUserMessages: 0.0
[2015.03.17-02.30.50:267][404]LogBlueprintUserMessages: 0.0
[2015.03.17-02.30.50:275][405]LogBlueprintUserMessages: 0.0
[2015.03.17-02.30.50:283][406]LogBlueprintUserMessages: 0.0
[2015.03.17-02.30.50:292][407]LogBlueprintUserMessages: 0.0
[2015.03.17-02.30.50:300][408]LogBlueprintUserMessages: 0.0
[2015.03.17-02.30.50:308][409]LogBlueprintUserMessages: 0.0
[2015.03.17-02.30.50:317][410]LogBlueprintUserMessages: 0.0
[2015.03.17-02.30.50:325][411]LogBlueprintUserMessages: 0.0
[2015.03.17-02.30.50:333][412]LogBlueprintUserMessages: 0.0
[2015.03.17-02.30.50:342][413]LogBlueprintUserMessages: 0.0
[2015.03.17-02.30.50:350][414]LogBlueprintUserMessages: 0.0
[2015.03.17-02.30.50:358][415]LogBlueprintUserMessages: 0.0
[2015.03.17-02.30.50:366][416]LogBlueprintUserMessages: 0.0
[2015.03.17-02.30.50:375][417]LogBlueprintUserMessages: 0.0
[2015.03.17-02.30.50:383][418]LogBlueprintUserMessages: 0.0
[2015.03.17-02.30.50:392][419]LogBlueprintUserMessages: 0.0
[2015.03.17-02.30.50:400][420]LogBlueprintUserMessages: 0.0
[2015.03.17-02.30.50:408][421]LogBlueprintUserMessages: 0.0
[2015.03.17-02.30.50:417][422]LogBlueprintUserMessages: 0.0
[2015.03.17-02.30.50:425][423]LogBlueprintUserMessages: 0.0
[2015.03.17-02.30.50:433][424]LogBlueprintUserMessages: 0.0
[2015.03.17-02.30.50:442][425]LogBlueprintUserMessages: 0.0
[2015.03.17-02.30.50:450][426]LogBlueprintUserMessages: 0.0
[2015.03.17-02.30.50:458][427]LogBlueprintUserMessages: 0.0
[2015.03.17-02.30.50:466][428]LogBlueprintUserMessages: 0.0
[2015.03.17-02.30.50:475][429]LogBlueprintUserMessages: 0.0
[2015.03.17-02.30.50:483][430]LogBlueprintUserMessages: 0.0
[2015.03.17-02.30.50:491][431]LogBlueprintUserMessages: 0.0
[2015.03.17-02.30.50:500][432]LogBlueprintUserMessages: 0.0
[2015.03.17-02.30.50:508][433]LogBlueprintUserMessages: 0.0
[2015.03.17-02.30.50:517][434]LogBlueprintUserMessages: 0.0
[2015.03.17-02.30.50:525][435]LogBlueprintUserMessages: 0.0
[2015.03.17-02.30.50:534][436]LogBlueprintUserMessages: 0.0
[2015.03.17-02.30.50:542][437]LogBlueprintUserMessages: 0.0
[2015.03.17-02.30.50:550][438]LogBlueprintUserMessages: 0.0
[2015.03.17-02.30.50:558][439]LogBlueprintUserMessages: 0.0
[2015.03.17-02.30.50:567][440]LogBlueprintUserMessages: 0.0
[2015.03.17-02.30.50:575][441]LogBlueprintUserMessages: 0.0
[2015.03.17-02.30.50:583][442]LogBlueprintUserMessages: 0.0
[2015.03.17-02.30.50:591][443]LogBlueprintUserMessages: 0.0
[2015.03.17-02.30.50:600][444]LogBlueprintUserMessages: 0.0
[2015.03.17-02.30.50:608][445]LogBlueprintUserMessages: 0.0
[2015.03.17-02.30.50:616][446]LogBlueprintUserMessages: 0.0
[2015.03.17-02.30.50:625][447]LogBlueprintUserMessages: 0.0
[2015.03.17-02.30.50:633][448]LogBlueprintUserMessages: 0.0
[2015.03.17-02.30.50:641][449]LogBlueprintUserMessages: 0.0
[2015.03.17-02.30.50:650][450]LogBlueprintUserMessages: 0.0
[2015.03.17-02.30.50:658][451]LogBlueprintUserMessages: 0.0
[2015.03.17-02.30.50:666][452]LogBlueprintUserMessages: 0.0
[2015.03.17-02.30.50:675][453]LogBlueprintUserMessages: 0.0
[2015.03.17-02.30.50:683][454]LogBlueprintUserMessages: 0.0
[2015.03.17-02.30.50:691][455]LogBlueprintUserMessages: 0.0
[2015.03.17-02.30.50:700][456]LogBlueprintUserMessages: 0.0
[2015.03.17-02.30.50:708][457]LogBlueprintUserMessages: 0.0
[2015.03.17-02.30.50:717][458]LogBlueprintUserMessages: 0.0
[2015.03.17-02.30.50:725][459]LogBlueprintUserMessages: 0.0
[2015.03.17-02.30.50:733][460]LogBlueprintUserMessages: 0.0
[2015.03.17-02.30.50:742][461]LogBlueprintUserMessages: 0.0
[2015.03.17-02.30.50:750][462]LogBlueprintUserMessages: 0.0
[2015.03.17-02.30.50:758][463]LogBlueprintUserMessages: 0.0
[2015.03.17-02.30.50:766][464]LogBlueprintUserMessages: 0.0
[2015.03.17-02.30.50:775][465]LogBlueprintUserMessages: 0.0
[2015.03.17-02.30.50:783][466]LogBlueprintUserMessages: 0.0
[2015.03.17-02.30.50:791][467]LogBlueprintUserMessages: 0.0
[2015.03.17-02.30.50:800][468]LogBlueprintUserMessages: 0.0
[2015.03.17-02.30.50:808][469]LogBlueprintUserMessages: 0.0
[2015.03.17-02.30.50:816][470]LogBlueprintUserMessages: 0.0
[2015.03.17-02.30.50:825][471]LogBlueprintUserMessages: 0.0
[2015.03.17-02.30.50:833][472]LogBlueprintUserMessages: 0.0
[2015.03.17-02.30.50:841][473]LogBlueprintUserMessages: 0.0
[2015.03.17-02.30.50:850][474]LogBlueprintUserMessages: 0.0
[2015.03.17-02.30.50:908][481]LogBlueprintUserMessages: 0.0
[2015.03.17-02.30.50:957][481]LogParticles: Destroying 0 GPU particle simulations for FXSystem 0x000000384078FD80
[2015.03.17-02.39.46:468][938]Cmd: QUIT_EDITOR
[2015.03.17-02.39.46:951][938]LogExit: Preparing to exit.
[2015.03.17-02.39.47:143][938]LogExit: Editor shut down
[2015.03.17-02.39.47:143][938]LogExit: Transaction tracking system shut down
[2015.03.17-02.39.47:144][938]LogParticles: Destroying 0 GPU particle simulations for FXSystem 0x000000383E1E0FE0
[2015.03.17-02.39.47:144][938]LogParticles: Destroying 0 GPU particle simulations for FXSystem 0x000000384AC68C20
[2015.03.17-02.39.47:144][938]LogParticles: Destroying 0 GPU particle simulations for FXSystem 0x000000384E97A8E0
[2015.03.17-02.39.47:183][938]LogExit: Object subsystem successfully closed.
[2015.03.17-02.39.47:226][938]LogModuleManager: Shutting down and abandoning module CrashTracker (176)
[2015.03.17-02.39.47:226][938]LogModuleManager: Shutting down and abandoning module SuperSearch (175)
[2015.03.17-02.39.47:226][938]LogModuleManager: Shutting down and abandoning module SceneOutliner (174)
[2015.03.17-02.39.47:226][938]LogModuleManager: Shutting down and abandoning module EditorWidgets (173)
[2015.03.17-02.39.47:226][938]LogModuleManager: Shutting down and abandoning module CollectionManager (172)
[2015.03.17-02.39.47:227][938]LogModuleManager: Shutting down and abandoning module StatsViewer (171)
[2015.03.17-02.39.47:227][938]LogModuleManager: Shutting down and abandoning module FoliageEdit (170)
[2015.03.17-02.39.47:227][938]LogModuleManager: Shutting down and abandoning module LandscapeEditor (169)
[2015.03.17-02.39.47:227][938]LogModuleManager: Shutting down and abandoning module MeshPaint (168)
[2015.03.17-02.39.47:227][938]LogModuleManager: Shutting down and abandoning module ActorPickerMode (167)
[2015.03.17-02.39.47:227][938]LogModuleManager: Shutting down and abandoning module GeometryMode (166)
[2015.03.17-02.39.47:227][938]LogModuleManager: Shutting down and abandoning module TextureAlignMode (165)
[2015.03.17-02.39.47:227][938]LogModuleManager: Shutting down and abandoning module BspMode (164)
[2015.03.17-02.39.47:227][938]LogModuleManager: Shutting down and abandoning module PlacementMode (163)
[2015.03.17-02.39.47:227][938]LogModuleManager: Shutting down and abandoning module AutomationWorker (162)
[2015.03.17-02.39.47:227][938]LogModuleManager: Shutting down and abandoning module CharacterAI (161)
[2015.03.17-02.39.47:227][938]LogModuleManager: Shutting down and abandoning module SmartSnapping (160)
[2015.03.17-02.39.47:227][938]LogModuleManager: Shutting down and abandoning module ViewportSnapping (159)
[2015.03.17-02.39.47:227][938]LogModuleManager: Shutting down and abandoning module LogVisualizer (158)
[2015.03.17-02.39.47:227][938]LogModuleManager: Shutting down and abandoning module GameProjectGeneration (157)
[2015.03.17-02.39.47:227][938]LogModuleManager: Shutting down and abandoning module IntroTutorials (156)
[2015.03.17-02.39.47:227][938]LogModuleManager: Shutting down and abandoning module EditorLiveStreaming (155)
[2015.03.17-02.39.47:227][938]LogModuleManager: Shutting down and abandoning module HardwareTargeting (154)
[2015.03.17-02.39.47:227][938]LogModuleManager: Shutting down and abandoning module DeviceProfileEditor (153)
[2015.03.17-02.39.47:227][938]LogModuleManager: Shutting down and abandoning module UndoHistory (152)
[2015.03.17-02.39.47:227][938]LogModuleManager: Shutting down and abandoning module GameplayTagsEditor (151)
[2015.03.17-02.39.47:227][938]LogModuleManager: Shutting down and abandoning module UserFeedback (150)
[2015.03.17-02.39.47:227][938]LogModuleManager: Shutting down and abandoning module XmlParser (149)
[2015.03.17-02.39.47:227][938]LogModuleManager: Shutting down and abandoning module Blutility (148)
[2015.03.17-02.39.47:227][938]LogModuleManager: Shutting down and abandoning module IOSPlatformEditor (147)
[2015.03.17-02.39.47:227][938]LogModuleManager: Shutting down and abandoning module IOSRuntimeSettings (146)
[2015.03.17-02.39.47:227][938]LogModuleManager: Shutting down and abandoning module AndroidDeviceDetection (145)
[2015.03.17-02.39.47:826][938]LogModuleManager: Shutting down and abandoning module AndroidPlatformEditor (144)
[2015.03.17-02.39.47:826][938]LogModuleManager: Shutting down and abandoning module AndroidRuntimeSettings (143)
[2015.03.17-02.39.47:826][938]LogModuleManager: Shutting down and abandoning module ProjectTargetPlatformEditor (142)
[2015.03.17-02.39.47:826][938]LogModuleManager: Shutting down and abandoning module ProjectSettingsViewer (141)
[2015.03.17-02.39.47:826][938]LogModuleManager: Shutting down and abandoning module InputBindingEditor (140)
[2015.03.17-02.39.47:826][938]LogModuleManager: Shutting down and abandoning module EditorSettingsViewer (139)
[2015.03.17-02.39.47:826][938]LogModuleManager: Shutting down and abandoning module SettingsEditor (138)
[2015.03.17-02.39.47:826][938]LogModuleManager: Shutting down and abandoning module ProjectLauncher (137)
[2015.03.17-02.39.47:826][938]LogModuleManager: Shutting down and abandoning module SessionFrontend (136)
[2015.03.17-02.39.47:826][938]LogModuleManager: Shutting down and abandoning module ProfilerClient (135)
[2015.03.17-02.39.47:827][938]LogModuleManager: Shutting down and abandoning module TargetDeviceServices (134)
[2015.03.17-02.39.47:827][938]LogModuleManager: Shutting down and abandoning module DeviceManager (133)
[2015.03.17-02.39.47:827][938]LogModuleManager: Shutting down and abandoning module AutomationController (132)
[2015.03.17-02.39.47:827][938]LogModuleManager: Shutting down and abandoning module AutomationWindow (131)
[2015.03.17-02.39.47:827][938]LogModuleManager: Shutting down and abandoning module Layers (130)
[2015.03.17-02.39.47:827][938]LogModuleManager: Shutting down and abandoning module ComponentVisualizers (129)
[2015.03.17-02.39.47:827][938]LogModuleManager: Shutting down and abandoning module DetailCustomizations (128)
[2015.03.17-02.39.47:827][938]LogModuleManager: Shutting down and abandoning module PackagesDialog (127)
[2015.03.17-02.39.47:827][938]LogModuleManager: Shutting down and abandoning module AssetRegistry (126)
[2015.03.17-02.39.47:897][938]LogModuleManager: Shutting down and abandoning module Persona (125)
[2015.03.17-02.39.47:897][938]LogModuleManager: Shutting down and abandoning module Kismet (124)
[2015.03.17-02.39.47:897][938]LogModuleManager: Shutting down and abandoning module GraphEditor (123)
[2015.03.17-02.39.47:897][938]LogModuleManager: Shutting down and abandoning module ClassViewer (122)
[2015.03.17-02.39.47:897][938]LogModuleManager: Shutting down and abandoning module Toolbox (121)
[2015.03.17-02.39.47:897][938]LogModuleManager: Shutting down and abandoning module ModuleUI (120)
[2015.03.17-02.39.47:897][938]LogModuleManager: Shutting down and abandoning module MovieSceneTools (119)
[2015.03.17-02.39.47:897][938]LogModuleManager: Shutting down and abandoning module OutputLog (118)
[2015.03.17-02.39.47:897][938]LogModuleManager: Shutting down and abandoning module GammaUI (117)
[2015.03.17-02.39.47:897][938]LogModuleManager: Shutting down and abandoning module Documentation (116)
[2015.03.17-02.39.47:897][938]LogModuleManager: Shutting down and abandoning module GameLiveStreaming (115)
[2015.03.17-02.39.47:897][938]LogModuleManager: Shutting down and abandoning module StreamingPauseRendering (114)
[2015.03.17-02.39.47:897][938]LogModuleManager: Shutting down and abandoning module HTTP (113)
[2015.03.17-02.39.47:897][938]LogModuleManager: Shutting down and abandoning module AnalyticsET (112)
[2015.03.17-02.39.47:897][938]LogModuleManager: Shutting down and abandoning module Analytics (111)
[2015.03.17-02.39.47:897][938]LogModuleManager: Shutting down and abandoning module AITestSuite (110)
[2015.03.17-02.39.47:897][938]LogModuleManager: Shutting down and abandoning module GameplayDebugger (109)
[2015.03.17-02.39.47:897][938]LogModuleManager: Shutting down and abandoning module AIModule (108)
[2015.03.17-02.39.47:897][938]LogModuleManager: Shutting down and abandoning module ProfilerService (107)
[2015.03.17-02.39.47:960][938]LogModuleManager: Shutting down and abandoning module TaskGraph (106)
[2015.03.17-02.39.47:960][938]LogModuleManager: Shutting down and abandoning module SlateRemote (105)
[2015.03.17-02.39.47:960][938]LogModuleManager: Shutting down and abandoning module ScriptEditorPlugin (104)
[2015.03.17-02.39.47:960][938]LogModuleManager: Shutting down and abandoning module CustomMeshComponent (103)
[2015.03.17-02.39.47:960][938]LogModuleManager: Shutting down and abandoning module SlateReflector (102)
[2015.03.17-02.39.47:960][938]LogModuleManager: Shutting down and abandoning module LevelEditor (101)
[2015.03.17-02.39.47:961][938]LogModuleManager: Shutting down and abandoning module CoherentUIEditorPlugin (100)
[2015.03.17-02.39.47:961][938]LogCoherentUIEditor: Coherent UI Editor plugin shut-down!
[2015.03.17-02.39.47:961][938]LogModuleManager: Shutting down and abandoning module CableComponent (99)
[2015.03.17-02.39.47:961][938]LogModuleManager: Shutting down and abandoning module MessagingDebugger (98)
[2015.03.17-02.39.47:962][938]LogModuleManager: Shutting down and abandoning module MediaPlayerEditor (97)
[2015.03.17-02.39.47:962][938]LogModuleManager: Shutting down and abandoning module SpeedTreeImporter (96)
[2015.03.17-02.39.47:962][938]LogModuleManager: Shutting down and abandoning module PluginsEditor (95)
[2015.03.17-02.39.47:962][938]LogModuleManager: Shutting down and abandoning module MainFrame (94)
[2015.03.17-02.39.47:962][938]LogModuleManager: Shutting down and abandoning module EpicSurvey (93)
[2015.03.17-02.39.47:962][938]LogModuleManager: Shutting down and abandoning module DesktopPlatform (92)
[2015.03.17-02.39.47:962][938]LogModuleManager: Shutting down and abandoning module DirectoryWatcher (91)
[2015.03.17-02.39.47:962][938]LogModuleManager: Shutting down and abandoning module HotReload (90)
[2015.03.17-02.39.47:962][938]LogModuleManager: Shutting down and abandoning module VisualStudioSourceCodeAccess (89)
[2015.03.17-02.39.47:962][938]LogModuleManager: Shutting down and abandoning module UObjectPlugin (88)
[2015.03.17-02.39.47:962][938]LogModuleManager: Shutting down and abandoning module SubversionSourceControl (87)
[2015.03.17-02.39.47:962][938]LogModuleManager: Shutting down and abandoning module PerforceSourceControl (86)
[2015.03.17-02.39.47:962][938]LogModuleManager: Shutting down and abandoning module SourceControl (85)
[2015.03.17-02.39.47:962][938]LogModuleManager: Shutting down and abandoning module GitSourceControl (84)
[2015.03.17-02.39.47:963][938]LogModuleManager: Shutting down and abandoning module ConnexionPlugin (83)
[2015.03.17-02.39.47:963][938]LogModuleManager: Shutting down and abandoning module Chai3dPlugin (82)
[2015.03.17-02.39.47:963][938]LogTemp:Warning: Chai3DPlugin shut down!





[2015.03.17-02.39.47:963][938]LogModuleManager: Shutting down and abandoning module BlankPlugin (81)
[2015.03.17-02.39.47:963][938]LogModuleManager: Shutting down and abandoning module PaperTiledImporter (80)
[2015.03.17-02.39.47:963][938]LogModuleManager: Shutting down and abandoning module PaperJsonImporter (79)
[2015.03.17-02.39.47:963][938]LogModuleManager: Shutting down and abandoning module ContentBrowser (78)
[2015.03.17-02.39.47:964][938]LogModuleManager: Shutting down and abandoning module Paper2DEditor (77)
[2015.03.17-02.39.47:964][938]LogModuleManager: Shutting down and abandoning module ScriptPlugin (76)
[2015.03.17-02.39.47:964][938]LogModuleManager: Shutting down and abandoning module CoherentUIPlugin (75)
[2015.03.17-02.39.47:964][938]LogCoherentUI: CoherentUI plugin shut-down!
[2015.03.17-02.39.47:964][938]LogModuleManager: Shutting down and abandoning module UdpMessaging (74)
[2015.03.17-02.39.48:065][938]LogModuleManager: Shutting down and abandoning module Paper2D (73)
[2015.03.17-02.39.48:065][938]LogModuleManager: Shutting down and abandoning module WindowsMoviePlayer (72)
[2015.03.17-02.39.48:065][938]LogModuleManager: Shutting down and abandoning module Media (71)
[2015.03.17-02.39.48:065][938]LogModuleManager: Shutting down and abandoning module WmfMedia (70)
[2015.03.17-02.39.48:066][938]LogModuleManager: Shutting down and abandoning module OnlineBlueprintSupport (69)
[2015.03.17-02.39.48:066][938]LogModuleManager: Shutting down and abandoning module PropertyEditor (68)
[2015.03.17-02.39.48:066][938]LogModuleManager: Shutting down and abandoning module BehaviorTreeEditor (67)
[2015.03.17-02.39.48:066][938]LogModuleManager: Shutting down and abandoning module FunctionalTesting (66)
[2015.03.17-02.39.48:066][938]LogModuleManager: Shutting down and abandoning module CollisionAnalyzer (65)
[2015.03.17-02.39.48:066][938]LogModuleManager: Shutting down and abandoning module WorkspaceMenuStructure (64)
[2015.03.17-02.39.48:066][938]LogModuleManager: Shutting down and abandoning module MessageLog (63)
[2015.03.17-02.39.48:066][938]LogModuleManager: Shutting down and abandoning module Sequencer (62)
[2015.03.17-02.39.48:066][938]LogModuleManager: Shutting down and abandoning module AssetTools (61)
[2015.03.17-02.39.48:066][938]LogModuleManager: Shutting down and abandoning module UMGEditor (60)
[2015.03.17-02.39.48:066][938]LogModuleManager: Shutting down and abandoning module UMG (59)
[2015.03.17-02.39.48:066][938]LogModuleManager: Shutting down and abandoning module Slate (58)
[2015.03.17-02.39.48:066][938]LogModuleManager: Shutting down and abandoning module EditorStyle (57)
[2015.03.17-02.39.48:069][938]LogModuleManager: Shutting down and abandoning module SessionServices (56)
[2015.03.17-02.39.48:069][938]LogModuleManager: Shutting down and abandoning module SourceCodeAccess (55)
[2015.03.17-02.39.48:069][938]LogModuleManager: Shutting down and abandoning module HeadMountedDisplay (54)
[2015.03.17-02.39.48:069][938]LogModuleManager: Shutting down and abandoning module XAudio2 (53)
[2015.03.17-02.39.48:069][938]LogModuleManager: Shutting down and abandoning module Networking (51)
[2015.03.17-02.39.48:069][938]LogModuleManager: Shutting down and abandoning module Core (50)
[2015.03.17-02.39.48:069][938]LogModuleManager: Shutting down and abandoning module KismetCompiler (49)
[2015.03.17-02.39.48:069][938]LogModuleManager: Shutting down and abandoning module PhysXFormats (48)
[2015.03.17-02.39.48:069][938]LogModuleManager: Shutting down and abandoning module MeshUtilities (47)
[2015.03.17-02.39.48:069][938]LogModuleManager: Shutting down and abandoning module DerivedDataCache (46)
[2015.03.17-02.39.48:143][938]LogDerivedDataCache: Shutdown
[2015.03.17-02.39.48:143][938]LogModuleManager: Shutting down and abandoning module ShaderFormatOpenGL (45)
[2015.03.17-02.39.48:143][938]LogModuleManager: Shutting down and abandoning module ShaderFormatD3D (44)
[2015.03.17-02.39.48:143][938]LogModuleManager: Shutting down and abandoning module MetalShaderFormat (43)
[2015.03.17-02.39.48:143][938]LogModuleManager: Shutting down and abandoning module TextureFormatUncompressed (42)
[2015.03.17-02.39.48:143][938]LogModuleManager: Shutting down and abandoning module TextureFormatPVR (41)
[2015.03.17-02.39.48:143][938]LogModuleManager: Shutting down and abandoning module TextureFormatIntelISPCTexComp (40)
[2015.03.17-02.39.48:143][938]LogModuleManager: Shutting down and abandoning module TextureFormatDXT (39)
[2015.03.17-02.39.48:143][938]LogModuleManager: Shutting down and abandoning module ImageWrapper (38)
[2015.03.17-02.39.48:143][938]LogModuleManager: Shutting down and abandoning module TextureFormatASTC (37)
[2015.03.17-02.39.48:143][938]LogModuleManager: Shutting down and abandoning module AudioFormatOpus (36)
[2015.03.17-02.39.48:143][938]LogModuleManager: Shutting down and abandoning module AudioFormatOgg (35)
[2015.03.17-02.39.48:143][938]LogModuleManager: Shutting down and abandoning module AudioFormatADPCM (34)
[2015.03.17-02.39.48:143][938]LogModuleManager: Shutting down and abandoning module Messaging (33)
[2015.03.17-02.39.48:143][938]LogModuleManager: Shutting down and abandoning module IOSTargetPlatform (32)
[2015.03.17-02.39.48:143][938]LogModuleManager: Shutting down and abandoning module HTML5TargetPlatform (31)
[2015.03.17-02.39.48:143][938]LogModuleManager: Shutting down and abandoning module Android_PVRTCTargetPlatform (30)
[2015.03.17-02.39.48:143][938]LogModuleManager: Shutting down and abandoning module Android_ETC2TargetPlatform (29)
[2015.03.17-02.39.48:143][938]LogModuleManager: Shutting down and abandoning module Android_ETC1TargetPlatform (28)
[2015.03.17-02.39.48:143][938]LogModuleManager: Shutting down and abandoning module Android_DXTTargetPlatform (27)
[2015.03.17-02.39.48:143][938]LogModuleManager: Shutting down and abandoning module Android_ATCTargetPlatform (26)
[2015.03.17-02.39.48:143][938]LogModuleManager: Shutting down and abandoning module AndroidTargetPlatform (25)
[2015.03.17-02.39.48:143][938]LogModuleManager: Shutting down and abandoning module WindowsTargetPlatform (24)
[2015.03.17-02.39.48:143][938]LogModuleManager: Shutting down and abandoning module WindowsServerTargetPlatform (23)
[2015.03.17-02.39.48:143][938]LogModuleManager: Shutting down and abandoning module WindowsNoEditorTargetPlatform (22)
[2015.03.17-02.39.48:143][938]LogModuleManager: Shutting down and abandoning module WindowsClientTargetPlatform (21)
[2015.03.17-02.39.48:143][938]LogModuleManager: Shutting down and abandoning module TargetPlatform (20)
[2015.03.17-02.39.48:143][938]LogModuleManager: Shutting down and abandoning module InputCore (19)
[2015.03.17-02.39.48:143][938]LogModuleManager: Shutting down and abandoning module Settings (18)
[2015.03.17-02.39.48:144][938]LogModuleManager: Shutting down and abandoning module OnlineSubsystem (16)
[2015.03.17-02.39.48:144][938]LogModuleManager: Shutting down and abandoning module OculusRift (15)
[2015.03.17-02.39.48:144][938]LogModuleManager: Shutting down and abandoning module ExampleDeviceProfileSelector (14)
[2015.03.17-02.39.48:144][938]LogModuleManager: Shutting down and abandoning module TextureCompressor (13)
[2015.03.17-02.39.48:144][938]LogModuleManager: Shutting down and abandoning module ShaderCore (12)
[2015.03.17-02.39.48:144][938]LogModuleManager: Shutting down and abandoning module Landscape (11)
[2015.03.17-02.39.48:144][938]LogModuleManager: Shutting down and abandoning module SlateRHIRenderer (10)
[2015.03.17-02.39.48:146][938]LogModuleManager: Shutting down and abandoning module OpenGLDrv (9)
[2015.03.17-02.39.48:146][938]LogModuleManager: Shutting down and abandoning module D3D11RHI (8)
[2015.03.17-02.39.48:146][938]LogModuleManager: Shutting down and abandoning module Renderer (7)
[2015.03.17-02.39.48:146][938]LogModuleManager: Shutting down and abandoning module Engine (6)
[2015.03.17-02.39.48:146][938]LogModuleManager: Shutting down and abandoning module CoreUObject (5)
[2015.03.17-02.39.48:146][938]LogModuleManager: Shutting down and abandoning module NetworkFile (4)
[2015.03.17-02.39.48:147][938]LogModuleManager: Shutting down and abandoning module StreamingFile (3)
[2015.03.17-02.39.48:147][938]LogModuleManager: Shutting down and abandoning module SandboxFile (2)
[2015.03.17-02.39.48:147][938]LogModuleManager: Shutting down and abandoning module PakFile (1)
[2015.03.17-02.39.48:147][938]LogExit: Exiting.
[2015.03.17-02.39.48:174][938]Log file closed, 03/16/15 19:39:48
