Log file open, 03/18/15 21:38:58
LogInit:Display: Running engine for game: Karaage
LogInit: Version: 4.7.1-0+++depot+UE4-Releases+4.7
LogInit: API Version: 0
LogInit: Compiled (64-bit): Mar 11 2015 04:45:01
LogInit: Compiled with Visual C++: 18.00.31101.00
LogInit: Build Configuration: Development
LogInit: Branch Name: ++depot+UE4-Releases+4.7
LogInit: Command line: 
LogInit: Base directory: C:/Users/bhnas_000/Documents/UnrealEngine/Engine/Binaries/Win64/
LogInit: Rocket: 0
[2015.03.19-04.38.58:892][  0]LogTaskGraph: Started task graph with 3 named threads and 6 total threads.
[2015.03.19-04.38.58:945][  0]LogOnline:Warning: No default platform service specified for OnlineSubsystem
[2015.03.19-04.38.58:955][  0]LogInit: Presizing for 0 objects not considered by GC, pre-allocating 0 bytes.
[2015.03.19-04.38.58:964][  0]LogInit: Object subsystem initialized
[2015.03.19-04.38.58:965][  0]LogConsoleResponse:Warning: Skipping Unknown console variable: 'UIScaleRule = ShortestSide'
[2015.03.19-04.38.58:965][  0]LogConsoleResponse:Warning:   Found in ini file 'C:/Users/bhnas_000/Documents/Unreal Projects/Karaage/Editor/Saved/Config/Windows/Engine.ini', in section '[/Script/Engine.RendererSettings]'
[2015.03.19-04.38.58:965][  0]LogConsoleResponse:Warning: Skipping Unknown console variable: 'UIScaleCurve = (EditorCurveData=(Keys=),ExternalCurve=None)'
[2015.03.19-04.38.58:965][  0]LogConsoleResponse:Warning:   Found in ini file 'C:/Users/bhnas_000/Documents/Unreal Projects/Karaage/Editor/Saved/Config/Windows/Engine.ini', in section '[/Script/Engine.RendererSettings]'
[2015.03.19-04.38.58:965][  0]LogConsoleResponse:Warning: Skipping Unknown console variable: 'r.SeperateTranslucency = 0'
[2015.03.19-04.38.58:965][  0]LogConsoleResponse:Warning:   Found in ini file 'C:/Users/bhnas_000/Documents/Unreal Projects/Karaage/Editor/Saved/Config/Windows/Engine.ini', in section '[/Script/Engine.RendererSettings]'
[2015.03.19-04.38.58:965][  0]LogConsoleResponse:Warning: Skipping Unknown console variable: 'r.SSSSS = 0'
[2015.03.19-04.38.58:965][  0]LogConsoleResponse:Warning:   Found in ini file 'C:/Users/bhnas_000/Documents/Unreal Projects/Karaage/Editor/Saved/Config/Windows/Engine.ini', in section '[/Script/Engine.RendererSettings]'
[2015.03.19-04.38.58:966][  0]LogConsoleManager:Warning: Console variable 'r.PostProcessAAQuality' wasn't set (Priority ProjectSetting < Scalability)
[2015.03.19-04.38.58:966][  0]LogConsoleManager:Warning: Console variable 'r.MSAA.CompositingSampleCount' wasn't set (Priority ProjectSetting < Scalability)
[2015.03.19-04.38.58:966][  0]LogConsoleManager:Warning: Console variable 'r.MotionBlurQuality' wasn't set (Priority ProjectSetting < Scalability)
[2015.03.19-04.38.58:966][  0]LogConsoleManager:Warning: Console variable 'r.AmbientOcclusionLevels' wasn't set (Priority ProjectSetting < Scalability)
[2015.03.19-04.38.58:966][  0]LogConsoleManager:Warning: Console variable 'r.DepthOfFieldQuality' wasn't set (Priority ProjectSetting < Scalability)
[2015.03.19-04.38.58:966][  0]LogConsoleManager:Warning: Console variable 'r.LensFlareQuality' wasn't set (Priority ProjectSetting < Scalability)
[2015.03.19-04.38.58:966][  0]LogConsoleManager:Warning: Console variable 'r.SceneColorFringeQuality' wasn't set (Priority ProjectSetting < Scalability)
[2015.03.19-04.38.58:966][  0]LogConsoleManager:Warning: Console variable 'r.BloomQuality' wasn't set (Priority ProjectSetting < Scalability)
[2015.03.19-04.38.58:966][  0]LogConsoleManager:Warning: Console variable 'r.FastBlurThreshold' wasn't set (Priority ProjectSetting < Scalability)
[2015.03.19-04.38.58:966][  0]LogConsoleManager:Warning: Console variable 'r.MaxAnisotropy' wasn't set (Priority ProjectSetting < Scalability)
[2015.03.19-04.38.58:966][  0]LogConsoleManager:Warning: Console variable 'r.SSR.Quality' wasn't set (Priority ProjectSetting < Scalability)
[2015.03.19-04.38.58:966][  0]LogConsoleManager:Warning: Console variable 'r.TranslucencyVolumeBlur' wasn't set (Priority ProjectSetting < Scalability)
[2015.03.19-04.38.58:966][  0]LogInit: Selected Device Profile: [Windows]
[2015.03.19-04.38.58:966][  0]LogInit: Applying CVar settings loaded from the selected device profile: [Windows]
[2015.03.19-04.38.58:971][  0]LogInit: Computer: AWESOME-BOX
[2015.03.19-04.38.58:971][  0]LogInit: User: Benhan
[2015.03.19-04.38.58:971][  0]LogInit: CPU Page size=4096, Cores=4
[2015.03.19-04.38.58:971][  0]LogInit: High frequency timer resolution =3.330095 MHz
[2015.03.19-04.38.58:971][  0]LogMemory: Memory total: Physical=15.9GB (16GB approx) Virtual=8192.0GB
[2015.03.19-04.38.58:972][  0]LogMemory: Platform Memory Stats for Windows
[2015.03.19-04.38.58:972][  0]LogMemory: Process Physical Memory: 46.89 MB used, 46.89 MB peak
[2015.03.19-04.38.58:972][  0]LogMemory: Process Virtual Memory: 23.36 MB used, 23.36 MB peak
[2015.03.19-04.38.58:972][  0]LogMemory: Physical Memory: 3869.77 MB used, 16330.08 MB total
[2015.03.19-04.38.58:972][  0]LogMemory: Virtual Memory: 281.77 MB used, 8388608.00 MB total
[2015.03.19-04.38.58:998][  0]LogD3D11RHI: Found D3D11 adapter 0: NVIDIA GeForce GTX 680 (Feature Level 11_0)
[2015.03.19-04.38.58:998][  0]LogD3D11RHI: Adapter has 1986MB of dedicated video memory, 0MB of dedicated system memory, and 2048MB of shared system memory, 1 output[s]
[2015.03.19-04.38.58:998][  0]LogD3D11RHI: Found D3D11 adapter 1: Microsoft Basic Render Driver (Feature Level 11_0)
[2015.03.19-04.38.58:998][  0]LogD3D11RHI: Adapter has 0MB of dedicated video memory, 0MB of dedicated system memory, and 256MB of shared system memory, 0 output[s]
[2015.03.19-04.38.58:998][  0]LogD3D11RHI: Chosen D3D11 Adapter Id = 0
[2015.03.19-04.38.59:001][  0]LogRHI: Texture pool is 1361 MB (70% of 1945 MB)
[2015.03.19-04.38.59:007][  0]LogD3D11RHI: Async texture creation enabled
[2015.03.19-04.38.59:061][  0]LogTextLocalizationManager: The requested culture ('en_US') has no localization data; parent culture's ('en') localization data will be used.
[2015.03.19-04.38.59:181][  0]LogContentStreaming: Texture pool size is 0.000000MB
[2015.03.19-04.39.01:269][  0]LogTargetPlatformManager:Display: Building Assets For Windows
[2015.03.19-04.39.01:672][  0]LogTargetPlatformManager:Display: Building Assets For Windows
[2015.03.19-04.39.01:722][  0]LogDerivedDataCache:Display: Max Cache Size: 512 MB
[2015.03.19-04.39.01:754][  0]LogDerivedDataCache: Loaded boot cache 0.03s 40MB ../../../../Unreal Projects/Karaage/Editor/DerivedDataCache/Boot.ddc.
[2015.03.19-04.39.01:754][  0]LogDerivedDataCache:Display: Loaded Boot cache: ../../../../Unreal Projects/Karaage/Editor/DerivedDataCache/Boot.ddc
[2015.03.19-04.39.01:754][  0]LogDerivedDataCache: FDerivedDataBackendGraph:  Pak pak cache file ../../../../Unreal Projects/Karaage/Editor/DerivedDataCache/DDC.ddp not found, will not use a pak cache.
[2015.03.19-04.39.01:754][  0]LogDerivedDataCache: Unable to find inner node Pak for hierarchical cache Hierarchy.
[2015.03.19-04.39.01:754][  0]LogDerivedDataCache: FDerivedDataBackendGraph:  EnginePak pak cache file ../../../Engine/DerivedDataCache/DDC.ddp not found, will not use a pak cache.
[2015.03.19-04.39.01:754][  0]LogDerivedDataCache: Unable to find inner node EnginePak for hierarchical cache Hierarchy.
[2015.03.19-04.39.01:766][  0]LogDerivedDataCache: Using Local data cache path ../../../Engine/DerivedDataCache: Writable
[2015.03.19-04.39.01:766][  0]LogDerivedDataCache: Shared data cache path not found in *engine.ini, will not use an Shared cache.
[2015.03.19-04.39.01:766][  0]LogDerivedDataCache: Unable to find inner node Shared for hierarchical cache Hierarchy.
[2015.03.19-04.39.02:022][  0]LogMeshUtilities: No automatic mesh reduction module available
[2015.03.19-04.39.02:022][  0]LogMeshUtilities: No automatic mesh merging module available
[2015.03.19-04.39.02:364][  0]LogInit: WinSock: version 1.1 (2.2), MaxSocks=32767, MaxUdp=65467
[2015.03.19-04.39.02:429][  0]LogSlate:Warning: Failed to load font data from '../../../Engine/Content/Slate/Fonts/Roboto-Italic.ttf'
[2015.03.19-04.39.03:087][  0]UdpMessaging: Initializing bridge on interface 0.0.0.0:0 to multicast group 230.0.0.1:6666.
[2015.03.19-04.39.03:153][  0]LogCoherentUI: CoherentUI plugin initialized!
[2015.03.19-04.39.03:213][  0]LogTemp:Warning: BlankInputDevicePlugin initiated!
[2015.03.19-04.39.03:229][  0]LogTemp:Warning: Chai3DPlugin initiated!





[2015.03.19-04.39.03:297][  0]SourceControl: Info Source control is disabled
[2015.03.19-04.39.03:297][  0]SourceControl: Info Source control is disabled
[2015.03.19-04.39.03:297][  0]SourceControl: Info Source control is disabled
[2015.03.19-04.39.03:297][  0]LogSourceControl: RunCommandInternalRaw: 'git version'
[2015.03.19-04.39.03:298][  0]LogSourceControl: RunCommandInternalRaw: ExecProcess ReturnCode=2 OutResults=''
[2015.03.19-04.39.03:305][  0]SourceControl: Info Source control is disabled
[2015.03.19-04.39.03:522][  0]LogCoherentUIEditor: Coherent UI Editor plugin initialized!
[2015.03.19-04.39.03:551][  0]LogObj: 24725 objects as part of root set at end of initial load.
[2015.03.19-04.39.03:551][  0]LogUObjectAllocator: 5310928 out of 0 bytes used by permanent object pool.
[2015.03.19-04.39.03:625][  0]LogEngine: Initializing Engine...
[2015.03.19-04.39.05:776][  0]LogInit: XAudio2 using 'Speakers (High Definition Audio Device)' : 2 channels at 44.1 kHz using 16 bits per sample (channel mask 0x3)
[2015.03.19-04.39.05:783][  0]LogInit: FAudioDevice initialized.
[2015.03.19-04.39.05:814][  0]LogAIModule: Creating AISystem for world NewWorld
[2015.03.19-04.39.05:831][  0]LogDerivedDataCache: Saved boot cache 0.02s 40MB ../../../../Unreal Projects/Karaage/Editor/DerivedDataCache/Boot.ddc.
[2015.03.19-04.39.05:836][  0]LogInit: Texture streaming: Enabled
[2015.03.19-04.39.05:865][  0]LogAnalytics: Creating configured Analytics provider AnalyticsET
[2015.03.19-04.39.05:865][  0]LogAnalytics: ET APIKey = UnrealEngine.Release. APIServer = http://etsource.epicgames.com/ET2/. AppVersion = 4.7.1-0+++depot+UE4-Releases+4.7
[2015.03.19-04.39.05:865][  0]LogAnalytics: SetUserId df7e18ac4face5c1a4653aaf6d2584dc|2ed71ecbfc7f45179b9f57239c0b84a9|14c1e869-eef3-48db-bcdf-4018b2e6672e
[2015.03.19-04.39.05:866][  0]LogAnalytics: AnalyticsET::StartSession [UnrealEngine.Release]
[2015.03.19-04.39.05:884][  0]LogInit: Transaction tracking system initialized
[2015.03.19-04.39.05:984][  0]BlueprintLog: New page: Editor Load
[2015.03.19-04.39.06:015][  0]LogAssetRegistry: FAssetRegistry took 0.0112 seconds to start up
[2015.03.19-04.39.06:015][  0]LogDirectoryWatcher:Warning: Failed to begin reading directory changes for ../../../Engine/Plugins/Experimental/CharacterAI/Content/. Error: 0
[2015.03.19-04.39.06:470][  0]LogTargetPlatformManager:Display: Building Assets For Windows
[2015.03.19-04.39.06:772][  0]LogTargetPlatformManager:Display: Building Assets For Windows
[2015.03.19-04.39.06:970][  0]LogSlate:Warning: Failed to load font data from '../../../Engine/Content/Editor/Slate/Fonts/Roboto-Regular.ttf'
[2015.03.19-04.39.06:970][  0]LogSlate:Warning: Failed to load font data from '../../../Engine/Content/Editor/Slate/Fonts/Roboto-Bold.ttf'
[2015.03.19-04.39.06:975][  0]LogConsoleResponse:Display: 
[2015.03.19-04.39.07:093][  0]LogCook:Display: Done creating registry. It took  0.00s.
[2015.03.19-04.39.07:200][  0]SourceControl: Info Source control is disabled
[2015.03.19-04.39.07:200][  0]Cmd: MAP LOAD FILE="../../../../Unreal Projects/Karaage/Editor/Content/StarterContent/PrototypingMap.umap" TEMPLATE=0 SHOWPROGRESS=1 FEATURELEVEL=3
[2015.03.19-04.39.07:200][  0]LightingResults: New page: Lighting Build
[2015.03.19-04.39.07:210][  0]MapCheck: New page: Map Check
[2015.03.19-04.39.07:210][  0]LightingResults: New page: Lighting Build
[2015.03.19-04.39.07:216][  0]LogParticles: Destroying 0 GPU particle simulations for FXSystem 0x000000467DF46AC0
[2015.03.19-04.39.09:001][  0]LogEditorServer: Finished looking for orphan Actors (0.000 secs)
[2015.03.19-04.39.09:001][  0]LogAIModule: Creating AISystem for world PrototypingMap
[2015.03.19-04.39.09:002][  0]Cmd: MAP CHECKDEP
[2015.03.19-04.39.09:002][  0]MapCheck: New page: PrototypingMap - Mar 18, 2015, 2:39:09 PM
[2015.03.19-04.39.09:124][  0]MapCheck:Warning: Warning StaticMesh4 StaticMeshComponent /Game/StarterContent/PrototypingMap.PrototypingMap:PersistentLevel.Blueprint_Axes_C_0.StaticMesh4 : Externally referenced 
[2015.03.19-04.39.09:124][  0]MapCheck:Warning: Warning StaticMesh6 StaticMeshComponent /Game/StarterContent/PrototypingMap.PrototypingMap:PersistentLevel.Blueprint_Axes_C_0.StaticMesh6 : Externally referenced 
[2015.03.19-04.39.09:124][  0]MapCheck:Warning: Warning StaticMesh1 StaticMeshComponent /Game/StarterContent/PrototypingMap.PrototypingMap:PersistentLevel.Blueprint_Axes_C_0.StaticMesh1 : Externally referenced 
[2015.03.19-04.39.09:124][  0]MapCheck:Warning: Warning StaticMesh2 StaticMeshComponent /Game/StarterContent/PrototypingMap.PrototypingMap:PersistentLevel.Blueprint_Axes_C_0.StaticMesh2 : Externally referenced 
[2015.03.19-04.39.09:124][  0]MapCheck:Warning: Warning StaticMesh3 StaticMeshComponent /Game/StarterContent/PrototypingMap.PrototypingMap:PersistentLevel.Blueprint_Axes_C_0.StaticMesh3 : Externally referenced 
[2015.03.19-04.39.09:125][  0]MapCheck:Warning: Warning StaticMesh5 StaticMeshComponent /Game/StarterContent/PrototypingMap.PrototypingMap:PersistentLevel.Blueprint_Axes_C_0.StaticMesh5 : Externally referenced 
[2015.03.19-04.39.09:125][  0]MapCheck:Warning: Warning StaticMesh1 StaticMeshComponent /Game/StarterContent/PrototypingMap.PrototypingMap:PersistentLevel.Blueprint_Axes_C_0.StaticMesh1 : Externally referenced 
[2015.03.19-04.39.09:125][  0]MapCheck:Warning: Warning StaticMesh5 StaticMeshComponent /Game/StarterContent/PrototypingMap.PrototypingMap:PersistentLevel.Blueprint_Axes_C_0.StaticMesh5 : Externally referenced 
[2015.03.19-04.39.09:125][  0]MapCheck:Warning: Warning StaticMesh6 StaticMeshComponent /Game/StarterContent/PrototypingMap.PrototypingMap:PersistentLevel.Blueprint_Axes_C_0.StaticMesh6 : Externally referenced 
[2015.03.19-04.39.09:125][  0]MapCheck:Warning: Warning StaticMesh2 StaticMeshComponent /Game/StarterContent/PrototypingMap.PrototypingMap:PersistentLevel.Blueprint_Axes_C_0.StaticMesh2 : Externally referenced 
[2015.03.19-04.39.09:125][  0]MapCheck:Warning: Warning StaticMesh3 StaticMeshComponent /Game/StarterContent/PrototypingMap.PrototypingMap:PersistentLevel.Blueprint_Axes_C_0.StaticMesh3 : Externally referenced 
[2015.03.19-04.39.09:125][  0]MapCheck:Warning: Warning StaticMesh4 StaticMeshComponent /Game/StarterContent/PrototypingMap.PrototypingMap:PersistentLevel.Blueprint_Axes_C_0.StaticMesh4 : Externally referenced 
[2015.03.19-04.39.09:125][  0]MapCheck:Warning: Warning StaticMeshComponent0 StaticMeshComponent /Game/StarterContent/PrototypingMap.PrototypingMap:PersistentLevel.SM_Template_Map_Floor_7.StaticMeshComponent0 : Externally referenced 
[2015.03.19-04.39.09:125][  0]MapCheck:Warning: Warning ModelComponent_0 ModelComponent /Game/StarterContent/PrototypingMap.PrototypingMap:PersistentLevel.ModelComponent_0 : Externally referenced 
[2015.03.19-04.39.09:125][  0]MapCheck:Warning: Warning ModelComponent_1 ModelComponent /Game/StarterContent/PrototypingMap.PrototypingMap:PersistentLevel.ModelComponent_1 : Externally referenced 
[2015.03.19-04.39.09:125][  0]MapCheck:Warning: Warning ModelComponent_2 ModelComponent /Game/StarterContent/PrototypingMap.PrototypingMap:PersistentLevel.ModelComponent_2 : Externally referenced 
[2015.03.19-04.39.09:126][  0]MapCheck:Warning: Warning ModelComponent_3 ModelComponent /Game/StarterContent/PrototypingMap.PrototypingMap:PersistentLevel.ModelComponent_3 : Externally referenced 
[2015.03.19-04.39.09:126][  0]MapCheck:Warning: Warning Model_3 Model /Game/StarterContent/PrototypingMap.PrototypingMap:PersistentLevel.Model_3 : Externally referenced 
[2015.03.19-04.39.09:126][  0]MapCheck:Warning: Warning Polys_82 Polys /Game/StarterContent/PrototypingMap.PrototypingMap:PersistentLevel.BoxBrush.Model_18.Polys_82 : Externally referenced 
[2015.03.19-04.39.09:126][  0]MapCheck:Warning: Warning Polys_123 Polys /Game/StarterContent/PrototypingMap.PrototypingMap:PersistentLevel.BoxBrush2.Model_18.Polys_123 : Externally referenced 
[2015.03.19-04.39.09:126][  0]MapCheck:Warning: Warning Polys_145 Polys /Game/StarterContent/PrototypingMap.PrototypingMap:PersistentLevel.BoxBrush3.Model_19.Polys_145 : Externally referenced 
[2015.03.19-04.39.09:126][  0]MapCheck:Warning: Warning Polys_198 Polys /Game/StarterContent/PrototypingMap.PrototypingMap:PersistentLevel.BoxBrush4.Model_19.Polys_198 : Externally referenced 
[2015.03.19-04.39.09:126][  0]MapCheck:Warning: Warning StaticMeshComponent0 StaticMeshComponent /Game/StarterContent/PrototypingMap.PrototypingMap:PersistentLevel.Cursor.StaticMeshComponent0 : Externally referenced 
[2015.03.19-04.39.09:126][  0]MapCheck: Info Map check complete: 0 Error(s), 23 Warning(s), took 124.523ms to complete.
[2015.03.19-04.39.09:131][  0]LogFileHelpers: Loading map 'PrototypingMap' took 1.932
[2015.03.19-04.39.09:209][  0]LogCollectionManager: Loaded 0 collections in 0.001089 seconds
[2015.03.19-04.39.09:218][  0]LogContentBrowser: Native class hierarchy populated in 0.0086 seconds. Added 1710 classes and 263 folders.
[2015.03.19-04.39.09:285][  0]LogContentBrowser: Native class hierarchy updated for 'SceneOutliner' in 0.0030 seconds. Added 1 classes and 2 folders.
[2015.03.19-04.39.09:313][  0]LogCoherentUIEditor: Starting Extension logic
[2015.03.19-04.39.09:333][  0]LogCrashTracker: Crashtracker disabled due to settings.
[2015.03.19-04.39.09:335][  0]LogSlate:Warning: Failed to load font data from 'Veranda'
[2015.03.19-04.39.09:368][  0]LogLoad: Full Startup: 12.45 seconds (BP compile: 0.66 seconds)
[2015.03.19-04.39.09:376][  0]LogTemp:Warning: Created new input device!





[2015.03.19-04.39.09:380][  0]LogTemp:Warning: Created new input device!
[2015.03.19-04.39.09:380][  0]LogTemp:Warning: Sending analog controller event!
[2015.03.19-04.39.09:380][  0]LogTemp:Warning: Sending dummy analog controller event!
[2015.03.19-04.39.09:405][  0]LogContentBrowser:Verbose: The content browser source was changed by the sources view to '/Game/StarterContent/Blueprints'
[2015.03.19-04.39.09:577][  0]LogRenderer:Warning: Reallocating scene render targets to support 960x584 (Frame:2).
[2015.03.19-04.39.09:718][  1]LogTemp:Warning: Sending analog controller event!
[2015.03.19-04.39.09:718][  1]LogTemp:Warning: Sending dummy analog controller event!
[2015.03.19-04.39.09:781][  2]LogTemp:Warning: Sending analog controller event!
[2015.03.19-04.39.09:781][  2]LogTemp:Warning: Sending dummy analog controller event!
[2015.03.19-04.39.09:833][  3]LogTemp:Warning: Sending analog controller event!
[2015.03.19-04.39.09:833][  3]LogTemp:Warning: Sending dummy analog controller event!
[2015.03.19-04.39.09:859][  4]LogTemp:Warning: Sending analog controller event!
[2015.03.19-04.39.09:859][  4]LogTemp:Warning: Sending dummy analog controller event!
[2015.03.19-04.39.09:863][  4]LogAssetRegistry: Asset discovery search completed in 3.8603 seconds
[2015.03.19-04.39.09:890][  5]LogTemp:Warning: Sending analog controller event!
[2015.03.19-04.39.09:891][  5]LogTemp:Warning: Sending dummy analog controller event!
[2015.03.19-04.39.09:907][  6]LogTemp:Warning: Sending analog controller event!
[2015.03.19-04.39.09:907][  6]LogTemp:Warning: Sending dummy analog controller event!
[2015.03.19-04.39.09:924][  7]LogTemp:Warning: Sending analog controller event!
[2015.03.19-04.39.09:925][  7]LogTemp:Warning: Sending dummy analog controller event!
[2015.03.19-04.39.09:940][  8]LogTemp:Warning: Sending analog controller event!
[2015.03.19-04.39.09:940][  8]LogTemp:Warning: Sending dummy analog controller event!
[2015.03.19-04.39.09:958][  9]LogTemp:Warning: Sending analog controller event!
[2015.03.19-04.39.09:958][  9]LogTemp:Warning: Sending dummy analog controller event!
[2015.03.19-04.39.09:974][ 10]LogTemp:Warning: Sending analog controller event!
[2015.03.19-04.39.09:974][ 10]LogTemp:Warning: Sending dummy analog controller event!
[2015.03.19-04.39.09:989][ 11]LogTemp:Warning: Sending analog controller event!
[2015.03.19-04.39.09:989][ 11]LogTemp:Warning: Sending dummy analog controller event!
[2015.03.19-04.39.10:002][ 12]LogTemp:Warning: Sending analog controller event!
[2015.03.19-04.39.10:002][ 12]LogTemp:Warning: Sending dummy analog controller event!
[2015.03.19-04.39.10:018][ 13]LogTemp:Warning: Sending analog controller event!
[2015.03.19-04.39.10:018][ 13]LogTemp:Warning: Sending dummy analog controller event!
[2015.03.19-04.39.10:037][ 14]LogTemp:Warning: Sending analog controller event!
[2015.03.19-04.39.10:037][ 14]LogTemp:Warning: Sending dummy analog controller event!
[2015.03.19-04.39.10:050][ 15]LogTemp:Warning: Sending analog controller event!
[2015.03.19-04.39.10:050][ 15]LogTemp:Warning: Sending dummy analog controller event!
[2015.03.19-04.39.10:068][ 16]LogTemp:Warning: Sending analog controller event!
[2015.03.19-04.39.10:068][ 16]LogTemp:Warning: Sending dummy analog controller event!
[2015.03.19-04.39.10:082][ 17]LogTemp:Warning: Sending analog controller event!
[2015.03.19-04.39.10:083][ 17]LogTemp:Warning: Sending dummy analog controller event!
[2015.03.19-04.39.10:102][ 18]LogTemp:Warning: Sending analog controller event!
[2015.03.19-04.39.10:102][ 18]LogTemp:Warning: Sending dummy analog controller event!
[2015.03.19-04.39.10:121][ 19]LogTemp:Warning: Sending analog controller event!
[2015.03.19-04.39.10:121][ 19]LogTemp:Warning: Sending dummy analog controller event!
[2015.03.19-04.39.10:139][ 20]LogTemp:Warning: Sending analog controller event!
[2015.03.19-04.39.10:139][ 20]LogTemp:Warning: Sending dummy analog controller event!
[2015.03.19-04.39.10:156][ 21]LogTemp:Warning: Sending analog controller event!
[2015.03.19-04.39.10:156][ 21]LogTemp:Warning: Sending dummy analog controller event!
[2015.03.19-04.39.10:174][ 22]LogTemp:Warning: Sending analog controller event!
[2015.03.19-04.39.10:174][ 22]LogTemp:Warning: Sending dummy analog controller event!
[2015.03.19-04.39.10:191][ 23]LogTemp:Warning: Sending analog controller event!
[2015.03.19-04.39.10:191][ 23]LogTemp:Warning: Sending dummy analog controller event!
[2015.03.19-04.39.10:207][ 24]LogTemp:Warning: Sending analog controller event!
[2015.03.19-04.39.10:208][ 24]LogTemp:Warning: Sending dummy analog controller event!
[2015.03.19-04.39.10:225][ 25]LogTemp:Warning: Sending analog controller event!
[2015.03.19-04.39.10:225][ 25]LogTemp:Warning: Sending dummy analog controller event!
[2015.03.19-04.39.10:242][ 26]LogTemp:Warning: Sending analog controller event!
[2015.03.19-04.39.10:242][ 26]LogTemp:Warning: Sending dummy analog controller event!
[2015.03.19-04.39.10:258][ 27]LogTemp:Warning: Sending analog controller event!
[2015.03.19-04.39.10:258][ 27]LogTemp:Warning: Sending dummy analog controller event!
[2015.03.19-04.39.10:276][ 28]LogTemp:Warning: Sending analog controller event!
[2015.03.19-04.39.10:276][ 28]LogTemp:Warning: Sending dummy analog controller event!
[2015.03.19-04.39.10:292][ 29]LogTemp:Warning: Sending analog controller event!
[2015.03.19-04.39.10:293][ 29]LogTemp:Warning: Sending dummy analog controller event!
[2015.03.19-04.39.10:309][ 30]LogTemp:Warning: Sending analog controller event!
[2015.03.19-04.39.10:309][ 30]LogTemp:Warning: Sending dummy analog controller event!
[2015.03.19-04.39.10:325][ 31]LogTemp:Warning: Sending analog controller event!
[2015.03.19-04.39.10:325][ 31]LogTemp:Warning: Sending dummy analog controller event!
[2015.03.19-04.39.10:342][ 32]LogTemp:Warning: Sending analog controller event!
[2015.03.19-04.39.10:342][ 32]LogTemp:Warning: Sending dummy analog controller event!
[2015.03.19-04.39.10:358][ 33]LogTemp:Warning: Sending analog controller event!
[2015.03.19-04.39.10:358][ 33]LogTemp:Warning: Sending dummy analog controller event!
[2015.03.19-04.39.10:375][ 34]LogTemp:Warning: Sending analog controller event!
[2015.03.19-04.39.10:375][ 34]LogTemp:Warning: Sending dummy analog controller event!
[2015.03.19-04.39.10:404][ 35]LogTemp:Warning: Sending analog controller event!
[2015.03.19-04.39.10:404][ 35]LogTemp:Warning: Sending dummy analog controller event!
[2015.03.19-04.39.10:413][ 36]LogTemp:Warning: Sending analog controller event!
[2015.03.19-04.39.10:413][ 36]LogTemp:Warning: Sending dummy analog controller event!
[2015.03.19-04.39.10:429][ 37]LogTemp:Warning: Sending analog controller event!
[2015.03.19-04.39.10:430][ 37]LogTemp:Warning: Sending dummy analog controller event!
[2015.03.19-04.39.10:447][ 38]LogTemp:Warning: Sending analog controller event!
[2015.03.19-04.39.10:447][ 38]LogTemp:Warning: Sending dummy analog controller event!
[2015.03.19-04.39.10:464][ 39]LogTemp:Warning: Sending analog controller event!
[2015.03.19-04.39.10:465][ 39]LogTemp:Warning: Sending dummy analog controller event!
[2015.03.19-04.39.10:482][ 40]LogTemp:Warning: Sending analog controller event!
[2015.03.19-04.39.10:482][ 40]LogTemp:Warning: Sending dummy analog controller event!
[2015.03.19-04.39.10:499][ 41]LogTemp:Warning: Sending analog controller event!
[2015.03.19-04.39.10:500][ 41]LogTemp:Warning: Sending dummy analog controller event!
[2015.03.19-04.39.10:517][ 42]LogTemp:Warning: Sending analog controller event!
[2015.03.19-04.39.10:517][ 42]LogTemp:Warning: Sending dummy analog controller event!
[2015.03.19-04.39.10:535][ 43]LogTemp:Warning: Sending analog controller event!
[2015.03.19-04.39.10:535][ 43]LogTemp:Warning: Sending dummy analog controller event!
[2015.03.19-04.39.10:553][ 44]LogTemp:Warning: Sending analog controller event!
[2015.03.19-04.39.10:553][ 44]LogTemp:Warning: Sending dummy analog controller event!
[2015.03.19-04.39.10:571][ 45]LogTemp:Warning: Sending analog controller event!
[2015.03.19-04.39.10:571][ 45]LogTemp:Warning: Sending dummy analog controller event!
[2015.03.19-04.39.10:588][ 46]LogTemp:Warning: Sending analog controller event!
[2015.03.19-04.39.10:588][ 46]LogTemp:Warning: Sending dummy analog controller event!
[2015.03.19-04.39.10:605][ 47]LogTemp:Warning: Sending analog controller event!
[2015.03.19-04.39.10:605][ 47]LogTemp:Warning: Sending dummy analog controller event!
[2015.03.19-04.39.10:622][ 48]LogTemp:Warning: Sending analog controller event!
[2015.03.19-04.39.10:622][ 48]LogTemp:Warning: Sending dummy analog controller event!
[2015.03.19-04.39.10:639][ 49]LogTemp:Warning: Sending analog controller event!
[2015.03.19-04.39.10:639][ 49]LogTemp:Warning: Sending dummy analog controller event!
[2015.03.19-04.39.10:655][ 50]LogTemp:Warning: Sending analog controller event!
[2015.03.19-04.39.10:655][ 50]LogTemp:Warning: Sending dummy analog controller event!
[2015.03.19-04.39.10:673][ 51]LogTemp:Warning: Sending analog controller event!
[2015.03.19-04.39.10:673][ 51]LogTemp:Warning: Sending dummy analog controller event!
[2015.03.19-04.39.10:689][ 52]LogTemp:Warning: Sending analog controller event!
[2015.03.19-04.39.10:690][ 52]LogTemp:Warning: Sending dummy analog controller event!
[2015.03.19-04.39.10:706][ 53]LogTemp:Warning: Sending analog controller event!
[2015.03.19-04.39.10:706][ 53]LogTemp:Warning: Sending dummy analog controller event!
[2015.03.19-04.39.10:722][ 54]LogTemp:Warning: Sending analog controller event!
[2015.03.19-04.39.10:722][ 54]LogTemp:Warning: Sending dummy analog controller event!
[2015.03.19-04.39.10:739][ 55]LogTemp:Warning: Sending analog controller event!
[2015.03.19-04.39.10:739][ 55]LogTemp:Warning: Sending dummy analog controller event!
[2015.03.19-04.39.10:755][ 56]LogTemp:Warning: Sending analog controller event!
[2015.03.19-04.39.10:756][ 56]LogTemp:Warning: Sending dummy analog controller event!
[2015.03.19-04.39.10:772][ 57]LogTemp:Warning: Sending analog controller event!
[2015.03.19-04.39.10:772][ 57]LogTemp:Warning: Sending dummy analog controller event!
[2015.03.19-04.39.10:789][ 58]LogTemp:Warning: Sending analog controller event!
[2015.03.19-04.39.10:789][ 58]LogTemp:Warning: Sending dummy analog controller event!
[2015.03.19-04.39.10:806][ 59]LogTemp:Warning: Sending analog controller event!
[2015.03.19-04.39.10:807][ 59]LogTemp:Warning: Sending dummy analog controller event!
[2015.03.19-04.39.10:823][ 60]LogTemp:Warning: Sending analog controller event!
[2015.03.19-04.39.10:824][ 60]LogTemp:Warning: Sending dummy analog controller event!
[2015.03.19-04.39.10:840][ 61]LogTemp:Warning: Sending analog controller event!
[2015.03.19-04.39.10:840][ 61]LogTemp:Warning: Sending dummy analog controller event!
[2015.03.19-04.39.10:856][ 62]LogTemp:Warning: Sending analog controller event!
[2015.03.19-04.39.10:856][ 62]LogTemp:Warning: Sending dummy analog controller event!
[2015.03.19-04.39.10:872][ 63]LogTemp:Warning: Sending analog controller event!
[2015.03.19-04.39.10:873][ 63]LogTemp:Warning: Sending dummy analog controller event!
[2015.03.19-04.39.10:889][ 64]LogTemp:Warning: Sending analog controller event!
[2015.03.19-04.39.10:889][ 64]LogTemp:Warning: Sending dummy analog controller event!
[2015.03.19-04.39.10:906][ 65]LogTemp:Warning: Sending analog controller event!
[2015.03.19-04.39.10:906][ 65]LogTemp:Warning: Sending dummy analog controller event!
[2015.03.19-04.39.10:923][ 66]LogTemp:Warning: Sending analog controller event!
[2015.03.19-04.39.10:924][ 66]LogTemp:Warning: Sending dummy analog controller event!
[2015.03.19-04.39.10:940][ 67]LogTemp:Warning: Sending analog controller event!
[2015.03.19-04.39.10:940][ 67]LogTemp:Warning: Sending dummy analog controller event!
[2015.03.19-04.39.10:956][ 68]LogTemp:Warning: Sending analog controller event!
[2015.03.19-04.39.10:956][ 68]LogTemp:Warning: Sending dummy analog controller event!
[2015.03.19-04.39.10:972][ 69]LogTemp:Warning: Sending analog controller event!
[2015.03.19-04.39.10:972][ 69]LogTemp:Warning: Sending dummy analog controller event!
[2015.03.19-04.39.10:989][ 70]LogTemp:Warning: Sending analog controller event!
[2015.03.19-04.39.10:989][ 70]LogTemp:Warning: Sending dummy analog controller event!
[2015.03.19-04.39.11:006][ 71]LogTemp:Warning: Sending analog controller event!
[2015.03.19-04.39.11:006][ 71]LogTemp:Warning: Sending dummy analog controller event!
[2015.03.19-04.39.11:022][ 72]LogTemp:Warning: Sending analog controller event!
[2015.03.19-04.39.11:022][ 72]LogTemp:Warning: Sending dummy analog controller event!
[2015.03.19-04.39.11:039][ 73]LogTemp:Warning: Sending analog controller event!
[2015.03.19-04.39.11:039][ 73]LogTemp:Warning: Sending dummy analog controller event!
[2015.03.19-04.39.11:056][ 74]LogTemp:Warning: Sending analog controller event!
[2015.03.19-04.39.11:056][ 74]LogTemp:Warning: Sending dummy analog controller event!
[2015.03.19-04.39.11:072][ 75]LogTemp:Warning: Sending analog controller event!
[2015.03.19-04.39.11:072][ 75]LogTemp:Warning: Sending dummy analog controller event!
[2015.03.19-04.39.11:089][ 76]LogTemp:Warning: Sending analog controller event!
[2015.03.19-04.39.11:089][ 76]LogTemp:Warning: Sending dummy analog controller event!
[2015.03.19-04.39.11:106][ 77]LogTemp:Warning: Sending analog controller event!
[2015.03.19-04.39.11:106][ 77]LogTemp:Warning: Sending dummy analog controller event!
[2015.03.19-04.39.11:122][ 78]LogTemp:Warning: Sending analog controller event!
[2015.03.19-04.39.11:122][ 78]LogTemp:Warning: Sending dummy analog controller event!
[2015.03.19-04.39.11:139][ 79]LogTemp:Warning: Sending analog controller event!
[2015.03.19-04.39.11:139][ 79]LogTemp:Warning: Sending dummy analog controller event!
[2015.03.19-04.39.11:156][ 80]LogTemp:Warning: Sending analog controller event!
[2015.03.19-04.39.11:156][ 80]LogTemp:Warning: Sending dummy analog controller event!
[2015.03.19-04.39.11:172][ 81]LogTemp:Warning: Sending analog controller event!
[2015.03.19-04.39.11:172][ 81]LogTemp:Warning: Sending dummy analog controller event!
[2015.03.19-04.39.11:189][ 82]LogTemp:Warning: Sending analog controller event!
[2015.03.19-04.39.11:189][ 82]LogTemp:Warning: Sending dummy analog controller event!
[2015.03.19-04.39.11:206][ 83]LogTemp:Warning: Sending analog controller event!
[2015.03.19-04.39.11:206][ 83]LogTemp:Warning: Sending dummy analog controller event!
[2015.03.19-04.39.11:222][ 84]LogTemp:Warning: Sending analog controller event!
[2015.03.19-04.39.11:222][ 84]LogTemp:Warning: Sending dummy analog controller event!
[2015.03.19-04.39.11:252][ 85]LogTemp:Warning: Sending analog controller event!
[2015.03.19-04.39.11:252][ 85]LogTemp:Warning: Sending dummy analog controller event!
[2015.03.19-04.39.11:272][ 86]LogTemp:Warning: Sending analog controller event!
[2015.03.19-04.39.11:272][ 86]LogTemp:Warning: Sending dummy analog controller event!
[2015.03.19-04.39.11:294][ 87]LogTemp:Warning: Sending analog controller event!
[2015.03.19-04.39.11:294][ 87]LogTemp:Warning: Sending dummy analog controller event!
[2015.03.19-04.39.11:336][ 88]LogTemp:Warning: Sending analog controller event!
[2015.03.19-04.39.11:336][ 88]LogTemp:Warning: Sending dummy analog controller event!
[2015.03.19-04.39.11:346][ 89]LogTemp:Warning: Sending analog controller event!
[2015.03.19-04.39.11:346][ 89]LogTemp:Warning: Sending dummy analog controller event!
[2015.03.19-04.39.11:362][ 90]LogTemp:Warning: Sending analog controller event!
[2015.03.19-04.39.11:362][ 90]LogTemp:Warning: Sending dummy analog controller event!
[2015.03.19-04.39.11:380][ 91]LogTemp:Warning: Sending analog controller event!
[2015.03.19-04.39.11:380][ 91]LogTemp:Warning: Sending dummy analog controller event!
[2015.03.19-04.39.11:397][ 92]LogTemp:Warning: Sending analog controller event!
[2015.03.19-04.39.11:397][ 92]LogTemp:Warning: Sending dummy analog controller event!
[2015.03.19-04.39.11:415][ 93]LogTemp:Warning: Sending analog controller event!
[2015.03.19-04.39.11:415][ 93]LogTemp:Warning: Sending dummy analog controller event!
[2015.03.19-04.39.11:432][ 94]LogTemp:Warning: Sending analog controller event!
[2015.03.19-04.39.11:433][ 94]LogTemp:Warning: Sending dummy analog controller event!
[2015.03.19-04.39.11:450][ 95]LogTemp:Warning: Sending analog controller event!
[2015.03.19-04.39.11:450][ 95]LogTemp:Warning: Sending dummy analog controller event!
[2015.03.19-04.39.11:469][ 96]LogTemp:Warning: Sending analog controller event!
[2015.03.19-04.39.11:469][ 96]LogTemp:Warning: Sending dummy analog controller event!
[2015.03.19-04.39.11:486][ 97]LogTemp:Warning: Sending analog controller event!
[2015.03.19-04.39.11:487][ 97]LogTemp:Warning: Sending dummy analog controller event!
[2015.03.19-04.39.11:504][ 98]LogTemp:Warning: Sending analog controller event!
[2015.03.19-04.39.11:504][ 98]LogTemp:Warning: Sending dummy analog controller event!
[2015.03.19-04.39.11:522][ 99]LogTemp:Warning: Sending analog controller event!
[2015.03.19-04.39.11:522][ 99]LogTemp:Warning: Sending dummy analog controller event!
[2015.03.19-04.39.11:539][100]LogTemp:Warning: Sending analog controller event!
[2015.03.19-04.39.11:539][100]LogTemp:Warning: Sending dummy analog controller event!
[2015.03.19-04.39.11:557][101]LogTemp:Warning: Sending analog controller event!
[2015.03.19-04.39.11:557][101]LogTemp:Warning: Sending dummy analog controller event!
[2015.03.19-04.39.11:573][102]LogTemp:Warning: Sending analog controller event!
[2015.03.19-04.39.11:573][102]LogTemp:Warning: Sending dummy analog controller event!
[2015.03.19-04.39.11:589][103]LogTemp:Warning: Sending analog controller event!
[2015.03.19-04.39.11:590][103]LogTemp:Warning: Sending dummy analog controller event!
[2015.03.19-04.39.11:606][104]LogTemp:Warning: Sending analog controller event!
[2015.03.19-04.39.11:606][104]LogTemp:Warning: Sending dummy analog controller event!
[2015.03.19-04.39.11:623][105]LogTemp:Warning: Sending analog controller event!
[2015.03.19-04.39.11:623][105]LogTemp:Warning: Sending dummy analog controller event!
[2015.03.19-04.39.11:639][106]LogTemp:Warning: Sending analog controller event!
[2015.03.19-04.39.11:640][106]LogTemp:Warning: Sending dummy analog controller event!
[2015.03.19-04.39.11:656][107]LogTemp:Warning: Sending analog controller event!
[2015.03.19-04.39.11:656][107]LogTemp:Warning: Sending dummy analog controller event!
[2015.03.19-04.39.11:673][108]LogTemp:Warning: Sending analog controller event!
[2015.03.19-04.39.11:673][108]LogTemp:Warning: Sending dummy analog controller event!
[2015.03.19-04.39.11:690][109]LogTemp:Warning: Sending analog controller event!
[2015.03.19-04.39.11:690][109]LogTemp:Warning: Sending dummy analog controller event!
[2015.03.19-04.39.11:706][110]LogTemp:Warning: Sending analog controller event!
[2015.03.19-04.39.11:706][110]LogTemp:Warning: Sending dummy analog controller event!
[2015.03.19-04.39.11:723][111]LogTemp:Warning: Sending analog controller event!
[2015.03.19-04.39.11:723][111]LogTemp:Warning: Sending dummy analog controller event!
[2015.03.19-04.39.11:740][112]LogTemp:Warning: Sending analog controller event!
[2015.03.19-04.39.11:740][112]LogTemp:Warning: Sending dummy analog controller event!
[2015.03.19-04.39.11:756][113]LogTemp:Warning: Sending analog controller event!
[2015.03.19-04.39.11:756][113]LogTemp:Warning: Sending dummy analog controller event!
[2015.03.19-04.39.11:773][114]LogTemp:Warning: Sending analog controller event!
[2015.03.19-04.39.11:773][114]LogTemp:Warning: Sending dummy analog controller event!
[2015.03.19-04.39.11:789][115]LogTemp:Warning: Sending analog controller event!
[2015.03.19-04.39.11:789][115]LogTemp:Warning: Sending dummy analog controller event!
[2015.03.19-04.39.11:806][116]LogTemp:Warning: Sending analog controller event!
[2015.03.19-04.39.11:806][116]LogTemp:Warning: Sending dummy analog controller event!
[2015.03.19-04.39.11:823][117]LogTemp:Warning: Sending analog controller event!
[2015.03.19-04.39.11:823][117]LogTemp:Warning: Sending dummy analog controller event!
[2015.03.19-04.39.11:839][118]LogTemp:Warning: Sending analog controller event!
[2015.03.19-04.39.11:839][118]LogTemp:Warning: Sending dummy analog controller event!
[2015.03.19-04.39.11:856][119]LogTemp:Warning: Sending analog controller event!
[2015.03.19-04.39.11:856][119]LogTemp:Warning: Sending dummy analog controller event!
[2015.03.19-04.39.11:873][120]LogTemp:Warning: Sending analog controller event!
[2015.03.19-04.39.11:873][120]LogTemp:Warning: Sending dummy analog controller event!
[2015.03.19-04.39.11:890][121]LogTemp:Warning: Sending analog controller event!
[2015.03.19-04.39.11:890][121]LogTemp:Warning: Sending dummy analog controller event!
[2015.03.19-04.39.11:906][122]LogTemp:Warning: Sending analog controller event!
[2015.03.19-04.39.11:906][122]LogTemp:Warning: Sending dummy analog controller event!
[2015.03.19-04.39.11:923][123]LogTemp:Warning: Sending analog controller event!
[2015.03.19-04.39.11:923][123]LogTemp:Warning: Sending dummy analog controller event!
[2015.03.19-04.39.11:940][124]LogTemp:Warning: Sending analog controller event!
[2015.03.19-04.39.11:940][124]LogTemp:Warning: Sending dummy analog controller event!
[2015.03.19-04.39.11:956][125]LogTemp:Warning: Sending analog controller event!
[2015.03.19-04.39.11:956][125]LogTemp:Warning: Sending dummy analog controller event!
[2015.03.19-04.39.11:973][126]LogTemp:Warning: Sending analog controller event!
[2015.03.19-04.39.11:973][126]LogTemp:Warning: Sending dummy analog controller event!
[2015.03.19-04.39.11:989][127]LogTemp:Warning: Sending analog controller event!
[2015.03.19-04.39.11:989][127]LogTemp:Warning: Sending dummy analog controller event!
[2015.03.19-04.39.12:006][128]LogTemp:Warning: Sending analog controller event!
[2015.03.19-04.39.12:006][128]LogTemp:Warning: Sending dummy analog controller event!
[2015.03.19-04.39.12:023][129]LogTemp:Warning: Sending analog controller event!
[2015.03.19-04.39.12:023][129]LogTemp:Warning: Sending dummy analog controller event!
[2015.03.19-04.39.12:039][130]LogTemp:Warning: Sending analog controller event!
[2015.03.19-04.39.12:039][130]LogTemp:Warning: Sending dummy analog controller event!
[2015.03.19-04.39.12:056][131]LogTemp:Warning: Sending analog controller event!
[2015.03.19-04.39.12:056][131]LogTemp:Warning: Sending dummy analog controller event!
[2015.03.19-04.39.12:073][132]LogTemp:Warning: Sending analog controller event!
[2015.03.19-04.39.12:073][132]LogTemp:Warning: Sending dummy analog controller event!
[2015.03.19-04.39.12:089][133]LogTemp:Warning: Sending analog controller event!
[2015.03.19-04.39.12:089][133]LogTemp:Warning: Sending dummy analog controller event!
[2015.03.19-04.39.12:106][134]LogTemp:Warning: Sending analog controller event!
[2015.03.19-04.39.12:106][134]LogTemp:Warning: Sending dummy analog controller event!
[2015.03.19-04.39.12:123][135]LogTemp:Warning: Sending analog controller event!
[2015.03.19-04.39.12:123][135]LogTemp:Warning: Sending dummy analog controller event!
[2015.03.19-04.39.12:133][136]LogTemp:Warning: Sending analog controller event!
[2015.03.19-04.39.12:133][136]LogTemp:Warning: Sending dummy analog controller event!
[2015.03.19-04.39.12:141][137]LogTemp:Warning: Sending analog controller event!
[2015.03.19-04.39.12:142][137]LogTemp:Warning: Sending dummy analog controller event!
[2015.03.19-04.39.12:150][138]LogTemp:Warning: Sending analog controller event!
[2015.03.19-04.39.12:150][138]LogTemp:Warning: Sending dummy analog controller event!
[2015.03.19-04.39.12:158][139]LogTemp:Warning: Sending analog controller event!
[2015.03.19-04.39.12:158][139]LogTemp:Warning: Sending dummy analog controller event!
[2015.03.19-04.39.12:166][140]LogTemp:Warning: Sending analog controller event!
[2015.03.19-04.39.12:167][140]LogTemp:Warning: Sending dummy analog controller event!
[2015.03.19-04.39.12:175][141]LogTemp:Warning: Sending analog controller event!
[2015.03.19-04.39.12:175][141]LogTemp:Warning: Sending dummy analog controller event!
[2015.03.19-04.39.12:183][142]LogTemp:Warning: Sending analog controller event!
[2015.03.19-04.39.12:183][142]LogTemp:Warning: Sending dummy analog controller event!
[2015.03.19-04.39.12:191][143]LogTemp:Warning: Sending analog controller event!
[2015.03.19-04.39.12:191][143]LogTemp:Warning: Sending dummy analog controller event!
[2015.03.19-04.39.12:774][144]LogTemp:Warning: Sending analog controller event!
[2015.03.19-04.39.12:774][144]LogTemp:Warning: Sending dummy analog controller event!
[2015.03.19-04.39.12:774][145]Cmd: QUIT_EDITOR
[2015.03.19-04.39.13:252][145]LogExit: Preparing to exit.
[2015.03.19-04.39.14:138][145]LogExit: Editor shut down
[2015.03.19-04.39.14:138][145]LogExit: Transaction tracking system shut down
[2015.03.19-04.39.14:139][145]LogParticles: Destroying 0 GPU particle simulations for FXSystem 0x00000046776A8FE0
[2015.03.19-04.39.14:140][145]LogParticles: Destroying 0 GPU particle simulations for FXSystem 0x0000004605980A40
[2015.03.19-04.39.14:140][145]LogParticles: Destroying 0 GPU particle simulations for FXSystem 0x00000046087568E0
[2015.03.19-04.39.14:200][145]LogExit: Object subsystem successfully closed.
[2015.03.19-04.39.14:247][145]LogModuleManager: Shutting down and abandoning module CrashTracker (177)
[2015.03.19-04.39.14:247][145]LogModuleManager: Shutting down and abandoning module SuperSearch (176)
[2015.03.19-04.39.14:247][145]LogModuleManager: Shutting down and abandoning module SceneOutliner (175)
[2015.03.19-04.39.14:247][145]LogModuleManager: Shutting down and abandoning module EditorWidgets (174)
[2015.03.19-04.39.14:247][145]LogModuleManager: Shutting down and abandoning module CollectionManager (173)
[2015.03.19-04.39.14:247][145]LogModuleManager: Shutting down and abandoning module StatsViewer (172)
[2015.03.19-04.39.14:247][145]LogModuleManager: Shutting down and abandoning module FoliageEdit (171)
[2015.03.19-04.39.14:247][145]LogModuleManager: Shutting down and abandoning module LandscapeEditor (170)
[2015.03.19-04.39.14:247][145]LogModuleManager: Shutting down and abandoning module MeshPaint (169)
[2015.03.19-04.39.14:247][145]LogModuleManager: Shutting down and abandoning module ActorPickerMode (168)
[2015.03.19-04.39.14:247][145]LogModuleManager: Shutting down and abandoning module GeometryMode (167)
[2015.03.19-04.39.14:247][145]LogModuleManager: Shutting down and abandoning module TextureAlignMode (166)
[2015.03.19-04.39.14:247][145]LogModuleManager: Shutting down and abandoning module BspMode (165)
[2015.03.19-04.39.14:247][145]LogModuleManager: Shutting down and abandoning module PlacementMode (164)
[2015.03.19-04.39.14:247][145]LogModuleManager: Shutting down and abandoning module AutomationWorker (163)
[2015.03.19-04.39.14:247][145]LogModuleManager: Shutting down and abandoning module CharacterAI (162)
[2015.03.19-04.39.14:247][145]LogModuleManager: Shutting down and abandoning module SmartSnapping (161)
[2015.03.19-04.39.14:247][145]LogModuleManager: Shutting down and abandoning module ViewportSnapping (160)
[2015.03.19-04.39.14:247][145]LogModuleManager: Shutting down and abandoning module LogVisualizer (159)
[2015.03.19-04.39.14:247][145]LogModuleManager: Shutting down and abandoning module GameProjectGeneration (158)
[2015.03.19-04.39.14:247][145]LogModuleManager: Shutting down and abandoning module IntroTutorials (157)
[2015.03.19-04.39.14:247][145]LogModuleManager: Shutting down and abandoning module EditorLiveStreaming (156)
[2015.03.19-04.39.14:247][145]LogModuleManager: Shutting down and abandoning module HardwareTargeting (155)
[2015.03.19-04.39.14:247][145]LogModuleManager: Shutting down and abandoning module DeviceProfileEditor (154)
[2015.03.19-04.39.14:247][145]LogModuleManager: Shutting down and abandoning module UndoHistory (153)
[2015.03.19-04.39.14:247][145]LogModuleManager: Shutting down and abandoning module GameplayTagsEditor (152)
[2015.03.19-04.39.14:247][145]LogModuleManager: Shutting down and abandoning module UserFeedback (151)
[2015.03.19-04.39.14:247][145]LogModuleManager: Shutting down and abandoning module XmlParser (150)
[2015.03.19-04.39.14:247][145]LogModuleManager: Shutting down and abandoning module Blutility (149)
[2015.03.19-04.39.14:247][145]LogModuleManager: Shutting down and abandoning module IOSPlatformEditor (148)
[2015.03.19-04.39.14:247][145]LogModuleManager: Shutting down and abandoning module IOSRuntimeSettings (147)
[2015.03.19-04.39.14:247][145]LogModuleManager: Shutting down and abandoning module AndroidDeviceDetection (146)
[2015.03.19-04.39.14:837][145]LogModuleManager: Shutting down and abandoning module AndroidPlatformEditor (145)
[2015.03.19-04.39.14:837][145]LogModuleManager: Shutting down and abandoning module AndroidRuntimeSettings (144)
[2015.03.19-04.39.14:837][145]LogModuleManager: Shutting down and abandoning module ProjectTargetPlatformEditor (143)
[2015.03.19-04.39.14:837][145]LogModuleManager: Shutting down and abandoning module ProjectSettingsViewer (142)
[2015.03.19-04.39.14:837][145]LogModuleManager: Shutting down and abandoning module InputBindingEditor (141)
[2015.03.19-04.39.14:837][145]LogModuleManager: Shutting down and abandoning module EditorSettingsViewer (140)
[2015.03.19-04.39.14:837][145]LogModuleManager: Shutting down and abandoning module SettingsEditor (139)
[2015.03.19-04.39.14:837][145]LogModuleManager: Shutting down and abandoning module ProjectLauncher (138)
[2015.03.19-04.39.14:837][145]LogModuleManager: Shutting down and abandoning module SessionFrontend (137)
[2015.03.19-04.39.14:837][145]LogModuleManager: Shutting down and abandoning module ProfilerClient (136)
[2015.03.19-04.39.14:837][145]LogModuleManager: Shutting down and abandoning module TargetDeviceServices (135)
[2015.03.19-04.39.14:838][145]LogModuleManager: Shutting down and abandoning module DeviceManager (134)
[2015.03.19-04.39.14:838][145]LogModuleManager: Shutting down and abandoning module AutomationController (133)
[2015.03.19-04.39.14:838][145]LogModuleManager: Shutting down and abandoning module AutomationWindow (132)
[2015.03.19-04.39.14:838][145]LogModuleManager: Shutting down and abandoning module Layers (131)
[2015.03.19-04.39.14:838][145]LogModuleManager: Shutting down and abandoning module ComponentVisualizers (130)
[2015.03.19-04.39.14:838][145]LogModuleManager: Shutting down and abandoning module DetailCustomizations (129)
[2015.03.19-04.39.14:838][145]LogModuleManager: Shutting down and abandoning module PackagesDialog (128)
[2015.03.19-04.39.14:838][145]LogModuleManager: Shutting down and abandoning module AssetRegistry (127)
[2015.03.19-04.39.14:879][145]LogModuleManager: Shutting down and abandoning module Persona (126)
[2015.03.19-04.39.14:879][145]LogModuleManager: Shutting down and abandoning module Kismet (125)
[2015.03.19-04.39.14:879][145]LogModuleManager: Shutting down and abandoning module GraphEditor (124)
[2015.03.19-04.39.14:879][145]LogModuleManager: Shutting down and abandoning module ClassViewer (123)
[2015.03.19-04.39.14:879][145]LogModuleManager: Shutting down and abandoning module Toolbox (122)
[2015.03.19-04.39.14:879][145]LogModuleManager: Shutting down and abandoning module ModuleUI (121)
[2015.03.19-04.39.14:879][145]LogModuleManager: Shutting down and abandoning module MovieSceneTools (120)
[2015.03.19-04.39.14:879][145]LogModuleManager: Shutting down and abandoning module OutputLog (119)
[2015.03.19-04.39.14:879][145]LogModuleManager: Shutting down and abandoning module GammaUI (118)
[2015.03.19-04.39.14:879][145]LogModuleManager: Shutting down and abandoning module Documentation (117)
[2015.03.19-04.39.14:879][145]LogModuleManager: Shutting down and abandoning module GameLiveStreaming (116)
[2015.03.19-04.39.14:879][145]LogModuleManager: Shutting down and abandoning module StreamingPauseRendering (115)
[2015.03.19-04.39.14:879][145]LogModuleManager: Shutting down and abandoning module HTTP (114)
[2015.03.19-04.39.14:879][145]LogModuleManager: Shutting down and abandoning module AnalyticsET (113)
[2015.03.19-04.39.14:879][145]LogModuleManager: Shutting down and abandoning module Analytics (112)
[2015.03.19-04.39.14:879][145]LogModuleManager: Shutting down and abandoning module AITestSuite (111)
[2015.03.19-04.39.14:879][145]LogModuleManager: Shutting down and abandoning module GameplayDebugger (110)
[2015.03.19-04.39.14:879][145]LogModuleManager: Shutting down and abandoning module AIModule (109)
[2015.03.19-04.39.14:879][145]LogModuleManager: Shutting down and abandoning module ProfilerService (108)
[2015.03.19-04.39.15:082][145]LogModuleManager: Shutting down and abandoning module TaskGraph (107)
[2015.03.19-04.39.15:082][145]LogModuleManager: Shutting down and abandoning module SlateRemote (106)
[2015.03.19-04.39.15:082][145]LogModuleManager: Shutting down and abandoning module ScriptEditorPlugin (105)
[2015.03.19-04.39.15:082][145]LogModuleManager: Shutting down and abandoning module CustomMeshComponent (104)
[2015.03.19-04.39.15:082][145]LogModuleManager: Shutting down and abandoning module SlateReflector (103)
[2015.03.19-04.39.15:082][145]LogModuleManager: Shutting down and abandoning module LevelEditor (102)
[2015.03.19-04.39.15:083][145]LogModuleManager: Shutting down and abandoning module CoherentUIEditorPlugin (101)
[2015.03.19-04.39.15:083][145]LogCoherentUIEditor: Coherent UI Editor plugin shut-down!
[2015.03.19-04.39.15:083][145]LogModuleManager: Shutting down and abandoning module CableComponent (100)
[2015.03.19-04.39.15:083][145]LogModuleManager: Shutting down and abandoning module MessagingDebugger (99)
[2015.03.19-04.39.15:084][145]LogModuleManager: Shutting down and abandoning module MediaPlayerEditor (98)
[2015.03.19-04.39.15:084][145]LogModuleManager: Shutting down and abandoning module SpeedTreeImporter (97)
[2015.03.19-04.39.15:084][145]LogModuleManager: Shutting down and abandoning module PluginsEditor (96)
[2015.03.19-04.39.15:084][145]LogModuleManager: Shutting down and abandoning module MainFrame (95)
[2015.03.19-04.39.15:084][145]LogModuleManager: Shutting down and abandoning module EpicSurvey (94)
[2015.03.19-04.39.15:084][145]LogModuleManager: Shutting down and abandoning module DesktopPlatform (93)
[2015.03.19-04.39.15:084][145]LogModuleManager: Shutting down and abandoning module DirectoryWatcher (92)
[2015.03.19-04.39.15:084][145]LogModuleManager: Shutting down and abandoning module HotReload (91)
[2015.03.19-04.39.15:084][145]LogModuleManager: Shutting down and abandoning module VisualStudioSourceCodeAccess (90)
[2015.03.19-04.39.15:084][145]LogModuleManager: Shutting down and abandoning module UObjectPlugin (89)
[2015.03.19-04.39.15:084][145]LogModuleManager: Shutting down and abandoning module SubversionSourceControl (88)
[2015.03.19-04.39.15:084][145]LogModuleManager: Shutting down and abandoning module PerforceSourceControl (87)
[2015.03.19-04.39.15:084][145]LogModuleManager: Shutting down and abandoning module SourceControl (86)
[2015.03.19-04.39.15:084][145]LogModuleManager: Shutting down and abandoning module GitSourceControl (85)
[2015.03.19-04.39.15:084][145]LogModuleManager: Shutting down and abandoning module ConnexionPlugin (84)
[2015.03.19-04.39.15:084][145]LogModuleManager: Shutting down and abandoning module Chai3dPlugin (83)
[2015.03.19-04.39.15:084][145]LogTemp:Warning: Chai3DPlugin shut down!





[2015.03.19-04.39.15:084][145]LogModuleManager: Shutting down and abandoning module BlankPlugin (82)
[2015.03.19-04.39.15:084][145]LogModuleManager: Shutting down and abandoning module BlankInputDevicePlugin (81)
[2015.03.19-04.39.15:084][145]LogTemp:Warning: BlankInputDevicePlugin shut down!
[2015.03.19-04.39.15:084][145]LogModuleManager: Shutting down and abandoning module PaperTiledImporter (80)
[2015.03.19-04.39.15:084][145]LogModuleManager: Shutting down and abandoning module PaperJsonImporter (79)
[2015.03.19-04.39.15:084][145]LogModuleManager: Shutting down and abandoning module ContentBrowser (78)
[2015.03.19-04.39.15:085][145]LogModuleManager: Shutting down and abandoning module Paper2DEditor (77)
[2015.03.19-04.39.15:085][145]LogModuleManager: Shutting down and abandoning module ScriptPlugin (76)
[2015.03.19-04.39.15:086][145]LogModuleManager: Shutting down and abandoning module CoherentUIPlugin (75)
[2015.03.19-04.39.15:086][145]LogCoherentUI: CoherentUI plugin shut-down!
[2015.03.19-04.39.15:086][145]LogModuleManager: Shutting down and abandoning module UdpMessaging (74)
[2015.03.19-04.39.15:187][145]LogModuleManager: Shutting down and abandoning module Paper2D (73)
[2015.03.19-04.39.15:187][145]LogModuleManager: Shutting down and abandoning module WindowsMoviePlayer (72)
[2015.03.19-04.39.15:187][145]LogModuleManager: Shutting down and abandoning module Media (71)
[2015.03.19-04.39.15:187][145]LogModuleManager: Shutting down and abandoning module WmfMedia (70)
[2015.03.19-04.39.15:187][145]LogModuleManager: Shutting down and abandoning module OnlineBlueprintSupport (69)
[2015.03.19-04.39.15:187][145]LogModuleManager: Shutting down and abandoning module PropertyEditor (68)
[2015.03.19-04.39.15:187][145]LogModuleManager: Shutting down and abandoning module BehaviorTreeEditor (67)
[2015.03.19-04.39.15:187][145]LogModuleManager: Shutting down and abandoning module FunctionalTesting (66)
[2015.03.19-04.39.15:187][145]LogModuleManager: Shutting down and abandoning module CollisionAnalyzer (65)
[2015.03.19-04.39.15:187][145]LogModuleManager: Shutting down and abandoning module WorkspaceMenuStructure (64)
[2015.03.19-04.39.15:188][145]LogModuleManager: Shutting down and abandoning module MessageLog (63)
[2015.03.19-04.39.15:188][145]LogModuleManager: Shutting down and abandoning module Sequencer (62)
[2015.03.19-04.39.15:188][145]LogModuleManager: Shutting down and abandoning module AssetTools (61)
[2015.03.19-04.39.15:188][145]LogModuleManager: Shutting down and abandoning module UMGEditor (60)
[2015.03.19-04.39.15:188][145]LogModuleManager: Shutting down and abandoning module UMG (59)
[2015.03.19-04.39.15:188][145]LogModuleManager: Shutting down and abandoning module Slate (58)
[2015.03.19-04.39.15:188][145]LogModuleManager: Shutting down and abandoning module EditorStyle (57)
[2015.03.19-04.39.15:191][145]LogModuleManager: Shutting down and abandoning module SessionServices (56)
[2015.03.19-04.39.15:191][145]LogModuleManager: Shutting down and abandoning module SourceCodeAccess (55)
[2015.03.19-04.39.15:191][145]LogModuleManager: Shutting down and abandoning module HeadMountedDisplay (54)
[2015.03.19-04.39.15:191][145]LogModuleManager: Shutting down and abandoning module XAudio2 (53)
[2015.03.19-04.39.15:191][145]LogModuleManager: Shutting down and abandoning module Networking (51)
[2015.03.19-04.39.15:191][145]LogModuleManager: Shutting down and abandoning module Core (50)
[2015.03.19-04.39.15:191][145]LogModuleManager: Shutting down and abandoning module KismetCompiler (49)
[2015.03.19-04.39.15:191][145]LogModuleManager: Shutting down and abandoning module PhysXFormats (48)
[2015.03.19-04.39.15:191][145]LogModuleManager: Shutting down and abandoning module MeshUtilities (47)
[2015.03.19-04.39.15:191][145]LogModuleManager: Shutting down and abandoning module DerivedDataCache (46)
[2015.03.19-04.39.15:266][145]LogDerivedDataCache: Shutdown
[2015.03.19-04.39.15:266][145]LogModuleManager: Shutting down and abandoning module ShaderFormatOpenGL (45)
[2015.03.19-04.39.15:266][145]LogModuleManager: Shutting down and abandoning module ShaderFormatD3D (44)
[2015.03.19-04.39.15:266][145]LogModuleManager: Shutting down and abandoning module MetalShaderFormat (43)
[2015.03.19-04.39.15:266][145]LogModuleManager: Shutting down and abandoning module TextureFormatUncompressed (42)
[2015.03.19-04.39.15:266][145]LogModuleManager: Shutting down and abandoning module TextureFormatPVR (41)
[2015.03.19-04.39.15:266][145]LogModuleManager: Shutting down and abandoning module TextureFormatIntelISPCTexComp (40)
[2015.03.19-04.39.15:266][145]LogModuleManager: Shutting down and abandoning module TextureFormatDXT (39)
[2015.03.19-04.39.15:266][145]LogModuleManager: Shutting down and abandoning module ImageWrapper (38)
[2015.03.19-04.39.15:266][145]LogModuleManager: Shutting down and abandoning module TextureFormatASTC (37)
[2015.03.19-04.39.15:266][145]LogModuleManager: Shutting down and abandoning module AudioFormatOpus (36)
[2015.03.19-04.39.15:266][145]LogModuleManager: Shutting down and abandoning module AudioFormatOgg (35)
[2015.03.19-04.39.15:266][145]LogModuleManager: Shutting down and abandoning module AudioFormatADPCM (34)
[2015.03.19-04.39.15:266][145]LogModuleManager: Shutting down and abandoning module Messaging (33)
[2015.03.19-04.39.15:266][145]LogModuleManager: Shutting down and abandoning module IOSTargetPlatform (32)
[2015.03.19-04.39.15:266][145]LogModuleManager: Shutting down and abandoning module HTML5TargetPlatform (31)
[2015.03.19-04.39.15:266][145]LogModuleManager: Shutting down and abandoning module Android_PVRTCTargetPlatform (30)
[2015.03.19-04.39.15:266][145]LogModuleManager: Shutting down and abandoning module Android_ETC2TargetPlatform (29)
[2015.03.19-04.39.15:266][145]LogModuleManager: Shutting down and abandoning module Android_ETC1TargetPlatform (28)
[2015.03.19-04.39.15:266][145]LogModuleManager: Shutting down and abandoning module Android_DXTTargetPlatform (27)
[2015.03.19-04.39.15:266][145]LogModuleManager: Shutting down and abandoning module Android_ATCTargetPlatform (26)
[2015.03.19-04.39.15:266][145]LogModuleManager: Shutting down and abandoning module AndroidTargetPlatform (25)
[2015.03.19-04.39.15:266][145]LogModuleManager: Shutting down and abandoning module WindowsTargetPlatform (24)
[2015.03.19-04.39.15:266][145]LogModuleManager: Shutting down and abandoning module WindowsServerTargetPlatform (23)
[2015.03.19-04.39.15:266][145]LogModuleManager: Shutting down and abandoning module WindowsNoEditorTargetPlatform (22)
[2015.03.19-04.39.15:266][145]LogModuleManager: Shutting down and abandoning module WindowsClientTargetPlatform (21)
[2015.03.19-04.39.15:266][145]LogModuleManager: Shutting down and abandoning module TargetPlatform (20)
[2015.03.19-04.39.15:266][145]LogModuleManager: Shutting down and abandoning module InputCore (19)
[2015.03.19-04.39.15:266][145]LogModuleManager: Shutting down and abandoning module Settings (18)
[2015.03.19-04.39.15:266][145]LogModuleManager: Shutting down and abandoning module OnlineSubsystem (16)
[2015.03.19-04.39.15:266][145]LogModuleManager: Shutting down and abandoning module OculusRift (15)
[2015.03.19-04.39.15:266][145]LogModuleManager: Shutting down and abandoning module ExampleDeviceProfileSelector (14)
[2015.03.19-04.39.15:266][145]LogModuleManager: Shutting down and abandoning module TextureCompressor (13)
[2015.03.19-04.39.15:266][145]LogModuleManager: Shutting down and abandoning module ShaderCore (12)
[2015.03.19-04.39.15:266][145]LogModuleManager: Shutting down and abandoning module Landscape (11)
[2015.03.19-04.39.15:266][145]LogModuleManager: Shutting down and abandoning module SlateRHIRenderer (10)
[2015.03.19-04.39.15:267][145]LogModuleManager: Shutting down and abandoning module OpenGLDrv (9)
[2015.03.19-04.39.15:267][145]LogModuleManager: Shutting down and abandoning module D3D11RHI (8)
[2015.03.19-04.39.15:267][145]LogModuleManager: Shutting down and abandoning module Renderer (7)
[2015.03.19-04.39.15:267][145]LogModuleManager: Shutting down and abandoning module Engine (6)
[2015.03.19-04.39.15:267][145]LogModuleManager: Shutting down and abandoning module CoreUObject (5)
[2015.03.19-04.39.15:267][145]LogModuleManager: Shutting down and abandoning module NetworkFile (4)
[2015.03.19-04.39.15:267][145]LogModuleManager: Shutting down and abandoning module StreamingFile (3)
[2015.03.19-04.39.15:267][145]LogModuleManager: Shutting down and abandoning module SandboxFile (2)
[2015.03.19-04.39.15:267][145]LogModuleManager: Shutting down and abandoning module PakFile (1)
[2015.03.19-04.39.15:267][145]LogExit: Exiting.
[2015.03.19-04.39.15:284][145]Log file closed, 03/18/15 21:39:15
