Log file open, 03/20/15 14:59:41
LogInit:Display: Running engine for game: Karaage
LogInit: Version: 4.7.1-0+++depot+UE4-Releases+4.7
LogInit: API Version: 0
LogInit: Compiled (64-bit): Mar 11 2015 04:45:01
LogInit: Compiled with Visual C++: 18.00.31101.00
LogInit: Build Configuration: Development
LogInit: Branch Name: ++depot+UE4-Releases+4.7
LogInit: Command line:  
LogInit: Base directory: C:/Users/bhnas_000/Documents/UnrealEngine/Engine/Binaries/Win64/
LogInit: Rocket: 0
[2015.03.20-21.59.41:369][  0]LogTaskGraph: Started task graph with 3 named threads and 6 total threads.
[2015.03.20-21.59.41:432][  0]LogOnline:Warning: No default platform service specified for OnlineSubsystem
[2015.03.20-21.59.41:482][  0]LogInit: Presizing for 0 objects not considered by GC, pre-allocating 0 bytes.
[2015.03.20-21.59.41:494][  0]LogInit: Object subsystem initialized
[2015.03.20-21.59.41:504][  0]LogConsoleResponse:Warning: Skipping Unknown console variable: 'UIScaleRule = ShortestSide'
[2015.03.20-21.59.41:504][  0]LogConsoleResponse:Warning:   Found in ini file 'C:/Users/bhnas_000/Documents/Unreal Projects/Karaage/Editor/Saved/Config/Windows/Engine.ini', in section '[/Script/Engine.RendererSettings]'
[2015.03.20-21.59.41:504][  0]LogConsoleResponse:Warning: Skipping Unknown console variable: 'UIScaleCurve = (EditorCurveData=(Keys=),ExternalCurve=None)'
[2015.03.20-21.59.41:504][  0]LogConsoleResponse:Warning:   Found in ini file 'C:/Users/bhnas_000/Documents/Unreal Projects/Karaage/Editor/Saved/Config/Windows/Engine.ini', in section '[/Script/Engine.RendererSettings]'
[2015.03.20-21.59.41:504][  0]LogConsoleResponse:Warning: Skipping Unknown console variable: 'r.SeperateTranslucency = 0'
[2015.03.20-21.59.41:504][  0]LogConsoleResponse:Warning:   Found in ini file 'C:/Users/bhnas_000/Documents/Unreal Projects/Karaage/Editor/Saved/Config/Windows/Engine.ini', in section '[/Script/Engine.RendererSettings]'
[2015.03.20-21.59.41:504][  0]LogConsoleResponse:Warning: Skipping Unknown console variable: 'r.SSSSS = 0'
[2015.03.20-21.59.41:504][  0]LogConsoleResponse:Warning:   Found in ini file 'C:/Users/bhnas_000/Documents/Unreal Projects/Karaage/Editor/Saved/Config/Windows/Engine.ini', in section '[/Script/Engine.RendererSettings]'
[2015.03.20-21.59.41:508][  0]LogConsoleManager:Warning: Console variable 'r.PostProcessAAQuality' wasn't set (Priority ProjectSetting < Scalability)
[2015.03.20-21.59.41:508][  0]LogConsoleManager:Warning: Console variable 'r.MSAA.CompositingSampleCount' wasn't set (Priority ProjectSetting < Scalability)
[2015.03.20-21.59.41:508][  0]LogConsoleManager:Warning: Console variable 'r.MotionBlurQuality' wasn't set (Priority ProjectSetting < Scalability)
[2015.03.20-21.59.41:508][  0]LogConsoleManager:Warning: Console variable 'r.AmbientOcclusionLevels' wasn't set (Priority ProjectSetting < Scalability)
[2015.03.20-21.59.41:508][  0]LogConsoleManager:Warning: Console variable 'r.DepthOfFieldQuality' wasn't set (Priority ProjectSetting < Scalability)
[2015.03.20-21.59.41:508][  0]LogConsoleManager:Warning: Console variable 'r.LensFlareQuality' wasn't set (Priority ProjectSetting < Scalability)
[2015.03.20-21.59.41:508][  0]LogConsoleManager:Warning: Console variable 'r.SceneColorFringeQuality' wasn't set (Priority ProjectSetting < Scalability)
[2015.03.20-21.59.41:508][  0]LogConsoleManager:Warning: Console variable 'r.BloomQuality' wasn't set (Priority ProjectSetting < Scalability)
[2015.03.20-21.59.41:508][  0]LogConsoleManager:Warning: Console variable 'r.FastBlurThreshold' wasn't set (Priority ProjectSetting < Scalability)
[2015.03.20-21.59.41:508][  0]LogConsoleManager:Warning: Console variable 'r.MaxAnisotropy' wasn't set (Priority ProjectSetting < Scalability)
[2015.03.20-21.59.41:508][  0]LogConsoleManager:Warning: Console variable 'r.SSR.Quality' wasn't set (Priority ProjectSetting < Scalability)
[2015.03.20-21.59.41:508][  0]LogConsoleManager:Warning: Console variable 'r.TranslucencyVolumeBlur' wasn't set (Priority ProjectSetting < Scalability)
[2015.03.20-21.59.41:509][  0]LogInit: Selected Device Profile: [Windows]
[2015.03.20-21.59.41:510][  0]LogInit: Applying CVar settings loaded from the selected device profile: [Windows]
[2015.03.20-21.59.41:521][  0]LogInit: Computer: AWESOME-BOX
[2015.03.20-21.59.41:521][  0]LogInit: User: Benhan
[2015.03.20-21.59.41:521][  0]LogInit: CPU Page size=4096, Cores=4
[2015.03.20-21.59.41:521][  0]LogInit: High frequency timer resolution =3.330095 MHz
[2015.03.20-21.59.41:521][  0]LogMemory: Memory total: Physical=15.9GB (16GB approx) Virtual=8192.0GB
[2015.03.20-21.59.41:521][  0]LogMemory: Platform Memory Stats for Windows
[2015.03.20-21.59.41:521][  0]LogMemory: Process Physical Memory: 46.82 MB used, 46.82 MB peak
[2015.03.20-21.59.41:521][  0]LogMemory: Process Virtual Memory: 23.32 MB used, 23.33 MB peak
[2015.03.20-21.59.41:521][  0]LogMemory: Physical Memory: 2279.65 MB used, 16330.08 MB total
[2015.03.20-21.59.41:521][  0]LogMemory: Virtual Memory: 281.77 MB used, 8388608.00 MB total
[2015.03.20-21.59.41:552][  0]LogD3D11RHI: Found D3D11 adapter 0: NVIDIA GeForce GTX 680 (Feature Level 11_0)
[2015.03.20-21.59.41:552][  0]LogD3D11RHI: Adapter has 1986MB of dedicated video memory, 0MB of dedicated system memory, and 2048MB of shared system memory, 1 output[s]
[2015.03.20-21.59.41:552][  0]LogD3D11RHI: Found D3D11 adapter 1: Microsoft Basic Render Driver (Feature Level 11_0)
[2015.03.20-21.59.41:552][  0]LogD3D11RHI: Adapter has 0MB of dedicated video memory, 0MB of dedicated system memory, and 256MB of shared system memory, 0 output[s]
[2015.03.20-21.59.41:552][  0]LogD3D11RHI: Chosen D3D11 Adapter Id = 0
[2015.03.20-21.59.41:557][  0]LogRHI: Texture pool is 1361 MB (70% of 1945 MB)
[2015.03.20-21.59.41:563][  0]LogD3D11RHI: Async texture creation enabled
[2015.03.20-21.59.41:853][  0]LogTextLocalizationManager: The requested culture ('en_US') has no localization data; parent culture's ('en') localization data will be used.
[2015.03.20-21.59.41:985][  0]LogContentStreaming: Texture pool size is 0.000000MB
[2015.03.20-21.59.45:232][  0]LogTargetPlatformManager:Display: Building Assets For Windows
[2015.03.20-21.59.45:825][  0]LogTargetPlatformManager:Display: Building Assets For Windows
[2015.03.20-21.59.45:891][  0]LogDerivedDataCache:Display: Max Cache Size: 512 MB
[2015.03.20-21.59.45:996][  0]LogDerivedDataCache: Loaded boot cache 0.11s 40MB ../../../../Unreal Projects/Karaage/Editor/DerivedDataCache/Boot.ddc.
[2015.03.20-21.59.45:996][  0]LogDerivedDataCache:Display: Loaded Boot cache: ../../../../Unreal Projects/Karaage/Editor/DerivedDataCache/Boot.ddc
[2015.03.20-21.59.45:996][  0]LogDerivedDataCache: FDerivedDataBackendGraph:  Pak pak cache file ../../../../Unreal Projects/Karaage/Editor/DerivedDataCache/DDC.ddp not found, will not use a pak cache.
[2015.03.20-21.59.45:996][  0]LogDerivedDataCache: Unable to find inner node Pak for hierarchical cache Hierarchy.
[2015.03.20-21.59.45:996][  0]LogDerivedDataCache: FDerivedDataBackendGraph:  EnginePak pak cache file ../../../Engine/DerivedDataCache/DDC.ddp not found, will not use a pak cache.
[2015.03.20-21.59.45:996][  0]LogDerivedDataCache: Unable to find inner node EnginePak for hierarchical cache Hierarchy.
[2015.03.20-21.59.46:009][  0]LogDerivedDataCache: Using Local data cache path ../../../Engine/DerivedDataCache: Writable
[2015.03.20-21.59.46:009][  0]LogDerivedDataCache: Shared data cache path not found in *engine.ini, will not use an Shared cache.
[2015.03.20-21.59.46:009][  0]LogDerivedDataCache: Unable to find inner node Shared for hierarchical cache Hierarchy.
[2015.03.20-21.59.48:481][  0]LogMeshUtilities: No automatic mesh reduction module available
[2015.03.20-21.59.48:481][  0]LogMeshUtilities: No automatic mesh merging module available
[2015.03.20-21.59.49:268][  0]LogInit: WinSock: version 1.1 (2.2), MaxSocks=32767, MaxUdp=65467
[2015.03.20-21.59.49:363][  0]LogSlate:Warning: Failed to load font data from '../../../Engine/Content/Slate/Fonts/Roboto-Italic.ttf'
[2015.03.20-21.59.51:175][  0]UdpMessaging: Initializing bridge on interface 0.0.0.0:0 to multicast group 230.0.0.1:6666.
[2015.03.20-21.59.51:288][  0]LogCoherentUI: CoherentUI plugin initialized!
[2015.03.20-21.59.51:456][  0]SourceControl: Info Source control is disabled
[2015.03.20-21.59.51:457][  0]SourceControl: Info Source control is disabled
[2015.03.20-21.59.51:457][  0]SourceControl: Info Source control is disabled
[2015.03.20-21.59.51:457][  0]LogSourceControl: RunCommandInternalRaw: 'git version'
[2015.03.20-21.59.51:457][  0]LogSourceControl: RunCommandInternalRaw: ExecProcess ReturnCode=2 OutResults=''
[2015.03.20-21.59.51:464][  0]SourceControl: Info Source control is disabled
[2015.03.20-21.59.51:802][  0]LogCoherentUIEditor: Coherent UI Editor plugin initialized!
[2015.03.20-21.59.51:830][  0]LogObj: 24725 objects as part of root set at end of initial load.
[2015.03.20-21.59.51:830][  0]LogUObjectAllocator: 5310928 out of 0 bytes used by permanent object pool.
[2015.03.20-21.59.51:943][  0]LogEngine: Initializing Engine...
[2015.03.20-21.59.54:235][  0]LogInit: XAudio2 using 'Speakers (High Definition Audio Device)' : 2 channels at 44.1 kHz using 16 bits per sample (channel mask 0x3)
[2015.03.20-21.59.54:263][  0]LogInit: FAudioDevice initialized.
[2015.03.20-21.59.54:313][  0]LogAIModule: Creating AISystem for world NewWorld
[2015.03.20-21.59.54:332][  0]LogDerivedDataCache: Saved boot cache 0.02s 40MB ../../../../Unreal Projects/Karaage/Editor/DerivedDataCache/Boot.ddc.
[2015.03.20-21.59.54:336][  0]LogInit: Texture streaming: Enabled
[2015.03.20-21.59.54:365][  0]LogAnalytics: Creating configured Analytics provider AnalyticsET
[2015.03.20-21.59.54:365][  0]LogAnalytics: ET APIKey = UnrealEngine.Release. APIServer = http://etsource.epicgames.com/ET2/. AppVersion = 4.7.1-0+++depot+UE4-Releases+4.7
[2015.03.20-21.59.54:365][  0]LogAnalytics: SetUserId df7e18ac4face5c1a4653aaf6d2584dc|2ed71ecbfc7f45179b9f57239c0b84a9|14c1e869-eef3-48db-bcdf-4018b2e6672e
[2015.03.20-21.59.54:366][  0]LogAnalytics: AnalyticsET::StartSession [UnrealEngine.Release]
[2015.03.20-21.59.54:406][  0]LogInit: Transaction tracking system initialized
[2015.03.20-21.59.54:518][  0]BlueprintLog: New page: Editor Load
[2015.03.20-21.59.54:554][  0]LogAssetRegistry: FAssetRegistry took 0.0139 seconds to start up
[2015.03.20-21.59.54:555][  0]LogDirectoryWatcher:Warning: Failed to begin reading directory changes for ../../../Engine/Plugins/Experimental/CharacterAI/Content/. Error: 0
[2015.03.20-21.59.55:027][  0]LogTargetPlatformManager:Display: Building Assets For Windows
[2015.03.20-21.59.55:320][  0]LogTargetPlatformManager:Display: Building Assets For Windows
[2015.03.20-21.59.55:547][  0]LogSlate:Warning: Failed to load font data from '../../../Engine/Content/Editor/Slate/Fonts/Roboto-Regular.ttf'
[2015.03.20-21.59.55:548][  0]LogSlate:Warning: Failed to load font data from '../../../Engine/Content/Editor/Slate/Fonts/Roboto-Bold.ttf'
[2015.03.20-21.59.55:555][  0]LogConsoleResponse:Display: 
[2015.03.20-21.59.56:004][  0]LogCook:Display: Done creating registry. It took  0.00s.
[2015.03.20-21.59.56:147][  0]SourceControl: Info Source control is disabled
[2015.03.20-21.59.56:148][  0]Cmd: MAP LOAD FILE="../../../../Unreal Projects/Karaage/Editor/Content/StarterContent/PrototypingMap.umap" TEMPLATE=0 SHOWPROGRESS=1 FEATURELEVEL=3
[2015.03.20-21.59.56:149][  0]LightingResults: New page: Lighting Build
[2015.03.20-21.59.56:162][  0]MapCheck: New page: Map Check
[2015.03.20-21.59.56:162][  0]LightingResults: New page: Lighting Build
[2015.03.20-21.59.56:173][  0]LogParticles: Destroying 0 GPU particle simulations for FXSystem 0x0000006DD5F82AC0
[2015.03.20-21.59.58:082][  0]LogEditorServer: Finished looking for orphan Actors (0.000 secs)
[2015.03.20-21.59.58:082][  0]LogAIModule: Creating AISystem for world PrototypingMap
[2015.03.20-21.59.58:084][  0]Cmd: MAP CHECKDEP
[2015.03.20-21.59.58:084][  0]MapCheck: New page: PrototypingMap - Mar 20, 2015, 7:59:58 AM
[2015.03.20-21.59.58:203][  0]MapCheck:Warning: Warning StaticMesh4 StaticMeshComponent /Game/StarterContent/PrototypingMap.PrototypingMap:PersistentLevel.Blueprint_Axes_C_0.StaticMesh4 : Externally referenced 
[2015.03.20-21.59.58:203][  0]MapCheck:Warning: Warning StaticMesh6 StaticMeshComponent /Game/StarterContent/PrototypingMap.PrototypingMap:PersistentLevel.Blueprint_Axes_C_0.StaticMesh6 : Externally referenced 
[2015.03.20-21.59.58:203][  0]MapCheck:Warning: Warning StaticMesh1 StaticMeshComponent /Game/StarterContent/PrototypingMap.PrototypingMap:PersistentLevel.Blueprint_Axes_C_0.StaticMesh1 : Externally referenced 
[2015.03.20-21.59.58:203][  0]MapCheck:Warning: Warning StaticMesh2 StaticMeshComponent /Game/StarterContent/PrototypingMap.PrototypingMap:PersistentLevel.Blueprint_Axes_C_0.StaticMesh2 : Externally referenced 
[2015.03.20-21.59.58:203][  0]MapCheck:Warning: Warning StaticMesh3 StaticMeshComponent /Game/StarterContent/PrototypingMap.PrototypingMap:PersistentLevel.Blueprint_Axes_C_0.StaticMesh3 : Externally referenced 
[2015.03.20-21.59.58:203][  0]MapCheck:Warning: Warning StaticMesh5 StaticMeshComponent /Game/StarterContent/PrototypingMap.PrototypingMap:PersistentLevel.Blueprint_Axes_C_0.StaticMesh5 : Externally referenced 
[2015.03.20-21.59.58:203][  0]MapCheck:Warning: Warning StaticMesh1 StaticMeshComponent /Game/StarterContent/PrototypingMap.PrototypingMap:PersistentLevel.Blueprint_Axes_C_0.StaticMesh1 : Externally referenced 
[2015.03.20-21.59.58:204][  0]MapCheck:Warning: Warning StaticMesh5 StaticMeshComponent /Game/StarterContent/PrototypingMap.PrototypingMap:PersistentLevel.Blueprint_Axes_C_0.StaticMesh5 : Externally referenced 
[2015.03.20-21.59.58:204][  0]MapCheck:Warning: Warning StaticMesh6 StaticMeshComponent /Game/StarterContent/PrototypingMap.PrototypingMap:PersistentLevel.Blueprint_Axes_C_0.StaticMesh6 : Externally referenced 
[2015.03.20-21.59.58:204][  0]MapCheck:Warning: Warning StaticMesh2 StaticMeshComponent /Game/StarterContent/PrototypingMap.PrototypingMap:PersistentLevel.Blueprint_Axes_C_0.StaticMesh2 : Externally referenced 
[2015.03.20-21.59.58:204][  0]MapCheck:Warning: Warning StaticMesh3 StaticMeshComponent /Game/StarterContent/PrototypingMap.PrototypingMap:PersistentLevel.Blueprint_Axes_C_0.StaticMesh3 : Externally referenced 
[2015.03.20-21.59.58:204][  0]MapCheck:Warning: Warning StaticMesh4 StaticMeshComponent /Game/StarterContent/PrototypingMap.PrototypingMap:PersistentLevel.Blueprint_Axes_C_0.StaticMesh4 : Externally referenced 
[2015.03.20-21.59.58:204][  0]MapCheck:Warning: Warning StaticMeshComponent0 StaticMeshComponent /Game/StarterContent/PrototypingMap.PrototypingMap:PersistentLevel.SM_Template_Map_Floor_7.StaticMeshComponent0 : Externally referenced 
[2015.03.20-21.59.58:204][  0]MapCheck:Warning: Warning ModelComponent_4 ModelComponent /Game/StarterContent/PrototypingMap.PrototypingMap:PersistentLevel.ModelComponent_4 : Externally referenced 
[2015.03.20-21.59.58:204][  0]MapCheck:Warning: Warning ModelComponent_5 ModelComponent /Game/StarterContent/PrototypingMap.PrototypingMap:PersistentLevel.ModelComponent_5 : Externally referenced 
[2015.03.20-21.59.58:204][  0]MapCheck:Warning: Warning ModelComponent_6 ModelComponent /Game/StarterContent/PrototypingMap.PrototypingMap:PersistentLevel.ModelComponent_6 : Externally referenced 
[2015.03.20-21.59.58:204][  0]MapCheck:Warning: Warning ModelComponent_7 ModelComponent /Game/StarterContent/PrototypingMap.PrototypingMap:PersistentLevel.ModelComponent_7 : Externally referenced 
[2015.03.20-21.59.58:204][  0]MapCheck:Warning: Warning Model_3 Model /Game/StarterContent/PrototypingMap.PrototypingMap:PersistentLevel.Model_3 : Externally referenced 
[2015.03.20-21.59.58:204][  0]MapCheck:Warning: Warning Polys_82 Polys /Game/StarterContent/PrototypingMap.PrototypingMap:PersistentLevel.BoxBrush.Model_18.Polys_82 : Externally referenced 
[2015.03.20-21.59.58:205][  0]MapCheck:Warning: Warning Polys_123 Polys /Game/StarterContent/PrototypingMap.PrototypingMap:PersistentLevel.BoxBrush2.Model_18.Polys_123 : Externally referenced 
[2015.03.20-21.59.58:205][  0]MapCheck:Warning: Warning Polys_145 Polys /Game/StarterContent/PrototypingMap.PrototypingMap:PersistentLevel.BoxBrush3.Model_19.Polys_145 : Externally referenced 
[2015.03.20-21.59.58:205][  0]MapCheck:Warning: Warning Polys_198 Polys /Game/StarterContent/PrototypingMap.PrototypingMap:PersistentLevel.BoxBrush4.Model_19.Polys_198 : Externally referenced 
[2015.03.20-21.59.58:205][  0]MapCheck:Warning: Warning StaticMeshComponent0 StaticMeshComponent /Game/StarterContent/PrototypingMap.PrototypingMap:PersistentLevel.Cursor.StaticMeshComponent0 : Externally referenced 
[2015.03.20-21.59.58:205][  0]MapCheck: Info Map check complete: 0 Error(s), 23 Warning(s), took 121.706ms to complete.
[2015.03.20-21.59.58:214][  0]LogFileHelpers: Loading map 'PrototypingMap' took 2.067
[2015.03.20-21.59.58:353][  0]LogCollectionManager: Loaded 0 collections in 0.002798 seconds
[2015.03.20-21.59.58:367][  0]LogContentBrowser: Native class hierarchy populated in 0.0139 seconds. Added 1710 classes and 263 folders.
[2015.03.20-21.59.58:463][  0]LogContentBrowser: Native class hierarchy updated for 'SceneOutliner' in 0.0019 seconds. Added 1 classes and 2 folders.
[2015.03.20-21.59.58:548][  0]LogCoherentUIEditor: Starting Extension logic
[2015.03.20-21.59.58:569][  0]LogCrashTracker: Crashtracker disabled due to settings.
[2015.03.20-21.59.58:576][  0]LogSlate:Warning: Failed to load font data from 'Veranda'
[2015.03.20-21.59.58:617][  0]LogLoad: Full Startup: 20.29 seconds (BP compile: 0.64 seconds)
[2015.03.20-21.59.59:042][  0]LogContentBrowser:Verbose: The content browser source was changed by the sources view to '/Game/StarterContent/Blueprints'
[2015.03.20-21.59.59:300][  0]LogRenderer:Warning: Reallocating scene render targets to support 1224x1016 (Frame:2).
[2015.03.20-22.00.01:156][  6]LogAssetRegistry: Asset discovery search completed in 6.6165 seconds
[2015.03.20-22.00.17:859][921]LogParticles: Destroying 0 GPU particle simulations for FXSystem 0x0000006DD6576CA0
[2015.03.20-22.00.18:435][922]Cmd: QUIT_EDITOR
[2015.03.20-22.00.18:916][922]LogExit: Preparing to exit.
[2015.03.20-22.00.19:311][922]LogExit: Editor shut down
[2015.03.20-22.00.19:311][922]LogExit: Transaction tracking system shut down
[2015.03.20-22.00.19:311][922]LogParticles: Destroying 0 GPU particle simulations for FXSystem 0x0000006DCDDE4860
[2015.03.20-22.00.19:312][922]LogParticles: Destroying 0 GPU particle simulations for FXSystem 0x0000006DDC57E3E0
[2015.03.20-22.00.19:312][922]LogParticles: Destroying 0 GPU particle simulations for FXSystem 0x0000006DDEEA0540
[2015.03.20-22.00.19:379][922]LogExit: Object subsystem successfully closed.
[2015.03.20-22.00.19:429][922]LogModuleManager: Shutting down and abandoning module CrashTracker (175)
[2015.03.20-22.00.19:429][922]LogModuleManager: Shutting down and abandoning module SuperSearch (174)
[2015.03.20-22.00.19:429][922]LogModuleManager: Shutting down and abandoning module SceneOutliner (173)
[2015.03.20-22.00.19:429][922]LogModuleManager: Shutting down and abandoning module EditorWidgets (172)
[2015.03.20-22.00.19:429][922]LogModuleManager: Shutting down and abandoning module CollectionManager (171)
[2015.03.20-22.00.19:429][922]LogModuleManager: Shutting down and abandoning module StatsViewer (170)
[2015.03.20-22.00.19:429][922]LogModuleManager: Shutting down and abandoning module FoliageEdit (169)
[2015.03.20-22.00.19:429][922]LogModuleManager: Shutting down and abandoning module LandscapeEditor (168)
[2015.03.20-22.00.19:430][922]LogModuleManager: Shutting down and abandoning module MeshPaint (167)
[2015.03.20-22.00.19:430][922]LogModuleManager: Shutting down and abandoning module ActorPickerMode (166)
[2015.03.20-22.00.19:430][922]LogModuleManager: Shutting down and abandoning module GeometryMode (165)
[2015.03.20-22.00.19:430][922]LogModuleManager: Shutting down and abandoning module TextureAlignMode (164)
[2015.03.20-22.00.19:430][922]LogModuleManager: Shutting down and abandoning module BspMode (163)
[2015.03.20-22.00.19:430][922]LogModuleManager: Shutting down and abandoning module PlacementMode (162)
[2015.03.20-22.00.19:430][922]LogModuleManager: Shutting down and abandoning module AutomationWorker (161)
[2015.03.20-22.00.19:430][922]LogModuleManager: Shutting down and abandoning module CharacterAI (160)
[2015.03.20-22.00.19:430][922]LogModuleManager: Shutting down and abandoning module SmartSnapping (159)
[2015.03.20-22.00.19:430][922]LogModuleManager: Shutting down and abandoning module ViewportSnapping (158)
[2015.03.20-22.00.19:430][922]LogModuleManager: Shutting down and abandoning module LogVisualizer (157)
[2015.03.20-22.00.19:430][922]LogModuleManager: Shutting down and abandoning module GameProjectGeneration (156)
[2015.03.20-22.00.19:431][922]LogModuleManager: Shutting down and abandoning module IntroTutorials (155)
[2015.03.20-22.00.19:431][922]LogModuleManager: Shutting down and abandoning module EditorLiveStreaming (154)
[2015.03.20-22.00.19:431][922]LogModuleManager: Shutting down and abandoning module HardwareTargeting (153)
[2015.03.20-22.00.19:431][922]LogModuleManager: Shutting down and abandoning module DeviceProfileEditor (152)
[2015.03.20-22.00.19:431][922]LogModuleManager: Shutting down and abandoning module UndoHistory (151)
[2015.03.20-22.00.19:431][922]LogModuleManager: Shutting down and abandoning module GameplayTagsEditor (150)
[2015.03.20-22.00.19:431][922]LogModuleManager: Shutting down and abandoning module UserFeedback (149)
[2015.03.20-22.00.19:431][922]LogModuleManager: Shutting down and abandoning module XmlParser (148)
[2015.03.20-22.00.19:431][922]LogModuleManager: Shutting down and abandoning module Blutility (147)
[2015.03.20-22.00.19:431][922]LogModuleManager: Shutting down and abandoning module IOSPlatformEditor (146)
[2015.03.20-22.00.19:431][922]LogModuleManager: Shutting down and abandoning module IOSRuntimeSettings (145)
[2015.03.20-22.00.19:431][922]LogModuleManager: Shutting down and abandoning module AndroidDeviceDetection (144)
[2015.03.20-22.00.20:395][922]LogModuleManager: Shutting down and abandoning module AndroidPlatformEditor (143)
[2015.03.20-22.00.20:395][922]LogModuleManager: Shutting down and abandoning module AndroidRuntimeSettings (142)
[2015.03.20-22.00.20:395][922]LogModuleManager: Shutting down and abandoning module ProjectTargetPlatformEditor (141)
[2015.03.20-22.00.20:395][922]LogModuleManager: Shutting down and abandoning module ProjectSettingsViewer (140)
[2015.03.20-22.00.20:395][922]LogModuleManager: Shutting down and abandoning module InputBindingEditor (139)
[2015.03.20-22.00.20:396][922]LogModuleManager: Shutting down and abandoning module EditorSettingsViewer (138)
[2015.03.20-22.00.20:396][922]LogModuleManager: Shutting down and abandoning module SettingsEditor (137)
[2015.03.20-22.00.20:396][922]LogModuleManager: Shutting down and abandoning module ProjectLauncher (136)
[2015.03.20-22.00.20:396][922]LogModuleManager: Shutting down and abandoning module SessionFrontend (135)
[2015.03.20-22.00.20:396][922]LogModuleManager: Shutting down and abandoning module ProfilerClient (134)
[2015.03.20-22.00.20:397][922]LogModuleManager: Shutting down and abandoning module TargetDeviceServices (133)
[2015.03.20-22.00.20:397][922]LogModuleManager: Shutting down and abandoning module DeviceManager (132)
[2015.03.20-22.00.20:397][922]LogModuleManager: Shutting down and abandoning module AutomationController (131)
[2015.03.20-22.00.20:398][922]LogModuleManager: Shutting down and abandoning module AutomationWindow (130)
[2015.03.20-22.00.20:398][922]LogModuleManager: Shutting down and abandoning module Layers (129)
[2015.03.20-22.00.20:399][922]LogModuleManager: Shutting down and abandoning module ComponentVisualizers (128)
[2015.03.20-22.00.20:399][922]LogModuleManager: Shutting down and abandoning module DetailCustomizations (127)
[2015.03.20-22.00.20:399][922]LogModuleManager: Shutting down and abandoning module PackagesDialog (126)
[2015.03.20-22.00.20:399][922]LogModuleManager: Shutting down and abandoning module AssetRegistry (125)
[2015.03.20-22.00.20:508][922]LogModuleManager: Shutting down and abandoning module Persona (124)
[2015.03.20-22.00.20:509][922]LogModuleManager: Shutting down and abandoning module Kismet (123)
[2015.03.20-22.00.20:509][922]LogModuleManager: Shutting down and abandoning module GraphEditor (122)
[2015.03.20-22.00.20:509][922]LogModuleManager: Shutting down and abandoning module ClassViewer (121)
[2015.03.20-22.00.20:509][922]LogModuleManager: Shutting down and abandoning module Toolbox (120)
[2015.03.20-22.00.20:509][922]LogModuleManager: Shutting down and abandoning module ModuleUI (119)
[2015.03.20-22.00.20:510][922]LogModuleManager: Shutting down and abandoning module MovieSceneTools (118)
[2015.03.20-22.00.20:511][922]LogModuleManager: Shutting down and abandoning module OutputLog (117)
[2015.03.20-22.00.20:511][922]LogModuleManager: Shutting down and abandoning module GammaUI (116)
[2015.03.20-22.00.20:511][922]LogModuleManager: Shutting down and abandoning module Documentation (115)
[2015.03.20-22.00.20:511][922]LogModuleManager: Shutting down and abandoning module GameLiveStreaming (114)
[2015.03.20-22.00.20:511][922]LogModuleManager: Shutting down and abandoning module StreamingPauseRendering (113)
[2015.03.20-22.00.20:511][922]LogModuleManager: Shutting down and abandoning module HTTP (112)
[2015.03.20-22.00.20:511][922]LogModuleManager: Shutting down and abandoning module AnalyticsET (111)
[2015.03.20-22.00.20:511][922]LogModuleManager: Shutting down and abandoning module Analytics (110)
[2015.03.20-22.00.20:511][922]LogModuleManager: Shutting down and abandoning module AITestSuite (109)
[2015.03.20-22.00.20:511][922]LogModuleManager: Shutting down and abandoning module GameplayDebugger (108)
[2015.03.20-22.00.20:511][922]LogModuleManager: Shutting down and abandoning module AIModule (107)
[2015.03.20-22.00.20:511][922]LogModuleManager: Shutting down and abandoning module ProfilerService (106)
[2015.03.20-22.00.20:634][922]LogModuleManager: Shutting down and abandoning module TaskGraph (105)
[2015.03.20-22.00.20:635][922]LogModuleManager: Shutting down and abandoning module SlateRemote (104)
[2015.03.20-22.00.20:635][922]LogModuleManager: Shutting down and abandoning module ScriptEditorPlugin (103)
[2015.03.20-22.00.20:635][922]LogModuleManager: Shutting down and abandoning module CustomMeshComponent (102)
[2015.03.20-22.00.20:635][922]LogModuleManager: Shutting down and abandoning module SlateReflector (101)
[2015.03.20-22.00.20:635][922]LogModuleManager: Shutting down and abandoning module LevelEditor (100)
[2015.03.20-22.00.20:637][922]LogModuleManager: Shutting down and abandoning module CoherentUIEditorPlugin (99)
[2015.03.20-22.00.20:637][922]LogCoherentUIEditor: Coherent UI Editor plugin shut-down!
[2015.03.20-22.00.20:637][922]LogModuleManager: Shutting down and abandoning module CableComponent (98)
[2015.03.20-22.00.20:637][922]LogModuleManager: Shutting down and abandoning module MessagingDebugger (97)
[2015.03.20-22.00.20:638][922]LogModuleManager: Shutting down and abandoning module MediaPlayerEditor (96)
[2015.03.20-22.00.20:638][922]LogModuleManager: Shutting down and abandoning module SpeedTreeImporter (95)
[2015.03.20-22.00.20:638][922]LogModuleManager: Shutting down and abandoning module PluginsEditor (94)
[2015.03.20-22.00.20:638][922]LogModuleManager: Shutting down and abandoning module MainFrame (93)
[2015.03.20-22.00.20:638][922]LogModuleManager: Shutting down and abandoning module EpicSurvey (92)
[2015.03.20-22.00.20:638][922]LogModuleManager: Shutting down and abandoning module DesktopPlatform (91)
[2015.03.20-22.00.20:638][922]LogModuleManager: Shutting down and abandoning module DirectoryWatcher (90)
[2015.03.20-22.00.20:638][922]LogModuleManager: Shutting down and abandoning module HotReload (89)
[2015.03.20-22.00.20:638][922]LogModuleManager: Shutting down and abandoning module VisualStudioSourceCodeAccess (88)
[2015.03.20-22.00.20:638][922]LogModuleManager: Shutting down and abandoning module UObjectPlugin (87)
[2015.03.20-22.00.20:638][922]LogModuleManager: Shutting down and abandoning module SubversionSourceControl (86)
[2015.03.20-22.00.20:638][922]LogModuleManager: Shutting down and abandoning module PerforceSourceControl (85)
[2015.03.20-22.00.20:638][922]LogModuleManager: Shutting down and abandoning module SourceControl (84)
[2015.03.20-22.00.20:639][922]LogModuleManager: Shutting down and abandoning module GitSourceControl (83)
[2015.03.20-22.00.20:639][922]LogModuleManager: Shutting down and abandoning module ConnexionPlugin (82)
[2015.03.20-22.00.20:639][922]LogModuleManager: Shutting down and abandoning module BlankPlugin (81)
[2015.03.20-22.00.20:639][922]LogModuleManager: Shutting down and abandoning module PaperTiledImporter (80)
[2015.03.20-22.00.20:639][922]LogModuleManager: Shutting down and abandoning module PaperJsonImporter (79)
[2015.03.20-22.00.20:639][922]LogModuleManager: Shutting down and abandoning module ContentBrowser (78)
[2015.03.20-22.00.20:640][922]LogModuleManager: Shutting down and abandoning module Paper2DEditor (77)
[2015.03.20-22.00.20:640][922]LogModuleManager: Shutting down and abandoning module ScriptPlugin (76)
[2015.03.20-22.00.20:640][922]LogModuleManager: Shutting down and abandoning module CoherentUIPlugin (75)
[2015.03.20-22.00.20:641][922]LogCoherentUI: CoherentUI plugin shut-down!
[2015.03.20-22.00.20:641][922]LogModuleManager: Shutting down and abandoning module UdpMessaging (74)
[2015.03.20-22.00.20:741][922]LogModuleManager: Shutting down and abandoning module Paper2D (73)
[2015.03.20-22.00.20:741][922]LogModuleManager: Shutting down and abandoning module WindowsMoviePlayer (72)
[2015.03.20-22.00.20:742][922]LogModuleManager: Shutting down and abandoning module Media (71)
[2015.03.20-22.00.20:742][922]LogModuleManager: Shutting down and abandoning module WmfMedia (70)
[2015.03.20-22.00.20:742][922]LogModuleManager: Shutting down and abandoning module OnlineBlueprintSupport (69)
[2015.03.20-22.00.20:742][922]LogModuleManager: Shutting down and abandoning module PropertyEditor (68)
[2015.03.20-22.00.20:742][922]LogModuleManager: Shutting down and abandoning module BehaviorTreeEditor (67)
[2015.03.20-22.00.20:743][922]LogModuleManager: Shutting down and abandoning module FunctionalTesting (66)
[2015.03.20-22.00.20:743][922]LogModuleManager: Shutting down and abandoning module CollisionAnalyzer (65)
[2015.03.20-22.00.20:743][922]LogModuleManager: Shutting down and abandoning module WorkspaceMenuStructure (64)
[2015.03.20-22.00.20:743][922]LogModuleManager: Shutting down and abandoning module MessageLog (63)
[2015.03.20-22.00.20:743][922]LogModuleManager: Shutting down and abandoning module Sequencer (62)
[2015.03.20-22.00.20:744][922]LogModuleManager: Shutting down and abandoning module AssetTools (61)
[2015.03.20-22.00.20:746][922]LogModuleManager: Shutting down and abandoning module UMGEditor (60)
[2015.03.20-22.00.20:746][922]LogModuleManager: Shutting down and abandoning module UMG (59)
[2015.03.20-22.00.20:746][922]LogModuleManager: Shutting down and abandoning module Slate (58)
[2015.03.20-22.00.20:746][922]LogModuleManager: Shutting down and abandoning module EditorStyle (57)
[2015.03.20-22.00.20:752][922]LogModuleManager: Shutting down and abandoning module SessionServices (56)
[2015.03.20-22.00.20:752][922]LogModuleManager: Shutting down and abandoning module SourceCodeAccess (55)
[2015.03.20-22.00.20:752][922]LogModuleManager: Shutting down and abandoning module HeadMountedDisplay (54)
[2015.03.20-22.00.20:752][922]LogModuleManager: Shutting down and abandoning module XAudio2 (53)
[2015.03.20-22.00.20:752][922]LogModuleManager: Shutting down and abandoning module Networking (51)
[2015.03.20-22.00.20:753][922]LogModuleManager: Shutting down and abandoning module Core (50)
[2015.03.20-22.00.20:753][922]LogModuleManager: Shutting down and abandoning module KismetCompiler (49)
[2015.03.20-22.00.20:753][922]LogModuleManager: Shutting down and abandoning module PhysXFormats (48)
[2015.03.20-22.00.20:753][922]LogModuleManager: Shutting down and abandoning module MeshUtilities (47)
[2015.03.20-22.00.20:754][922]LogModuleManager: Shutting down and abandoning module DerivedDataCache (46)
[2015.03.20-22.00.21:028][922]LogDerivedDataCache: Shutdown
[2015.03.20-22.00.21:028][922]LogModuleManager: Shutting down and abandoning module ShaderFormatOpenGL (45)
[2015.03.20-22.00.21:028][922]LogModuleManager: Shutting down and abandoning module ShaderFormatD3D (44)
[2015.03.20-22.00.21:028][922]LogModuleManager: Shutting down and abandoning module MetalShaderFormat (43)
[2015.03.20-22.00.21:029][922]LogModuleManager: Shutting down and abandoning module TextureFormatUncompressed (42)
[2015.03.20-22.00.21:029][922]LogModuleManager: Shutting down and abandoning module TextureFormatPVR (41)
[2015.03.20-22.00.21:029][922]LogModuleManager: Shutting down and abandoning module TextureFormatIntelISPCTexComp (40)
[2015.03.20-22.00.21:029][922]LogModuleManager: Shutting down and abandoning module TextureFormatDXT (39)
[2015.03.20-22.00.21:029][922]LogModuleManager: Shutting down and abandoning module ImageWrapper (38)
[2015.03.20-22.00.21:029][922]LogModuleManager: Shutting down and abandoning module TextureFormatASTC (37)
[2015.03.20-22.00.21:029][922]LogModuleManager: Shutting down and abandoning module AudioFormatOpus (36)
[2015.03.20-22.00.21:029][922]LogModuleManager: Shutting down and abandoning module AudioFormatOgg (35)
[2015.03.20-22.00.21:029][922]LogModuleManager: Shutting down and abandoning module AudioFormatADPCM (34)
[2015.03.20-22.00.21:029][922]LogModuleManager: Shutting down and abandoning module Messaging (33)
[2015.03.20-22.00.21:029][922]LogModuleManager: Shutting down and abandoning module IOSTargetPlatform (32)
[2015.03.20-22.00.21:029][922]LogModuleManager: Shutting down and abandoning module HTML5TargetPlatform (31)
[2015.03.20-22.00.21:029][922]LogModuleManager: Shutting down and abandoning module Android_PVRTCTargetPlatform (30)
[2015.03.20-22.00.21:029][922]LogModuleManager: Shutting down and abandoning module Android_ETC2TargetPlatform (29)
[2015.03.20-22.00.21:029][922]LogModuleManager: Shutting down and abandoning module Android_ETC1TargetPlatform (28)
[2015.03.20-22.00.21:029][922]LogModuleManager: Shutting down and abandoning module Android_DXTTargetPlatform (27)
[2015.03.20-22.00.21:029][922]LogModuleManager: Shutting down and abandoning module Android_ATCTargetPlatform (26)
[2015.03.20-22.00.21:029][922]LogModuleManager: Shutting down and abandoning module AndroidTargetPlatform (25)
[2015.03.20-22.00.21:029][922]LogModuleManager: Shutting down and abandoning module WindowsTargetPlatform (24)
[2015.03.20-22.00.21:029][922]LogModuleManager: Shutting down and abandoning module WindowsServerTargetPlatform (23)
[2015.03.20-22.00.21:029][922]LogModuleManager: Shutting down and abandoning module WindowsNoEditorTargetPlatform (22)
[2015.03.20-22.00.21:029][922]LogModuleManager: Shutting down and abandoning module WindowsClientTargetPlatform (21)
[2015.03.20-22.00.21:029][922]LogModuleManager: Shutting down and abandoning module TargetPlatform (20)
[2015.03.20-22.00.21:029][922]LogModuleManager: Shutting down and abandoning module InputCore (19)
[2015.03.20-22.00.21:029][922]LogModuleManager: Shutting down and abandoning module Settings (18)
[2015.03.20-22.00.21:029][922]LogModuleManager: Shutting down and abandoning module OnlineSubsystem (16)
[2015.03.20-22.00.21:029][922]LogModuleManager: Shutting down and abandoning module OculusRift (15)
[2015.03.20-22.00.21:029][922]LogModuleManager: Shutting down and abandoning module ExampleDeviceProfileSelector (14)
[2015.03.20-22.00.21:030][922]LogModuleManager: Shutting down and abandoning module TextureCompressor (13)
[2015.03.20-22.00.21:030][922]LogModuleManager: Shutting down and abandoning module ShaderCore (12)
[2015.03.20-22.00.21:030][922]LogModuleManager: Shutting down and abandoning module Landscape (11)
[2015.03.20-22.00.21:030][922]LogModuleManager: Shutting down and abandoning module SlateRHIRenderer (10)
[2015.03.20-22.00.21:031][922]LogModuleManager: Shutting down and abandoning module OpenGLDrv (9)
[2015.03.20-22.00.21:031][922]LogModuleManager: Shutting down and abandoning module D3D11RHI (8)
[2015.03.20-22.00.21:032][922]LogModuleManager: Shutting down and abandoning module Renderer (7)
[2015.03.20-22.00.21:032][922]LogModuleManager: Shutting down and abandoning module Engine (6)
[2015.03.20-22.00.21:032][922]LogModuleManager: Shutting down and abandoning module CoreUObject (5)
[2015.03.20-22.00.21:032][922]LogModuleManager: Shutting down and abandoning module NetworkFile (4)
[2015.03.20-22.00.21:032][922]LogModuleManager: Shutting down and abandoning module StreamingFile (3)
[2015.03.20-22.00.21:032][922]LogModuleManager: Shutting down and abandoning module SandboxFile (2)
[2015.03.20-22.00.21:032][922]LogModuleManager: Shutting down and abandoning module PakFile (1)
[2015.03.20-22.00.21:033][922]LogExit: Exiting.
[2015.03.20-22.00.21:041][922]Log file closed, 03/20/15 15:00:21
