Log file open, 03/16/15 21:09:06
LogInit:Display: Running engine for game: Karaage
LogInit: Version: 4.7.1-0+++depot+UE4-Releases+4.7
LogInit: API Version: 0
LogInit: Compiled (64-bit): Mar 11 2015 04:45:01
LogInit: Compiled with Visual C++: 18.00.31101.00
LogInit: Build Configuration: Development
LogInit: Branch Name: ++depot+UE4-Releases+4.7
LogInit: Command line: 
LogInit: Base directory: C:/Users/bhnas_000/Documents/UnrealEngine/Engine/Binaries/Win64/
LogInit: Rocket: 0
[2015.03.17-04.09.06:599][  0]LogTaskGraph: Started task graph with 3 named threads and 6 total threads.
[2015.03.17-04.09.06:653][  0]LogOnline:Warning: No default platform service specified for OnlineSubsystem
[2015.03.17-04.09.06:663][  0]LogInit: Presizing for 0 objects not considered by GC, pre-allocating 0 bytes.
[2015.03.17-04.09.06:672][  0]LogInit: Object subsystem initialized
[2015.03.17-04.09.06:673][  0]LogConsoleResponse:Warning: Skipping Unknown console variable: 'UIScaleRule = ShortestSide'
[2015.03.17-04.09.06:673][  0]LogConsoleResponse:Warning:   Found in ini file 'C:/Users/bhnas_000/Documents/Unreal Projects/Karaage/Editor/Saved/Config/Windows/Engine.ini', in section '[/Script/Engine.RendererSettings]'
[2015.03.17-04.09.06:673][  0]LogConsoleResponse:Warning: Skipping Unknown console variable: 'UIScaleCurve = (EditorCurveData=(Keys=),ExternalCurve=None)'
[2015.03.17-04.09.06:673][  0]LogConsoleResponse:Warning:   Found in ini file 'C:/Users/bhnas_000/Documents/Unreal Projects/Karaage/Editor/Saved/Config/Windows/Engine.ini', in section '[/Script/Engine.RendererSettings]'
[2015.03.17-04.09.06:673][  0]LogConsoleResponse:Warning: Skipping Unknown console variable: 'r.SeperateTranslucency = 0'
[2015.03.17-04.09.06:673][  0]LogConsoleResponse:Warning:   Found in ini file 'C:/Users/bhnas_000/Documents/Unreal Projects/Karaage/Editor/Saved/Config/Windows/Engine.ini', in section '[/Script/Engine.RendererSettings]'
[2015.03.17-04.09.06:673][  0]LogConsoleResponse:Warning: Skipping Unknown console variable: 'r.SSSSS = 0'
[2015.03.17-04.09.06:673][  0]LogConsoleResponse:Warning:   Found in ini file 'C:/Users/bhnas_000/Documents/Unreal Projects/Karaage/Editor/Saved/Config/Windows/Engine.ini', in section '[/Script/Engine.RendererSettings]'
[2015.03.17-04.09.06:674][  0]LogConsoleManager:Warning: Console variable 'r.PostProcessAAQuality' wasn't set (Priority ProjectSetting < Scalability)
[2015.03.17-04.09.06:674][  0]LogConsoleManager:Warning: Console variable 'r.MSAA.CompositingSampleCount' wasn't set (Priority ProjectSetting < Scalability)
[2015.03.17-04.09.06:674][  0]LogConsoleManager:Warning: Console variable 'r.MotionBlurQuality' wasn't set (Priority ProjectSetting < Scalability)
[2015.03.17-04.09.06:674][  0]LogConsoleManager:Warning: Console variable 'r.AmbientOcclusionLevels' wasn't set (Priority ProjectSetting < Scalability)
[2015.03.17-04.09.06:674][  0]LogConsoleManager:Warning: Console variable 'r.DepthOfFieldQuality' wasn't set (Priority ProjectSetting < Scalability)
[2015.03.17-04.09.06:674][  0]LogConsoleManager:Warning: Console variable 'r.LensFlareQuality' wasn't set (Priority ProjectSetting < Scalability)
[2015.03.17-04.09.06:674][  0]LogConsoleManager:Warning: Console variable 'r.SceneColorFringeQuality' wasn't set (Priority ProjectSetting < Scalability)
[2015.03.17-04.09.06:674][  0]LogConsoleManager:Warning: Console variable 'r.BloomQuality' wasn't set (Priority ProjectSetting < Scalability)
[2015.03.17-04.09.06:674][  0]LogConsoleManager:Warning: Console variable 'r.FastBlurThreshold' wasn't set (Priority ProjectSetting < Scalability)
[2015.03.17-04.09.06:674][  0]LogConsoleManager:Warning: Console variable 'r.MaxAnisotropy' wasn't set (Priority ProjectSetting < Scalability)
[2015.03.17-04.09.06:674][  0]LogConsoleManager:Warning: Console variable 'r.SSR.Quality' wasn't set (Priority ProjectSetting < Scalability)
[2015.03.17-04.09.06:674][  0]LogConsoleManager:Warning: Console variable 'r.TranslucencyVolumeBlur' wasn't set (Priority ProjectSetting < Scalability)
[2015.03.17-04.09.06:674][  0]LogInit: Selected Device Profile: [Windows]
[2015.03.17-04.09.06:674][  0]LogInit: Applying CVar settings loaded from the selected device profile: [Windows]
[2015.03.17-04.09.06:679][  0]LogInit: Computer: AWESOME-BOX
[2015.03.17-04.09.06:679][  0]LogInit: User: Benhan
[2015.03.17-04.09.06:679][  0]LogInit: CPU Page size=4096, Cores=4
[2015.03.17-04.09.06:679][  0]LogInit: High frequency timer resolution =3.330095 MHz
[2015.03.17-04.09.06:679][  0]LogMemory: Memory total: Physical=15.9GB (16GB approx) Virtual=8192.0GB
[2015.03.17-04.09.06:679][  0]LogMemory: Platform Memory Stats for Windows
[2015.03.17-04.09.06:679][  0]LogMemory: Process Physical Memory: 46.97 MB used, 46.97 MB peak
[2015.03.17-04.09.06:679][  0]LogMemory: Process Virtual Memory: 23.38 MB used, 23.39 MB peak
[2015.03.17-04.09.06:679][  0]LogMemory: Physical Memory: 3315.08 MB used, 16330.08 MB total
[2015.03.17-04.09.06:679][  0]LogMemory: Virtual Memory: 285.62 MB used, 8388608.00 MB total
[2015.03.17-04.09.06:698][  0]LogD3D11RHI: Found D3D11 adapter 0: NVIDIA GeForce GTX 680 (Feature Level 11_0)
[2015.03.17-04.09.06:698][  0]LogD3D11RHI: Adapter has 1986MB of dedicated video memory, 0MB of dedicated system memory, and 2048MB of shared system memory, 1 output[s]
[2015.03.17-04.09.06:699][  0]LogD3D11RHI: Found D3D11 adapter 1: Microsoft Basic Render Driver (Feature Level 11_0)
[2015.03.17-04.09.06:699][  0]LogD3D11RHI: Adapter has 0MB of dedicated video memory, 0MB of dedicated system memory, and 256MB of shared system memory, 0 output[s]
[2015.03.17-04.09.06:699][  0]LogD3D11RHI: Chosen D3D11 Adapter Id = 0
[2015.03.17-04.09.06:701][  0]LogRHI: Texture pool is 1361 MB (70% of 1945 MB)
[2015.03.17-04.09.06:707][  0]LogD3D11RHI: Async texture creation enabled
[2015.03.17-04.09.06:760][  0]LogTextLocalizationManager: The requested culture ('en_US') has no localization data; parent culture's ('en') localization data will be used.
[2015.03.17-04.09.06:878][  0]LogContentStreaming: Texture pool size is 0.000000MB
[2015.03.17-04.09.08:983][  0]LogTargetPlatformManager:Display: Building Assets For Windows
[2015.03.17-04.09.09:401][  0]LogTargetPlatformManager:Display: Building Assets For Windows
[2015.03.17-04.09.09:453][  0]LogDerivedDataCache:Display: Max Cache Size: 512 MB
[2015.03.17-04.09.09:485][  0]LogDerivedDataCache: Loaded boot cache 0.03s 40MB ../../../../Unreal Projects/Karaage/Editor/DerivedDataCache/Boot.ddc.
[2015.03.17-04.09.09:485][  0]LogDerivedDataCache:Display: Loaded Boot cache: ../../../../Unreal Projects/Karaage/Editor/DerivedDataCache/Boot.ddc
[2015.03.17-04.09.09:485][  0]LogDerivedDataCache: FDerivedDataBackendGraph:  Pak pak cache file ../../../../Unreal Projects/Karaage/Editor/DerivedDataCache/DDC.ddp not found, will not use a pak cache.
[2015.03.17-04.09.09:485][  0]LogDerivedDataCache: Unable to find inner node Pak for hierarchical cache Hierarchy.
[2015.03.17-04.09.09:485][  0]LogDerivedDataCache: FDerivedDataBackendGraph:  EnginePak pak cache file ../../../Engine/DerivedDataCache/DDC.ddp not found, will not use a pak cache.
[2015.03.17-04.09.09:485][  0]LogDerivedDataCache: Unable to find inner node EnginePak for hierarchical cache Hierarchy.
[2015.03.17-04.09.09:497][  0]LogDerivedDataCache: Using Local data cache path ../../../Engine/DerivedDataCache: Writable
[2015.03.17-04.09.09:497][  0]LogDerivedDataCache: Shared data cache path not found in *engine.ini, will not use an Shared cache.
[2015.03.17-04.09.09:497][  0]LogDerivedDataCache: Unable to find inner node Shared for hierarchical cache Hierarchy.
[2015.03.17-04.09.09:754][  0]LogMeshUtilities: No automatic mesh reduction module available
[2015.03.17-04.09.09:754][  0]LogMeshUtilities: No automatic mesh merging module available
[2015.03.17-04.09.10:094][  0]LogInit: WinSock: version 1.1 (2.2), MaxSocks=32767, MaxUdp=65467
[2015.03.17-04.09.10:154][  0]LogSlate:Warning: Failed to load font data from '../../../Engine/Content/Slate/Fonts/Roboto-Italic.ttf'
[2015.03.17-04.09.10:807][  0]UdpMessaging: Initializing bridge on interface 0.0.0.0:0 to multicast group 230.0.0.1:6666.
[2015.03.17-04.09.10:874][  0]LogCoherentUI: CoherentUI plugin initialized!
[2015.03.17-04.09.10:941][  0]LogTemp:Warning: Chai3DPlugin initiated!





[2015.03.17-04.09.11:010][  0]SourceControl: Info Source control is disabled
[2015.03.17-04.09.11:010][  0]SourceControl: Info Source control is disabled
[2015.03.17-04.09.11:010][  0]SourceControl: Info Source control is disabled
[2015.03.17-04.09.11:010][  0]LogSourceControl: RunCommandInternalRaw: 'git version'
[2015.03.17-04.09.11:010][  0]LogSourceControl: RunCommandInternalRaw: ExecProcess ReturnCode=2 OutResults=''
[2015.03.17-04.09.11:017][  0]SourceControl: Info Source control is disabled
[2015.03.17-04.09.11:241][  0]LogCoherentUIEditor: Coherent UI Editor plugin initialized!
[2015.03.17-04.09.11:270][  0]LogObj: 24725 objects as part of root set at end of initial load.
[2015.03.17-04.09.11:270][  0]LogUObjectAllocator: 5310936 out of 0 bytes used by permanent object pool.
[2015.03.17-04.09.11:344][  0]LogEngine: Initializing Engine...
[2015.03.17-04.09.13:523][  0]LogInit: XAudio2 using 'Speakers (High Definition Audio Device)' : 2 channels at 44.1 kHz using 16 bits per sample (channel mask 0x3)
[2015.03.17-04.09.13:531][  0]LogInit: FAudioDevice initialized.
[2015.03.17-04.09.13:560][  0]LogAIModule: Creating AISystem for world NewWorld
[2015.03.17-04.09.13:577][  0]LogDerivedDataCache: Saved boot cache 0.02s 40MB ../../../../Unreal Projects/Karaage/Editor/DerivedDataCache/Boot.ddc.
[2015.03.17-04.09.13:581][  0]LogInit: Texture streaming: Enabled
[2015.03.17-04.09.13:610][  0]LogAnalytics: Creating configured Analytics provider AnalyticsET
[2015.03.17-04.09.13:610][  0]LogAnalytics: ET APIKey = UnrealEngine.Release. APIServer = http://etsource.epicgames.com/ET2/. AppVersion = 4.7.1-0+++depot+UE4-Releases+4.7
[2015.03.17-04.09.13:610][  0]LogAnalytics: SetUserId df7e18ac4face5c1a4653aaf6d2584dc|2ed71ecbfc7f45179b9f57239c0b84a9|14c1e869-eef3-48db-bcdf-4018b2e6672e
[2015.03.17-04.09.13:610][  0]LogAnalytics: AnalyticsET::StartSession [UnrealEngine.Release]
[2015.03.17-04.09.13:627][  0]LogInit: Transaction tracking system initialized
[2015.03.17-04.09.13:725][  0]BlueprintLog: New page: Editor Load
[2015.03.17-04.09.13:755][  0]LogAssetRegistry: FAssetRegistry took 0.0102 seconds to start up
[2015.03.17-04.09.13:755][  0]LogDirectoryWatcher:Warning: Failed to begin reading directory changes for ../../../Engine/Plugins/Experimental/CharacterAI/Content/. Error: 0
[2015.03.17-04.09.14:202][  0]LogTargetPlatformManager:Display: Building Assets For Windows
[2015.03.17-04.09.14:498][  0]LogTargetPlatformManager:Display: Building Assets For Windows
[2015.03.17-04.09.14:709][  0]LogSlate:Warning: Failed to load font data from '../../../Engine/Content/Editor/Slate/Fonts/Roboto-Regular.ttf'
[2015.03.17-04.09.14:710][  0]LogSlate:Warning: Failed to load font data from '../../../Engine/Content/Editor/Slate/Fonts/Roboto-Bold.ttf'
[2015.03.17-04.09.14:714][  0]LogConsoleResponse:Display: 
[2015.03.17-04.09.14:835][  0]LogCook:Display: Done creating registry. It took  0.00s.
[2015.03.17-04.09.14:948][  0]SourceControl: Info Source control is disabled
[2015.03.17-04.09.14:948][  0]Cmd: MAP LOAD FILE="../../../../Unreal Projects/Karaage/Editor/Content/StarterContent/PrototypingMap.umap" TEMPLATE=0 SHOWPROGRESS=1 FEATURELEVEL=3
[2015.03.17-04.09.14:949][  0]LightingResults: New page: Lighting Build
[2015.03.17-04.09.14:959][  0]MapCheck: New page: Map Check
[2015.03.17-04.09.14:959][  0]LightingResults: New page: Lighting Build
[2015.03.17-04.09.14:965][  0]LogParticles: Destroying 0 GPU particle simulations for FXSystem 0x000000AB6CA16AC0
[2015.03.17-04.09.16:750][  0]LogEditorServer: Finished looking for orphan Actors (0.000 secs)
[2015.03.17-04.09.16:750][  0]LogAIModule: Creating AISystem for world PrototypingMap
[2015.03.17-04.09.16:750][  0]Cmd: MAP CHECKDEP
[2015.03.17-04.09.16:750][  0]MapCheck: New page: PrototypingMap - Mar 16, 2015, 2:09:16 PM
[2015.03.17-04.09.16:873][  0]MapCheck:Warning: Warning StaticMesh4 StaticMeshComponent /Game/StarterContent/PrototypingMap.PrototypingMap:PersistentLevel.Blueprint_Axes_C_0.StaticMesh4 : Externally referenced 
[2015.03.17-04.09.16:873][  0]MapCheck:Warning: Warning StaticMesh6 StaticMeshComponent /Game/StarterContent/PrototypingMap.PrototypingMap:PersistentLevel.Blueprint_Axes_C_0.StaticMesh6 : Externally referenced 
[2015.03.17-04.09.16:873][  0]MapCheck:Warning: Warning StaticMesh1 StaticMeshComponent /Game/StarterContent/PrototypingMap.PrototypingMap:PersistentLevel.Blueprint_Axes_C_0.StaticMesh1 : Externally referenced 
[2015.03.17-04.09.16:874][  0]MapCheck:Warning: Warning StaticMesh2 StaticMeshComponent /Game/StarterContent/PrototypingMap.PrototypingMap:PersistentLevel.Blueprint_Axes_C_0.StaticMesh2 : Externally referenced 
[2015.03.17-04.09.16:874][  0]MapCheck:Warning: Warning StaticMesh3 StaticMeshComponent /Game/StarterContent/PrototypingMap.PrototypingMap:PersistentLevel.Blueprint_Axes_C_0.StaticMesh3 : Externally referenced 
[2015.03.17-04.09.16:874][  0]MapCheck:Warning: Warning StaticMesh5 StaticMeshComponent /Game/StarterContent/PrototypingMap.PrototypingMap:PersistentLevel.Blueprint_Axes_C_0.StaticMesh5 : Externally referenced 
[2015.03.17-04.09.16:874][  0]MapCheck:Warning: Warning StaticMesh1 StaticMeshComponent /Game/StarterContent/PrototypingMap.PrototypingMap:PersistentLevel.Blueprint_Axes_C_0.StaticMesh1 : Externally referenced 
[2015.03.17-04.09.16:874][  0]MapCheck:Warning: Warning StaticMesh5 StaticMeshComponent /Game/StarterContent/PrototypingMap.PrototypingMap:PersistentLevel.Blueprint_Axes_C_0.StaticMesh5 : Externally referenced 
[2015.03.17-04.09.16:874][  0]MapCheck:Warning: Warning StaticMesh6 StaticMeshComponent /Game/StarterContent/PrototypingMap.PrototypingMap:PersistentLevel.Blueprint_Axes_C_0.StaticMesh6 : Externally referenced 
[2015.03.17-04.09.16:874][  0]MapCheck:Warning: Warning StaticMesh2 StaticMeshComponent /Game/StarterContent/PrototypingMap.PrototypingMap:PersistentLevel.Blueprint_Axes_C_0.StaticMesh2 : Externally referenced 
[2015.03.17-04.09.16:874][  0]MapCheck:Warning: Warning StaticMesh3 StaticMeshComponent /Game/StarterContent/PrototypingMap.PrototypingMap:PersistentLevel.Blueprint_Axes_C_0.StaticMesh3 : Externally referenced 
[2015.03.17-04.09.16:874][  0]MapCheck:Warning: Warning StaticMesh4 StaticMeshComponent /Game/StarterContent/PrototypingMap.PrototypingMap:PersistentLevel.Blueprint_Axes_C_0.StaticMesh4 : Externally referenced 
[2015.03.17-04.09.16:874][  0]MapCheck:Warning: Warning StaticMeshComponent0 StaticMeshComponent /Game/StarterContent/PrototypingMap.PrototypingMap:PersistentLevel.SM_Template_Map_Floor_7.StaticMeshComponent0 : Externally referenced 
[2015.03.17-04.09.16:874][  0]MapCheck:Warning: Warning ModelComponent_0 ModelComponent /Game/StarterContent/PrototypingMap.PrototypingMap:PersistentLevel.ModelComponent_0 : Externally referenced 
[2015.03.17-04.09.16:874][  0]MapCheck:Warning: Warning ModelComponent_1 ModelComponent /Game/StarterContent/PrototypingMap.PrototypingMap:PersistentLevel.ModelComponent_1 : Externally referenced 
[2015.03.17-04.09.16:875][  0]MapCheck:Warning: Warning ModelComponent_2 ModelComponent /Game/StarterContent/PrototypingMap.PrototypingMap:PersistentLevel.ModelComponent_2 : Externally referenced 
[2015.03.17-04.09.16:875][  0]MapCheck:Warning: Warning ModelComponent_3 ModelComponent /Game/StarterContent/PrototypingMap.PrototypingMap:PersistentLevel.ModelComponent_3 : Externally referenced 
[2015.03.17-04.09.16:875][  0]MapCheck:Warning: Warning Model_3 Model /Game/StarterContent/PrototypingMap.PrototypingMap:PersistentLevel.Model_3 : Externally referenced 
[2015.03.17-04.09.16:875][  0]MapCheck:Warning: Warning Polys_82 Polys /Game/StarterContent/PrototypingMap.PrototypingMap:PersistentLevel.BoxBrush.Model_18.Polys_82 : Externally referenced 
[2015.03.17-04.09.16:875][  0]MapCheck:Warning: Warning Polys_123 Polys /Game/StarterContent/PrototypingMap.PrototypingMap:PersistentLevel.BoxBrush2.Model_18.Polys_123 : Externally referenced 
[2015.03.17-04.09.16:875][  0]MapCheck:Warning: Warning Polys_145 Polys /Game/StarterContent/PrototypingMap.PrototypingMap:PersistentLevel.BoxBrush3.Model_19.Polys_145 : Externally referenced 
[2015.03.17-04.09.16:875][  0]MapCheck:Warning: Warning Polys_198 Polys /Game/StarterContent/PrototypingMap.PrototypingMap:PersistentLevel.BoxBrush4.Model_19.Polys_198 : Externally referenced 
[2015.03.17-04.09.16:875][  0]MapCheck:Warning: Warning StaticMeshComponent0 StaticMeshComponent /Game/StarterContent/PrototypingMap.PrototypingMap:PersistentLevel.Cursor.StaticMeshComponent0 : Externally referenced 
[2015.03.17-04.09.16:875][  0]MapCheck: Info Map check complete: 0 Error(s), 23 Warning(s), took 124.901ms to complete.
[2015.03.17-04.09.16:881][  0]LogFileHelpers: Loading map 'PrototypingMap' took 1.933
[2015.03.17-04.09.16:952][  0]LogCollectionManager: Loaded 0 collections in 0.001234 seconds
[2015.03.17-04.09.16:960][  0]LogContentBrowser: Native class hierarchy populated in 0.0082 seconds. Added 1710 classes and 263 folders.
[2015.03.17-04.09.17:029][  0]LogContentBrowser: Native class hierarchy updated for 'SceneOutliner' in 0.0025 seconds. Added 1 classes and 2 folders.
[2015.03.17-04.09.17:057][  0]LogCoherentUIEditor: Starting Extension logic
[2015.03.17-04.09.17:078][  0]LogCrashTracker: Crashtracker disabled due to settings.
[2015.03.17-04.09.17:079][  0]LogSlate:Warning: Failed to load font data from 'Veranda'
[2015.03.17-04.09.17:113][  0]LogLoad: Full Startup: 12.48 seconds (BP compile: 0.65 seconds)
[2015.03.17-04.09.17:121][  0]LogTemp:Warning: Created new input device!





[2015.03.17-04.09.17:125][  0]LogTemp:Warning: Sending analog controller event!
[2015.03.17-04.09.17:150][  0]LogContentBrowser:Verbose: The content browser source was changed by the sources view to '/Game/StarterContent/Blueprints'
[2015.03.17-04.09.17:323][  0]LogRenderer:Warning: Reallocating scene render targets to support 936x568 (Frame:2).
[2015.03.17-04.09.17:457][  1]LogTemp:Warning: Sending analog controller event!
[2015.03.17-04.09.17:510][  2]LogTemp:Warning: Sending analog controller event!
[2015.03.17-04.09.17:575][  3]LogTemp:Warning: Sending analog controller event!
[2015.03.17-04.09.17:608][  4]LogTemp:Warning: Sending analog controller event!
[2015.03.17-04.09.17:612][  4]LogAssetRegistry: Asset discovery search completed in 3.8675 seconds
[2015.03.17-04.09.17:646][  5]LogTemp:Warning: Sending analog controller event!
[2015.03.17-04.09.17:662][  6]LogTemp:Warning: Sending analog controller event!
[2015.03.17-04.09.17:685][  7]LogTemp:Warning: Sending analog controller event!
[2015.03.17-04.09.17:700][  8]LogTemp:Warning: Sending analog controller event!
[2015.03.17-04.09.17:718][  9]LogTemp:Warning: Sending analog controller event!
[2015.03.17-04.09.17:740][ 10]LogTemp:Warning: Sending analog controller event!
[2015.03.17-04.09.17:753][ 11]LogTemp:Warning: Sending analog controller event!
[2015.03.17-04.09.17:765][ 12]LogTemp:Warning: Sending analog controller event!
[2015.03.17-04.09.17:781][ 13]LogTemp:Warning: Sending analog controller event!
[2015.03.17-04.09.17:797][ 14]LogTemp:Warning: Sending analog controller event!
[2015.03.17-04.09.17:810][ 15]LogTemp:Warning: Sending analog controller event!
[2015.03.17-04.09.17:827][ 16]LogTemp:Warning: Sending analog controller event!
[2015.03.17-04.09.17:840][ 17]LogTemp:Warning: Sending analog controller event!
[2015.03.17-04.09.17:857][ 18]LogTemp:Warning: Sending analog controller event!
[2015.03.17-04.09.17:875][ 19]LogTemp:Warning: Sending analog controller event!
[2015.03.17-04.09.17:893][ 20]LogTemp:Warning: Sending analog controller event!
[2015.03.17-04.09.17:911][ 21]LogTemp:Warning: Sending analog controller event!
[2015.03.17-04.09.17:928][ 22]LogTemp:Warning: Sending analog controller event!
[2015.03.17-04.09.17:944][ 23]LogTemp:Warning: Sending analog controller event!
[2015.03.17-04.09.17:960][ 24]LogTemp:Warning: Sending analog controller event!
[2015.03.17-04.09.17:976][ 25]LogTemp:Warning: Sending analog controller event!
[2015.03.17-04.09.17:993][ 26]LogTemp:Warning: Sending analog controller event!
[2015.03.17-04.09.18:009][ 27]LogTemp:Warning: Sending analog controller event!
[2015.03.17-04.09.18:026][ 28]LogTemp:Warning: Sending analog controller event!
[2015.03.17-04.09.18:043][ 29]LogTemp:Warning: Sending analog controller event!
[2015.03.17-04.09.18:059][ 30]LogTemp:Warning: Sending analog controller event!
[2015.03.17-04.09.18:076][ 31]LogTemp:Warning: Sending analog controller event!
[2015.03.17-04.09.18:093][ 32]LogTemp:Warning: Sending analog controller event!
[2015.03.17-04.09.18:109][ 33]LogTemp:Warning: Sending analog controller event!
[2015.03.17-04.09.18:126][ 34]LogTemp:Warning: Sending analog controller event!
[2015.03.17-04.09.18:155][ 35]LogTemp:Warning: Sending analog controller event!
[2015.03.17-04.09.18:163][ 36]LogTemp:Warning: Sending analog controller event!
[2015.03.17-04.09.18:178][ 37]LogTemp:Warning: Sending analog controller event!
[2015.03.17-04.09.18:195][ 38]LogTemp:Warning: Sending analog controller event!
[2015.03.17-04.09.18:211][ 39]LogTemp:Warning: Sending analog controller event!
[2015.03.17-04.09.18:226][ 40]LogTemp:Warning: Sending analog controller event!
[2015.03.17-04.09.18:243][ 41]LogTemp:Warning: Sending analog controller event!
[2015.03.17-04.09.18:259][ 42]LogTemp:Warning: Sending analog controller event!
[2015.03.17-04.09.18:276][ 43]LogTemp:Warning: Sending analog controller event!
[2015.03.17-04.09.18:307][ 44]LogTemp:Warning: Sending analog controller event!
[2015.03.17-04.09.18:327][ 45]LogTemp:Warning: Sending analog controller event!
[2015.03.17-04.09.18:347][ 46]LogTemp:Warning: Sending analog controller event!
[2015.03.17-04.09.18:367][ 47]LogTemp:Warning: Sending analog controller event!
[2015.03.17-04.09.18:374][ 48]LogTemp:Warning: Sending analog controller event!
[2015.03.17-04.09.18:391][ 49]LogTemp:Warning: Sending analog controller event!
[2015.03.17-04.09.18:408][ 50]LogTemp:Warning: Sending analog controller event!
[2015.03.17-04.09.18:425][ 51]LogTemp:Warning: Sending analog controller event!
[2015.03.17-04.09.18:442][ 52]LogTemp:Warning: Sending analog controller event!
[2015.03.17-04.09.18:459][ 53]LogTemp:Warning: Sending analog controller event!
[2015.03.17-04.09.18:477][ 54]LogTemp:Warning: Sending analog controller event!
[2015.03.17-04.09.18:494][ 55]LogTemp:Warning: Sending analog controller event!
[2015.03.17-04.09.18:509][ 56]LogTemp:Warning: Sending analog controller event!
[2015.03.17-04.09.18:526][ 57]LogTemp:Warning: Sending analog controller event!
[2015.03.17-04.09.18:543][ 58]LogTemp:Warning: Sending analog controller event!
[2015.03.17-04.09.18:560][ 59]LogTemp:Warning: Sending analog controller event!
[2015.03.17-04.09.18:576][ 60]LogTemp:Warning: Sending analog controller event!
[2015.03.17-04.09.18:593][ 61]LogTemp:Warning: Sending analog controller event!
[2015.03.17-04.09.18:609][ 62]LogTemp:Warning: Sending analog controller event!
[2015.03.17-04.09.18:625][ 63]LogTemp:Warning: Sending analog controller event!
[2015.03.17-04.09.18:642][ 64]LogTemp:Warning: Sending analog controller event!
[2015.03.17-04.09.18:658][ 65]LogTemp:Warning: Sending analog controller event!
[2015.03.17-04.09.18:675][ 66]LogTemp:Warning: Sending analog controller event!
[2015.03.17-04.09.18:699][ 67]LogTemp:Warning: Sending analog controller event!
[2015.03.17-04.09.18:715][ 68]LogTemp:Warning: Sending analog controller event!
[2015.03.17-04.09.18:730][ 69]LogTemp:Warning: Sending analog controller event!
[2015.03.17-04.09.18:746][ 70]LogTemp:Warning: Sending analog controller event!
[2015.03.17-04.09.18:762][ 71]LogTemp:Warning: Sending analog controller event!
[2015.03.17-04.09.18:777][ 72]LogTemp:Warning: Sending analog controller event!
[2015.03.17-04.09.18:793][ 73]LogTemp:Warning: Sending analog controller event!
[2015.03.17-04.09.18:809][ 74]LogTemp:Warning: Sending analog controller event!
[2015.03.17-04.09.18:825][ 75]LogTemp:Warning: Sending analog controller event!
[2015.03.17-04.09.18:841][ 76]LogTemp:Warning: Sending analog controller event!
[2015.03.17-04.09.18:858][ 77]LogTemp:Warning: Sending analog controller event!
[2015.03.17-04.09.18:874][ 78]LogTemp:Warning: Sending analog controller event!
[2015.03.17-04.09.18:890][ 79]LogTemp:Warning: Sending analog controller event!
[2015.03.17-04.09.18:906][ 80]LogTemp:Warning: Sending analog controller event!
[2015.03.17-04.09.18:923][ 81]LogTemp:Warning: Sending analog controller event!
[2015.03.17-04.09.18:940][ 82]LogTemp:Warning: Sending analog controller event!
[2015.03.17-04.09.18:956][ 83]LogTemp:Warning: Sending analog controller event!
[2015.03.17-04.09.18:972][ 84]LogTemp:Warning: Sending analog controller event!
[2015.03.17-04.09.18:989][ 85]LogTemp:Warning: Sending analog controller event!
[2015.03.17-04.09.19:007][ 86]LogTemp:Warning: Sending analog controller event!
[2015.03.17-04.09.19:023][ 87]LogTemp:Warning: Sending analog controller event!
[2015.03.17-04.09.19:040][ 88]LogTemp:Warning: Sending analog controller event!
[2015.03.17-04.09.19:056][ 89]LogTemp:Warning: Sending analog controller event!
[2015.03.17-04.09.19:073][ 90]LogTemp:Warning: Sending analog controller event!
[2015.03.17-04.09.19:089][ 91]LogTemp:Warning: Sending analog controller event!
[2015.03.17-04.09.19:105][ 92]LogTemp:Warning: Sending analog controller event!
[2015.03.17-04.09.19:122][ 93]LogTemp:Warning: Sending analog controller event!
[2015.03.17-04.09.19:138][ 94]LogTemp:Warning: Sending analog controller event!
[2015.03.17-04.09.19:154][ 95]LogTemp:Warning: Sending analog controller event!
[2015.03.17-04.09.19:171][ 96]LogTemp:Warning: Sending analog controller event!
[2015.03.17-04.09.19:187][ 97]LogTemp:Warning: Sending analog controller event!
[2015.03.17-04.09.19:204][ 98]LogTemp:Warning: Sending analog controller event!
[2015.03.17-04.09.19:220][ 99]LogTemp:Warning: Sending analog controller event!
[2015.03.17-04.09.19:237][100]LogTemp:Warning: Sending analog controller event!
[2015.03.17-04.09.19:253][101]LogTemp:Warning: Sending analog controller event!
[2015.03.17-04.09.19:269][102]LogTemp:Warning: Sending analog controller event!
[2015.03.17-04.09.19:286][103]LogTemp:Warning: Sending analog controller event!
[2015.03.17-04.09.19:296][104]LogTemp:Warning: Sending analog controller event!
[2015.03.17-04.09.19:305][105]LogTemp:Warning: Sending analog controller event!
[2015.03.17-04.09.19:313][106]LogTemp:Warning: Sending analog controller event!
[2015.03.17-04.09.19:321][107]LogTemp:Warning: Sending analog controller event!
[2015.03.17-04.09.19:330][108]LogTemp:Warning: Sending analog controller event!
[2015.03.17-04.09.19:338][109]LogTemp:Warning: Sending analog controller event!
[2015.03.17-04.09.19:346][110]LogTemp:Warning: Sending analog controller event!
[2015.03.17-04.09.19:355][111]LogTemp:Warning: Sending analog controller event!
[2015.03.17-04.09.19:363][112]LogTemp:Warning: Sending analog controller event!
[2015.03.17-04.09.19:371][113]LogTemp:Warning: Sending analog controller event!
[2015.03.17-04.09.19:979][114]LogTemp:Warning: Sending analog controller event!
[2015.03.17-04.09.19:979][115]Cmd: QUIT_EDITOR
[2015.03.17-04.09.20:455][115]LogExit: Preparing to exit.
[2015.03.17-04.09.20:843][115]LogExit: Editor shut down
[2015.03.17-04.09.20:844][115]LogExit: Transaction tracking system shut down
[2015.03.17-04.09.20:844][115]LogParticles: Destroying 0 GPU particle simulations for FXSystem 0x000000AB666B5260
[2015.03.17-04.09.20:845][115]LogParticles: Destroying 0 GPU particle simulations for FXSystem 0x000000AB741F0B80
[2015.03.17-04.09.20:863][115]LogParticles: Destroying 0 GPU particle simulations for FXSystem 0x000000AB772728E0
[2015.03.17-04.09.20:891][115]LogExit: Object subsystem successfully closed.
[2015.03.17-04.09.20:934][115]LogModuleManager: Shutting down and abandoning module CrashTracker (176)
[2015.03.17-04.09.20:934][115]LogModuleManager: Shutting down and abandoning module SuperSearch (175)
[2015.03.17-04.09.20:934][115]LogModuleManager: Shutting down and abandoning module SceneOutliner (174)
[2015.03.17-04.09.20:934][115]LogModuleManager: Shutting down and abandoning module EditorWidgets (173)
[2015.03.17-04.09.20:934][115]LogModuleManager: Shutting down and abandoning module CollectionManager (172)
[2015.03.17-04.09.20:935][115]LogModuleManager: Shutting down and abandoning module StatsViewer (171)
[2015.03.17-04.09.20:935][115]LogModuleManager: Shutting down and abandoning module FoliageEdit (170)
[2015.03.17-04.09.20:935][115]LogModuleManager: Shutting down and abandoning module LandscapeEditor (169)
[2015.03.17-04.09.20:935][115]LogModuleManager: Shutting down and abandoning module MeshPaint (168)
[2015.03.17-04.09.20:935][115]LogModuleManager: Shutting down and abandoning module ActorPickerMode (167)
[2015.03.17-04.09.20:935][115]LogModuleManager: Shutting down and abandoning module GeometryMode (166)
[2015.03.17-04.09.20:935][115]LogModuleManager: Shutting down and abandoning module TextureAlignMode (165)
[2015.03.17-04.09.20:935][115]LogModuleManager: Shutting down and abandoning module BspMode (164)
[2015.03.17-04.09.20:935][115]LogModuleManager: Shutting down and abandoning module PlacementMode (163)
[2015.03.17-04.09.20:935][115]LogModuleManager: Shutting down and abandoning module AutomationWorker (162)
[2015.03.17-04.09.20:935][115]LogModuleManager: Shutting down and abandoning module CharacterAI (161)
[2015.03.17-04.09.20:935][115]LogModuleManager: Shutting down and abandoning module SmartSnapping (160)
[2015.03.17-04.09.20:935][115]LogModuleManager: Shutting down and abandoning module ViewportSnapping (159)
[2015.03.17-04.09.20:935][115]LogModuleManager: Shutting down and abandoning module LogVisualizer (158)
[2015.03.17-04.09.20:935][115]LogModuleManager: Shutting down and abandoning module GameProjectGeneration (157)
[2015.03.17-04.09.20:935][115]LogModuleManager: Shutting down and abandoning module IntroTutorials (156)
[2015.03.17-04.09.20:935][115]LogModuleManager: Shutting down and abandoning module EditorLiveStreaming (155)
[2015.03.17-04.09.20:935][115]LogModuleManager: Shutting down and abandoning module HardwareTargeting (154)
[2015.03.17-04.09.20:935][115]LogModuleManager: Shutting down and abandoning module DeviceProfileEditor (153)
[2015.03.17-04.09.20:935][115]LogModuleManager: Shutting down and abandoning module UndoHistory (152)
[2015.03.17-04.09.20:935][115]LogModuleManager: Shutting down and abandoning module GameplayTagsEditor (151)
[2015.03.17-04.09.20:935][115]LogModuleManager: Shutting down and abandoning module UserFeedback (150)
[2015.03.17-04.09.20:935][115]LogModuleManager: Shutting down and abandoning module XmlParser (149)
[2015.03.17-04.09.20:935][115]LogModuleManager: Shutting down and abandoning module Blutility (148)
[2015.03.17-04.09.20:935][115]LogModuleManager: Shutting down and abandoning module IOSPlatformEditor (147)
[2015.03.17-04.09.20:935][115]LogModuleManager: Shutting down and abandoning module IOSRuntimeSettings (146)
[2015.03.17-04.09.20:935][115]LogModuleManager: Shutting down and abandoning module AndroidDeviceDetection (145)
[2015.03.17-04.09.21:571][115]LogModuleManager: Shutting down and abandoning module AndroidPlatformEditor (144)
[2015.03.17-04.09.21:571][115]LogModuleManager: Shutting down and abandoning module AndroidRuntimeSettings (143)
[2015.03.17-04.09.21:571][115]LogModuleManager: Shutting down and abandoning module ProjectTargetPlatformEditor (142)
[2015.03.17-04.09.21:571][115]LogModuleManager: Shutting down and abandoning module ProjectSettingsViewer (141)
[2015.03.17-04.09.21:571][115]LogModuleManager: Shutting down and abandoning module InputBindingEditor (140)
[2015.03.17-04.09.21:571][115]LogModuleManager: Shutting down and abandoning module EditorSettingsViewer (139)
[2015.03.17-04.09.21:571][115]LogModuleManager: Shutting down and abandoning module SettingsEditor (138)
[2015.03.17-04.09.21:571][115]LogModuleManager: Shutting down and abandoning module ProjectLauncher (137)
[2015.03.17-04.09.21:571][115]LogModuleManager: Shutting down and abandoning module SessionFrontend (136)
[2015.03.17-04.09.21:571][115]LogModuleManager: Shutting down and abandoning module ProfilerClient (135)
[2015.03.17-04.09.21:571][115]LogModuleManager: Shutting down and abandoning module TargetDeviceServices (134)
[2015.03.17-04.09.21:571][115]LogModuleManager: Shutting down and abandoning module DeviceManager (133)
[2015.03.17-04.09.21:571][115]LogModuleManager: Shutting down and abandoning module AutomationController (132)
[2015.03.17-04.09.21:571][115]LogModuleManager: Shutting down and abandoning module AutomationWindow (131)
[2015.03.17-04.09.21:571][115]LogModuleManager: Shutting down and abandoning module Layers (130)
[2015.03.17-04.09.21:571][115]LogModuleManager: Shutting down and abandoning module ComponentVisualizers (129)
[2015.03.17-04.09.21:571][115]LogModuleManager: Shutting down and abandoning module DetailCustomizations (128)
[2015.03.17-04.09.21:571][115]LogModuleManager: Shutting down and abandoning module PackagesDialog (127)
[2015.03.17-04.09.21:571][115]LogModuleManager: Shutting down and abandoning module AssetRegistry (126)
[2015.03.17-04.09.21:627][115]LogModuleManager: Shutting down and abandoning module Persona (125)
[2015.03.17-04.09.21:627][115]LogModuleManager: Shutting down and abandoning module Kismet (124)
[2015.03.17-04.09.21:627][115]LogModuleManager: Shutting down and abandoning module GraphEditor (123)
[2015.03.17-04.09.21:628][115]LogModuleManager: Shutting down and abandoning module ClassViewer (122)
[2015.03.17-04.09.21:628][115]LogModuleManager: Shutting down and abandoning module Toolbox (121)
[2015.03.17-04.09.21:628][115]LogModuleManager: Shutting down and abandoning module ModuleUI (120)
[2015.03.17-04.09.21:628][115]LogModuleManager: Shutting down and abandoning module MovieSceneTools (119)
[2015.03.17-04.09.21:628][115]LogModuleManager: Shutting down and abandoning module OutputLog (118)
[2015.03.17-04.09.21:628][115]LogModuleManager: Shutting down and abandoning module GammaUI (117)
[2015.03.17-04.09.21:628][115]LogModuleManager: Shutting down and abandoning module Documentation (116)
[2015.03.17-04.09.21:628][115]LogModuleManager: Shutting down and abandoning module GameLiveStreaming (115)
[2015.03.17-04.09.21:628][115]LogModuleManager: Shutting down and abandoning module StreamingPauseRendering (114)
[2015.03.17-04.09.21:628][115]LogModuleManager: Shutting down and abandoning module HTTP (113)
[2015.03.17-04.09.21:628][115]LogModuleManager: Shutting down and abandoning module AnalyticsET (112)
[2015.03.17-04.09.21:628][115]LogModuleManager: Shutting down and abandoning module Analytics (111)
[2015.03.17-04.09.21:628][115]LogModuleManager: Shutting down and abandoning module AITestSuite (110)
[2015.03.17-04.09.21:628][115]LogModuleManager: Shutting down and abandoning module GameplayDebugger (109)
[2015.03.17-04.09.21:628][115]LogModuleManager: Shutting down and abandoning module AIModule (108)
[2015.03.17-04.09.21:628][115]LogModuleManager: Shutting down and abandoning module ProfilerService (107)
[2015.03.17-04.09.21:803][115]LogModuleManager: Shutting down and abandoning module TaskGraph (106)
[2015.03.17-04.09.21:803][115]LogModuleManager: Shutting down and abandoning module SlateRemote (105)
[2015.03.17-04.09.21:803][115]LogModuleManager: Shutting down and abandoning module ScriptEditorPlugin (104)
[2015.03.17-04.09.21:803][115]LogModuleManager: Shutting down and abandoning module CustomMeshComponent (103)
[2015.03.17-04.09.21:803][115]LogModuleManager: Shutting down and abandoning module SlateReflector (102)
[2015.03.17-04.09.21:803][115]LogModuleManager: Shutting down and abandoning module LevelEditor (101)
[2015.03.17-04.09.21:804][115]LogModuleManager: Shutting down and abandoning module CoherentUIEditorPlugin (100)
[2015.03.17-04.09.21:804][115]LogCoherentUIEditor: Coherent UI Editor plugin shut-down!
[2015.03.17-04.09.21:804][115]LogModuleManager: Shutting down and abandoning module CableComponent (99)
[2015.03.17-04.09.21:804][115]LogModuleManager: Shutting down and abandoning module MessagingDebugger (98)
[2015.03.17-04.09.21:805][115]LogModuleManager: Shutting down and abandoning module MediaPlayerEditor (97)
[2015.03.17-04.09.21:805][115]LogModuleManager: Shutting down and abandoning module SpeedTreeImporter (96)
[2015.03.17-04.09.21:805][115]LogModuleManager: Shutting down and abandoning module PluginsEditor (95)
[2015.03.17-04.09.21:805][115]LogModuleManager: Shutting down and abandoning module MainFrame (94)
[2015.03.17-04.09.21:805][115]LogModuleManager: Shutting down and abandoning module EpicSurvey (93)
[2015.03.17-04.09.21:805][115]LogModuleManager: Shutting down and abandoning module DesktopPlatform (92)
[2015.03.17-04.09.21:805][115]LogModuleManager: Shutting down and abandoning module DirectoryWatcher (91)
[2015.03.17-04.09.21:805][115]LogModuleManager: Shutting down and abandoning module HotReload (90)
[2015.03.17-04.09.21:805][115]LogModuleManager: Shutting down and abandoning module VisualStudioSourceCodeAccess (89)
[2015.03.17-04.09.21:805][115]LogModuleManager: Shutting down and abandoning module UObjectPlugin (88)
[2015.03.17-04.09.21:805][115]LogModuleManager: Shutting down and abandoning module SubversionSourceControl (87)
[2015.03.17-04.09.21:805][115]LogModuleManager: Shutting down and abandoning module PerforceSourceControl (86)
[2015.03.17-04.09.21:805][115]LogModuleManager: Shutting down and abandoning module SourceControl (85)
[2015.03.17-04.09.21:805][115]LogModuleManager: Shutting down and abandoning module GitSourceControl (84)
[2015.03.17-04.09.21:805][115]LogModuleManager: Shutting down and abandoning module ConnexionPlugin (83)
[2015.03.17-04.09.21:805][115]LogModuleManager: Shutting down and abandoning module Chai3dPlugin (82)
[2015.03.17-04.09.21:805][115]LogTemp:Warning: Chai3DPlugin shut down!





[2015.03.17-04.09.21:805][115]LogModuleManager: Shutting down and abandoning module BlankPlugin (81)
[2015.03.17-04.09.21:805][115]LogModuleManager: Shutting down and abandoning module PaperTiledImporter (80)
[2015.03.17-04.09.21:805][115]LogModuleManager: Shutting down and abandoning module PaperJsonImporter (79)
[2015.03.17-04.09.21:805][115]LogModuleManager: Shutting down and abandoning module ContentBrowser (78)
[2015.03.17-04.09.21:806][115]LogModuleManager: Shutting down and abandoning module Paper2DEditor (77)
[2015.03.17-04.09.21:807][115]LogModuleManager: Shutting down and abandoning module ScriptPlugin (76)
[2015.03.17-04.09.21:807][115]LogModuleManager: Shutting down and abandoning module CoherentUIPlugin (75)
[2015.03.17-04.09.21:807][115]LogCoherentUI: CoherentUI plugin shut-down!
[2015.03.17-04.09.21:807][115]LogModuleManager: Shutting down and abandoning module UdpMessaging (74)
[2015.03.17-04.09.21:909][115]LogModuleManager: Shutting down and abandoning module Paper2D (73)
[2015.03.17-04.09.21:909][115]LogModuleManager: Shutting down and abandoning module WindowsMoviePlayer (72)
[2015.03.17-04.09.21:909][115]LogModuleManager: Shutting down and abandoning module Media (71)
[2015.03.17-04.09.21:909][115]LogModuleManager: Shutting down and abandoning module WmfMedia (70)
[2015.03.17-04.09.21:909][115]LogModuleManager: Shutting down and abandoning module OnlineBlueprintSupport (69)
[2015.03.17-04.09.21:909][115]LogModuleManager: Shutting down and abandoning module PropertyEditor (68)
[2015.03.17-04.09.21:909][115]LogModuleManager: Shutting down and abandoning module BehaviorTreeEditor (67)
[2015.03.17-04.09.21:910][115]LogModuleManager: Shutting down and abandoning module FunctionalTesting (66)
[2015.03.17-04.09.21:910][115]LogModuleManager: Shutting down and abandoning module CollisionAnalyzer (65)
[2015.03.17-04.09.21:910][115]LogModuleManager: Shutting down and abandoning module WorkspaceMenuStructure (64)
[2015.03.17-04.09.21:910][115]LogModuleManager: Shutting down and abandoning module MessageLog (63)
[2015.03.17-04.09.21:910][115]LogModuleManager: Shutting down and abandoning module Sequencer (62)
[2015.03.17-04.09.21:910][115]LogModuleManager: Shutting down and abandoning module AssetTools (61)
[2015.03.17-04.09.21:910][115]LogModuleManager: Shutting down and abandoning module UMGEditor (60)
[2015.03.17-04.09.21:910][115]LogModuleManager: Shutting down and abandoning module UMG (59)
[2015.03.17-04.09.21:910][115]LogModuleManager: Shutting down and abandoning module Slate (58)
[2015.03.17-04.09.21:910][115]LogModuleManager: Shutting down and abandoning module EditorStyle (57)
[2015.03.17-04.09.21:913][115]LogModuleManager: Shutting down and abandoning module SessionServices (56)
[2015.03.17-04.09.21:913][115]LogModuleManager: Shutting down and abandoning module SourceCodeAccess (55)
[2015.03.17-04.09.21:913][115]LogModuleManager: Shutting down and abandoning module HeadMountedDisplay (54)
[2015.03.17-04.09.21:913][115]LogModuleManager: Shutting down and abandoning module XAudio2 (53)
[2015.03.17-04.09.21:913][115]LogModuleManager: Shutting down and abandoning module Networking (51)
[2015.03.17-04.09.21:913][115]LogModuleManager: Shutting down and abandoning module Core (50)
[2015.03.17-04.09.21:913][115]LogModuleManager: Shutting down and abandoning module KismetCompiler (49)
[2015.03.17-04.09.21:913][115]LogModuleManager: Shutting down and abandoning module PhysXFormats (48)
[2015.03.17-04.09.21:913][115]LogModuleManager: Shutting down and abandoning module MeshUtilities (47)
[2015.03.17-04.09.21:913][115]LogModuleManager: Shutting down and abandoning module DerivedDataCache (46)
[2015.03.17-04.09.21:995][115]LogDerivedDataCache: Shutdown
[2015.03.17-04.09.21:995][115]LogModuleManager: Shutting down and abandoning module ShaderFormatOpenGL (45)
[2015.03.17-04.09.21:995][115]LogModuleManager: Shutting down and abandoning module ShaderFormatD3D (44)
[2015.03.17-04.09.21:995][115]LogModuleManager: Shutting down and abandoning module MetalShaderFormat (43)
[2015.03.17-04.09.21:995][115]LogModuleManager: Shutting down and abandoning module TextureFormatUncompressed (42)
[2015.03.17-04.09.21:995][115]LogModuleManager: Shutting down and abandoning module TextureFormatPVR (41)
[2015.03.17-04.09.21:995][115]LogModuleManager: Shutting down and abandoning module TextureFormatIntelISPCTexComp (40)
[2015.03.17-04.09.21:995][115]LogModuleManager: Shutting down and abandoning module TextureFormatDXT (39)
[2015.03.17-04.09.21:995][115]LogModuleManager: Shutting down and abandoning module ImageWrapper (38)
[2015.03.17-04.09.21:995][115]LogModuleManager: Shutting down and abandoning module TextureFormatASTC (37)
[2015.03.17-04.09.21:995][115]LogModuleManager: Shutting down and abandoning module AudioFormatOpus (36)
[2015.03.17-04.09.21:995][115]LogModuleManager: Shutting down and abandoning module AudioFormatOgg (35)
[2015.03.17-04.09.21:995][115]LogModuleManager: Shutting down and abandoning module AudioFormatADPCM (34)
[2015.03.17-04.09.21:995][115]LogModuleManager: Shutting down and abandoning module Messaging (33)
[2015.03.17-04.09.21:995][115]LogModuleManager: Shutting down and abandoning module IOSTargetPlatform (32)
[2015.03.17-04.09.21:995][115]LogModuleManager: Shutting down and abandoning module HTML5TargetPlatform (31)
[2015.03.17-04.09.21:995][115]LogModuleManager: Shutting down and abandoning module Android_PVRTCTargetPlatform (30)
[2015.03.17-04.09.21:995][115]LogModuleManager: Shutting down and abandoning module Android_ETC2TargetPlatform (29)
[2015.03.17-04.09.21:995][115]LogModuleManager: Shutting down and abandoning module Android_ETC1TargetPlatform (28)
[2015.03.17-04.09.21:995][115]LogModuleManager: Shutting down and abandoning module Android_DXTTargetPlatform (27)
[2015.03.17-04.09.21:995][115]LogModuleManager: Shutting down and abandoning module Android_ATCTargetPlatform (26)
[2015.03.17-04.09.21:995][115]LogModuleManager: Shutting down and abandoning module AndroidTargetPlatform (25)
[2015.03.17-04.09.21:995][115]LogModuleManager: Shutting down and abandoning module WindowsTargetPlatform (24)
[2015.03.17-04.09.21:995][115]LogModuleManager: Shutting down and abandoning module WindowsServerTargetPlatform (23)
[2015.03.17-04.09.21:995][115]LogModuleManager: Shutting down and abandoning module WindowsNoEditorTargetPlatform (22)
[2015.03.17-04.09.21:995][115]LogModuleManager: Shutting down and abandoning module WindowsClientTargetPlatform (21)
[2015.03.17-04.09.21:996][115]LogModuleManager: Shutting down and abandoning module TargetPlatform (20)
[2015.03.17-04.09.21:996][115]LogModuleManager: Shutting down and abandoning module InputCore (19)
[2015.03.17-04.09.21:996][115]LogModuleManager: Shutting down and abandoning module Settings (18)
[2015.03.17-04.09.21:996][115]LogModuleManager: Shutting down and abandoning module OnlineSubsystem (16)
[2015.03.17-04.09.21:996][115]LogModuleManager: Shutting down and abandoning module OculusRift (15)
[2015.03.17-04.09.21:996][115]LogModuleManager: Shutting down and abandoning module ExampleDeviceProfileSelector (14)
[2015.03.17-04.09.21:996][115]LogModuleManager: Shutting down and abandoning module TextureCompressor (13)
[2015.03.17-04.09.21:996][115]LogModuleManager: Shutting down and abandoning module ShaderCore (12)
[2015.03.17-04.09.21:996][115]LogModuleManager: Shutting down and abandoning module Landscape (11)
[2015.03.17-04.09.21:996][115]LogModuleManager: Shutting down and abandoning module SlateRHIRenderer (10)
[2015.03.17-04.09.21:997][115]LogModuleManager: Shutting down and abandoning module OpenGLDrv (9)
[2015.03.17-04.09.21:997][115]LogModuleManager: Shutting down and abandoning module D3D11RHI (8)
[2015.03.17-04.09.21:997][115]LogModuleManager: Shutting down and abandoning module Renderer (7)
[2015.03.17-04.09.21:997][115]LogModuleManager: Shutting down and abandoning module Engine (6)
[2015.03.17-04.09.21:997][115]LogModuleManager: Shutting down and abandoning module CoreUObject (5)
[2015.03.17-04.09.21:997][115]LogModuleManager: Shutting down and abandoning module NetworkFile (4)
[2015.03.17-04.09.21:997][115]LogModuleManager: Shutting down and abandoning module StreamingFile (3)
[2015.03.17-04.09.21:997][115]LogModuleManager: Shutting down and abandoning module SandboxFile (2)
[2015.03.17-04.09.21:997][115]LogModuleManager: Shutting down and abandoning module PakFile (1)
[2015.03.17-04.09.21:998][115]LogExit: Exiting.
[2015.03.17-04.09.22:006][115]Log file closed, 03/16/15 21:09:22
