Log file open, 03/02/15 16:34:42
LogInit:Display: Running engine for game: Karaage
LogPluginManager:Error: File appears to be in a newer version (1337) of the file format that we can load (max version: 3). (../../../Engine/Plugins/Developer/TestPlugin/TestPlugin.uplugin)
LogInit: Version: 4.6.1-2386410+++depot+UE4-Releases+4.6
LogInit: API Version: 2369412
LogInit: Compiled (64-bit): Dec 11 2014 21:31:39
LogInit: Compiled with Visual C++: 18.00.21005.01
LogInit: Build Configuration: Development
LogInit: Branch Name: ++depot+UE4-Releases+4.6
LogInit: Command line: 
LogInit: Base directory: C:/Program Files/Epic Games/4.6/Engine/Binaries/Win64/
LogInit: Rocket: 1
[2015.03.03-00.34.42:625][  0]LogTaskGraph: Started task graph with 3 named threads and 8 total threads.
[2015.03.03-00.34.42:702][  0]LogOnline:Warning: No default platform service specified for OnlineSubsystem
[2015.03.03-00.34.42:724][  0]LogInit: Presizing for 0 objects not considered by GC, pre-allocating 0 bytes.
[2015.03.03-00.34.42:735][  0]LogInit: Object subsystem initialized
[2015.03.03-00.34.42:736][  0]LogConsoleResponse:Warning: Skipping Unknown console variable: 'UIScaleRule = ShortestSide'
[2015.03.03-00.34.42:736][  0]LogConsoleResponse:Warning:   Found in ini file 'C:/Users/CS210/Documents/Unreal Projects/Karaage/Saved/Config/Windows/Engine.ini', in section '[/Script/Engine.RendererSettings]'
[2015.03.03-00.34.42:736][  0]LogConsoleResponse:Warning: Skipping Unknown console variable: 'UIScaleCurve = (EditorCurveData=(Keys=),ExternalCurve=None)'
[2015.03.03-00.34.42:736][  0]LogConsoleResponse:Warning:   Found in ini file 'C:/Users/CS210/Documents/Unreal Projects/Karaage/Saved/Config/Windows/Engine.ini', in section '[/Script/Engine.RendererSettings]'
[2015.03.03-00.34.42:736][  0]LogConsoleResponse:Warning: Skipping Unknown console variable: 'r.SeperateTranslucency = 0'
[2015.03.03-00.34.42:736][  0]LogConsoleResponse:Warning:   Found in ini file 'C:/Users/CS210/Documents/Unreal Projects/Karaage/Saved/Config/Windows/Engine.ini', in section '[/Script/Engine.RendererSettings]'
[2015.03.03-00.34.42:736][  0]LogConsoleResponse:Warning: Skipping Unknown console variable: 'r.SSSSS = 0'
[2015.03.03-00.34.42:736][  0]LogConsoleResponse:Warning:   Found in ini file 'C:/Users/CS210/Documents/Unreal Projects/Karaage/Saved/Config/Windows/Engine.ini', in section '[/Script/Engine.RendererSettings]'
[2015.03.03-00.34.42:741][  0]LogConsoleManager:Warning: Console variable 'r.PostProcessAAQuality' wasn't set (Priority ProjectSetting < Scalability)
[2015.03.03-00.34.42:741][  0]LogConsoleManager:Warning: Console variable 'r.MSAA.CompositingSampleCount' wasn't set (Priority ProjectSetting < Scalability)
[2015.03.03-00.34.42:742][  0]LogConsoleManager:Warning: Console variable 'r.MotionBlurQuality' wasn't set (Priority ProjectSetting < Scalability)
[2015.03.03-00.34.42:742][  0]LogConsoleManager:Warning: Console variable 'r.AmbientOcclusionLevels' wasn't set (Priority ProjectSetting < Scalability)
[2015.03.03-00.34.42:742][  0]LogConsoleManager:Warning: Console variable 'r.DepthOfFieldQuality' wasn't set (Priority ProjectSetting < Scalability)
[2015.03.03-00.34.42:742][  0]LogConsoleManager:Warning: Console variable 'r.LensFlareQuality' wasn't set (Priority ProjectSetting < Scalability)
[2015.03.03-00.34.42:742][  0]LogConsoleManager:Warning: Console variable 'r.SceneColorFringeQuality' wasn't set (Priority ProjectSetting < Scalability)
[2015.03.03-00.34.42:742][  0]LogConsoleManager:Warning: Console variable 'r.BloomQuality' wasn't set (Priority ProjectSetting < Scalability)
[2015.03.03-00.34.42:742][  0]LogConsoleManager:Warning: Console variable 'r.FastBlurThreshold' wasn't set (Priority ProjectSetting < Scalability)
[2015.03.03-00.34.42:742][  0]LogConsoleManager:Warning: Console variable 'r.MaxAnisotropy' wasn't set (Priority ProjectSetting < Scalability)
[2015.03.03-00.34.42:742][  0]LogConsoleManager:Warning: Console variable 'r.SSR.Quality' wasn't set (Priority ProjectSetting < Scalability)
[2015.03.03-00.34.42:742][  0]LogConsoleManager:Warning: Console variable 'r.TranslucencyVolumeBlur' wasn't set (Priority ProjectSetting < Scalability)
[2015.03.03-00.34.42:742][  0]LogInit: Selected Device Profile: [Windows]
[2015.03.03-00.34.42:742][  0]LogInit: Applying CVar settings loaded from the selected device profile: [Windows]
[2015.03.03-00.34.42:752][  0]LogInit: Computer: CS210-WS-07
[2015.03.03-00.34.42:752][  0]LogInit: User: CS210
[2015.03.03-00.34.42:753][  0]LogInit: CPU Page size=4096, Cores=6
[2015.03.03-00.34.42:753][  0]LogInit: High frequency timer resolution =3.215263 MHz
[2015.03.03-00.34.42:753][  0]LogMemory: Memory total: Physical=15.9GB (16GB approx) Virtual=8192.0GB
[2015.03.03-00.34.42:753][  0]LogMemory: Platform Memory Stats for Windows
[2015.03.03-00.34.42:753][  0]LogMemory: Process Physical Memory: 51.53 MB used, 51.53 MB peak
[2015.03.03-00.34.42:753][  0]LogMemory: Process Virtual Memory: 27.40 MB used, 27.40 MB peak
[2015.03.03-00.34.42:753][  0]LogMemory: Physical Memory: 4387.50 MB used, 16271.58 MB total
[2015.03.03-00.34.42:753][  0]LogMemory: Virtual Memory: 265.79 MB used, 8388608.00 MB total
[2015.03.03-00.34.42:807][  0]LogD3D11RHI: Found D3D11 adapter 0: NVIDIA GeForce GTX 980 (Feature Level 11_0)
[2015.03.03-00.34.42:807][  0]LogD3D11RHI: Adapter has 3972MB of dedicated video memory, 0MB of dedicated system memory, and 7879MB of shared system memory, 1 output[s]
[2015.03.03-00.34.42:807][  0]LogD3D11RHI: Chosen D3D11 Adapter Id = 0
[2015.03.03-00.34.42:905][  0]LogRHI: Texture pool is 1361 MB (70% of 1945 MB)
[2015.03.03-00.34.42:916][  0]LogD3D11RHI: Async texture creation enabled
[2015.03.03-00.34.42:981][  0]LogTextLocalizationManager: The requested culture ('en_US') has no localization data; parent culture's ('en') localization data will be used.
[2015.03.03-00.34.43:108][  0]LogContentStreaming: Texture pool size is 0.000000MB
[2015.03.03-00.34.50:933][  0]LogTargetPlatformManager:Display: Building Assets For Windows
[2015.03.03-00.34.51:376][  0]LogTargetPlatformManager:Display: Building Assets For Windows
[2015.03.03-00.34.51:443][  0]LogDerivedDataCache:Display: Max Cache Size: 512 MB
[2015.03.03-00.34.51:480][  0]LogDerivedDataCache: Loaded boot cache 0.04s 39MB C:/Users/CS210/AppData/Local/UnrealEngine/4.6/DerivedDataCache/Boot.ddc.
[2015.03.03-00.34.51:480][  0]LogDerivedDataCache:Display: Loaded Boot cache: C:/Users/CS210/AppData/Local/UnrealEngine/4.6/DerivedDataCache/Boot.ddc
[2015.03.03-00.34.51:480][  0]LogDerivedDataCache: FDerivedDataBackendGraph:  Pak pak cache file ../../../../../../Users/CS210/Documents/Unreal Projects/Karaage/DerivedDataCache/DDC.ddp not found, will not use a pak cache.
[2015.03.03-00.34.51:480][  0]LogDerivedDataCache: Unable to find inner node Pak for hierarchical cache Hierarchy.
[2015.03.03-00.34.51:541][  0]LogDerivedDataCache:Display: Pak cache opened for reading ../../../Engine/DerivedDataCache/DDC.ddp.
[2015.03.03-00.34.51:552][  0]LogDerivedDataCache: Using Local data cache path C:/Users/CS210/AppData/Local/UnrealEngine/Common/DerivedDataCache: Writable
[2015.03.03-00.34.51:660][  0]LogCollisionProfile:Warning: Profile (UI) - Custom Channel Name = 'Weapon' hasn't been found
[2015.03.03-00.34.51:797][  0]LogMeshUtilities: No automatic mesh reduction module available
[2015.03.03-00.34.51:797][  0]LogMeshUtilities: No automatic mesh merging module available
[2015.03.03-00.34.52:189][  0]LogInit: WinSock: version 1.1 (2.2), MaxSocks=32767, MaxUdp=65467
[2015.03.03-00.34.52:232][  0]LogSlate:Warning: Failed to load font data from '../../../Engine/Content/Slate/Fonts/Roboto-Italic.ttf'
[2015.03.03-00.34.53:211][  0]UdpMessaging: Initializing bridge on interface 0.0.0.0:0 to multicast group 230.0.0.1:6666.
[2015.03.03-00.34.53:386][  0]LogDirectoryWatcher:Warning: Failed to begin reading directory changes for C:/Users/CS210/Documents/Unreal Projects/Karaage/Binaries/Win64. Error: 0
[2015.03.03-00.34.53:540][  0]SourceControl: Info Source control is disabled
[2015.03.03-00.34.53:540][  0]SourceControl: Info Source control is disabled
[2015.03.03-00.34.53:554][  0]SourceControl: Info Source control is disabled
[2015.03.03-00.34.53:673][  0]LogObj: 23754 objects as part of root set at end of initial load.
[2015.03.03-00.34.53:673][  0]LogUObjectAllocator: 5168136 out of 0 bytes used by permanent object pool.
[2015.03.03-00.34.53:750][  0]LogEngine: Initializing Engine...
[2015.03.03-00.34.53:919][  0]LogInit: XAudio2 using 'Speakers (Sound Blaster Recon3Di)' : 2 channels at 48 kHz using 32 bits per sample (channel mask 0x3)
[2015.03.03-00.34.53:949][  0]LogInit: FAudioDevice initialized.
[2015.03.03-00.34.53:983][  0]LogAIModule: Creating AISystem for world NewWorld
[2015.03.03-00.34.54:022][  0]LogDerivedDataCache: Saved boot cache 0.04s 39MB C:/Users/CS210/AppData/Local/UnrealEngine/4.6/DerivedDataCache/Boot.ddc.
[2015.03.03-00.34.54:029][  0]LogInit: Texture streaming: Enabled
[2015.03.03-00.34.54:053][  0]LogAnalytics: Creating configured Analytics provider AnalyticsET
[2015.03.03-00.34.54:053][  0]LogAnalytics: ET APIKey = Rocket.Release. APIServer = http://et2.epicgames.com/ET2/. AppVersion = 4.6.1-2386410+++depot+UE4-Releases+4.6
[2015.03.03-00.34.54:054][  0]LogAnalytics: SetUserId 89a8668a6735b8bdbdf5c4ebe6581bf0
[2015.03.03-00.34.54:054][  0]LogAnalytics: AnalyticsET::StartSession [Rocket.Release]
[2015.03.03-00.34.54:133][  0]LogInit: Transaction tracking system initialized
[2015.03.03-00.34.54:241][  0]BlueprintLog: New page: Editor Load
[2015.03.03-00.34.54:272][  0]LogAssetRegistry: FAssetRegistry took 0.0098 seconds to start up
[2015.03.03-00.34.54:272][  0]LogDirectoryWatcher:Warning: Failed to begin reading directory changes for ../../../Engine/Plugins/Experimental/CharacterAI/Content/. Error: 0
[2015.03.03-00.34.54:684][  0]LogTargetPlatformManager:Display: Building Assets For Windows
[2015.03.03-00.34.54:984][  0]LogTargetPlatformManager:Display: Building Assets For Windows
[2015.03.03-00.34.55:126][  0]LogConsoleResponse:Display: 
[2015.03.03-00.34.55:164][  0]LogLinker:Warning: Asset '../../../Engine/Content/Functions/Engine_MaterialFunctions03/Procedurals/ComputeFilterWidth.uasset' has been saved with empty engine version. The asset will be loaded but may be incompatible.
[2015.03.03-00.34.55:316][  0]SourceControl: Info Source control is disabled
[2015.03.03-00.34.55:316][  0]Cmd: MAP LOAD FILE="../../../../../../Users/CS210/Documents/Unreal Projects/Karaage/Content/StarterContent/Minimal_Default.umap" TEMPLATE=0 SHOWPROGRESS=1
[2015.03.03-00.34.55:317][  0]LightingResults: New page: Lighting Build
[2015.03.03-00.34.55:324][  0]MapCheck: New page: Map Check
[2015.03.03-00.34.55:324][  0]LightingResults: New page: Lighting Build
[2015.03.03-00.34.55:334][  0]LogParticles: Destroying 0 GPU particle simulations for FXSystem 0x00000000137B99E0
[2015.03.03-00.34.56:035][  0]LogEditorServer: Finished looking for orphan Actors (0.000 secs)
[2015.03.03-00.34.56:035][  0]LogAIModule: Creating AISystem for world Minimal_Default
[2015.03.03-00.34.56:036][  0]Cmd: MAP CHECKDEP
[2015.03.03-00.34.56:036][  0]MapCheck: New page: Minimal_Default - Mar 2, 2015, 8:34:56 AM
[2015.03.03-00.34.56:134][  0]MapCheck: Info Map check complete: 0 Error(s), 0 Warning(s), took 97.796ms to complete.
[2015.03.03-00.34.56:134][  0]LogFileHelpers: Loading map 'Minimal_Default' took 0.818
[2015.03.03-00.34.56:283][  0]LogCollectionManager: Loaded 0 collections in 0.000957 seconds
[2015.03.03-00.34.56:546][  0]LogCrashTracker: Crashtracker disabled due to settings.
[2015.03.03-00.34.56:564][  0]LogUObjectGlobals:Warning: Failed to find object 'Class None.'
[2015.03.03-00.34.56:591][  0]LogLoad: Full Startup: 15.31 seconds (BP compile: 0.04 seconds)
[2015.03.03-00.34.56:760][  0]LogRenderer:Warning: Reallocating scene render targets to support 1520x1264.
[2015.03.03-00.35.01:238][453]LogAssetRegistry: Asset discovery search completed in 6.9757 seconds
[2015.03.03-00.35.04:414][793]LogContentBrowser:Verbose: The content browser source was changed by the sources view to '/Game/StarterContent'
[2015.03.03-00.35.14:144][583]Cmd: MAP LOAD FILE="../../../Engine/Content/Maps/Templates/Template_Default.umap" TEMPLATE=1 SHOWPROGRESS=1
[2015.03.03-00.35.14:150][583]LightingResults: New page: Lighting Build
[2015.03.03-00.35.14:175][583]LoadErrors: New page: Loading map: Template_Default.umap
[2015.03.03-00.35.14:176][583]MapCheck: New page: Map Check
[2015.03.03-00.35.14:176][583]LightingResults: New page: Lighting Build
[2015.03.03-00.35.14:190][583]LogParticles: Destroying 0 GPU particle simulations for FXSystem 0x000000000B3880E0
[2015.03.03-00.35.14:252][583]LogEditorServer: Finished looking for orphan Actors (0.000 secs)
[2015.03.03-00.35.14:252][583]LogAIModule: Creating AISystem for world Untitled_1
[2015.03.03-00.35.14:301][583]Cmd: MAP CHECKDEP
[2015.03.03-00.35.14:301][583]MapCheck: New page: Untitled_1 - Mar 2, 2015, 8:35:14 AM
[2015.03.03-00.35.14:411][583]MapCheck: Info Map check complete: 0 Error(s), 0 Warning(s), took 109.087ms to complete.
[2015.03.03-00.35.14:411][583]LogFileHelpers: Loading map 'Template_Default' took 0.268
[2015.03.03-00.35.25:134][871]Cmd: OBJ SAVEPACKAGE PACKAGE="/Game/PrototypingMap" FILE="../../../../../../Users/CS210/Documents/Unreal Projects/Karaage/Content/PrototypingMap.umap" SILENT=true AUTOSAVING=false KEEPDIRTY=false
[2015.03.03-00.35.25:168][871]LogSavePackage: Save=19.574760ms
[2015.03.03-00.35.25:168][871]LogSavePackage: Moving '../../../../../../Users/CS210/Documents/Unreal Projects/Karaage/Saved/PrototypingMapEA7996014C572A420EA257A1902FF6F9.tmp' to '../../../../../../Users/CS210/Documents/Unreal Projects/Karaage/Content/PrototypingMap.umap'
[2015.03.03-00.35.25:192][871]LogFileHelpers: Saving map 'PrototypingMap' took 0.718
[2015.03.03-00.35.28:427][172]LogPlayLevel: PIE:  No blueprints needed recompiling
[2015.03.03-00.35.28:428][172]PIE: New page: PIE session: PrototypingMap (Mar 2, 2015, 8:35:28 AM)
[2015.03.03-00.35.28:432][172]LogPlayLevel: PIE: StaticDuplicateObject took: (0.003425s)
[2015.03.03-00.35.28:433][172]LogPlayLevel: PIE: World Init took: (0.000971s)
[2015.03.03-00.35.28:433][172]LogPlayLevel: PIE: Created PIE world by copying editor world from /Game/PrototypingMap.PrototypingMap to /Game/UEDPIE_0_PrototypingMap.PrototypingMap (0.004659s)
[2015.03.03-00.35.28:499][172]LogWorld: Game class is 'GameMode'
[2015.03.03-00.35.28:507][172]LogAIModule: Creating AISystem for world PrototypingMap
[2015.03.03-00.35.28:508][172]LogWorld: Bringing World /Game/UEDPIE_0_PrototypingMap.PrototypingMap up for play (max tick rate 0) at 2015.03.02-16.35.28
[2015.03.03-00.35.28:509][172]LogWorld: Bringing up level for play took: 0.001489
[2015.03.03-00.35.28:518][172]PIE: Info Play in editor start time for /Game/UEDPIE_0_PrototypingMap 0.518
[2015.03.03-00.35.32:759][604]LogParticles: Destroying 0 GPU particle simulations for FXSystem 0x000000000F0360C0
[2015.03.03-00.36.21:670][130]LogLinker:Warning: Asset '../../../Engine/Content/Functions/Engine_MaterialFunctions03/Procedurals/ComputeFilterWidth.uasset' has been saved with empty engine version. The asset will be loaded but may be incompatible.
[2015.03.03-00.36.23:638][130]LogParticles:Warning: InitializeSystem called on an unregistered component. Template=/Game/StarterContent/Particles/P_Ambient_Dust.P_Ambient_Dust Component=/Game/StarterContent/StarterMap.StarterMap:PersistentLevel.P_Ambient_Dust_17.ParticleSystemComponent0
[2015.03.03-00.36.23:651][130]LogParticles:Warning: InitializeSystem called on an unregistered component. Template=/Game/StarterContent/Particles/P_Fire.P_Fire Component=/Game/StarterContent/StarterMap.StarterMap:PersistentLevel.Blueprint_Effect_Fire_C_1.P_Fire
[2015.03.03-00.36.23:652][130]LogParticles:Warning: InitializeSystem called on an unregistered component. Template=/Game/StarterContent/Particles/P_Smoke.P_Smoke Component=/Game/StarterContent/StarterMap.StarterMap:PersistentLevel.Blueprint_Effect_Smoke_C_1.P_Smoke
[2015.03.03-00.36.23:653][130]LogParticles:Warning: InitializeSystem called on an unregistered component. Template=/Game/StarterContent/Particles/P_Sparks.P_Sparks Component=/Game/StarterContent/StarterMap.StarterMap:PersistentLevel.Blueprint_Effect_Sparks_C_1.Sparks
[2015.03.03-00.36.23:653][130]LogParticles:Warning: InitializeSystem called on an unregistered component. Template=/Game/StarterContent/Particles/P_Steam_Lit.P_Steam_Lit Component=/Game/StarterContent/StarterMap.StarterMap:PersistentLevel.Blueprint_Effect_Steam_C_1.P_Steam_Lit
[2015.03.03-00.36.23:657][130]LogParticles:Warning: InitializeSystem called on an unregistered component. Template=/Game/StarterContent/Particles/P_Fire.P_Fire Component=/Game/StarterContent/StarterMap.StarterMap:PersistentLevel.Blueprint_Effect_Fire_C_1.P_Fire
[2015.03.03-00.36.23:658][130]LogParticles:Warning: InitializeSystem called on an unregistered component. Template=/Game/StarterContent/Particles/P_Smoke.P_Smoke Component=/Game/StarterContent/StarterMap.StarterMap:PersistentLevel.Blueprint_Effect_Smoke_C_1.P_Smoke
[2015.03.03-00.36.23:659][130]LogParticles:Warning: InitializeSystem called on an unregistered component. Template=/Game/StarterContent/Particles/P_Sparks.P_Sparks Component=/Game/StarterContent/StarterMap.StarterMap:PersistentLevel.Blueprint_Effect_Sparks_C_1.Sparks
[2015.03.03-00.36.23:659][130]LogParticles:Warning: InitializeSystem called on an unregistered component. Template=/Game/StarterContent/Particles/P_Steam_Lit.P_Steam_Lit Component=/Game/StarterContent/StarterMap.StarterMap:PersistentLevel.Blueprint_Effect_Steam_C_1.P_Steam_Lit
[2015.03.03-00.36.24:832][223]Cmd: MAP LOAD FILE="../../../../../../Users/CS210/Documents/Unreal Projects/Karaage/Content/StarterContent/StarterMap.umap" TEMPLATE=0 SHOWPROGRESS=1
[2015.03.03-00.36.24:834][223]LightingResults: New page: Lighting Build
[2015.03.03-00.36.24:857][223]LoadErrors: New page: Loading map: StarterMap.umap
[2015.03.03-00.36.24:858][223]MapCheck: New page: Map Check
[2015.03.03-00.36.24:858][223]LightingResults: New page: Lighting Build
[2015.03.03-00.36.24:877][223]LogParticles: Destroying 0 GPU particle simulations for FXSystem 0x000000001E725EE0
[2015.03.03-00.36.24:896][223]LogEditorServer: Finished looking for orphan Actors (0.000 secs)
[2015.03.03-00.36.24:896][223]LogAIModule: Creating AISystem for world StarterMap
[2015.03.03-00.36.24:981][223]Cmd: MAP CHECKDEP
[2015.03.03-00.36.24:981][223]MapCheck: New page: StarterMap - Mar 2, 2015, 8:36:24 AM
[2015.03.03-00.36.25:144][223]MapCheck: Info Map check complete: 0 Error(s), 0 Warning(s), took 163.164ms to complete.
[2015.03.03-00.36.25:145][223]LogFileHelpers: Loading map 'StarterMap' took 0.317
[2015.03.03-00.36.46:868][296]LogContentBrowser:Verbose: The content browser source was changed by the sources view to '/Game'
[2015.03.03-00.36.50:218][541]LogSavePackage: Save=19.852497ms
[2015.03.03-00.36.50:218][541]LogSavePackage: Moving '../../../../../../Users/CS210/Documents/Unreal Projects/Karaage/Saved/PrototypingMap99E1428343829925789DA684078B5D70.tmp' to '../../../../../../Users/CS210/Documents/Unreal Projects/Karaage/Content/StarterContent/PrototypingMap.umap'
[2015.03.03-00.36.50:222][541]LogFileHelpers: Saving map 'PrototypingMap' took 0.191
[2015.03.03-00.36.50:853][583]LogContentBrowser:Verbose: The content browser source was changed by the sources view to '/Game/StarterContent'
[2015.03.03-00.36.52:435][720]Cmd: MAP LOAD FILE="../../../../../../Users/CS210/Documents/Unreal Projects/Karaage/Content/StarterContent/PrototypingMap.umap" TEMPLATE=0 SHOWPROGRESS=1
[2015.03.03-00.36.52:435][720]LightingResults: New page: Lighting Build
[2015.03.03-00.36.52:452][720]LoadErrors: New page: Loading map: PrototypingMap.umap
[2015.03.03-00.36.52:453][720]MapCheck: New page: Map Check
[2015.03.03-00.36.52:453][720]LightingResults: New page: Lighting Build
[2015.03.03-00.36.52:473][720]LogParticles: Destroying 0 GPU particle simulations for FXSystem 0x000000000B33B560
[2015.03.03-00.36.52:479][720]LogEditorServer: Finished looking for orphan Actors (0.000 secs)
[2015.03.03-00.36.52:480][720]LogAIModule: Creating AISystem for world PrototypingMap
[2015.03.03-00.36.52:491][720]Cmd: MAP CHECKDEP
[2015.03.03-00.36.52:492][720]MapCheck: New page: PrototypingMap - Mar 2, 2015, 8:36:52 AM
[2015.03.03-00.36.52:622][720]MapCheck: Info Map check complete: 0 Error(s), 0 Warning(s), took 130.976ms to complete.
[2015.03.03-00.36.52:624][720]LogFileHelpers: Loading map 'PrototypingMap' took 0.190
[2015.03.03-00.37.01:805][729]Cmd: MAP LOAD FILE="../../../../../../Users/CS210/Documents/Unreal Projects/Karaage/Content/StarterContent/PrototypingMap.umap" TEMPLATE=0 SHOWPROGRESS=1
[2015.03.03-00.37.01:806][729]LightingResults: New page: Lighting Build
[2015.03.03-00.37.01:826][729]LoadErrors: New page: Loading map: PrototypingMap.umap
[2015.03.03-00.37.01:826][729]MapCheck: New page: Map Check
[2015.03.03-00.37.01:826][729]LightingResults: New page: Lighting Build
[2015.03.03-00.37.01:834][729]LogParticles: Destroying 0 GPU particle simulations for FXSystem 0x000000000CE128E0
[2015.03.03-00.37.01:848][729]LogEditorServer: Finished looking for orphan Actors (0.000 secs)
[2015.03.03-00.37.01:848][729]LogAIModule: Creating AISystem for world PrototypingMap
[2015.03.03-00.37.01:856][729]Cmd: MAP CHECKDEP
[2015.03.03-00.37.01:856][729]MapCheck: New page: PrototypingMap - Mar 2, 2015, 8:37:01 AM
[2015.03.03-00.37.01:988][729]MapCheck: Info Map check complete: 0 Error(s), 0 Warning(s), took 131.839ms to complete.
[2015.03.03-00.37.01:990][729]LogFileHelpers: Loading map 'PrototypingMap' took 0.187
[2015.03.03-00.37.05:685][122]Cmd: MAP LOAD FILE="../../../../../../Users/CS210/Documents/Unreal Projects/Karaage/Content/StarterContent/PrototypingMap.umap" TEMPLATE=0 SHOWPROGRESS=1
[2015.03.03-00.37.05:685][122]LightingResults: New page: Lighting Build
[2015.03.03-00.37.05:703][122]LoadErrors: New page: Loading map: PrototypingMap.umap
[2015.03.03-00.37.05:704][122]MapCheck: New page: Map Check
[2015.03.03-00.37.05:704][122]LightingResults: New page: Lighting Build
[2015.03.03-00.37.05:722][122]LogParticles: Destroying 0 GPU particle simulations for FXSystem 0x000000001D04F560
[2015.03.03-00.37.05:726][122]LogEditorServer: Finished looking for orphan Actors (0.000 secs)
[2015.03.03-00.37.05:726][122]LogAIModule: Creating AISystem for world PrototypingMap
[2015.03.03-00.37.05:733][122]Cmd: MAP CHECKDEP
[2015.03.03-00.37.05:733][122]MapCheck: New page: PrototypingMap - Mar 2, 2015, 8:37:05 AM
[2015.03.03-00.37.05:871][122]MapCheck: Info Map check complete: 0 Error(s), 0 Warning(s), took 137.336ms to complete.
[2015.03.03-00.37.05:871][122]LogFileHelpers: Loading map 'PrototypingMap' took 0.188
[2015.03.03-00.43.10:187][919]Cmd: BRUSH ADD SELECTNEWBRUSH
[2015.03.03-00.43.10:218][919]LogInstancedFoliage: Map Rebuilt - Update all BSP painted foliage!
[2015.03.03-00.43.12:513][165]LogInstancedFoliage: Map Rebuilt - Update all BSP painted foliage!
[2015.03.03-00.43.18:160][799]LogInstancedFoliage: Map Rebuilt - Update all BSP painted foliage!
[2015.03.03-00.43.20:307][983]LogInstancedFoliage: Map Rebuilt - Update all BSP painted foliage!
[2015.03.03-00.43.22:347][203]LogInstancedFoliage: Map Rebuilt - Update all BSP painted foliage!
[2015.03.03-00.43.24:442][434]LogInstancedFoliage: Map Rebuilt - Update all BSP painted foliage!
[2015.03.03-00.43.26:026][598]LogInstancedFoliage: Map Rebuilt - Update all BSP painted foliage!
[2015.03.03-00.43.36:084][680]LogInstancedFoliage: Map Rebuilt - Update all BSP painted foliage!
[2015.03.03-00.44.39:032][680]LogPhysics:Warning: FDerivedDataPhysXCooker::BuildTriMesh: Triangle data from '/Game/StarterContent/PrototypingMap.PrototypingMap:PersistentLevel.ModelComponent_26' invalid (24 verts, 0 indices).
[2015.03.03-00.44.39:033][680]LogPhysics:Warning: FDerivedDataPhysXCooker::BuildTriMesh: Triangle data from '/Game/StarterContent/PrototypingMap.PrototypingMap:PersistentLevel.ModelComponent_27' invalid (24 verts, 0 indices).
[2015.03.03-00.44.39:033][680]LogPhysics:Warning: FDerivedDataPhysXCooker::BuildTriMesh: Triangle data from '/Game/StarterContent/PrototypingMap.PrototypingMap:PersistentLevel.ModelComponent_28' invalid (24 verts, 0 indices).
[2015.03.03-00.44.40:481][820]BlueprintLog: New page: Pre-PIE auto-recompile
[2015.03.03-00.44.40:484][820]LogPlayLevel: [PIE] Compiling Tutorial_BP_MacroLib before PIE...
[2015.03.03-00.44.40:556][820]LogPlayLevel: [PIE] Compiling PrototypingMap before PIE...
[2015.03.03-00.44.40:563][820]LogBlueprint:Error: [compiler] Error The current value of the ' Spawn Transform ' pin is invalid: 'Spawn Transform' must have an input wired into it ("by ref" params expect a valid input to operate on).
[2015.03.03-00.44.40:564][820]LogBlueprint:Error: [compiler] Error The current value of the ' Spawn Transform ' pin is invalid: 'Spawn Transform' must have an input wired into it ("by ref" params expect a valid input to operate on).
[2015.03.03-00.44.40:652][820]LogBlueprint:Warning: [compiler] Warning [0599.36] Compile of PrototypingMap failed. 2 Fatal Issue(s) 0 Warning(s) [in 93 ms]
[2015.03.03-00.44.40:669][820]LogPlayLevel: PIE:  Blueprint regeneration took 188 ms (2 blueprints)
[2015.03.03-00.44.43:663][820]BlueprintLog: Info Blueprint PrototypingMap failed to compile
[2015.03.03-00.45.38:418][206]BlueprintLog: New page: Compile PrototypingMap
[2015.03.03-00.45.38:485][206]BlueprintEditorCompileResults: Info [0657.19] Compile of PrototypingMap successful! [in 65 ms]
[2015.03.03-00.45.52:559][323]BlueprintLog: New page: Pre-PIE auto-recompile
[2015.03.03-00.45.52:566][323]LogPlayLevel: [PIE] Compiling PrototypingMap before PIE...
[2015.03.03-00.45.52:616][323]LogPlayLevel: PIE:  Blueprint regeneration took 57 ms (1 blueprints)
[2015.03.03-00.45.52:617][323]PIE: New page: PIE session: PrototypingMap (Mar 2, 2015, 8:45:52 AM)
[2015.03.03-00.45.52:620][323]LogPlayLevel: PIE: StaticDuplicateObject took: (0.002615s)
[2015.03.03-00.45.52:620][323]LogPlayLevel: PIE: World Init took: (0.000496s)
[2015.03.03-00.45.52:620][323]LogPlayLevel: PIE: Created PIE world by copying editor world from /Game/StarterContent/PrototypingMap.PrototypingMap to /Game/StarterContent/UEDPIE_0_PrototypingMap.PrototypingMap (0.003252s)
[2015.03.03-00.45.52:649][323]LogWorld: Game class is 'GameMode'
[2015.03.03-00.45.52:651][323]LogAIModule: Creating AISystem for world PrototypingMap
[2015.03.03-00.45.52:652][323]LogWorld: Bringing World /Game/StarterContent/UEDPIE_0_PrototypingMap.PrototypingMap up for play (max tick rate 0) at 2015.03.02-16.45.52
[2015.03.03-00.45.52:652][323]LogWorld: Bringing up level for play took: 0.000834
[2015.03.03-00.45.52:653][323]PIE: Info Play in editor start time for /Game/StarterContent/UEDPIE_0_PrototypingMap 0.643
[2015.03.03-00.46.06:350][668]LogParticles: Destroying 0 GPU particle simulations for FXSystem 0x000000001AB8F060
[2015.03.03-00.46.15:104][560]Cmd: ACTOR HIDE SELECTED
[2015.03.03-00.46.23:586][418]LogEditorViewport: Clicking on Actor (LMB): BP_Sky_Sphere_C (BP_Sky_Shere)
[2015.03.03-00.46.24:924][546]LogEditorViewport: Clicking on Actor (LMB): StaticMeshActor (SM_Template_Map_Floor)
[2015.03.03-00.46.24:944][546]LogPropertyNode:Warning: UI Min (0.001) >= UI Max () for Ranged Numeric
[2015.03.03-00.46.25:980][624]BlueprintLog: New page: Pre-PIE auto-recompile
[2015.03.03-00.46.25:985][624]LogPlayLevel: [PIE] Compiling PrototypingMap before PIE...
[2015.03.03-00.46.26:040][624]LogPlayLevel: PIE:  Blueprint regeneration took 60 ms (1 blueprints)
[2015.03.03-00.46.26:041][624]PIE: New page: PIE session: PrototypingMap (Mar 2, 2015, 8:46:26 AM)
[2015.03.03-00.46.26:046][624]LogPlayLevel: PIE: StaticDuplicateObject took: (0.004734s)
[2015.03.03-00.46.26:047][624]LogPlayLevel: PIE: World Init took: (0.000877s)
[2015.03.03-00.46.26:047][624]LogPlayLevel: PIE: Created PIE world by copying editor world from /Game/StarterContent/PrototypingMap.PrototypingMap to /Game/StarterContent/UEDPIE_0_PrototypingMap.PrototypingMap (0.005872s)
[2015.03.03-00.46.26:076][624]LogWorld: Game class is 'GameMode'
[2015.03.03-00.46.26:078][624]LogAIModule: Creating AISystem for world PrototypingMap
[2015.03.03-00.46.26:079][624]LogWorld: Bringing World /Game/StarterContent/UEDPIE_0_PrototypingMap.PrototypingMap up for play (max tick rate 0) at 2015.03.02-16.46.26
[2015.03.03-00.46.26:079][624]LogWorld: Bringing up level for play took: 0.001012
[2015.03.03-00.46.26:080][624]PIE: Info Play in editor start time for /Game/StarterContent/UEDPIE_0_PrototypingMap 0.069
[2015.03.03-00.46.27:618][773]LogPropertyNode:Warning: UI Min (0.001) >= UI Max () for Ranged Numeric
[2015.03.03-00.46.27:651][773]LogParticles: Destroying 0 GPU particle simulations for FXSystem 0x0000000006A73100
[2015.03.03-00.46.31:823][127]LogEditorViewport: Clicking on Actor (LMB): AtmosphericFog (Atmospheric Fog)
[2015.03.03-00.46.33:058][206]Cmd: DELETE
[2015.03.03-00.46.33:058][206]Cmd: ACTOR DELETE
[2015.03.03-00.46.33:058][206]LogEditorActor: Deleted Actor: AtmosphericFog
[2015.03.03-00.46.33:080][206]LogEditorActor: Deleted 1 Actors (0.022 secs)
[2015.03.03-00.46.46:018][637]LogPropertyNode:Warning: UI Min (0.001) >= UI Max () for Ranged Numeric
[2015.03.03-00.46.46:035][637]LogPropertyNode:Warning: UI Min (0.001) >= UI Max () for Ranged Numeric
[2015.03.03-00.47.12:766][733]BlueprintLog: New page: Compile PrototypingMap
[2015.03.03-00.47.12:846][733]BlueprintEditorCompileResults: Info [0751.55] Compile of PrototypingMap successful! [in 74 ms]
[2015.03.03-00.47.15:444][896]BlueprintLog: New page: Pre-PIE auto-recompile
[2015.03.03-00.47.15:458][896]LogPlayLevel: [PIE] Compiling PrototypingMap before PIE...
[2015.03.03-00.47.15:521][896]LogPlayLevel: PIE:  Blueprint regeneration took 77 ms (1 blueprints)
[2015.03.03-00.47.15:522][896]PIE: New page: PIE session: PrototypingMap (Mar 2, 2015, 8:47:15 AM)
[2015.03.03-00.47.15:524][896]LogPlayLevel: PIE: StaticDuplicateObject took: (0.001819s)
[2015.03.03-00.47.15:524][896]LogPlayLevel: PIE: World Init took: (0.000484s)
[2015.03.03-00.47.15:524][896]LogPlayLevel: PIE: Created PIE world by copying editor world from /Game/StarterContent/PrototypingMap.PrototypingMap to /Game/StarterContent/UEDPIE_0_PrototypingMap.PrototypingMap (0.002433s)
[2015.03.03-00.47.15:554][896]LogWorld: Game class is 'GameMode'
[2015.03.03-00.47.15:557][896]LogAIModule: Creating AISystem for world PrototypingMap
[2015.03.03-00.47.15:558][896]LogWorld: Bringing World /Game/StarterContent/UEDPIE_0_PrototypingMap.PrototypingMap up for play (max tick rate 0) at 2015.03.02-16.47.15
[2015.03.03-00.47.15:559][896]LogWorld: Bringing up level for play took: 0.001268
[2015.03.03-00.47.15:560][896]PIE: Info Play in editor start time for /Game/StarterContent/UEDPIE_0_PrototypingMap -0.452
[2015.03.03-00.47.23:474][647]LogPropertyNode:Warning: UI Min (0.001) >= UI Max () for Ranged Numeric
[2015.03.03-00.47.23:512][647]LogParticles: Destroying 0 GPU particle simulations for FXSystem 0x000000002F50BCE0
[2015.03.03-00.47.26:335][817]MapCheck: New page: Map Check
[2015.03.03-00.47.26:369][817]Cmd: MAP REBUILD ALLVISIBLE
[2015.03.03-00.47.26:369][817]LogEditorServer: Rebuildmap Clear paths rebuilt
[2015.03.03-00.47.26:369][817]LogInstancedFoliage: Map Rebuilt - Update all BSP painted foliage!
[2015.03.03-00.47.26:374][817]LightingResults: New page: Lighting Build - Mar 2, 2015, 8:47:26 AM
[2015.03.03-00.47.31:520][817]LogStaticLightingSystem:Warning: No importance volume found, so the scene bounding box was used.  You can optimize your scene's quality and lighting build times by adding importance volumes.
[2015.03.03-00.47.31:520][817]LogStaticLightingSystem: Running Lightmass w/ ImmediateImport mode ENABLED
[2015.03.03-00.47.31:520][817]LogStaticLightingSystem: Running Lightmass w/ ImmediateProcess mode ENABLED
[2015.03.03-00.47.31:520][817]LogStaticLightingSystem: Running Lightmass w/ Sorting mode ENABLED
[2015.03.03-00.47.31:520][817]LogStaticLightingSystem: Running Lightmass w/ Mapping paddings ENABLED
[2015.03.03-00.47.31:520][817]LogStaticLightingSystem: Running Lightmass w/ Mapping debug paddings DISABLED
[2015.03.03-00.47.31:726][817]LogEditorBuildUtils: Build time 0:00:05
[2015.03.03-00.47.33:797][895]Job is a success!
[2015.03.03-00.47.33:919][895]LogSavePackage: Save=47.679459ms
[2015.03.03-00.47.33:919][895]LogSavePackage: Moving '../../../../../../Users/CS210/Documents/Unreal Projects/Karaage/Saved/PrototypingMap_Auto1B92A8A914051D39BF8B15B8C9F05A74E.tmp' to '../../../../../../Users/CS210/Documents/Unreal Projects/Karaage/Saved/Autosaves/Game/StarterContent/PrototypingMap_Auto1.umap'
[2015.03.03-00.47.33:930][895]LogFileHelpers: Editor autosave (incl. sublevels) for '/Game/StarterContent/PrototypingMap' took 0.161
[2015.03.03-00.47.33:930][895]LogFileHelpers: Editor autosave (incl. sublevels) for all levels took 0.161
[2015.03.03-00.47.34:009][896]LogTexture:Display: Building textures: HQ_Lightmap0_1 (AutoDXT)
[2015.03.03-00.47.34:034][896]LogTexture:Display: Building textures: LQ_Lightmap_0_3 (DXT1)
[2015.03.03-00.47.34:035][896]LogTexture:Display: Building textures: HQ_Lightmap0_3 (AutoDXT)
[2015.03.03-00.47.34:038][896]LogTexture:Display: Building textures: LQ_Lightmap_0_2 (DXT1)
[2015.03.03-00.47.34:039][896]LogTexture:Display: Building textures: HQ_Lightmap0_2 (AutoDXT)
[2015.03.03-00.47.34:040][896]LogTexture:Display: Building textures: LQ_Lightmap_0_1 (DXT1)
[2015.03.03-00.47.34:065][896]LogTexture:Display: Building textures: ShadowMapTexture2D_3 (BGRA8)
[2015.03.03-00.47.34:067][896]LogTexture:Display: Building textures: ShadowMapTexture2D_4 (BGRA8)
[2015.03.03-00.47.34:068][896]LogTexture:Display: Building textures: ShadowMapTexture2D_5 (BGRA8)
[2015.03.03-00.47.34:182][896]Lightmass on CS210-WS-07: 1.38 sec total, 162 ms importing, 0 ms setup, 467 ms photons, 733 ms processing, 0 ms extra exporting [8/8 mappings]. Threads: 7.48 sec total, 199 ms processing.
[2015.03.03-00.47.34:247][896]LogPhysics:Warning: FDerivedDataPhysXCooker::BuildTriMesh: Triangle data from '/Game/StarterContent/PrototypingMap.PrototypingMap:PersistentLevel.ModelComponent_29' invalid (24 verts, 0 indices).
[2015.03.03-00.47.34:247][896]LogPhysics:Warning: FDerivedDataPhysXCooker::BuildTriMesh: Triangle data from '/Game/StarterContent/PrototypingMap.PrototypingMap:PersistentLevel.ModelComponent_30' invalid (24 verts, 0 indices).
[2015.03.03-00.47.34:247][896]LogPhysics:Warning: FDerivedDataPhysXCooker::BuildTriMesh: Triangle data from '/Game/StarterContent/PrototypingMap.PrototypingMap:PersistentLevel.ModelComponent_31' invalid (24 verts, 0 indices).
[2015.03.03-00.47.34:334][896]LogStaticLightingSystem:Warning: Illumination: 7.87 sec (85 ms encoding lightmaps)
[2015.03.03-00.47.34:335][896]LogStaticLightingSystem: Lightmap texture memory:  0.1 MB (0.1 MB streaming, 0.0 MB non-streaming), 6 textures
[2015.03.03-00.47.34:335][896]LogStaticLightingSystem: Shadowmap texture memory: 0.0 MB (0.0 MB streaming, 0.0 MB non-streaming), 3 textures
[2015.03.03-00.47.34:838][897]Cmd: MAP CHECK NOTIFYRESULTS
[2015.03.03-00.47.34:838][897]MapCheck: New page: PrototypingMap - Mar 2, 2015, 8:47:34 AM
[2015.03.03-00.47.34:988][897]MapCheck: Info Map check complete: 0 Error(s), 0 Warning(s), took 149.916ms to complete.
[2015.03.03-00.47.38:392][246]LogSavePackage: Save=46.941418ms
[2015.03.03-00.47.38:392][246]LogSavePackage: Moving '../../../../../../Users/CS210/Documents/Unreal Projects/Karaage/Saved/PrototypingMapEC4CE43444AA462AB5E16698CE5748DD.tmp' to '../../../../../../Users/CS210/Documents/Unreal Projects/Karaage/Content/StarterContent/PrototypingMap.umap'
[2015.03.03-00.47.39:465][349]BlueprintLog: New page: Pre-PIE auto-recompile
[2015.03.03-00.47.39:471][349]LogPlayLevel: [PIE] Compiling PrototypingMap before PIE...
[2015.03.03-00.47.39:529][349]LogPlayLevel: PIE:  Blueprint regeneration took 63 ms (1 blueprints)
[2015.03.03-00.47.39:529][349]PIE: New page: PIE session: PrototypingMap (Mar 2, 2015, 8:47:39 AM)
[2015.03.03-00.47.39:531][349]LogPlayLevel: PIE: StaticDuplicateObject took: (0.001856s)
[2015.03.03-00.47.39:531][349]LogPlayLevel: PIE: World Init took: (0.000485s)
[2015.03.03-00.47.39:531][349]LogPlayLevel: PIE: Created PIE world by copying editor world from /Game/StarterContent/PrototypingMap.PrototypingMap to /Game/StarterContent/UEDPIE_0_PrototypingMap.PrototypingMap (0.002479s)
[2015.03.03-00.47.39:561][349]LogWorld: Game class is 'GameMode'
[2015.03.03-00.47.39:563][349]LogAIModule: Creating AISystem for world PrototypingMap
[2015.03.03-00.47.39:564][349]LogWorld: Bringing World /Game/StarterContent/UEDPIE_0_PrototypingMap.PrototypingMap up for play (max tick rate 0) at 2015.03.02-16.47.39
[2015.03.03-00.47.39:564][349]LogWorld: Bringing up level for play took: 0.000788
[2015.03.03-00.47.39:565][349]PIE: Info Play in editor start time for /Game/StarterContent/UEDPIE_0_PrototypingMap -0.447
[2015.03.03-00.47.44:759][862]LogParticles: Destroying 0 GPU particle simulations for FXSystem 0x00000000300DDB20
[2015.03.03-00.47.49:047][298]LogEditorActor: Deleted Actor: Brush
[2015.03.03-00.47.49:060][298]LogInstancedFoliage: Map Rebuilt - Update all BSP painted foliage!
[2015.03.03-00.47.49:060][298]LogEditorActor: Deleted 1 Actors (0.014 secs)
[2015.03.03-00.47.49:060][298]LogInstancedFoliage: Map Rebuilt - Update all BSP painted foliage!
[2015.03.03-00.47.50:958][486]LogSavePackage: Save=49.227699ms
[2015.03.03-00.47.50:958][486]LogSavePackage: Moving '../../../../../../Users/CS210/Documents/Unreal Projects/Karaage/Saved/PrototypingMapDDA2C08D4F795AE442F5D3AD4B806D86.tmp' to '../../../../../../Users/CS210/Documents/Unreal Projects/Karaage/Content/StarterContent/PrototypingMap.umap'
[2015.03.03-00.47.52:869][639]MapCheck: New page: Map Check
[2015.03.03-00.47.52:938][639]Cmd: MAP REBUILD ALLVISIBLE
[2015.03.03-00.47.52:938][639]LogEditorServer: Rebuildmap Clear paths rebuilt
[2015.03.03-00.47.52:939][639]LogInstancedFoliage: Map Rebuilt - Update all BSP painted foliage!
[2015.03.03-00.47.52:942][639]LightingResults: New page: Lighting Build - Mar 2, 2015, 8:47:52 AM
[2015.03.03-00.47.57:531][639]LogStaticLightingSystem:Warning: No importance volume found, so the scene bounding box was used.  You can optimize your scene's quality and lighting build times by adding importance volumes.
[2015.03.03-00.47.57:531][639]LogStaticLightingSystem: Running Lightmass w/ ImmediateImport mode ENABLED
[2015.03.03-00.47.57:531][639]LogStaticLightingSystem: Running Lightmass w/ ImmediateProcess mode ENABLED
[2015.03.03-00.47.57:531][639]LogStaticLightingSystem: Running Lightmass w/ Sorting mode ENABLED
[2015.03.03-00.47.57:531][639]LogStaticLightingSystem: Running Lightmass w/ Mapping paddings ENABLED
[2015.03.03-00.47.57:531][639]LogStaticLightingSystem: Running Lightmass w/ Mapping debug paddings DISABLED
[2015.03.03-00.47.57:784][639]LogEditorBuildUtils: Build time 0:00:04
[2015.03.03-00.47.59:341][753]Job is a success!
[2015.03.03-00.47.59:420][754]LogTexture:Display: Building textures: HQ_Lightmap1_1 (AutoDXT)
[2015.03.03-00.47.59:428][754]LogTexture:Display: Building textures: LQ_Lightmap_1_2 (DXT1)
[2015.03.03-00.47.59:429][754]LogTexture:Display: Building textures: HQ_Lightmap1_2 (AutoDXT)
[2015.03.03-00.47.59:430][754]LogTexture:Display: Building textures: LQ_Lightmap_1_1 (DXT1)
[2015.03.03-00.47.59:449][754]LogTexture:Display: Building textures: ShadowMapTexture2D_6 (BGRA8)
[2015.03.03-00.47.59:451][754]LogTexture:Display: Building textures: ShadowMapTexture2D_7 (BGRA8)
[2015.03.03-00.47.59:468][754]Lightmass on CS210-WS-07: 992 ms total, 177 ms importing, 0 ms setup, 463 ms photons, 333 ms processing, 0 ms extra exporting [2/2 mappings]. Threads: 3.22 sec total, 192 ms processing.
[2015.03.03-00.47.59:611][754]LogStaticLightingSystem:Warning: Illumination: 6.64 sec (43 ms encoding lightmaps)
[2015.03.03-00.47.59:611][754]LogStaticLightingSystem: Lightmap texture memory:  0.1 MB (0.1 MB streaming, 0.0 MB non-streaming), 4 textures
[2015.03.03-00.47.59:611][754]LogStaticLightingSystem: Shadowmap texture memory: 0.0 MB (0.0 MB streaming, 0.0 MB non-streaming), 5 textures
[2015.03.03-00.47.59:873][755]Cmd: MAP CHECK NOTIFYRESULTS
[2015.03.03-00.47.59:873][755]MapCheck: New page: PrototypingMap - Mar 2, 2015, 8:47:59 AM
[2015.03.03-00.48.00:029][755]MapCheck: Info Map check complete: 0 Error(s), 0 Warning(s), took 156.365ms to complete.
[2015.03.03-00.48.15:068][916]BlueprintLog: New page: Pre-PIE auto-recompile
[2015.03.03-00.48.15:074][916]LogPlayLevel: [PIE] Compiling PrototypingMap before PIE...
[2015.03.03-00.48.15:126][916]LogPlayLevel: PIE:  Blueprint regeneration took 58 ms (1 blueprints)
[2015.03.03-00.48.15:126][916]PIE: New page: PIE session: PrototypingMap (Mar 2, 2015, 8:48:15 AM)
[2015.03.03-00.48.15:128][916]LogPlayLevel: PIE: StaticDuplicateObject took: (0.001105s)
[2015.03.03-00.48.15:128][916]LogPlayLevel: PIE: World Init took: (0.000625s)
[2015.03.03-00.48.15:129][916]LogPlayLevel: PIE: Created PIE world by copying editor world from /Game/StarterContent/PrototypingMap.PrototypingMap to /Game/StarterContent/UEDPIE_0_PrototypingMap.PrototypingMap (0.001879s)
[2015.03.03-00.48.15:155][916]LogWorld: Game class is 'GameMode'
[2015.03.03-00.48.15:156][916]LogAIModule: Creating AISystem for world PrototypingMap
[2015.03.03-00.48.15:157][916]LogWorld: Bringing World /Game/StarterContent/UEDPIE_0_PrototypingMap.PrototypingMap up for play (max tick rate 0) at 2015.03.02-16.48.15
[2015.03.03-00.48.15:157][916]LogWorld: Bringing up level for play took: 0.000710
[2015.03.03-00.48.15:158][916]PIE: Info Play in editor start time for /Game/StarterContent/UEDPIE_0_PrototypingMap -0.855
[2015.03.03-00.48.24:408][921]LogParticles: Destroying 0 GPU particle simulations for FXSystem 0x000000001AB8D760
[2015.03.03-00.49.27:151][902]LogSlate:Warning: Prevented a slow task dialog from being summoned while a context menu was open
[2015.03.03-00.50.13:068][637]BlueprintLog: New page: Compile PrototypingMap
[2015.03.03-00.50.13:126][637]BlueprintEditorCompileResults: Info [0931.83] Compile of PrototypingMap successful! [in 56 ms]
[2015.03.03-00.50.51:573][684]LogContentBrowser:Verbose: The content browser source was changed by the sources view to '/Game/StarterContent/Props'
[2015.03.03-00.50.56:423][122]LogContentBrowser:Verbose: The content browser source was changed by the sources view to '/Game/StarterContent/Shapes'
[2015.03.03-00.51.24:118][895]LogSavePackage: Save=370.406403ms
[2015.03.03-00.51.24:118][895]LogSavePackage: Moving '../../../../../../Users/CS210/Documents/Unreal Projects/Karaage/Saved/PrototypingBox8C24F4904739A4847D59F690D165F7B9.tmp' to '../../../../../../Users/CS210/Documents/Unreal Projects/Karaage/Content/StarterContent/Shapes/PrototypingBox.uasset'
[2015.03.03-00.51.49:288][160]LogSlate:Warning: Prevented a slow task dialog from being summoned while a context menu was open
[2015.03.03-00.54.05:660][572]LogParticles: Destroying 0 GPU particle simulations for FXSystem 0x000000002A345120
[2015.03.03-00.54.05:669][572]LogBlueprint:Error: [compiler] Error Spawn node  SpawnActor NONE  must have a class specified.
[2015.03.03-00.54.05:743][572]LogBlueprint:Warning: [compiler] Warning [1164.44] Compile of PrototypingMap failed. 1 Fatal Issue(s) 0 Warning(s) [in 76 ms]
[2015.03.03-00.54.05:763][572]LogSavePackage: Save=96.696602ms
[2015.03.03-00.54.05:763][572]LogSavePackage: Moving '../../../../../../Users/CS210/Documents/Unreal Projects/Karaage/Saved/PrototypingMap81900F364E5B7E74C9986C80EDD2C075.tmp' to '../../../../../../Users/CS210/Documents/Unreal Projects/Karaage/Content/StarterContent/PrototypingMap.umap'
[2015.03.03-00.54.11:025][  0]BlueprintLog: New page: Compile PrototypingMap
[2015.03.03-00.54.11:100][  0]BlueprintEditorCompileResults: Info [1169.80] Compile of PrototypingMap successful! [in 73 ms]
[2015.03.03-00.54.19:832][684]LogContentBrowser:Verbose: The content browser source was changed by the sources view to '/Game/StarterContent/Audio'
[2015.03.03-00.54.20:340][716]LogContentBrowser:Verbose: The content browser source was changed by the sources view to '/Game/StarterContent/Blueprints'
[2015.03.03-00.54.24:994][943]LogContentBrowser:Verbose: The content browser source was changed by the sources view to '/Game/StarterContent/Blueprints'
[2015.03.03-00.58.05:718][309]LogSlate:Warning: Prevented a slow task dialog from being summoned while a context menu was open
[2015.03.03-00.58.05:718][309]LogSlate:Warning: Prevented a slow task dialog from being summoned while a context menu was open
[2015.03.03-00.58.05:861][309]LogMetaData: Removing '/Game/StarterContent/Blueprints/Blueprint_PrototypeBox.Blueprint_PrototypeBox:UserConstructionScript.K2Node_FunctionEntry_60' ref from Metadata '/Game/StarterContent/Blueprints/NewBlueprint.PackageMetaData'
[2015.03.03-00.58.05:861][309]LogMetaData: Removing '/Game/StarterContent/Blueprints/Blueprint_PrototypeBox.SKEL_Blueprint_PrototypeBox_C' ref from Metadata '/Game/StarterContent/Blueprints/NewBlueprint.PackageMetaData'
[2015.03.03-00.58.05:861][309]LogMetaData: Removing '/Game/StarterContent/Blueprints/Blueprint_PrototypeBox.Blueprint_PrototypeBox_C' ref from Metadata '/Game/StarterContent/Blueprints/NewBlueprint.PackageMetaData'
[2015.03.03-00.58.05:864][309]LogSlate:Warning: Prevented a slow task dialog from being summoned while a context menu was open
[2015.03.03-00.58.05:875][309]LogSavePackage: Save=7.278098ms
[2015.03.03-00.58.05:875][309]LogSavePackage: Moving '../../../../../../Users/CS210/Documents/Unreal Projects/Karaage/Saved/Blueprint_PrototypeBox03B7F18B413120560767C0B7B1AB26FC.tmp' to '../../../../../../Users/CS210/Documents/Unreal Projects/Karaage/Content/StarterContent/Blueprints/Blueprint_PrototypeBox.uasset'
[2015.03.03-00.58.05:878][309]LogSlate:Warning: Prevented a slow task dialog from being summoned while a context menu was open
[2015.03.03-00.58.07:573][459]LogSlate:Warning: Prevented a slow task dialog from being summoned while a context menu was open
[2015.03.03-00.58.14:163][987]LogContentBrowser:Verbose: The content browser source was changed by the sources view to '/Game/StarterContent/Shapes'
[2015.03.03-00.58.21:243][589]LogPropertyNode:Warning: UI Min (0.001) >= UI Max () for Ranged Numeric
[2015.03.03-00.58.21:264][589]LogPropertyNode:Warning: UI Min (0.001) >= UI Max () for Ranged Numeric
[2015.03.03-00.58.21:285][589]LogPropertyNode:Warning: UI Min (0.001) >= UI Max () for Ranged Numeric
[2015.03.03-00.58.21:295][589]LogPropertyNode:Warning: UI Min (0.001) >= UI Max () for Ranged Numeric
[2015.03.03-00.58.29:977][240]LogSavePackage: Save=419.978088ms
[2015.03.03-00.58.29:977][240]LogSavePackage: Moving '../../../../../../Users/CS210/Documents/Unreal Projects/Karaage/Saved/Blueprint_PrototypeBox9C3FFCF142F0E9D873A65EA2E6295E11.tmp' to '../../../../../../Users/CS210/Documents/Unreal Projects/Karaage/Content/StarterContent/Blueprints/Blueprint_PrototypeBox.uasset'
[2015.03.03-00.58.37:020][762]LogSavePackage: Save=388.115387ms
[2015.03.03-00.58.37:020][762]LogSavePackage: Moving '../../../../../../Users/CS210/Documents/Unreal Projects/Karaage/Saved/Blueprint_PrototypeBox955346194F1E32C8A40E8480A6C72050.tmp' to '../../../../../../Users/CS210/Documents/Unreal Projects/Karaage/Content/StarterContent/Blueprints/Blueprint_PrototypeBox.uasset'
[2015.03.03-00.58.39:423][960]LogPropertyNode:Warning: UI Min (0.001) >= UI Max () for Ranged Numeric
[2015.03.03-00.58.40:487][ 67]LogEditorViewport: Clicking on Actor (LMB): StaticMeshActor (SM_Template_Map_Floor)
[2015.03.03-00.58.40:495][ 67]LogPropertyNode:Warning: UI Min (0.001) >= UI Max () for Ranged Numeric
[2015.03.03-00.58.44:871][477]LogParticles: Destroying 0 GPU particle simulations for FXSystem 0x000000001AB8E0C0
[2015.03.03-00.58.44:904][477]LogSavePackage: Save=29.566477ms
[2015.03.03-00.58.44:904][477]LogSavePackage: Moving '../../../../../../Users/CS210/Documents/Unreal Projects/Karaage/Saved/PrototypingMapA05864194EC14D2F88E3F28432065231.tmp' to '../../../../../../Users/CS210/Documents/Unreal Projects/Karaage/Content/StarterContent/PrototypingMap.umap'
[2015.03.03-00.59.23:658][242]LogSlate:Warning: Prevented a slow task dialog from being summoned while a context menu was open
[2015.03.03-00.59.29:939][670]BlueprintLog: New page: Compile PrototypingMap
[2015.03.03-00.59.29:997][670]BlueprintEditorCompileResults: Info [1488.69] Compile of PrototypingMap successful! [in 57 ms]
[2015.03.03-00.59.31:372][762]BlueprintLog: New page: Pre-PIE auto-recompile
[2015.03.03-00.59.31:375][762]LogPlayLevel: [PIE] Compiling Blueprint_PrototypeBox before PIE...
[2015.03.03-00.59.31:419][762]LogPlayLevel: [PIE] Compiling PrototypingMap before PIE...
[2015.03.03-00.59.31:469][762]LogPlayLevel: PIE:  Blueprint regeneration took 97 ms (2 blueprints)
[2015.03.03-00.59.31:469][762]PIE: New page: PIE session: PrototypingMap (Mar 2, 2015, 8:59:31 AM)
[2015.03.03-00.59.31:471][762]LogPlayLevel: PIE: StaticDuplicateObject took: (0.001055s)
[2015.03.03-00.59.31:471][762]LogPlayLevel: PIE: World Init took: (0.000486s)
[2015.03.03-00.59.31:471][762]LogPlayLevel: PIE: Created PIE world by copying editor world from /Game/StarterContent/PrototypingMap.PrototypingMap to /Game/StarterContent/UEDPIE_0_PrototypingMap.PrototypingMap (0.001668s)
[2015.03.03-00.59.31:502][762]LogWorld: Game class is 'GameMode'
[2015.03.03-00.59.31:504][762]LogAIModule: Creating AISystem for world PrototypingMap
[2015.03.03-00.59.31:505][762]LogWorld: Bringing World /Game/StarterContent/UEDPIE_0_PrototypingMap.PrototypingMap up for play (max tick rate 0) at 2015.03.02-16.59.31
[2015.03.03-00.59.31:505][762]LogWorld: Bringing up level for play took: 0.000720
[2015.03.03-00.59.31:506][762]PIE: Info Play in editor start time for /Game/StarterContent/UEDPIE_0_PrototypingMap -0.518
[2015.03.03-00.59.36:335][121]LogPropertyNode:Warning: UI Min (0.001) >= UI Max () for Ranged Numeric
[2015.03.03-00.59.36:432][122]LogParticles: Destroying 0 GPU particle simulations for FXSystem 0x0000000012316B60
[2015.03.03-00.59.37:179][167]LogEditorViewport: Clicking on Actor (LMB): BP_Sky_Sphere_C (BP_Sky_Shere)
[2015.03.03-00.59.43:261][605]BlueprintLog: New page: Pre-PIE auto-recompile
[2015.03.03-00.59.43:268][605]LogPlayLevel: [PIE] Compiling PrototypingMap before PIE...
[2015.03.03-00.59.43:324][605]LogPlayLevel: PIE:  Blueprint regeneration took 62 ms (1 blueprints)
[2015.03.03-00.59.43:324][605]PIE: New page: PIE session: PrototypingMap (Mar 2, 2015, 8:59:43 AM)
[2015.03.03-00.59.43:325][605]LogPlayLevel: PIE: StaticDuplicateObject took: (0.001038s)
[2015.03.03-00.59.43:326][605]LogPlayLevel: PIE: World Init took: (0.000484s)
[2015.03.03-00.59.43:326][605]LogPlayLevel: PIE: Created PIE world by copying editor world from /Game/StarterContent/PrototypingMap.PrototypingMap to /Game/StarterContent/UEDPIE_0_PrototypingMap.PrototypingMap (0.001651s)
[2015.03.03-00.59.43:352][605]LogWorld: Game class is 'GameMode'
[2015.03.03-00.59.43:354][605]LogAIModule: Creating AISystem for world PrototypingMap
[2015.03.03-00.59.43:355][605]LogWorld: Bringing World /Game/StarterContent/UEDPIE_0_PrototypingMap.PrototypingMap up for play (max tick rate 0) at 2015.03.02-16.59.43
[2015.03.03-00.59.43:355][605]LogWorld: Bringing up level for play took: 0.000705
[2015.03.03-00.59.43:356][605]PIE: Info Play in editor start time for /Game/StarterContent/UEDPIE_0_PrototypingMap -0.668
[2015.03.03-01.00.12:975][606]LogParticles: Destroying 0 GPU particle simulations for FXSystem 0x000000004A226B60
[2015.03.03-01.00.14:980][789]BlueprintLog: New page: Pre-PIE auto-recompile
[2015.03.03-01.00.14:985][789]LogPlayLevel: [PIE] Compiling PrototypingMap before PIE...
[2015.03.03-01.00.15:042][789]LogPlayLevel: PIE:  Blueprint regeneration took 62 ms (1 blueprints)
[2015.03.03-01.00.15:043][789]PIE: New page: PIE session: PrototypingMap (Mar 2, 2015, 9:00:15 AM)
[2015.03.03-01.00.15:044][789]LogPlayLevel: PIE: StaticDuplicateObject took: (0.001418s)
[2015.03.03-01.00.15:045][789]LogPlayLevel: PIE: World Init took: (0.000588s)
[2015.03.03-01.00.15:045][789]LogPlayLevel: PIE: Created PIE world by copying editor world from /Game/StarterContent/PrototypingMap.PrototypingMap to /Game/StarterContent/UEDPIE_0_PrototypingMap.PrototypingMap (0.002174s)
[2015.03.03-01.00.15:077][789]LogWorld: Game class is 'GameMode'
[2015.03.03-01.00.15:079][789]LogAIModule: Creating AISystem for world PrototypingMap
[2015.03.03-01.00.15:079][789]LogWorld: Bringing World /Game/StarterContent/UEDPIE_0_PrototypingMap.PrototypingMap up for play (max tick rate 0) at 2015.03.02-17.00.15
[2015.03.03-01.00.15:080][789]LogWorld: Bringing up level for play took: 0.000664
[2015.03.03-01.00.15:080][789]PIE: Info Play in editor start time for /Game/StarterContent/UEDPIE_0_PrototypingMap 1.057
[2015.03.03-01.00.22:549][510]LogParticles: Destroying 0 GPU particle simulations for FXSystem 0x000000002D43F4C0
[2015.03.03-01.00.23:477][584]LogEditorViewport: Clicking on Actor (LMB): PlayerStart (Player Start)
[2015.03.03-01.00.31:583][408]LogNavigationPoint: PostEditMove Clear paths rebuilt
[2015.03.03-01.00.34:843][730]Cmd: SELECT NONE
[2015.03.03-01.00.38:489][ 32]Cmd: TRANSACTION UNDO
[2015.03.03-01.00.38:489][ 32]LogEditorTransaction: Undo Select None
[2015.03.03-01.00.39:044][ 49]Cmd: TRANSACTION UNDO
[2015.03.03-01.00.39:045][ 49]LogEditorTransaction: Undo Move Actors
[2015.03.03-01.00.44:259][529]LogSavePackage: Save=46.290459ms
[2015.03.03-01.00.44:259][529]LogSavePackage: Moving '../../../../../../Users/CS210/Documents/Unreal Projects/Karaage/Saved/PrototypingMap7CD492E74CD9F418EF17CFB904351CEF.tmp' to '../../../../../../Users/CS210/Documents/Unreal Projects/Karaage/Content/StarterContent/PrototypingMap.umap'
[2015.03.03-01.02.51:274][510]BlueprintLog: New page: Compile PrototypingMap
[2015.03.03-01.02.51:353][510]BlueprintEditorCompileResults: Info [1690.04] Compile of PrototypingMap successful! [in 74 ms]
[2015.03.03-01.02.54:430][751]BlueprintLog: New page: Pre-PIE auto-recompile
[2015.03.03-01.02.54:445][751]LogPlayLevel: [PIE] Compiling PrototypingMap before PIE...
[2015.03.03-01.02.54:515][751]LogPlayLevel: PIE:  Blueprint regeneration took 84 ms (1 blueprints)
[2015.03.03-01.02.54:515][751]PIE: New page: PIE session: PrototypingMap (Mar 2, 2015, 9:02:54 AM)
[2015.03.03-01.02.54:516][751]LogPlayLevel: PIE: StaticDuplicateObject took: (0.001103s)
[2015.03.03-01.02.54:517][751]LogPlayLevel: PIE: World Init took: (0.000478s)
[2015.03.03-01.02.54:517][751]LogPlayLevel: PIE: Created PIE world by copying editor world from /Game/StarterContent/PrototypingMap.PrototypingMap to /Game/StarterContent/UEDPIE_0_PrototypingMap.PrototypingMap (0.001712s)
[2015.03.03-01.02.54:547][751]LogWorld: Game class is 'GameMode'
[2015.03.03-01.02.54:549][751]LogAIModule: Creating AISystem for world PrototypingMap
[2015.03.03-01.02.54:549][751]LogWorld: Bringing World /Game/StarterContent/UEDPIE_0_PrototypingMap.PrototypingMap up for play (max tick rate 0) at 2015.03.02-17.02.54
[2015.03.03-01.02.54:550][751]LogWorld: Bringing up level for play took: 0.000724
[2015.03.03-01.02.54:550][751]PIE: Info Play in editor start time for /Game/StarterContent/UEDPIE_0_PrototypingMap 0.524
[2015.03.03-01.03.16:398][934]LogParticles: Destroying 0 GPU particle simulations for FXSystem 0x000000004A226520
[2015.03.03-01.03.44:116][917]BlueprintLog: New page: Pre-PIE auto-recompile
[2015.03.03-01.03.44:134][917]LogPlayLevel: [PIE] Compiling PrototypingMap before PIE...
[2015.03.03-01.03.44:218][917]LogPlayLevel: PIE:  Blueprint regeneration took 102 ms (1 blueprints)
[2015.03.03-01.03.44:219][917]PIE: New page: PIE session: PrototypingMap (Mar 2, 2015, 9:03:44 AM)
[2015.03.03-01.03.44:220][917]LogPlayLevel: PIE: StaticDuplicateObject took: (0.001268s)
[2015.03.03-01.03.44:221][917]LogPlayLevel: PIE: World Init took: (0.000580s)
[2015.03.03-01.03.44:221][917]LogPlayLevel: PIE: Created PIE world by copying editor world from /Game/StarterContent/PrototypingMap.PrototypingMap to /Game/StarterContent/UEDPIE_0_PrototypingMap.PrototypingMap (0.001996s)
[2015.03.03-01.03.44:254][917]LogWorld: Game class is 'GameMode'
[2015.03.03-01.03.44:257][917]LogAIModule: Creating AISystem for world PrototypingMap
[2015.03.03-01.03.44:258][917]LogWorld: Bringing World /Game/StarterContent/UEDPIE_0_PrototypingMap.PrototypingMap up for play (max tick rate 0) at 2015.03.02-17.03.44
[2015.03.03-01.03.44:258][917]LogWorld: Bringing up level for play took: 0.001134
[2015.03.03-01.03.44:260][917]PIE: Info Play in editor start time for /Game/StarterContent/UEDPIE_0_PrototypingMap 0.232
[2015.03.03-01.03.48:435][200]LogParticles: Destroying 0 GPU particle simulations for FXSystem 0x00000000049D3420
[2015.03.03-01.03.56:295][888]BlueprintLog: New page: Pre-PIE auto-recompile
[2015.03.03-01.03.56:301][888]LogPlayLevel: [PIE] Compiling PrototypingMap before PIE...
[2015.03.03-01.03.56:361][888]LogPlayLevel: PIE:  Blueprint regeneration took 65 ms (1 blueprints)
[2015.03.03-01.03.56:361][888]PIE: New page: PIE session: PrototypingMap (Mar 2, 2015, 9:03:56 AM)
[2015.03.03-01.03.56:362][888]LogPlayLevel: PIE: StaticDuplicateObject took: (0.001101s)
[2015.03.03-01.03.56:363][888]LogPlayLevel: PIE: World Init took: (0.000473s)
[2015.03.03-01.03.56:363][888]LogPlayLevel: PIE: Created PIE world by copying editor world from /Game/StarterContent/PrototypingMap.PrototypingMap to /Game/StarterContent/UEDPIE_0_PrototypingMap.PrototypingMap (0.001708s)
[2015.03.03-01.03.56:396][888]LogWorld: Game class is 'GameMode'
[2015.03.03-01.03.56:399][888]LogAIModule: Creating AISystem for world PrototypingMap
[2015.03.03-01.03.56:400][888]LogWorld: Bringing World /Game/StarterContent/UEDPIE_0_PrototypingMap.PrototypingMap up for play (max tick rate 0) at 2015.03.02-17.03.56
[2015.03.03-01.03.56:400][888]LogWorld: Bringing up level for play took: 0.001439
[2015.03.03-01.03.56:402][888]PIE: Info Play in editor start time for /Game/StarterContent/UEDPIE_0_PrototypingMap 0.374
[2015.03.03-01.04.22:166][496]LogParticles: Destroying 0 GPU particle simulations for FXSystem 0x000000001E765300
[2015.03.03-01.04.24:120][667]LogEditorViewport: Clicking on Actor (LMB): StaticMeshActor (SM_Template_Map_Floor)
[2015.03.03-01.04.24:128][667]LogPropertyNode:Warning: UI Min (0.001) >= UI Max () for Ranged Numeric
[2015.03.03-01.04.41:924][318]Cmd: TRANSACTION UNDO
[2015.03.03-01.04.41:924][318]LogEditorTransaction: Undo Set actor scale
[2015.03.03-01.04.41:937][318]LogPropertyNode:Warning: UI Min (0.001) >= UI Max () for Ranged Numeric
[2015.03.03-01.04.46:041][601]BlueprintLog: New page: Pre-PIE auto-recompile
[2015.03.03-01.04.46:046][601]LogPlayLevel: [PIE] Compiling PrototypingMap before PIE...
[2015.03.03-01.04.46:118][601]LogPlayLevel: PIE:  Blueprint regeneration took 76 ms (1 blueprints)
[2015.03.03-01.04.46:118][601]PIE: New page: PIE session: PrototypingMap (Mar 2, 2015, 9:04:46 AM)
[2015.03.03-01.04.46:119][601]LogPlayLevel: PIE: StaticDuplicateObject took: (0.001167s)
[2015.03.03-01.04.46:120][601]LogPlayLevel: PIE: World Init took: (0.000565s)
[2015.03.03-01.04.46:120][601]LogPlayLevel: PIE: Created PIE world by copying editor world from /Game/StarterContent/PrototypingMap.PrototypingMap to /Game/StarterContent/UEDPIE_0_PrototypingMap.PrototypingMap (0.001874s)
[2015.03.03-01.04.46:154][601]LogWorld: Game class is 'GameMode'
[2015.03.03-01.04.46:157][601]LogAIModule: Creating AISystem for world PrototypingMap
[2015.03.03-01.04.46:159][601]LogWorld: Bringing World /Game/StarterContent/UEDPIE_0_PrototypingMap.PrototypingMap up for play (max tick rate 0) at 2015.03.02-17.04.46
[2015.03.03-01.04.46:159][601]LogWorld: Bringing up level for play took: 0.001636
[2015.03.03-01.04.46:161][601]PIE: Info Play in editor start time for /Game/StarterContent/UEDPIE_0_PrototypingMap 0.132
[2015.03.03-01.05.11:302][138]LogPropertyNode:Warning: UI Min (0.001) >= UI Max () for Ranged Numeric
[2015.03.03-01.05.11:391][139]LogParticles: Destroying 0 GPU particle simulations for FXSystem 0x000000001E764FE0
[2015.03.03-01.05.12:449][200]BlueprintLog: New page: Pre-PIE auto-recompile
[2015.03.03-01.05.12:452][200]LogPlayLevel: [PIE] Compiling PrototypingMap before PIE...
[2015.03.03-01.05.12:505][200]LogPlayLevel: PIE:  Blueprint regeneration took 56 ms (1 blueprints)
[2015.03.03-01.05.12:506][200]PIE: New page: PIE session: PrototypingMap (Mar 2, 2015, 9:05:12 AM)
[2015.03.03-01.05.12:509][200]LogPlayLevel: PIE: StaticDuplicateObject took: (0.002400s)
[2015.03.03-01.05.12:509][200]LogPlayLevel: PIE: World Init took: (0.000875s)
[2015.03.03-01.05.12:510][200]LogPlayLevel: PIE: Created PIE world by copying editor world from /Game/StarterContent/PrototypingMap.PrototypingMap to /Game/StarterContent/UEDPIE_0_PrototypingMap.PrototypingMap (0.003533s)
[2015.03.03-01.05.12:545][200]LogWorld: Game class is 'GameMode'
[2015.03.03-01.05.12:547][200]LogAIModule: Creating AISystem for world PrototypingMap
[2015.03.03-01.05.12:548][200]LogWorld: Bringing World /Game/StarterContent/UEDPIE_0_PrototypingMap.PrototypingMap up for play (max tick rate 0) at 2015.03.02-17.05.12
[2015.03.03-01.05.12:548][200]LogWorld: Bringing up level for play took: 0.000688
[2015.03.03-01.05.12:549][200]PIE: Info Play in editor start time for /Game/StarterContent/UEDPIE_0_PrototypingMap 0.52
[2015.03.03-01.06.05:468][661]LogPropertyNode:Warning: UI Min (0.001) >= UI Max () for Ranged Numeric
[2015.03.03-01.06.05:504][661]LogParticles: Destroying 0 GPU particle simulations for FXSystem 0x000000004E0EE3E0
[2015.03.03-01.06.24:570][602]BlueprintLog: New page: Compile PrototypingMap
[2015.03.03-01.06.24:645][602]BlueprintEditorCompileResults: Info [1903.33] Compile of PrototypingMap successful! [in 70 ms]
[2015.03.03-01.06.27:433][792]BlueprintLog: New page: Pre-PIE auto-recompile
[2015.03.03-01.06.27:436][792]LogPlayLevel: [PIE] Compiling PrototypingMap before PIE...
[2015.03.03-01.06.27:500][792]LogPlayLevel: PIE:  Blueprint regeneration took 67 ms (1 blueprints)
[2015.03.03-01.06.27:500][792]PIE: New page: PIE session: PrototypingMap (Mar 2, 2015, 9:06:27 AM)
[2015.03.03-01.06.27:501][792]LogPlayLevel: PIE: StaticDuplicateObject took: (0.001120s)
[2015.03.03-01.06.27:502][792]LogPlayLevel: PIE: World Init took: (0.000496s)
[2015.03.03-01.06.27:502][792]LogPlayLevel: PIE: Created PIE world by copying editor world from /Game/StarterContent/PrototypingMap.PrototypingMap to /Game/StarterContent/UEDPIE_0_PrototypingMap.PrototypingMap (0.001749s)
[2015.03.03-01.06.27:531][792]LogWorld: Game class is 'GameMode'
[2015.03.03-01.06.27:534][792]LogAIModule: Creating AISystem for world PrototypingMap
[2015.03.03-01.06.27:535][792]LogWorld: Bringing World /Game/StarterContent/UEDPIE_0_PrototypingMap.PrototypingMap up for play (max tick rate 0) at 2015.03.02-17.06.27
[2015.03.03-01.06.27:536][792]LogWorld: Bringing up level for play took: 0.001445
[2015.03.03-01.06.27:537][792]PIE: Info Play in editor start time for /Game/StarterContent/UEDPIE_0_PrototypingMap -0.492
[2015.03.03-01.07.27:553][991]LogActor:Warning: Blueprint_PrototypeBox_C_126 is outside the world bounds!
[2015.03.03-01.07.28:303][ 72]LogActor:Warning: Blueprint_PrototypeBox_C_129 is outside the world bounds!
[2015.03.03-01.07.32:492][511]LogPropertyNode:Warning: UI Min (0.001) >= UI Max () for Ranged Numeric
[2015.03.03-01.07.32:576][512]LogParticles: Destroying 0 GPU particle simulations for FXSystem 0x000000001D770900
[2015.03.03-01.12.05:637][186]LogUObjectGlobals:Warning: Failed to find object 'Object None.'
[2015.03.03-01.12.05:637][186]LogUObjectGlobals:Warning: Failed to find object 'Object None.'
[2015.03.03-01.12.05:637][186]LogProperty:Warning: ObjectProperty /Script/Engine.EdGraphPin:LinkedTo.LinkedTo: unresolved reference to 'EdGraphPin'"K2Node_CallFunction_1915.EdGraphPin_13412"''
[2015.03.03-01.13.24:228][633]BlueprintLog: New page: Compile PrototypingMap
[2015.03.03-01.13.24:317][633]BlueprintEditorCompileResults: Info [2323.00] Compile of PrototypingMap successful! [in 82 ms]
[2015.03.03-01.13.28:149][849]BlueprintLog: New page: Pre-PIE auto-recompile
[2015.03.03-01.13.28:161][849]LogPlayLevel: [PIE] Compiling PrototypingMap before PIE...
[2015.03.03-01.13.28:229][849]LogPlayLevel: PIE:  Blueprint regeneration took 80 ms (1 blueprints)
[2015.03.03-01.13.28:229][849]PIE: New page: PIE session: PrototypingMap (Mar 2, 2015, 9:13:28 AM)
[2015.03.03-01.13.28:230][849]LogPlayLevel: PIE: StaticDuplicateObject took: (0.001222s)
[2015.03.03-01.13.28:231][849]LogPlayLevel: PIE: World Init took: (0.000516s)
[2015.03.03-01.13.28:231][849]LogPlayLevel: PIE: Created PIE world by copying editor world from /Game/StarterContent/PrototypingMap.PrototypingMap to /Game/StarterContent/UEDPIE_0_PrototypingMap.PrototypingMap (0.001868s)
[2015.03.03-01.13.28:262][849]LogWorld: Game class is 'GameMode'
[2015.03.03-01.13.28:264][849]LogAIModule: Creating AISystem for world PrototypingMap
[2015.03.03-01.13.28:265][849]LogWorld: Bringing World /Game/StarterContent/UEDPIE_0_PrototypingMap.PrototypingMap up for play (max tick rate 0) at 2015.03.02-17.13.28
[2015.03.03-01.13.28:265][849]LogWorld: Bringing up level for play took: 0.000752
[2015.03.03-01.13.28:266][849]PIE: Info Play in editor start time for /Game/StarterContent/UEDPIE_0_PrototypingMap 0.229
[2015.03.03-01.13.45:697][591]LogPropertyNode:Warning: UI Min (0.001) >= UI Max () for Ranged Numeric
[2015.03.03-01.13.45:784][592]LogParticles: Destroying 0 GPU particle simulations for FXSystem 0x0000000050698FE0
[2015.03.03-01.13.54:852][161]BlueprintLog: New page: Pre-PIE auto-recompile
[2015.03.03-01.13.54:862][161]LogPlayLevel: [PIE] Compiling PrototypingMap before PIE...
[2015.03.03-01.13.54:935][161]LogPlayLevel: PIE:  Blueprint regeneration took 83 ms (1 blueprints)
[2015.03.03-01.13.54:936][161]PIE: New page: PIE session: PrototypingMap (Mar 2, 2015, 9:13:54 AM)
[2015.03.03-01.13.54:937][161]LogPlayLevel: PIE: StaticDuplicateObject took: (0.001326s)
[2015.03.03-01.13.54:938][161]LogPlayLevel: PIE: World Init took: (0.000541s)
[2015.03.03-01.13.54:938][161]LogPlayLevel: PIE: Created PIE world by copying editor world from /Game/StarterContent/PrototypingMap.PrototypingMap to /Game/StarterContent/UEDPIE_0_PrototypingMap.PrototypingMap (0.002005s)
[2015.03.03-01.13.54:970][161]LogWorld: Game class is 'GameMode'
[2015.03.03-01.13.54:973][161]LogAIModule: Creating AISystem for world PrototypingMap
[2015.03.03-01.13.54:974][161]LogWorld: Bringing World /Game/StarterContent/UEDPIE_0_PrototypingMap.PrototypingMap up for play (max tick rate 0) at 2015.03.02-17.13.54
[2015.03.03-01.13.54:975][161]LogWorld: Bringing up level for play took: 0.001433
[2015.03.03-01.13.54:976][161]PIE: Info Play in editor start time for /Game/StarterContent/UEDPIE_0_PrototypingMap 0.939
[2015.03.03-01.14.02:585][694]LogPropertyNode:Warning: UI Min (0.001) >= UI Max () for Ranged Numeric
[2015.03.03-01.14.02:685][695]LogParticles: Destroying 0 GPU particle simulations for FXSystem 0x0000000012314360
[2015.03.03-01.14.07:928][ 23]BlueprintLog: New page: Pre-PIE auto-recompile
[2015.03.03-01.14.07:939][ 23]LogPlayLevel: [PIE] Compiling PrototypingMap before PIE...
[2015.03.03-01.14.08:002][ 23]LogPlayLevel: PIE:  Blueprint regeneration took 73 ms (1 blueprints)
[2015.03.03-01.14.08:002][ 23]PIE: New page: PIE session: PrototypingMap (Mar 2, 2015, 9:14:08 AM)
[2015.03.03-01.14.08:006][ 23]LogPlayLevel: PIE: StaticDuplicateObject took: (0.003504s)
[2015.03.03-01.14.08:007][ 23]LogPlayLevel: PIE: World Init took: (0.000883s)
[2015.03.03-01.14.08:007][ 23]LogPlayLevel: PIE: Created PIE world by copying editor world from /Game/StarterContent/PrototypingMap.PrototypingMap to /Game/StarterContent/UEDPIE_0_PrototypingMap.PrototypingMap (0.004736s)
[2015.03.03-01.14.08:045][ 23]LogWorld: Game class is 'GameMode'
[2015.03.03-01.14.08:048][ 23]LogAIModule: Creating AISystem for world PrototypingMap
[2015.03.03-01.14.08:049][ 23]LogWorld: Bringing World /Game/StarterContent/UEDPIE_0_PrototypingMap.PrototypingMap up for play (max tick rate 0) at 2015.03.02-17.14.08
[2015.03.03-01.14.08:050][ 23]LogWorld: Bringing up level for play took: 0.001525
[2015.03.03-01.14.08:051][ 23]PIE: Info Play in editor start time for /Game/StarterContent/UEDPIE_0_PrototypingMap 0.013
[2015.03.03-01.14.17:964][764]LogPropertyNode:Warning: UI Min (0.001) >= UI Max () for Ranged Numeric
[2015.03.03-01.14.18:073][765]LogParticles: Destroying 0 GPU particle simulations for FXSystem 0x000000002387C220
[2015.03.03-01.14.48:870][706]LogSavePackage: Save=62.981785ms
[2015.03.03-01.14.48:870][706]LogSavePackage: Moving '../../../../../../Users/CS210/Documents/Unreal Projects/Karaage/Saved/PrototypingMap_Auto2041C42F2493D7B09347C30AB9A3103E5.tmp' to '../../../../../../Users/CS210/Documents/Unreal Projects/Karaage/Saved/Autosaves/Game/StarterContent/PrototypingMap_Auto2.umap'
[2015.03.03-01.14.48:876][706]LogFileHelpers: Editor autosave (incl. sublevels) for '/Game/StarterContent/PrototypingMap' took 0.192
[2015.03.03-01.14.48:876][706]LogFileHelpers: Editor autosave (incl. sublevels) for all levels took 0.192
[2015.03.03-01.14.48:902][706]LogSavePackage: Save=14.978557ms
[2015.03.03-01.14.48:902][706]LogSavePackage: Moving '../../../../../../Users/CS210/Documents/Unreal Projects/Karaage/Saved/NewBlueprint_Auto2B708423B473202C038127B88736C7C1A.tmp' to '../../../../../../Users/CS210/Documents/Unreal Projects/Karaage/Saved/Autosaves/Game/StarterContent/Blueprints/NewBlueprint_Auto2.uasset'
[2015.03.03-01.14.48:905][706]LogFileHelpers: Auto-saving content packages took 0.029
[2015.03.03-01.15.23:372][573]BlueprintLog: New page: Compile PrototypingMap
[2015.03.03-01.15.23:464][573]BlueprintEditorCompileResults: Info [2442.14] Compile of PrototypingMap successful! [in 88 ms]
[2015.03.03-01.15.24:729][646]BlueprintLog: New page: Pre-PIE auto-recompile
[2015.03.03-01.15.24:750][646]LogPlayLevel: [PIE] Compiling PrototypingMap before PIE...
[2015.03.03-01.15.24:828][646]LogPlayLevel: PIE:  Blueprint regeneration took 99 ms (1 blueprints)
[2015.03.03-01.15.24:828][646]PIE: New page: PIE session: PrototypingMap (Mar 2, 2015, 9:15:24 AM)
[2015.03.03-01.15.24:830][646]LogPlayLevel: PIE: StaticDuplicateObject took: (0.001260s)
[2015.03.03-01.15.24:830][646]LogPlayLevel: PIE: World Init took: (0.000513s)
[2015.03.03-01.15.24:831][646]LogPlayLevel: PIE: Created PIE world by copying editor world from /Game/StarterContent/PrototypingMap.PrototypingMap to /Game/StarterContent/UEDPIE_0_PrototypingMap.PrototypingMap (0.001910s)
[2015.03.03-01.15.24:861][646]LogWorld: Game class is 'GameMode'
[2015.03.03-01.15.24:863][646]LogAIModule: Creating AISystem for world PrototypingMap
[2015.03.03-01.15.24:864][646]LogWorld: Bringing World /Game/StarterContent/UEDPIE_0_PrototypingMap.PrototypingMap up for play (max tick rate 0) at 2015.03.02-17.15.24
[2015.03.03-01.15.24:864][646]LogWorld: Bringing up level for play took: 0.000711
[2015.03.03-01.15.24:865][646]PIE: Info Play in editor start time for /Game/StarterContent/UEDPIE_0_PrototypingMap 0.826
[2015.03.03-01.15.27:870][852]LogPropertyNode:Warning: UI Min (0.001) >= UI Max () for Ranged Numeric
[2015.03.03-01.15.27:950][853]LogParticles: Destroying 0 GPU particle simulations for FXSystem 0x0000000052E7A520
[2015.03.03-01.15.35:774][324]LogEditorViewport: Clicking on Actor (context menu): BP_Sky_Sphere_C (BP_Sky_Shere)
[2015.03.03-01.15.39:008][520]LogEditorViewport: Clicking on Actor (LMB): PlayerStart (Player Start)
[2015.03.03-01.15.40:875][637]LogNavigationPoint: PostEditMove Clear paths rebuilt
[2015.03.03-01.15.43:605][785]LogNavigationPoint: PostEditMove Clear paths rebuilt
[2015.03.03-01.15.44:633][859]BlueprintLog: New page: Pre-PIE auto-recompile
[2015.03.03-01.15.44:647][859]LogPlayLevel: [PIE] Compiling PrototypingMap before PIE...
[2015.03.03-01.15.44:704][859]LogPlayLevel: PIE:  Blueprint regeneration took 70 ms (1 blueprints)
[2015.03.03-01.15.44:704][859]PIE: New page: PIE session: PrototypingMap (Mar 2, 2015, 9:15:44 AM)
[2015.03.03-01.15.44:705][859]LogPlayLevel: PIE: StaticDuplicateObject took: (0.001254s)
[2015.03.03-01.15.44:706][859]LogPlayLevel: PIE: World Init took: (0.000499s)
[2015.03.03-01.15.44:706][859]LogPlayLevel: PIE: Created PIE world by copying editor world from /Game/StarterContent/PrototypingMap.PrototypingMap to /Game/StarterContent/UEDPIE_0_PrototypingMap.PrototypingMap (0.001892s)
[2015.03.03-01.15.44:735][859]LogWorld: Game class is 'GameMode'
[2015.03.03-01.15.44:737][859]LogAIModule: Creating AISystem for world PrototypingMap
[2015.03.03-01.15.44:737][859]LogWorld: Bringing World /Game/StarterContent/UEDPIE_0_PrototypingMap.PrototypingMap up for play (max tick rate 0) at 2015.03.02-17.15.44
[2015.03.03-01.15.44:738][859]LogWorld: Bringing up level for play took: 0.000678
[2015.03.03-01.15.44:738][859]PIE: Info Play in editor start time for /Game/StarterContent/UEDPIE_0_PrototypingMap 0.7
[2015.03.03-01.15.52:779][452]LogParticles: Destroying 0 GPU particle simulations for FXSystem 0x0000000052E78860
[2015.03.03-01.16.09:578][434]BlueprintLog: New page: Compile PrototypingMap
[2015.03.03-01.16.09:660][434]BlueprintEditorCompileResults: Info [2488.34] Compile of PrototypingMap successful! [in 77 ms]
[2015.03.03-01.18.08:772][274]LogSavePackage: Save=30.623934ms
[2015.03.03-01.18.08:772][274]LogSavePackage: Moving '../../../../../../Users/CS210/Documents/Unreal Projects/Karaage/Saved/PrototypingMap8CA4D1E14D3466DE224C678A26AD2090.tmp' to '../../../../../../Users/CS210/Documents/Unreal Projects/Karaage/Content/StarterContent/PrototypingMap.umap'
[2015.03.03-01.18.15:209][403]LogSavePackage: Save=5.217303ms
[2015.03.03-01.18.15:209][403]LogSavePackage: Moving '../../../../../../Users/CS210/Documents/Unreal Projects/Karaage/Saved/NewBlueprint669C8BAC444C284F00D8A5A7629FA9BA.tmp' to '../../../../../../Users/CS210/Documents/Unreal Projects/Karaage/Content/StarterContent/Blueprints/NewBlueprint.uasset'
[2015.03.03-01.18.16:039][404]Cmd: QUIT_EDITOR
[2015.03.03-01.18.16:851][404]LogExit: Preparing to exit.
[2015.03.03-01.18.17:527][404]LogExit: Editor shut down
[2015.03.03-01.18.17:528][404]LogExit: Transaction tracking system shut down
[2015.03.03-01.18.17:531][404]LogParticles: Destroying 0 GPU particle simulations for FXSystem 0x0000000006892200
[2015.03.03-01.18.17:532][404]LogParticles: Destroying 0 GPU particle simulations for FXSystem 0x000000002CC23F60
[2015.03.03-01.18.17:532][404]LogParticles: Destroying 0 GPU particle simulations for FXSystem 0x000000001D770220
[2015.03.03-01.18.17:591][404]LogParticles: Destroying 0 GPU particle simulations for FXSystem 0x000000001D771260
[2015.03.03-01.18.17:591][404]LogExit: Object subsystem successfully closed.
[2015.03.03-01.18.17:636][404]LogModuleManager: Shutting down and abandoning module StaticMeshEditor (174)
[2015.03.03-01.18.17:636][404]LogModuleManager: Shutting down and abandoning module NewLevelDialog (173)
[2015.03.03-01.18.17:636][404]LogModuleManager: Shutting down and abandoning module AndroidDeviceDetection (172)
[2015.03.03-01.18.17:636][404]LogModuleManager: Shutting down and abandoning module CrashTracker (171)
[2015.03.03-01.18.17:636][404]LogModuleManager: Shutting down and abandoning module SuperSearch (170)
[2015.03.03-01.18.17:636][404]LogModuleManager: Shutting down and abandoning module SceneOutliner (169)
[2015.03.03-01.18.17:636][404]LogModuleManager: Shutting down and abandoning module EditorWidgets (168)
[2015.03.03-01.18.17:636][404]LogModuleManager: Shutting down and abandoning module CollectionManager (167)
[2015.03.03-01.18.17:638][404]LogModuleManager: Shutting down and abandoning module StatsViewer (166)
[2015.03.03-01.18.17:638][404]LogModuleManager: Shutting down and abandoning module FoliageEdit (165)
[2015.03.03-01.18.17:638][404]LogModuleManager: Shutting down and abandoning module LandscapeEditor (164)
[2015.03.03-01.18.17:638][404]LogModuleManager: Shutting down and abandoning module MeshPaint (163)
[2015.03.03-01.18.17:639][404]LogModuleManager: Shutting down and abandoning module ActorPickerMode (162)
[2015.03.03-01.18.17:639][404]LogModuleManager: Shutting down and abandoning module GeometryMode (161)
[2015.03.03-01.18.17:639][404]LogModuleManager: Shutting down and abandoning module TextureAlignMode (160)
[2015.03.03-01.18.17:639][404]LogModuleManager: Shutting down and abandoning module BspMode (159)
[2015.03.03-01.18.17:639][404]LogModuleManager: Shutting down and abandoning module PlacementMode (158)
[2015.03.03-01.18.17:639][404]LogModuleManager: Shutting down and abandoning module AutomationWorker (157)
[2015.03.03-01.18.17:639][404]LogModuleManager: Shutting down and abandoning module CharacterAI (156)
[2015.03.03-01.18.17:639][404]LogModuleManager: Shutting down and abandoning module GameProjectGeneration (155)
[2015.03.03-01.18.17:639][404]LogModuleManager: Shutting down and abandoning module IntroTutorials (154)
[2015.03.03-01.18.17:639][404]LogModuleManager: Shutting down and abandoning module EditorLiveStreaming (153)
[2015.03.03-01.18.17:639][404]LogModuleManager: Shutting down and abandoning module HardwareTargeting (152)
[2015.03.03-01.18.17:639][404]LogModuleManager: Shutting down and abandoning module DeviceProfileEditor (151)
[2015.03.03-01.18.17:639][404]LogModuleManager: Shutting down and abandoning module UndoHistory (150)
[2015.03.03-01.18.17:639][404]LogModuleManager: Shutting down and abandoning module GameplayTagsEditor (149)
[2015.03.03-01.18.17:639][404]LogModuleManager: Shutting down and abandoning module UserFeedback (148)
[2015.03.03-01.18.17:639][404]LogModuleManager: Shutting down and abandoning module XmlParser (147)
[2015.03.03-01.18.17:639][404]LogModuleManager: Shutting down and abandoning module Blutility (146)
[2015.03.03-01.18.17:639][404]LogModuleManager: Shutting down and abandoning module IOSPlatformEditor (145)
[2015.03.03-01.18.17:639][404]LogModuleManager: Shutting down and abandoning module IOSRuntimeSettings (144)
[2015.03.03-01.18.17:639][404]LogModuleManager: Shutting down and abandoning module AndroidPlatformEditor (143)
[2015.03.03-01.18.17:639][404]LogModuleManager: Shutting down and abandoning module AndroidRuntimeSettings (142)
[2015.03.03-01.18.17:639][404]LogModuleManager: Shutting down and abandoning module ProjectTargetPlatformEditor (141)
[2015.03.03-01.18.17:639][404]LogModuleManager: Shutting down and abandoning module ProjectSettingsViewer (140)
[2015.03.03-01.18.17:639][404]LogModuleManager: Shutting down and abandoning module InputBindingEditor (139)
[2015.03.03-01.18.17:639][404]LogModuleManager: Shutting down and abandoning module EditorSettingsViewer (138)
[2015.03.03-01.18.17:639][404]LogModuleManager: Shutting down and abandoning module SettingsEditor (137)
[2015.03.03-01.18.17:639][404]LogModuleManager: Shutting down and abandoning module ProjectLauncher (136)
[2015.03.03-01.18.17:639][404]LogModuleManager: Shutting down and abandoning module SessionFrontend (135)
[2015.03.03-01.18.17:639][404]LogModuleManager: Shutting down and abandoning module ProfilerClient (134)
[2015.03.03-01.18.17:639][404]LogModuleManager: Shutting down and abandoning module TargetDeviceServices (133)
[2015.03.03-01.18.17:639][404]LogModuleManager: Shutting down and abandoning module DeviceManager (132)
[2015.03.03-01.18.17:639][404]LogModuleManager: Shutting down and abandoning module AutomationController (131)
[2015.03.03-01.18.17:639][404]LogModuleManager: Shutting down and abandoning module AutomationWindow (130)
[2015.03.03-01.18.17:639][404]LogModuleManager: Shutting down and abandoning module Layers (129)
[2015.03.03-01.18.17:639][404]LogModuleManager: Shutting down and abandoning module ComponentVisualizers (128)
[2015.03.03-01.18.17:639][404]LogModuleManager: Shutting down and abandoning module DetailCustomizations (127)
[2015.03.03-01.18.17:639][404]LogModuleManager: Shutting down and abandoning module PackagesDialog (126)
[2015.03.03-01.18.17:639][404]LogModuleManager: Shutting down and abandoning module AssetRegistry (125)
[2015.03.03-01.18.17:700][404]LogModuleManager: Shutting down and abandoning module Persona (124)
[2015.03.03-01.18.17:700][404]LogModuleManager: Shutting down and abandoning module Kismet (123)
[2015.03.03-01.18.17:700][404]LogModuleManager: Shutting down and abandoning module GraphEditor (122)
[2015.03.03-01.18.17:701][404]LogModuleManager: Shutting down and abandoning module ClassViewer (121)
[2015.03.03-01.18.17:701][404]LogModuleManager: Shutting down and abandoning module Toolbox (120)
[2015.03.03-01.18.17:701][404]LogModuleManager: Shutting down and abandoning module ModuleUI (119)
[2015.03.03-01.18.17:701][404]LogModuleManager: Shutting down and abandoning module MovieSceneTools (118)
[2015.03.03-01.18.17:701][404]LogModuleManager: Shutting down and abandoning module OutputLog (117)
[2015.03.03-01.18.17:701][404]LogModuleManager: Shutting down and abandoning module GammaUI (116)
[2015.03.03-01.18.17:701][404]LogModuleManager: Shutting down and abandoning module Documentation (115)
[2015.03.03-01.18.17:701][404]LogModuleManager: Shutting down and abandoning module GameLiveStreaming (114)
[2015.03.03-01.18.17:701][404]LogModuleManager: Shutting down and abandoning module StreamingPauseRendering (113)
[2015.03.03-01.18.17:701][404]LogModuleManager: Shutting down and abandoning module HTTP (112)
[2015.03.03-01.18.17:701][404]LogModuleManager: Shutting down and abandoning module AnalyticsET (111)
[2015.03.03-01.18.17:701][404]LogModuleManager: Shutting down and abandoning module Analytics (110)
[2015.03.03-01.18.17:701][404]LogModuleManager: Shutting down and abandoning module AITestSuite (109)
[2015.03.03-01.18.17:701][404]LogModuleManager: Shutting down and abandoning module AIModule (108)
[2015.03.03-01.18.17:701][404]LogModuleManager: Shutting down and abandoning module ProfilerService (107)
[2015.03.03-01.18.17:946][404]LogModuleManager: Shutting down and abandoning module TaskGraph (106)
[2015.03.03-01.18.17:946][404]LogModuleManager: Shutting down and abandoning module GameplayDebugger (105)
[2015.03.03-01.18.17:946][404]LogModuleManager: Shutting down and abandoning module SlateRemote (104)
[2015.03.03-01.18.17:946][404]LogModuleManager: Shutting down and abandoning module ScriptEditorPlugin (103)
[2015.03.03-01.18.17:946][404]LogModuleManager: Shutting down and abandoning module CustomMeshComponent (102)
[2015.03.03-01.18.17:946][404]LogModuleManager: Shutting down and abandoning module CableComponent (101)
[2015.03.03-01.18.17:946][404]LogModuleManager: Shutting down and abandoning module MessagingDebugger (100)
[2015.03.03-01.18.17:946][404]LogModuleManager: Shutting down and abandoning module MediaPlayerEditor (99)
[2015.03.03-01.18.17:946][404]LogModuleManager: Shutting down and abandoning module SpeedTreeImporter (98)
[2015.03.03-01.18.17:946][404]LogModuleManager: Shutting down and abandoning module PluginsEditor (97)
[2015.03.03-01.18.17:946][404]LogModuleManager: Shutting down and abandoning module EpicSurvey (96)
[2015.03.03-01.18.17:946][404]LogModuleManager: Shutting down and abandoning module DesktopPlatform (95)
[2015.03.03-01.18.17:946][404]LogModuleManager: Shutting down and abandoning module VisualStudioSourceCodeAccess (94)
[2015.03.03-01.18.17:946][404]LogModuleManager: Shutting down and abandoning module UObjectPlugin (93)
[2015.03.03-01.18.17:946][404]LogModuleManager: Shutting down and abandoning module SubversionSourceControl (92)
[2015.03.03-01.18.17:946][404]LogModuleManager: Shutting down and abandoning module SourceControl (91)
[2015.03.03-01.18.17:946][404]LogModuleManager: Shutting down and abandoning module PerforceSourceControl (90)
[2015.03.03-01.18.17:947][404]LogModuleManager: Shutting down and abandoning module BlankPlugin (89)
[2015.03.03-01.18.17:947][404]LogModuleManager: Shutting down and abandoning module SlateReflector (88)
[2015.03.03-01.18.17:947][404]LogModuleManager: Shutting down and abandoning module DirectoryWatcher (87)
[2015.03.03-01.18.17:947][404]LogModuleManager: Shutting down and abandoning module HotReload (86)
[2015.03.03-01.18.17:947][404]LogModuleManager: Shutting down and abandoning module MainFrame (85)
[2015.03.03-01.18.17:947][404]LogModuleManager: Shutting down and abandoning module LevelEditor (84)
[2015.03.03-01.18.17:949][404]LogModuleManager: Shutting down and abandoning module ViewportSnapping (83)
[2015.03.03-01.18.17:949][404]LogModuleManager: Shutting down and abandoning module SmartSnapping (82)
[2015.03.03-01.18.17:949][404]LogModuleManager: Shutting down and abandoning module PaperTiledImporter (81)
[2015.03.03-01.18.17:949][404]LogModuleManager: Shutting down and abandoning module PaperJsonImporter (80)
[2015.03.03-01.18.17:949][404]LogModuleManager: Shutting down and abandoning module ContentBrowser (79)
[2015.03.03-01.18.17:949][404]LogModuleManager: Shutting down and abandoning module Paper2DEditor (78)
[2015.03.03-01.18.17:949][404]LogModuleManager: Shutting down and abandoning module ScriptPlugin (77)
[2015.03.03-01.18.17:949][404]LogModuleManager: Shutting down and abandoning module UdpMessaging (76)
[2015.03.03-01.18.18:049][404]LogModuleManager: Shutting down and abandoning module Paper2D (75)
[2015.03.03-01.18.18:049][404]LogModuleManager: Shutting down and abandoning module UE4Game (74)
[2015.03.03-01.18.18:049][404]LogModuleManager: Shutting down and abandoning module WindowsMoviePlayer (73)
[2015.03.03-01.18.18:057][404]LogModuleManager: Shutting down and abandoning module Media (72)
[2015.03.03-01.18.18:057][404]LogModuleManager: Shutting down and abandoning module WmfMedia (71)
[2015.03.03-01.18.18:057][404]LogModuleManager: Shutting down and abandoning module OnlineBlueprintSupport (70)
[2015.03.03-01.18.18:057][404]LogModuleManager: Shutting down and abandoning module PropertyEditor (69)
[2015.03.03-01.18.18:057][404]LogModuleManager: Shutting down and abandoning module BehaviorTreeEditor (68)
[2015.03.03-01.18.18:057][404]LogModuleManager: Shutting down and abandoning module FunctionalTesting (67)
[2015.03.03-01.18.18:057][404]LogModuleManager: Shutting down and abandoning module CollisionAnalyzer (66)
[2015.03.03-01.18.18:057][404]LogModuleManager: Shutting down and abandoning module WorkspaceMenuStructure (65)
[2015.03.03-01.18.18:057][404]LogModuleManager: Shutting down and abandoning module MessageLog (64)
[2015.03.03-01.18.18:057][404]LogModuleManager: Shutting down and abandoning module Sequencer (63)
[2015.03.03-01.18.18:058][404]LogModuleManager: Shutting down and abandoning module AssetTools (62)
[2015.03.03-01.18.18:058][404]LogModuleManager: Shutting down and abandoning module UMGEditor (61)
[2015.03.03-01.18.18:058][404]LogModuleManager: Shutting down and abandoning module UMG (60)
[2015.03.03-01.18.18:058][404]LogModuleManager: Shutting down and abandoning module Slate (59)
[2015.03.03-01.18.18:058][404]LogModuleManager: Shutting down and abandoning module EditorStyle (58)
[2015.03.03-01.18.18:065][404]LogModuleManager: Shutting down and abandoning module SessionServices (57)
[2015.03.03-01.18.18:065][404]LogModuleManager: Shutting down and abandoning module SourceCodeAccess (56)
[2015.03.03-01.18.18:065][404]LogModuleManager: Shutting down and abandoning module HeadMountedDisplay (55)
[2015.03.03-01.18.18:065][404]LogModuleManager: Shutting down and abandoning module XAudio2 (54)
[2015.03.03-01.18.18:065][404]LogModuleManager: Shutting down and abandoning module Networking (52)
[2015.03.03-01.18.18:065][404]LogModuleManager: Shutting down and abandoning module Core (51)
[2015.03.03-01.18.18:065][404]LogModuleManager: Shutting down and abandoning module KismetCompiler (50)
[2015.03.03-01.18.18:065][404]LogModuleManager: Shutting down and abandoning module PhysXFormats (49)
[2015.03.03-01.18.18:065][404]LogModuleManager: Shutting down and abandoning module MeshUtilities (48)
[2015.03.03-01.18.18:065][404]LogModuleManager: Shutting down and abandoning module DerivedDataCache (47)
[2015.03.03-01.18.18:159][404]LogDerivedDataCache: Shutdown
[2015.03.03-01.18.18:159][404]LogModuleManager: Shutting down and abandoning module ShaderFormatOpenGL (46)
[2015.03.03-01.18.18:159][404]LogModuleManager: Shutting down and abandoning module ShaderFormatD3D (45)
[2015.03.03-01.18.18:159][404]LogModuleManager: Shutting down and abandoning module MetalShaderFormat (44)
[2015.03.03-01.18.18:159][404]LogModuleManager: Shutting down and abandoning module TextureFormatUncompressed (43)
[2015.03.03-01.18.18:159][404]LogModuleManager: Shutting down and abandoning module TextureFormatPVR (42)
[2015.03.03-01.18.18:159][404]LogModuleManager: Shutting down and abandoning module TextureFormatDXT (41)
[2015.03.03-01.18.18:159][404]LogModuleManager: Shutting down and abandoning module TextureFormatAndroid (40)
[2015.03.03-01.18.18:159][404]LogModuleManager: Shutting down and abandoning module AudioFormatOpus (39)
[2015.03.03-01.18.18:159][404]LogModuleManager: Shutting down and abandoning module AudioFormatOgg (38)
[2015.03.03-01.18.18:159][404]LogModuleManager: Shutting down and abandoning module AudioFormatADPCM (37)
[2015.03.03-01.18.18:159][404]LogModuleManager: Shutting down and abandoning module LinuxTargetPlatform (36)
[2015.03.03-01.18.18:159][404]LogModuleManager: Shutting down and abandoning module LinuxServerTargetPlatform (35)
[2015.03.03-01.18.18:159][404]LogModuleManager: Shutting down and abandoning module LinuxNoEditorTargetPlatform (34)
[2015.03.03-01.18.18:159][404]LogModuleManager: Shutting down and abandoning module Messaging (33)
[2015.03.03-01.18.18:159][404]LogModuleManager: Shutting down and abandoning module IOSTargetPlatform (32)
[2015.03.03-01.18.18:159][404]LogModuleManager: Shutting down and abandoning module Android_PVRTCTargetPlatform (31)
[2015.03.03-01.18.18:159][404]LogModuleManager: Shutting down and abandoning module Android_ETC2TargetPlatform (30)
[2015.03.03-01.18.18:159][404]LogModuleManager: Shutting down and abandoning module Android_ETC1TargetPlatform (29)
[2015.03.03-01.18.18:159][404]LogModuleManager: Shutting down and abandoning module Android_DXTTargetPlatform (28)
[2015.03.03-01.18.18:159][404]LogModuleManager: Shutting down and abandoning module Android_ATCTargetPlatform (27)
[2015.03.03-01.18.18:159][404]LogModuleManager: Shutting down and abandoning module AndroidTargetPlatform (26)
[2015.03.03-01.18.18:159][404]LogModuleManager: Shutting down and abandoning module WindowsTargetPlatform (25)
[2015.03.03-01.18.18:159][404]LogModuleManager: Shutting down and abandoning module WindowsServerTargetPlatform (24)
[2015.03.03-01.18.18:159][404]LogModuleManager: Shutting down and abandoning module WindowsNoEditorTargetPlatform (23)
[2015.03.03-01.18.18:159][404]LogModuleManager: Shutting down and abandoning module WindowsClientTargetPlatform (22)
[2015.03.03-01.18.18:159][404]LogModuleManager: Shutting down and abandoning module TargetPlatform (21)
[2015.03.03-01.18.18:159][404]LogModuleManager: Shutting down and abandoning module InputCore (20)
[2015.03.03-01.18.18:159][404]LogModuleManager: Shutting down and abandoning module Settings (19)
[2015.03.03-01.18.18:159][404]LogModuleManager: Shutting down and abandoning module ImageWrapper (18)
[2015.03.03-01.18.18:159][404]LogModuleManager: Shutting down and abandoning module OculusRift (15)
[2015.03.03-01.18.18:159][404]LogModuleManager: Shutting down and abandoning module ExampleDeviceProfileSelector (14)
[2015.03.03-01.18.18:159][404]LogModuleManager: Shutting down and abandoning module TextureCompressor (13)
[2015.03.03-01.18.18:159][404]LogModuleManager: Shutting down and abandoning module ShaderCore (12)
[2015.03.03-01.18.18:159][404]LogModuleManager: Shutting down and abandoning module Landscape (11)
[2015.03.03-01.18.18:159][404]LogModuleManager: Shutting down and abandoning module SlateRHIRenderer (10)
[2015.03.03-01.18.18:161][404]LogModuleManager: Shutting down and abandoning module OpenGLDrv (9)
[2015.03.03-01.18.18:161][404]LogModuleManager: Shutting down and abandoning module D3D11RHI (8)
[2015.03.03-01.18.18:161][404]LogModuleManager: Shutting down and abandoning module Renderer (7)
[2015.03.03-01.18.18:161][404]LogModuleManager: Shutting down and abandoning module Engine (6)
[2015.03.03-01.18.18:161][404]LogModuleManager: Shutting down and abandoning module CoreUObject (5)
[2015.03.03-01.18.18:161][404]LogModuleManager: Shutting down and abandoning module NetworkFile (4)
[2015.03.03-01.18.18:161][404]LogModuleManager: Shutting down and abandoning module StreamingFile (3)
[2015.03.03-01.18.18:161][404]LogModuleManager: Shutting down and abandoning module SandboxFile (2)
[2015.03.03-01.18.18:161][404]LogModuleManager: Shutting down and abandoning module PakFile (1)
[2015.03.03-01.18.18:162][404]LogExit: Exiting.
[2015.03.03-01.18.18:180][404]Log file closed, 03/02/15 17:18:18
