Log file open, 03/04/15 03:22:35
LogInit:Display: Running engine for game: Karaage
LogInit: Version: 4.6.1-2386410+++depot+UE4-Releases+4.6
LogInit: API Version: 2369412
LogInit: Compiled (64-bit): Dec 11 2014 21:31:39
LogInit: Compiled with Visual C++: 18.00.21005.01
LogInit: Build Configuration: Development
LogInit: Branch Name: ++depot+UE4-Releases+4.6
LogInit: Command line: 
LogInit: Base directory: C:/Program Files/Epic Games/4.6/Engine/Binaries/Win64/
LogInit: Rocket: 1
[2015.03.04-11.22.35:962][  0]LogTaskGraph: Started task graph with 3 named threads and 6 total threads.
[2015.03.04-11.22.36:013][  0]LogOnline:Warning: No default platform service specified for OnlineSubsystem
[2015.03.04-11.22.36:028][  0]LogInit: Presizing for 0 objects not considered by GC, pre-allocating 0 bytes.
[2015.03.04-11.22.36:036][  0]LogInit: Object subsystem initialized
[2015.03.04-11.22.36:037][  0]LogConsoleResponse:Warning: Skipping Unknown console variable: 'UIScaleRule = ShortestSide'
[2015.03.04-11.22.36:037][  0]LogConsoleResponse:Warning:   Found in ini file 'C:/Users/bhnas_000/Documents/Unreal Projects/Karaage/Saved/Config/Windows/Engine.ini', in section '[/Script/Engine.RendererSettings]'
[2015.03.04-11.22.36:037][  0]LogConsoleResponse:Warning: Skipping Unknown console variable: 'UIScaleCurve = (EditorCurveData=(Keys=),ExternalCurve=None)'
[2015.03.04-11.22.36:037][  0]LogConsoleResponse:Warning:   Found in ini file 'C:/Users/bhnas_000/Documents/Unreal Projects/Karaage/Saved/Config/Windows/Engine.ini', in section '[/Script/Engine.RendererSettings]'
[2015.03.04-11.22.36:037][  0]LogConsoleResponse:Warning: Skipping Unknown console variable: 'r.SeperateTranslucency = 0'
[2015.03.04-11.22.36:037][  0]LogConsoleResponse:Warning:   Found in ini file 'C:/Users/bhnas_000/Documents/Unreal Projects/Karaage/Saved/Config/Windows/Engine.ini', in section '[/Script/Engine.RendererSettings]'
[2015.03.04-11.22.36:037][  0]LogConsoleResponse:Warning: Skipping Unknown console variable: 'r.SSSSS = 0'
[2015.03.04-11.22.36:037][  0]LogConsoleResponse:Warning:   Found in ini file 'C:/Users/bhnas_000/Documents/Unreal Projects/Karaage/Saved/Config/Windows/Engine.ini', in section '[/Script/Engine.RendererSettings]'
[2015.03.04-11.22.36:038][  0]LogConsoleManager:Warning: Console variable 'r.PostProcessAAQuality' wasn't set (Priority ProjectSetting < Scalability)
[2015.03.04-11.22.36:038][  0]LogConsoleManager:Warning: Console variable 'r.MSAA.CompositingSampleCount' wasn't set (Priority ProjectSetting < Scalability)
[2015.03.04-11.22.36:038][  0]LogConsoleManager:Warning: Console variable 'r.MotionBlurQuality' wasn't set (Priority ProjectSetting < Scalability)
[2015.03.04-11.22.36:038][  0]LogConsoleManager:Warning: Console variable 'r.AmbientOcclusionLevels' wasn't set (Priority ProjectSetting < Scalability)
[2015.03.04-11.22.36:038][  0]LogConsoleManager:Warning: Console variable 'r.DepthOfFieldQuality' wasn't set (Priority ProjectSetting < Scalability)
[2015.03.04-11.22.36:038][  0]LogConsoleManager:Warning: Console variable 'r.LensFlareQuality' wasn't set (Priority ProjectSetting < Scalability)
[2015.03.04-11.22.36:038][  0]LogConsoleManager:Warning: Console variable 'r.SceneColorFringeQuality' wasn't set (Priority ProjectSetting < Scalability)
[2015.03.04-11.22.36:038][  0]LogConsoleManager:Warning: Console variable 'r.BloomQuality' wasn't set (Priority ProjectSetting < Scalability)
[2015.03.04-11.22.36:038][  0]LogConsoleManager:Warning: Console variable 'r.FastBlurThreshold' wasn't set (Priority ProjectSetting < Scalability)
[2015.03.04-11.22.36:038][  0]LogConsoleManager:Warning: Console variable 'r.MaxAnisotropy' wasn't set (Priority ProjectSetting < Scalability)
[2015.03.04-11.22.36:038][  0]LogConsoleManager:Warning: Console variable 'r.SSR.Quality' wasn't set (Priority ProjectSetting < Scalability)
[2015.03.04-11.22.36:038][  0]LogConsoleManager:Warning: Console variable 'r.TranslucencyVolumeBlur' wasn't set (Priority ProjectSetting < Scalability)
[2015.03.04-11.22.36:038][  0]LogInit: Selected Device Profile: [Windows]
[2015.03.04-11.22.36:038][  0]LogInit: Applying CVar settings loaded from the selected device profile: [Windows]
[2015.03.04-11.22.36:043][  0]LogInit: Computer: AWESOME-BOX
[2015.03.04-11.22.36:043][  0]LogInit: User: Benhan
[2015.03.04-11.22.36:043][  0]LogInit: CPU Page size=4096, Cores=4
[2015.03.04-11.22.36:043][  0]LogInit: High frequency timer resolution =3.330097 MHz
[2015.03.04-11.22.36:043][  0]LogMemory: Memory total: Physical=15.9GB (16GB approx) Virtual=8192.0GB
[2015.03.04-11.22.36:043][  0]LogMemory: Platform Memory Stats for Windows
[2015.03.04-11.22.36:043][  0]LogMemory: Process Physical Memory: 48.63 MB used, 48.63 MB peak
[2015.03.04-11.22.36:043][  0]LogMemory: Process Virtual Memory: 24.23 MB used, 26.57 MB peak
[2015.03.04-11.22.36:043][  0]LogMemory: Physical Memory: 2240.06 MB used, 16330.08 MB total
[2015.03.04-11.22.36:043][  0]LogMemory: Virtual Memory: 269.81 MB used, 8388608.00 MB total
[2015.03.04-11.22.36:065][  0]LogD3D11RHI: Found D3D11 adapter 0: NVIDIA GeForce GTX 680 (Feature Level 11_0)
[2015.03.04-11.22.36:065][  0]LogD3D11RHI: Adapter has 1986MB of dedicated video memory, 0MB of dedicated system memory, and 2048MB of shared system memory, 1 output[s]
[2015.03.04-11.22.36:066][  0]LogD3D11RHI: Found D3D11 adapter 1: Microsoft Basic Render Driver (Feature Level 11_0)
[2015.03.04-11.22.36:066][  0]LogD3D11RHI: Adapter has 0MB of dedicated video memory, 0MB of dedicated system memory, and 256MB of shared system memory, 0 output[s]
[2015.03.04-11.22.36:066][  0]LogD3D11RHI: Chosen D3D11 Adapter Id = 0
[2015.03.04-11.22.36:068][  0]LogRHI: Texture pool is 1361 MB (70% of 1945 MB)
[2015.03.04-11.22.36:074][  0]LogD3D11RHI: Async texture creation enabled
[2015.03.04-11.22.36:125][  0]LogTextLocalizationManager: The requested culture ('en_US') has no localization data; parent culture's ('en') localization data will be used.
[2015.03.04-11.22.36:242][  0]LogContentStreaming: Texture pool size is 0.000000MB
[2015.03.04-11.22.43:742][  0]LogTargetPlatformManager:Display: Building Assets For Windows
[2015.03.04-11.22.44:079][  0]LogTargetPlatformManager:Display: Building Assets For Windows
[2015.03.04-11.22.44:121][  0]LogDerivedDataCache:Display: Max Cache Size: 512 MB
[2015.03.04-11.22.44:151][  0]LogDerivedDataCache: Loaded boot cache 0.03s 39MB C:/Users/bhnas_000/AppData/Local/UnrealEngine/4.6/DerivedDataCache/Boot.ddc.
[2015.03.04-11.22.44:151][  0]LogDerivedDataCache:Display: Loaded Boot cache: C:/Users/bhnas_000/AppData/Local/UnrealEngine/4.6/DerivedDataCache/Boot.ddc
[2015.03.04-11.22.44:151][  0]LogDerivedDataCache: FDerivedDataBackendGraph:  Pak pak cache file ../../../../../../Users/bhnas_000/Documents/Unreal Projects/Karaage/DerivedDataCache/DDC.ddp not found, will not use a pak cache.
[2015.03.04-11.22.44:151][  0]LogDerivedDataCache: Unable to find inner node Pak for hierarchical cache Hierarchy.
[2015.03.04-11.22.44:209][  0]LogDerivedDataCache:Display: Pak cache opened for reading ../../../Engine/DerivedDataCache/DDC.ddp.
[2015.03.04-11.22.44:220][  0]LogDerivedDataCache: Using Local data cache path C:/Users/bhnas_000/AppData/Local/UnrealEngine/Common/DerivedDataCache: Writable
[2015.03.04-11.22.44:326][  0]LogCollisionProfile:Warning: Profile (UI) - Custom Channel Name = 'Weapon' hasn't been found
[2015.03.04-11.22.44:446][  0]LogMeshUtilities: No automatic mesh reduction module available
[2015.03.04-11.22.44:446][  0]LogMeshUtilities: No automatic mesh merging module available
[2015.03.04-11.22.44:750][  0]LogInit: WinSock: version 1.1 (2.2), MaxSocks=32767, MaxUdp=65467
[2015.03.04-11.22.44:792][  0]LogSlate:Warning: Failed to load font data from '../../../Engine/Content/Slate/Fonts/Roboto-Italic.ttf'
[2015.03.04-11.22.45:393][  0]UdpMessaging: Initializing bridge on interface 0.0.0.0:0 to multicast group 230.0.0.1:6666.
[2015.03.04-11.22.45:543][  0]LogDirectoryWatcher:Warning: Failed to begin reading directory changes for C:/Users/bhnas_000/Documents/Unreal Projects/Karaage/Binaries/Win64. Error: 0
[2015.03.04-11.22.45:655][  0]SourceControl: Info Source control is disabled
[2015.03.04-11.22.45:655][  0]SourceControl: Info Source control is disabled
[2015.03.04-11.22.45:660][  0]SourceControl: Info Source control is disabled
[2015.03.04-11.22.45:747][  0]LogObj: 23754 objects as part of root set at end of initial load.
[2015.03.04-11.22.45:747][  0]LogUObjectAllocator: 5168136 out of 0 bytes used by permanent object pool.
[2015.03.04-11.22.45:793][  0]LogEngine: Initializing Engine...
[2015.03.04-11.22.45:912][  0]LogInit: XAudio2 using 'Speakers (High Definition Audio Device)' : 2 channels at 44.1 kHz using 16 bits per sample (channel mask 0x3)
[2015.03.04-11.22.45:920][  0]LogInit: FAudioDevice initialized.
[2015.03.04-11.22.45:935][  0]LogAIModule: Creating AISystem for world NewWorld
[2015.03.04-11.22.45:952][  0]LogDerivedDataCache: Saved boot cache 0.02s 39MB C:/Users/bhnas_000/AppData/Local/UnrealEngine/4.6/DerivedDataCache/Boot.ddc.
[2015.03.04-11.22.45:955][  0]LogInit: Texture streaming: Enabled
[2015.03.04-11.22.45:975][  0]LogAnalytics: Creating configured Analytics provider AnalyticsET
[2015.03.04-11.22.45:975][  0]LogAnalytics: ET APIKey = Rocket.Release. APIServer = http://et2.epicgames.com/ET2/. AppVersion = 4.6.1-2386410+++depot+UE4-Releases+4.6
[2015.03.04-11.22.45:976][  0]LogAnalytics: SetUserId 29f21dfa4ef48abe050522049f436c7d
[2015.03.04-11.22.45:976][  0]LogAnalytics: AnalyticsET::StartSession [Rocket.Release]
[2015.03.04-11.22.45:988][  0]LogInit: Transaction tracking system initialized
[2015.03.04-11.22.46:057][  0]BlueprintLog: New page: Editor Load
[2015.03.04-11.22.46:082][  0]LogAssetRegistry: FAssetRegistry took 0.0110 seconds to start up
[2015.03.04-11.22.46:082][  0]LogDirectoryWatcher:Warning: Failed to begin reading directory changes for ../../../Engine/Plugins/Experimental/CharacterAI/Content/. Error: 0
[2015.03.04-11.22.46:453][  0]LogTargetPlatformManager:Display: Building Assets For Windows
[2015.03.04-11.22.46:733][  0]LogTargetPlatformManager:Display: Building Assets For Windows
[2015.03.04-11.22.46:894][  0]LogConsoleResponse:Display: 
[2015.03.04-11.22.46:932][  0]LogLinker:Warning: Asset '../../../Engine/Content/Functions/Engine_MaterialFunctions03/Procedurals/ComputeFilterWidth.uasset' has been saved with empty engine version. The asset will be loaded but may be incompatible.
[2015.03.04-11.22.47:078][  0]SourceControl: Info Source control is disabled
[2015.03.04-11.22.47:078][  0]Cmd: MAP LOAD FILE="../../../../../../Users/bhnas_000/Documents/Unreal Projects/Karaage/Content/StarterContent/Minimal_Default.umap" TEMPLATE=0 SHOWPROGRESS=1
[2015.03.04-11.22.47:079][  0]LightingResults: New page: Lighting Build
[2015.03.04-11.22.47:085][  0]MapCheck: New page: Map Check
[2015.03.04-11.22.47:085][  0]LightingResults: New page: Lighting Build
[2015.03.04-11.22.47:092][  0]LogParticles: Destroying 0 GPU particle simulations for FXSystem 0x000000C86316D9E0
[2015.03.04-11.22.47:426][  0]LogEditorServer: Finished looking for orphan Actors (0.000 secs)
[2015.03.04-11.22.47:426][  0]LogAIModule: Creating AISystem for world Minimal_Default
[2015.03.04-11.22.47:427][  0]Cmd: MAP CHECKDEP
[2015.03.04-11.22.47:427][  0]MapCheck: New page: Minimal_Default - Mar 3, 2015, 7:22:47 PM
[2015.03.04-11.22.47:497][  0]MapCheck: Info Map check complete: 0 Error(s), 0 Warning(s), took 70.59ms to complete.
[2015.03.04-11.22.47:497][  0]LogFileHelpers: Loading map 'Minimal_Default' took 0.419
[2015.03.04-11.22.47:587][  0]LogCollectionManager: Loaded 0 collections in 0.001833 seconds
[2015.03.04-11.22.47:668][  0]LogCrashTracker: Crashtracker disabled due to settings.
[2015.03.04-11.22.47:673][  0]LogUObjectGlobals:Warning: Failed to find object 'Class None.'
[2015.03.04-11.22.47:698][  0]LogLoad: Full Startup: 13.85 seconds (BP compile: 0.06 seconds)
[2015.03.04-11.22.47:709][  0]LogContentBrowser:Verbose: The content browser source was changed by the sources view to '/Game/StarterContent/Materials'
[2015.03.04-11.22.47:861][  0]LogRenderer:Warning: Reallocating scene render targets to support 1136x992.
[2015.03.04-11.22.48:017][  2]LogAssetRegistry: Asset discovery search completed in 1.9470 seconds
[2015.03.04-11.22.52:490][431]LogContentBrowser:Verbose: The content browser source was changed by the sources view to '/Game/StarterContent'
[2015.03.04-11.22.53:823][560]Cmd: MAP LOAD FILE="../../../../../../Users/bhnas_000/Documents/Unreal Projects/Karaage/Content/StarterContent/PrototypingMap.umap" TEMPLATE=0 SHOWPROGRESS=1
[2015.03.04-11.22.53:823][560]LightingResults: New page: Lighting Build
[2015.03.04-11.22.53:847][560]LoadErrors: New page: Loading map: PrototypingMap.umap
[2015.03.04-11.22.53:847][560]MapCheck: New page: Map Check
[2015.03.04-11.22.53:847][560]LightingResults: New page: Lighting Build
[2015.03.04-11.22.53:854][560]LogParticles: Destroying 0 GPU particle simulations for FXSystem 0x000000C85C31C680
[2015.03.04-11.22.53:856][560]LogEditorServer: Finished looking for orphan Actors (0.000 secs)
[2015.03.04-11.22.53:856][560]LogAIModule: Creating AISystem for world PrototypingMap
[2015.03.04-11.22.53:877][560]Cmd: MAP CHECKDEP
[2015.03.04-11.22.53:877][560]MapCheck: New page: PrototypingMap - Mar 3, 2015, 7:22:53 PM
[2015.03.04-11.22.53:951][560]MapCheck: Info Map check complete: 0 Error(s), 0 Warning(s), took 73.832ms to complete.
[2015.03.04-11.22.53:951][560]LogFileHelpers: Loading map 'PrototypingMap' took 0.132
[2015.03.04-11.24.08:223][275]BlueprintLog: New page: Compile PrototypingMap
[2015.03.04-11.24.08:306][275]BlueprintEditorCompileResults: Info [0094.46] Compile of PrototypingMap successful! [in 75 ms]
[2015.03.04-11.26.36:227][127]BlueprintLog: New page: Compile PrototypingMap
[2015.03.04-11.26.36:295][127]BlueprintEditorCompileResults: Info [0242.45] Compile of PrototypingMap successful! [in 59 ms]
[2015.03.04-11.26.39:508][393]BlueprintLog: New page: Pre-PIE auto-recompile
[2015.03.04-11.26.39:510][393]LogPlayLevel: [PIE] Compiling Tutorial_BP_MacroLib before PIE...
[2015.03.04-11.26.39:546][393]LogPlayLevel: [PIE] Compiling PrototypingMap before PIE...
[2015.03.04-11.26.39:601][393]LogPlayLevel: PIE:  Blueprint regeneration took 93 ms (2 blueprints)
[2015.03.04-11.26.39:602][393]PIE: New page: PIE session: PrototypingMap (Mar 3, 2015, 7:26:39 PM)
[2015.03.04-11.26.39:604][393]LogPlayLevel: PIE: StaticDuplicateObject took: (0.002358s)
[2015.03.04-11.26.39:605][393]LogPlayLevel: PIE: World Init took: (0.000507s)
[2015.03.04-11.26.39:605][393]LogPlayLevel: PIE: Created PIE world by copying editor world from /Game/StarterContent/PrototypingMap.PrototypingMap to /Game/StarterContent/UEDPIE_0_PrototypingMap.PrototypingMap (0.003002s)
[2015.03.04-11.26.39:650][393]LogWorld: Game class is 'GameMode'
[2015.03.04-11.26.39:652][393]LogAIModule: Creating AISystem for world PrototypingMap
[2015.03.04-11.26.39:652][393]LogWorld: Bringing World /Game/StarterContent/UEDPIE_0_PrototypingMap.PrototypingMap up for play (max tick rate 0) at 2015.03.04-03.26.39
[2015.03.04-11.26.39:653][393]LogWorld: Bringing up level for play took: 0.000807
[2015.03.04-11.26.39:653][393]PIE: Info Play in editor start time for /Game/StarterContent/UEDPIE_0_PrototypingMap 0.458
[2015.03.04-11.26.46:486][204]LogBlueprintUserMessages: None
[2015.03.04-11.26.47:011][267]LogBlueprintUserMessages: None
[2015.03.04-11.26.50:214][642]LogParticles: Destroying 0 GPU particle simulations for FXSystem 0x000000C86BAAD120
[2015.03.04-11.27.04:149][847]BlueprintLog: New page: Compile PrototypingMap
[2015.03.04-11.27.04:216][847]BlueprintEditorCompileResults: Info [0270.37] Compile of PrototypingMap successful! [in 59 ms]
[2015.03.04-11.27.22:512][619]LogEditorViewport: Clicking on Actor (LMB): StaticMeshActor (SM_Template_Map_Floor)
[2015.03.04-11.27.22:520][619]LogPropertyNode:Warning: UI Min (0.001) >= UI Max () for Ranged Numeric
[2015.03.04-11.27.42:838][401]LogEditorViewport: Clicking on Actor (LMB): BP_Sky_Sphere_C (BP_Sky_Shere)
[2015.03.04-11.27.43:052][421]Cmd: TRANSACTION UNDO
[2015.03.04-11.27.43:052][421]LogEditorTransaction: Undo Clicking on Actors
[2015.03.04-11.27.43:061][421]LogPropertyNode:Warning: UI Min (0.001) >= UI Max () for Ranged Numeric
[2015.03.04-11.27.44:192][498]Cmd: TRANSACTION UNDO
[2015.03.04-11.27.44:192][498]LogEditorTransaction: Undo Set actor scale
[2015.03.04-11.27.44:207][498]LogPropertyNode:Warning: UI Min (0.001) >= UI Max () for Ranged Numeric
[2015.03.04-11.27.45:089][563]LogSavePackage: Save=41.904785ms
[2015.03.04-11.27.45:089][563]LogSavePackage: Moving '../../../../../../Users/bhnas_000/Documents/Unreal Projects/Karaage/Saved/PrototypingMap7A8BF88E4ADCD0EBE036ACA9A187B61C.tmp' to '../../../../../../Users/bhnas_000/Documents/Unreal Projects/Karaage/Content/StarterContent/PrototypingMap.umap'
[2015.03.04-11.27.45:113][563]LogFileHelpers: Saving map 'PrototypingMap' took 0.166
[2015.03.04-11.27.55:337][116]Cmd: QUIT_EDITOR
[2015.03.04-11.27.55:944][116]LogExit: Preparing to exit.
[2015.03.04-11.27.56:701][116]LogExit: Editor shut down
[2015.03.04-11.27.56:702][116]LogExit: Transaction tracking system shut down
[2015.03.04-11.27.56:703][116]LogParticles: Destroying 0 GPU particle simulations for FXSystem 0x000000C86B253740
[2015.03.04-11.27.56:703][116]LogParticles: Destroying 0 GPU particle simulations for FXSystem 0x000000C86B252520
[2015.03.04-11.27.56:704][116]LogParticles: Destroying 0 GPU particle simulations for FXSystem 0x000000C86A090F40
[2015.03.04-11.27.56:740][116]LogParticles: Destroying 0 GPU particle simulations for FXSystem 0x000000C86AA42980
[2015.03.04-11.27.56:740][116]LogExit: Object subsystem successfully closed.
[2015.03.04-11.27.56:783][116]LogModuleManager: Shutting down and abandoning module AndroidDeviceDetection (172)
[2015.03.04-11.27.56:783][116]LogModuleManager: Shutting down and abandoning module CrashTracker (171)
[2015.03.04-11.27.56:783][116]LogModuleManager: Shutting down and abandoning module SuperSearch (170)
[2015.03.04-11.27.56:783][116]LogModuleManager: Shutting down and abandoning module SceneOutliner (169)
[2015.03.04-11.27.56:783][116]LogModuleManager: Shutting down and abandoning module EditorWidgets (168)
[2015.03.04-11.27.56:783][116]LogModuleManager: Shutting down and abandoning module CollectionManager (167)
[2015.03.04-11.27.56:783][116]LogModuleManager: Shutting down and abandoning module StatsViewer (166)
[2015.03.04-11.27.56:783][116]LogModuleManager: Shutting down and abandoning module FoliageEdit (165)
[2015.03.04-11.27.56:783][116]LogModuleManager: Shutting down and abandoning module LandscapeEditor (164)
[2015.03.04-11.27.56:783][116]LogModuleManager: Shutting down and abandoning module MeshPaint (163)
[2015.03.04-11.27.56:783][116]LogModuleManager: Shutting down and abandoning module ActorPickerMode (162)
[2015.03.04-11.27.56:783][116]LogModuleManager: Shutting down and abandoning module GeometryMode (161)
[2015.03.04-11.27.56:783][116]LogModuleManager: Shutting down and abandoning module TextureAlignMode (160)
[2015.03.04-11.27.56:783][116]LogModuleManager: Shutting down and abandoning module BspMode (159)
[2015.03.04-11.27.56:783][116]LogModuleManager: Shutting down and abandoning module PlacementMode (158)
[2015.03.04-11.27.56:783][116]LogModuleManager: Shutting down and abandoning module AutomationWorker (157)
[2015.03.04-11.27.56:783][116]LogModuleManager: Shutting down and abandoning module CharacterAI (156)
[2015.03.04-11.27.56:783][116]LogModuleManager: Shutting down and abandoning module GameProjectGeneration (155)
[2015.03.04-11.27.56:783][116]LogModuleManager: Shutting down and abandoning module IntroTutorials (154)
[2015.03.04-11.27.56:783][116]LogModuleManager: Shutting down and abandoning module EditorLiveStreaming (153)
[2015.03.04-11.27.56:783][116]LogModuleManager: Shutting down and abandoning module HardwareTargeting (152)
[2015.03.04-11.27.56:783][116]LogModuleManager: Shutting down and abandoning module DeviceProfileEditor (151)
[2015.03.04-11.27.56:783][116]LogModuleManager: Shutting down and abandoning module UndoHistory (150)
[2015.03.04-11.27.56:783][116]LogModuleManager: Shutting down and abandoning module GameplayTagsEditor (149)
[2015.03.04-11.27.56:783][116]LogModuleManager: Shutting down and abandoning module UserFeedback (148)
[2015.03.04-11.27.56:783][116]LogModuleManager: Shutting down and abandoning module XmlParser (147)
[2015.03.04-11.27.56:783][116]LogModuleManager: Shutting down and abandoning module Blutility (146)
[2015.03.04-11.27.56:783][116]LogModuleManager: Shutting down and abandoning module IOSPlatformEditor (145)
[2015.03.04-11.27.56:783][116]LogModuleManager: Shutting down and abandoning module IOSRuntimeSettings (144)
[2015.03.04-11.27.56:783][116]LogModuleManager: Shutting down and abandoning module AndroidPlatformEditor (143)
[2015.03.04-11.27.56:783][116]LogModuleManager: Shutting down and abandoning module AndroidRuntimeSettings (142)
[2015.03.04-11.27.56:783][116]LogModuleManager: Shutting down and abandoning module ProjectTargetPlatformEditor (141)
[2015.03.04-11.27.56:783][116]LogModuleManager: Shutting down and abandoning module ProjectSettingsViewer (140)
[2015.03.04-11.27.56:783][116]LogModuleManager: Shutting down and abandoning module InputBindingEditor (139)
[2015.03.04-11.27.56:783][116]LogModuleManager: Shutting down and abandoning module EditorSettingsViewer (138)
[2015.03.04-11.27.56:783][116]LogModuleManager: Shutting down and abandoning module SettingsEditor (137)
[2015.03.04-11.27.56:783][116]LogModuleManager: Shutting down and abandoning module ProjectLauncher (136)
[2015.03.04-11.27.56:783][116]LogModuleManager: Shutting down and abandoning module SessionFrontend (135)
[2015.03.04-11.27.56:783][116]LogModuleManager: Shutting down and abandoning module ProfilerClient (134)
[2015.03.04-11.27.56:783][116]LogModuleManager: Shutting down and abandoning module TargetDeviceServices (133)
[2015.03.04-11.27.56:783][116]LogModuleManager: Shutting down and abandoning module DeviceManager (132)
[2015.03.04-11.27.56:784][116]LogModuleManager: Shutting down and abandoning module AutomationController (131)
[2015.03.04-11.27.56:784][116]LogModuleManager: Shutting down and abandoning module AutomationWindow (130)
[2015.03.04-11.27.56:784][116]LogModuleManager: Shutting down and abandoning module Layers (129)
[2015.03.04-11.27.56:784][116]LogModuleManager: Shutting down and abandoning module ComponentVisualizers (128)
[2015.03.04-11.27.56:784][116]LogModuleManager: Shutting down and abandoning module DetailCustomizations (127)
[2015.03.04-11.27.56:784][116]LogModuleManager: Shutting down and abandoning module PackagesDialog (126)
[2015.03.04-11.27.56:784][116]LogModuleManager: Shutting down and abandoning module AssetRegistry (125)
[2015.03.04-11.27.56:902][116]LogModuleManager: Shutting down and abandoning module Persona (124)
[2015.03.04-11.27.56:902][116]LogModuleManager: Shutting down and abandoning module Kismet (123)
[2015.03.04-11.27.56:902][116]LogModuleManager: Shutting down and abandoning module GraphEditor (122)
[2015.03.04-11.27.56:902][116]LogModuleManager: Shutting down and abandoning module ClassViewer (121)
[2015.03.04-11.27.56:902][116]LogModuleManager: Shutting down and abandoning module Toolbox (120)
[2015.03.04-11.27.56:902][116]LogModuleManager: Shutting down and abandoning module ModuleUI (119)
[2015.03.04-11.27.56:902][116]LogModuleManager: Shutting down and abandoning module MovieSceneTools (118)
[2015.03.04-11.27.56:902][116]LogModuleManager: Shutting down and abandoning module OutputLog (117)
[2015.03.04-11.27.56:902][116]LogModuleManager: Shutting down and abandoning module GammaUI (116)
[2015.03.04-11.27.56:903][116]LogModuleManager: Shutting down and abandoning module Documentation (115)
[2015.03.04-11.27.56:903][116]LogModuleManager: Shutting down and abandoning module GameLiveStreaming (114)
[2015.03.04-11.27.56:903][116]LogModuleManager: Shutting down and abandoning module StreamingPauseRendering (113)
[2015.03.04-11.27.56:903][116]LogModuleManager: Shutting down and abandoning module HTTP (112)
[2015.03.04-11.27.56:903][116]LogModuleManager: Shutting down and abandoning module AnalyticsET (111)
[2015.03.04-11.27.56:903][116]LogModuleManager: Shutting down and abandoning module Analytics (110)
[2015.03.04-11.27.56:903][116]LogModuleManager: Shutting down and abandoning module AITestSuite (109)
[2015.03.04-11.27.56:903][116]LogModuleManager: Shutting down and abandoning module AIModule (108)
[2015.03.04-11.27.56:903][116]LogModuleManager: Shutting down and abandoning module ProfilerService (107)
[2015.03.04-11.27.57:042][116]LogModuleManager: Shutting down and abandoning module TaskGraph (106)
[2015.03.04-11.27.57:042][116]LogModuleManager: Shutting down and abandoning module GameplayDebugger (105)
[2015.03.04-11.27.57:042][116]LogModuleManager: Shutting down and abandoning module SlateRemote (104)
[2015.03.04-11.27.57:042][116]LogModuleManager: Shutting down and abandoning module ScriptEditorPlugin (103)
[2015.03.04-11.27.57:042][116]LogModuleManager: Shutting down and abandoning module CustomMeshComponent (102)
[2015.03.04-11.27.57:042][116]LogModuleManager: Shutting down and abandoning module CableComponent (101)
[2015.03.04-11.27.57:042][116]LogModuleManager: Shutting down and abandoning module MessagingDebugger (100)
[2015.03.04-11.27.57:042][116]LogModuleManager: Shutting down and abandoning module MediaPlayerEditor (99)
[2015.03.04-11.27.57:042][116]LogModuleManager: Shutting down and abandoning module SpeedTreeImporter (98)
[2015.03.04-11.27.57:042][116]LogModuleManager: Shutting down and abandoning module PluginsEditor (97)
[2015.03.04-11.27.57:042][116]LogModuleManager: Shutting down and abandoning module EpicSurvey (96)
[2015.03.04-11.27.57:042][116]LogModuleManager: Shutting down and abandoning module DesktopPlatform (95)
[2015.03.04-11.27.57:042][116]LogModuleManager: Shutting down and abandoning module VisualStudioSourceCodeAccess (94)
[2015.03.04-11.27.57:042][116]LogModuleManager: Shutting down and abandoning module UObjectPlugin (93)
[2015.03.04-11.27.57:042][116]LogModuleManager: Shutting down and abandoning module SubversionSourceControl (92)
[2015.03.04-11.27.57:042][116]LogModuleManager: Shutting down and abandoning module SourceControl (91)
[2015.03.04-11.27.57:042][116]LogModuleManager: Shutting down and abandoning module PerforceSourceControl (90)
[2015.03.04-11.27.57:042][116]LogModuleManager: Shutting down and abandoning module BlankPlugin (89)
[2015.03.04-11.27.57:042][116]LogModuleManager: Shutting down and abandoning module SlateReflector (88)
[2015.03.04-11.27.57:042][116]LogModuleManager: Shutting down and abandoning module DirectoryWatcher (87)
[2015.03.04-11.27.57:043][116]LogModuleManager: Shutting down and abandoning module HotReload (86)
[2015.03.04-11.27.57:043][116]LogModuleManager: Shutting down and abandoning module MainFrame (85)
[2015.03.04-11.27.57:043][116]LogModuleManager: Shutting down and abandoning module LevelEditor (84)
[2015.03.04-11.27.57:044][116]LogModuleManager: Shutting down and abandoning module ViewportSnapping (83)
[2015.03.04-11.27.57:044][116]LogModuleManager: Shutting down and abandoning module SmartSnapping (82)
[2015.03.04-11.27.57:044][116]LogModuleManager: Shutting down and abandoning module PaperTiledImporter (81)
[2015.03.04-11.27.57:044][116]LogModuleManager: Shutting down and abandoning module PaperJsonImporter (80)
[2015.03.04-11.27.57:044][116]LogModuleManager: Shutting down and abandoning module ContentBrowser (79)
[2015.03.04-11.27.57:044][116]LogModuleManager: Shutting down and abandoning module Paper2DEditor (78)
[2015.03.04-11.27.57:044][116]LogModuleManager: Shutting down and abandoning module ScriptPlugin (77)
[2015.03.04-11.27.57:044][116]LogModuleManager: Shutting down and abandoning module UdpMessaging (76)
[2015.03.04-11.27.57:146][116]LogModuleManager: Shutting down and abandoning module Paper2D (75)
[2015.03.04-11.27.57:146][116]LogModuleManager: Shutting down and abandoning module UE4Game (74)
[2015.03.04-11.27.57:146][116]LogModuleManager: Shutting down and abandoning module WindowsMoviePlayer (73)
[2015.03.04-11.27.57:149][116]LogModuleManager: Shutting down and abandoning module Media (72)
[2015.03.04-11.27.57:149][116]LogModuleManager: Shutting down and abandoning module WmfMedia (71)
[2015.03.04-11.27.57:150][116]LogModuleManager: Shutting down and abandoning module OnlineBlueprintSupport (70)
[2015.03.04-11.27.57:150][116]LogModuleManager: Shutting down and abandoning module PropertyEditor (69)
[2015.03.04-11.27.57:150][116]LogModuleManager: Shutting down and abandoning module BehaviorTreeEditor (68)
[2015.03.04-11.27.57:150][116]LogModuleManager: Shutting down and abandoning module FunctionalTesting (67)
[2015.03.04-11.27.57:150][116]LogModuleManager: Shutting down and abandoning module CollisionAnalyzer (66)
[2015.03.04-11.27.57:150][116]LogModuleManager: Shutting down and abandoning module WorkspaceMenuStructure (65)
[2015.03.04-11.27.57:150][116]LogModuleManager: Shutting down and abandoning module MessageLog (64)
[2015.03.04-11.27.57:150][116]LogModuleManager: Shutting down and abandoning module Sequencer (63)
[2015.03.04-11.27.57:150][116]LogModuleManager: Shutting down and abandoning module AssetTools (62)
[2015.03.04-11.27.57:150][116]LogModuleManager: Shutting down and abandoning module UMGEditor (61)
[2015.03.04-11.27.57:150][116]LogModuleManager: Shutting down and abandoning module UMG (60)
[2015.03.04-11.27.57:150][116]LogModuleManager: Shutting down and abandoning module Slate (59)
[2015.03.04-11.27.57:150][116]LogModuleManager: Shutting down and abandoning module EditorStyle (58)
[2015.03.04-11.27.57:156][116]LogModuleManager: Shutting down and abandoning module SessionServices (57)
[2015.03.04-11.27.57:156][116]LogModuleManager: Shutting down and abandoning module SourceCodeAccess (56)
[2015.03.04-11.27.57:156][116]LogModuleManager: Shutting down and abandoning module HeadMountedDisplay (55)
[2015.03.04-11.27.57:156][116]LogModuleManager: Shutting down and abandoning module XAudio2 (54)
[2015.03.04-11.27.57:156][116]LogModuleManager: Shutting down and abandoning module Networking (52)
[2015.03.04-11.27.57:156][116]LogModuleManager: Shutting down and abandoning module Core (51)
[2015.03.04-11.27.57:156][116]LogModuleManager: Shutting down and abandoning module KismetCompiler (50)
[2015.03.04-11.27.57:156][116]LogModuleManager: Shutting down and abandoning module PhysXFormats (49)
[2015.03.04-11.27.57:156][116]LogModuleManager: Shutting down and abandoning module MeshUtilities (48)
[2015.03.04-11.27.57:156][116]LogModuleManager: Shutting down and abandoning module DerivedDataCache (47)
[2015.03.04-11.27.57:173][116]LogDerivedDataCache: Shutdown
[2015.03.04-11.27.57:173][116]LogModuleManager: Shutting down and abandoning module ShaderFormatOpenGL (46)
[2015.03.04-11.27.57:173][116]LogModuleManager: Shutting down and abandoning module ShaderFormatD3D (45)
[2015.03.04-11.27.57:173][116]LogModuleManager: Shutting down and abandoning module MetalShaderFormat (44)
[2015.03.04-11.27.57:173][116]LogModuleManager: Shutting down and abandoning module TextureFormatUncompressed (43)
[2015.03.04-11.27.57:173][116]LogModuleManager: Shutting down and abandoning module TextureFormatPVR (42)
[2015.03.04-11.27.57:173][116]LogModuleManager: Shutting down and abandoning module TextureFormatDXT (41)
[2015.03.04-11.27.57:173][116]LogModuleManager: Shutting down and abandoning module TextureFormatAndroid (40)
[2015.03.04-11.27.57:173][116]LogModuleManager: Shutting down and abandoning module AudioFormatOpus (39)
[2015.03.04-11.27.57:173][116]LogModuleManager: Shutting down and abandoning module AudioFormatOgg (38)
[2015.03.04-11.27.57:173][116]LogModuleManager: Shutting down and abandoning module AudioFormatADPCM (37)
[2015.03.04-11.27.57:173][116]LogModuleManager: Shutting down and abandoning module LinuxTargetPlatform (36)
[2015.03.04-11.27.57:173][116]LogModuleManager: Shutting down and abandoning module LinuxServerTargetPlatform (35)
[2015.03.04-11.27.57:173][116]LogModuleManager: Shutting down and abandoning module LinuxNoEditorTargetPlatform (34)
[2015.03.04-11.27.57:173][116]LogModuleManager: Shutting down and abandoning module Messaging (33)
[2015.03.04-11.27.57:173][116]LogModuleManager: Shutting down and abandoning module IOSTargetPlatform (32)
[2015.03.04-11.27.57:173][116]LogModuleManager: Shutting down and abandoning module Android_PVRTCTargetPlatform (31)
[2015.03.04-11.27.57:173][116]LogModuleManager: Shutting down and abandoning module Android_ETC2TargetPlatform (30)
[2015.03.04-11.27.57:173][116]LogModuleManager: Shutting down and abandoning module Android_ETC1TargetPlatform (29)
[2015.03.04-11.27.57:173][116]LogModuleManager: Shutting down and abandoning module Android_DXTTargetPlatform (28)
[2015.03.04-11.27.57:173][116]LogModuleManager: Shutting down and abandoning module Android_ATCTargetPlatform (27)
[2015.03.04-11.27.57:173][116]LogModuleManager: Shutting down and abandoning module AndroidTargetPlatform (26)
[2015.03.04-11.27.57:173][116]LogModuleManager: Shutting down and abandoning module WindowsTargetPlatform (25)
[2015.03.04-11.27.57:173][116]LogModuleManager: Shutting down and abandoning module WindowsServerTargetPlatform (24)
[2015.03.04-11.27.57:173][116]LogModuleManager: Shutting down and abandoning module WindowsNoEditorTargetPlatform (23)
[2015.03.04-11.27.57:173][116]LogModuleManager: Shutting down and abandoning module WindowsClientTargetPlatform (22)
[2015.03.04-11.27.57:173][116]LogModuleManager: Shutting down and abandoning module TargetPlatform (21)
[2015.03.04-11.27.57:173][116]LogModuleManager: Shutting down and abandoning module InputCore (20)
[2015.03.04-11.27.57:173][116]LogModuleManager: Shutting down and abandoning module Settings (19)
[2015.03.04-11.27.57:173][116]LogModuleManager: Shutting down and abandoning module ImageWrapper (18)
[2015.03.04-11.27.57:173][116]LogModuleManager: Shutting down and abandoning module OculusRift (15)
[2015.03.04-11.27.57:173][116]LogModuleManager: Shutting down and abandoning module ExampleDeviceProfileSelector (14)
[2015.03.04-11.27.57:173][116]LogModuleManager: Shutting down and abandoning module TextureCompressor (13)
[2015.03.04-11.27.57:174][116]LogModuleManager: Shutting down and abandoning module ShaderCore (12)
[2015.03.04-11.27.57:174][116]LogModuleManager: Shutting down and abandoning module Landscape (11)
[2015.03.04-11.27.57:174][116]LogModuleManager: Shutting down and abandoning module SlateRHIRenderer (10)
[2015.03.04-11.27.57:176][116]LogModuleManager: Shutting down and abandoning module OpenGLDrv (9)
[2015.03.04-11.27.57:176][116]LogModuleManager: Shutting down and abandoning module D3D11RHI (8)
[2015.03.04-11.27.57:176][116]LogModuleManager: Shutting down and abandoning module Renderer (7)
[2015.03.04-11.27.57:177][116]LogModuleManager: Shutting down and abandoning module Engine (6)
[2015.03.04-11.27.57:177][116]LogModuleManager: Shutting down and abandoning module CoreUObject (5)
[2015.03.04-11.27.57:177][116]LogModuleManager: Shutting down and abandoning module NetworkFile (4)
[2015.03.04-11.27.57:177][116]LogModuleManager: Shutting down and abandoning module StreamingFile (3)
[2015.03.04-11.27.57:177][116]LogModuleManager: Shutting down and abandoning module SandboxFile (2)
[2015.03.04-11.27.57:177][116]LogModuleManager: Shutting down and abandoning module PakFile (1)
[2015.03.04-11.27.57:177][116]LogExit: Exiting.
[2015.03.04-11.27.57:184][116]Log file closed, 03/04/15 03:27:57
