Log file open, 03/03/15 20:11:49
LogInit:Display: Running engine for game: Karaage
LogInit: Version: 4.6.1-2386410+++depot+UE4-Releases+4.6
LogInit: API Version: 2369412
LogInit: Compiled (64-bit): Dec 11 2014 21:31:39
LogInit: Compiled with Visual C++: 18.00.21005.01
LogInit: Build Configuration: Development
LogInit: Branch Name: ++depot+UE4-Releases+4.6
LogInit: Command line: 
LogInit: Base directory: C:/Program Files/Epic Games/4.6/Engine/Binaries/Win64/
LogInit: Rocket: 1
[2015.03.04-04.11.49:840][  0]LogTaskGraph: Started task graph with 3 named threads and 6 total threads.
[2015.03.04-04.11.49:900][  0]LogOnline:Warning: No default platform service specified for OnlineSubsystem
[2015.03.04-04.11.49:930][  0]LogInit: Presizing for 0 objects not considered by GC, pre-allocating 0 bytes.
[2015.03.04-04.11.49:937][  0]LogInit: Object subsystem initialized
[2015.03.04-04.11.49:939][  0]LogConsoleResponse:Warning: Skipping Unknown console variable: 'UIScaleRule = ShortestSide'
[2015.03.04-04.11.49:939][  0]LogConsoleResponse:Warning:   Found in ini file 'C:/Users/bhnas_000/Documents/Unreal Projects/Karaage/Saved/Config/Windows/Engine.ini', in section '[/Script/Engine.RendererSettings]'
[2015.03.04-04.11.49:939][  0]LogConsoleResponse:Warning: Skipping Unknown console variable: 'UIScaleCurve = (EditorCurveData=(Keys=),ExternalCurve=None)'
[2015.03.04-04.11.49:939][  0]LogConsoleResponse:Warning:   Found in ini file 'C:/Users/bhnas_000/Documents/Unreal Projects/Karaage/Saved/Config/Windows/Engine.ini', in section '[/Script/Engine.RendererSettings]'
[2015.03.04-04.11.49:939][  0]LogConsoleResponse:Warning: Skipping Unknown console variable: 'r.SeperateTranslucency = 0'
[2015.03.04-04.11.49:939][  0]LogConsoleResponse:Warning:   Found in ini file 'C:/Users/bhnas_000/Documents/Unreal Projects/Karaage/Saved/Config/Windows/Engine.ini', in section '[/Script/Engine.RendererSettings]'
[2015.03.04-04.11.49:939][  0]LogConsoleResponse:Warning: Skipping Unknown console variable: 'r.SSSSS = 0'
[2015.03.04-04.11.49:939][  0]LogConsoleResponse:Warning:   Found in ini file 'C:/Users/bhnas_000/Documents/Unreal Projects/Karaage/Saved/Config/Windows/Engine.ini', in section '[/Script/Engine.RendererSettings]'
[2015.03.04-04.11.49:940][  0]LogConsoleManager:Warning: Console variable 'r.PostProcessAAQuality' wasn't set (Priority ProjectSetting < Scalability)
[2015.03.04-04.11.49:940][  0]LogConsoleManager:Warning: Console variable 'r.MSAA.CompositingSampleCount' wasn't set (Priority ProjectSetting < Scalability)
[2015.03.04-04.11.49:940][  0]LogConsoleManager:Warning: Console variable 'r.MotionBlurQuality' wasn't set (Priority ProjectSetting < Scalability)
[2015.03.04-04.11.49:940][  0]LogConsoleManager:Warning: Console variable 'r.AmbientOcclusionLevels' wasn't set (Priority ProjectSetting < Scalability)
[2015.03.04-04.11.49:940][  0]LogConsoleManager:Warning: Console variable 'r.DepthOfFieldQuality' wasn't set (Priority ProjectSetting < Scalability)
[2015.03.04-04.11.49:940][  0]LogConsoleManager:Warning: Console variable 'r.LensFlareQuality' wasn't set (Priority ProjectSetting < Scalability)
[2015.03.04-04.11.49:940][  0]LogConsoleManager:Warning: Console variable 'r.SceneColorFringeQuality' wasn't set (Priority ProjectSetting < Scalability)
[2015.03.04-04.11.49:940][  0]LogConsoleManager:Warning: Console variable 'r.BloomQuality' wasn't set (Priority ProjectSetting < Scalability)
[2015.03.04-04.11.49:940][  0]LogConsoleManager:Warning: Console variable 'r.FastBlurThreshold' wasn't set (Priority ProjectSetting < Scalability)
[2015.03.04-04.11.49:940][  0]LogConsoleManager:Warning: Console variable 'r.MaxAnisotropy' wasn't set (Priority ProjectSetting < Scalability)
[2015.03.04-04.11.49:940][  0]LogConsoleManager:Warning: Console variable 'r.SSR.Quality' wasn't set (Priority ProjectSetting < Scalability)
[2015.03.04-04.11.49:940][  0]LogConsoleManager:Warning: Console variable 'r.TranslucencyVolumeBlur' wasn't set (Priority ProjectSetting < Scalability)
[2015.03.04-04.11.49:940][  0]LogInit: Selected Device Profile: [Windows]
[2015.03.04-04.11.49:940][  0]LogInit: Applying CVar settings loaded from the selected device profile: [Windows]
[2015.03.04-04.11.49:946][  0]LogInit: Computer: AWESOME-BOX
[2015.03.04-04.11.49:946][  0]LogInit: User: Benhan
[2015.03.04-04.11.49:946][  0]LogInit: CPU Page size=4096, Cores=4
[2015.03.04-04.11.49:946][  0]LogInit: High frequency timer resolution =3.330097 MHz
[2015.03.04-04.11.49:946][  0]LogMemory: Memory total: Physical=15.9GB (16GB approx) Virtual=8192.0GB
[2015.03.04-04.11.49:946][  0]LogMemory: Platform Memory Stats for Windows
[2015.03.04-04.11.49:946][  0]LogMemory: Process Physical Memory: 48.62 MB used, 48.62 MB peak
[2015.03.04-04.11.49:946][  0]LogMemory: Process Virtual Memory: 24.21 MB used, 26.54 MB peak
[2015.03.04-04.11.49:946][  0]LogMemory: Physical Memory: 2344.44 MB used, 16330.08 MB total
[2015.03.04-04.11.49:946][  0]LogMemory: Virtual Memory: 269.81 MB used, 8388608.00 MB total
[2015.03.04-04.11.49:969][  0]LogD3D11RHI: Found D3D11 adapter 0: NVIDIA GeForce GTX 680 (Feature Level 11_0)
[2015.03.04-04.11.49:969][  0]LogD3D11RHI: Adapter has 1986MB of dedicated video memory, 0MB of dedicated system memory, and 2048MB of shared system memory, 1 output[s]
[2015.03.04-04.11.49:970][  0]LogD3D11RHI: Found D3D11 adapter 1: Microsoft Basic Render Driver (Feature Level 11_0)
[2015.03.04-04.11.49:970][  0]LogD3D11RHI: Adapter has 0MB of dedicated video memory, 0MB of dedicated system memory, and 256MB of shared system memory, 0 output[s]
[2015.03.04-04.11.49:970][  0]LogD3D11RHI: Chosen D3D11 Adapter Id = 0
[2015.03.04-04.11.49:972][  0]LogRHI: Texture pool is 1361 MB (70% of 1945 MB)
[2015.03.04-04.11.49:978][  0]LogD3D11RHI: Async texture creation enabled
[2015.03.04-04.11.50:029][  0]LogTextLocalizationManager: The requested culture ('en_US') has no localization data; parent culture's ('en') localization data will be used.
[2015.03.04-04.11.50:143][  0]LogContentStreaming: Texture pool size is 0.000000MB
[2015.03.04-04.11.57:708][  0]LogTargetPlatformManager:Display: Building Assets For Windows
[2015.03.04-04.11.58:046][  0]LogTargetPlatformManager:Display: Building Assets For Windows
[2015.03.04-04.11.58:088][  0]LogDerivedDataCache:Display: Max Cache Size: 512 MB
[2015.03.04-04.11.58:118][  0]LogDerivedDataCache: Loaded boot cache 0.03s 39MB C:/Users/bhnas_000/AppData/Local/UnrealEngine/4.6/DerivedDataCache/Boot.ddc.
[2015.03.04-04.11.58:118][  0]LogDerivedDataCache:Display: Loaded Boot cache: C:/Users/bhnas_000/AppData/Local/UnrealEngine/4.6/DerivedDataCache/Boot.ddc
[2015.03.04-04.11.58:118][  0]LogDerivedDataCache: FDerivedDataBackendGraph:  Pak pak cache file ../../../../../../Users/bhnas_000/Documents/Unreal Projects/Karaage/DerivedDataCache/DDC.ddp not found, will not use a pak cache.
[2015.03.04-04.11.58:118][  0]LogDerivedDataCache: Unable to find inner node Pak for hierarchical cache Hierarchy.
[2015.03.04-04.11.58:176][  0]LogDerivedDataCache:Display: Pak cache opened for reading ../../../Engine/DerivedDataCache/DDC.ddp.
[2015.03.04-04.11.58:187][  0]LogDerivedDataCache: Using Local data cache path C:/Users/bhnas_000/AppData/Local/UnrealEngine/Common/DerivedDataCache: Writable
[2015.03.04-04.11.58:296][  0]LogCollisionProfile:Warning: Profile (UI) - Custom Channel Name = 'Weapon' hasn't been found
[2015.03.04-04.11.58:418][  0]LogMeshUtilities: No automatic mesh reduction module available
[2015.03.04-04.11.58:418][  0]LogMeshUtilities: No automatic mesh merging module available
[2015.03.04-04.11.58:723][  0]LogInit: WinSock: version 1.1 (2.2), MaxSocks=32767, MaxUdp=65467
[2015.03.04-04.11.58:766][  0]LogSlate:Warning: Failed to load font data from '../../../Engine/Content/Slate/Fonts/Roboto-Italic.ttf'
[2015.03.04-04.11.59:377][  0]UdpMessaging: Initializing bridge on interface 0.0.0.0:0 to multicast group 230.0.0.1:6666.
[2015.03.04-04.11.59:530][  0]LogDirectoryWatcher:Warning: Failed to begin reading directory changes for C:/Users/bhnas_000/Documents/Unreal Projects/Karaage/Binaries/Win64. Error: 0
[2015.03.04-04.11.59:643][  0]SourceControl: Info Source control is disabled
[2015.03.04-04.11.59:643][  0]SourceControl: Info Source control is disabled
[2015.03.04-04.11.59:648][  0]SourceControl: Info Source control is disabled
[2015.03.04-04.11.59:735][  0]LogObj: 23754 objects as part of root set at end of initial load.
[2015.03.04-04.11.59:735][  0]LogUObjectAllocator: 5168136 out of 0 bytes used by permanent object pool.
[2015.03.04-04.11.59:782][  0]LogEngine: Initializing Engine...
[2015.03.04-04.11.59:906][  0]LogInit: XAudio2 using 'Speakers (High Definition Audio Device)' : 2 channels at 44.1 kHz using 16 bits per sample (channel mask 0x3)
[2015.03.04-04.11.59:914][  0]LogInit: FAudioDevice initialized.
[2015.03.04-04.11.59:929][  0]LogAIModule: Creating AISystem for world NewWorld
[2015.03.04-04.11.59:946][  0]LogDerivedDataCache: Saved boot cache 0.02s 39MB C:/Users/bhnas_000/AppData/Local/UnrealEngine/4.6/DerivedDataCache/Boot.ddc.
[2015.03.04-04.11.59:949][  0]LogInit: Texture streaming: Enabled
[2015.03.04-04.11.59:972][  0]LogAnalytics: Creating configured Analytics provider AnalyticsET
[2015.03.04-04.11.59:972][  0]LogAnalytics: ET APIKey = Rocket.Release. APIServer = http://et2.epicgames.com/ET2/. AppVersion = 4.6.1-2386410+++depot+UE4-Releases+4.6
[2015.03.04-04.11.59:973][  0]LogAnalytics: SetUserId 29f21dfa4ef48abe050522049f436c7d
[2015.03.04-04.11.59:973][  0]LogAnalytics: AnalyticsET::StartSession [Rocket.Release]
[2015.03.04-04.11.59:986][  0]LogInit: Transaction tracking system initialized
[2015.03.04-04.12.00:055][  0]BlueprintLog: New page: Editor Load
[2015.03.04-04.12.00:080][  0]LogAssetRegistry: FAssetRegistry took 0.0111 seconds to start up
[2015.03.04-04.12.00:080][  0]LogDirectoryWatcher:Warning: Failed to begin reading directory changes for ../../../Engine/Plugins/Experimental/CharacterAI/Content/. Error: 0
[2015.03.04-04.12.00:456][  0]LogTargetPlatformManager:Display: Building Assets For Windows
[2015.03.04-04.12.00:739][  0]LogTargetPlatformManager:Display: Building Assets For Windows
[2015.03.04-04.12.00:907][  0]LogConsoleResponse:Display: 
[2015.03.04-04.12.00:946][  0]LogLinker:Warning: Asset '../../../Engine/Content/Functions/Engine_MaterialFunctions03/Procedurals/ComputeFilterWidth.uasset' has been saved with empty engine version. The asset will be loaded but may be incompatible.
[2015.03.04-04.12.01:099][  0]SourceControl: Info Source control is disabled
[2015.03.04-04.12.01:099][  0]Cmd: MAP LOAD FILE="../../../../../../Users/bhnas_000/Documents/Unreal Projects/Karaage/Content/StarterContent/Minimal_Default.umap" TEMPLATE=0 SHOWPROGRESS=1
[2015.03.04-04.12.01:099][  0]LightingResults: New page: Lighting Build
[2015.03.04-04.12.01:107][  0]MapCheck: New page: Map Check
[2015.03.04-04.12.01:107][  0]LightingResults: New page: Lighting Build
[2015.03.04-04.12.01:114][  0]LogParticles: Destroying 0 GPU particle simulations for FXSystem 0x00000037BE3FD9E0
[2015.03.04-04.12.01:543][  0]LogEditorServer: Finished looking for orphan Actors (0.000 secs)
[2015.03.04-04.12.01:543][  0]LogAIModule: Creating AISystem for world Minimal_Default
[2015.03.04-04.12.01:545][  0]Cmd: MAP CHECKDEP
[2015.03.04-04.12.01:545][  0]MapCheck: New page: Minimal_Default - Mar 3, 2015, 12:12:01 PM
[2015.03.04-04.12.01:620][  0]MapCheck: Info Map check complete: 0 Error(s), 0 Warning(s), took 75.44ms to complete.
[2015.03.04-04.12.01:620][  0]LogFileHelpers: Loading map 'Minimal_Default' took 0.522
[2015.03.04-04.12.01:720][  0]LogCollectionManager: Loaded 0 collections in 0.001038 seconds
[2015.03.04-04.12.01:873][  0]LogCrashTracker: Crashtracker disabled due to settings.
[2015.03.04-04.12.01:886][  0]LogUObjectGlobals:Warning: Failed to find object 'Class None.'
[2015.03.04-04.12.01:912][  0]LogLoad: Full Startup: 14.23 seconds (BP compile: 0.06 seconds)
[2015.03.04-04.12.01:923][  0]LogContentBrowser:Verbose: The content browser source was changed by the sources view to '/Game/StarterContent'
[2015.03.04-04.12.02:071][  0]LogRenderer:Warning: Reallocating scene render targets to support 1136x1016.
[2015.03.04-04.12.03:134][ 90]LogAssetRegistry: Asset discovery search completed in 3.0655 seconds
[2015.03.04-04.12.07:705][604]LogTexture:Display: Building textures: HQ_Lightmap1_1 (AutoDXT)
[2015.03.04-04.12.07:708][604]LogTexture:Display: Building textures: HQ_Lightmap1_2 (AutoDXT)
[2015.03.04-04.12.07:709][604]LogTexture:Display: Building textures: LQ_Lightmap_1_1 (DXT1)
[2015.03.04-04.12.07:712][604]LogTexture:Display: Building textures: LQ_Lightmap_1_2 (DXT1)
[2015.03.04-04.12.07:712][604]LogTexture:Display: Building textures: ShadowMapTexture2D_6 (BGRA8)
[2015.03.04-04.12.07:714][604]LogTexture:Display: Building textures: ShadowMapTexture2D_7 (BGRA8)
[2015.03.04-04.12.07:763][604]Cmd: MAP LOAD FILE="../../../../../../Users/bhnas_000/Documents/Unreal Projects/Karaage/Content/StarterContent/PrototypingMap.umap" TEMPLATE=0 SHOWPROGRESS=1
[2015.03.04-04.12.07:763][604]LightingResults: New page: Lighting Build
[2015.03.04-04.12.07:780][604]LoadErrors: New page: Loading map: PrototypingMap.umap
[2015.03.04-04.12.07:781][604]MapCheck: New page: Map Check
[2015.03.04-04.12.07:781][604]LightingResults: New page: Lighting Build
[2015.03.04-04.12.07:787][604]LogParticles: Destroying 0 GPU particle simulations for FXSystem 0x00000037B3B14680
[2015.03.04-04.12.07:790][604]LogEditorServer: Finished looking for orphan Actors (0.000 secs)
[2015.03.04-04.12.07:790][604]LogAIModule: Creating AISystem for world PrototypingMap
[2015.03.04-04.12.07:811][604]Cmd: MAP CHECKDEP
[2015.03.04-04.12.07:811][604]MapCheck: New page: PrototypingMap - Mar 3, 2015, 12:12:07 PM
[2015.03.04-04.12.07:884][604]MapCheck: Info Map check complete: 0 Error(s), 0 Warning(s), took 73.328ms to complete.
[2015.03.04-04.12.07:884][604]LogFileHelpers: Loading map 'PrototypingMap' took 0.123
[2015.03.04-04.12.36:307][114]BlueprintLog: New page: Pre-PIE auto-recompile
[2015.03.04-04.12.36:309][114]LogPlayLevel: [PIE] Compiling Tutorial_BP_MacroLib before PIE...
[2015.03.04-04.12.36:347][114]LogPlayLevel: [PIE] Compiling PrototypingMap before PIE...
[2015.03.04-04.12.36:398][114]LogPlayLevel: PIE:  Blueprint regeneration took 90 ms (2 blueprints)
[2015.03.04-04.12.36:398][114]PIE: New page: PIE session: PrototypingMap (Mar 3, 2015, 12:12:36 PM)
[2015.03.04-04.12.36:400][114]LogPlayLevel: PIE: StaticDuplicateObject took: (0.001334s)
[2015.03.04-04.12.36:400][114]LogPlayLevel: PIE: World Init took: (0.000453s)
[2015.03.04-04.12.36:400][114]LogPlayLevel: PIE: Created PIE world by copying editor world from /Game/StarterContent/PrototypingMap.PrototypingMap to /Game/StarterContent/UEDPIE_0_PrototypingMap.PrototypingMap (0.001943s)
[2015.03.04-04.12.36:449][114]LogWorld: Game class is 'GameMode'
[2015.03.04-04.12.36:460][114]LogAIModule: Creating AISystem for world PrototypingMap
[2015.03.04-04.12.36:461][114]LogWorld: Bringing World /Game/StarterContent/UEDPIE_0_PrototypingMap.PrototypingMap up for play (max tick rate 0) at 2015.03.03-20.12.36
[2015.03.04-04.12.36:462][114]LogWorld: Bringing up level for play took: 0.001514
[2015.03.04-04.12.36:467][114]PIE: Info Play in editor start time for /Game/StarterContent/UEDPIE_0_PrototypingMap -0.729
[2015.03.04-04.13.03:776][359]LogParticles: Destroying 0 GPU particle simulations for FXSystem 0x00000037C45CE3E0
[2015.03.04-04.14.20:649][  2]BlueprintLog: New page: Pre-PIE auto-recompile
[2015.03.04-04.14.20:652][  2]LogPlayLevel: [PIE] Compiling PrototypingMap before PIE...
[2015.03.04-04.14.20:701][  2]LogPlayLevel: PIE:  Blueprint regeneration took 52 ms (1 blueprints)
[2015.03.04-04.14.20:701][  2]PIE: New page: PIE session: PrototypingMap (Mar 3, 2015, 12:14:20 PM)
[2015.03.04-04.14.20:702][  2]LogPlayLevel: PIE: StaticDuplicateObject took: (0.001201s)
[2015.03.04-04.14.20:703][  2]LogPlayLevel: PIE: World Init took: (0.000486s)
[2015.03.04-04.14.20:703][  2]LogPlayLevel: PIE: Created PIE world by copying editor world from /Game/StarterContent/PrototypingMap.PrototypingMap to /Game/StarterContent/UEDPIE_0_PrototypingMap.PrototypingMap (0.001808s)
[2015.03.04-04.14.20:735][  2]LogWorld: Game class is 'GameMode'
[2015.03.04-04.14.20:737][  2]LogAIModule: Creating AISystem for world PrototypingMap
[2015.03.04-04.14.20:738][  2]LogWorld: Bringing World /Game/StarterContent/UEDPIE_0_PrototypingMap.PrototypingMap up for play (max tick rate 0) at 2015.03.03-20.14.20
[2015.03.04-04.14.20:738][  2]LogWorld: Bringing up level for play took: 0.000712
[2015.03.04-04.14.20:739][  2]PIE: Info Play in editor start time for /Game/StarterContent/UEDPIE_0_PrototypingMap -0.457
[2015.03.04-04.15.17:297][336]LogActor:Warning: Blueprint_PrototypeBox_C_24 is outside the world bounds!
[2015.03.04-04.15.18:398][460]LogActor:Warning: Blueprint_PrototypeBox_C_13 is outside the world bounds!
[2015.03.04-04.15.21:369][799]LogActor:Warning: Blueprint_PrototypeBox_C_21 is outside the world bounds!
[2015.03.04-04.15.21:972][869]LogActor:Warning: Blueprint_PrototypeBox_C_51 is outside the world bounds!
[2015.03.04-04.15.22:134][888]LogActor:Warning: Blueprint_PrototypeBox_C_38 is outside the world bounds!
[2015.03.04-04.15.23:428][ 40]LogActor:Warning: Blueprint_PrototypeBox_C_45 is outside the world bounds!
[2015.03.04-04.15.23:828][ 88]LogActor:Warning: Blueprint_PrototypeBox_C_31 is outside the world bounds!
[2015.03.04-04.15.23:905][ 97]LogActor:Warning: Blueprint_PrototypeBox_C_57 is outside the world bounds!
[2015.03.04-04.15.24:630][183]LogActor:Warning: Blueprint_PrototypeBox_C_34 is outside the world bounds!
[2015.03.04-04.15.24:698][191]LogActor:Warning: Blueprint_PrototypeBox_C_60 is outside the world bounds!
[2015.03.04-04.15.24:816][205]LogActor:Warning: Blueprint_PrototypeBox_C_58 is outside the world bounds!
[2015.03.04-04.15.27:870][570]LogActor:Warning: Blueprint_PrototypeBox_C_49 is outside the world bounds!
[2015.03.04-04.15.32:032][ 66]LogActor:Warning: Blueprint_PrototypeBox_C_85 is outside the world bounds!
[2015.03.04-04.15.33:900][290]LogActor:Warning: Blueprint_PrototypeBox_C_93 is outside the world bounds!
[2015.03.04-04.15.37:140][672]LogParticles: Destroying 0 GPU particle simulations for FXSystem 0x00000037CA63A340
[2015.03.04-04.20.32:131][908]Cmd: QUIT_EDITOR
[2015.03.04-04.20.32:756][908]LogExit: Preparing to exit.
[2015.03.04-04.20.33:716][908]LogExit: Editor shut down
[2015.03.04-04.20.33:717][908]LogExit: Transaction tracking system shut down
[2015.03.04-04.20.33:718][908]LogParticles: Destroying 0 GPU particle simulations for FXSystem 0x00000037CA8E3E20
[2015.03.04-04.20.33:753][908]LogExit: Object subsystem successfully closed.
[2015.03.04-04.20.33:795][908]LogModuleManager: Shutting down and abandoning module AndroidDeviceDetection (172)
[2015.03.04-04.20.33:795][908]LogModuleManager: Shutting down and abandoning module CrashTracker (171)
[2015.03.04-04.20.33:795][908]LogModuleManager: Shutting down and abandoning module SuperSearch (170)
[2015.03.04-04.20.33:795][908]LogModuleManager: Shutting down and abandoning module SceneOutliner (169)
[2015.03.04-04.20.33:795][908]LogModuleManager: Shutting down and abandoning module EditorWidgets (168)
[2015.03.04-04.20.33:795][908]LogModuleManager: Shutting down and abandoning module CollectionManager (167)
[2015.03.04-04.20.33:799][908]LogModuleManager: Shutting down and abandoning module StatsViewer (166)
[2015.03.04-04.20.33:799][908]LogModuleManager: Shutting down and abandoning module FoliageEdit (165)
[2015.03.04-04.20.33:799][908]LogModuleManager: Shutting down and abandoning module LandscapeEditor (164)
[2015.03.04-04.20.33:799][908]LogModuleManager: Shutting down and abandoning module MeshPaint (163)
[2015.03.04-04.20.33:799][908]LogModuleManager: Shutting down and abandoning module ActorPickerMode (162)
[2015.03.04-04.20.33:799][908]LogModuleManager: Shutting down and abandoning module GeometryMode (161)
[2015.03.04-04.20.33:799][908]LogModuleManager: Shutting down and abandoning module TextureAlignMode (160)
[2015.03.04-04.20.33:799][908]LogModuleManager: Shutting down and abandoning module BspMode (159)
[2015.03.04-04.20.33:799][908]LogModuleManager: Shutting down and abandoning module PlacementMode (158)
[2015.03.04-04.20.33:799][908]LogModuleManager: Shutting down and abandoning module AutomationWorker (157)
[2015.03.04-04.20.33:799][908]LogModuleManager: Shutting down and abandoning module CharacterAI (156)
[2015.03.04-04.20.33:799][908]LogModuleManager: Shutting down and abandoning module GameProjectGeneration (155)
[2015.03.04-04.20.33:799][908]LogModuleManager: Shutting down and abandoning module IntroTutorials (154)
[2015.03.04-04.20.33:799][908]LogModuleManager: Shutting down and abandoning module EditorLiveStreaming (153)
[2015.03.04-04.20.33:799][908]LogModuleManager: Shutting down and abandoning module HardwareTargeting (152)
[2015.03.04-04.20.33:799][908]LogModuleManager: Shutting down and abandoning module DeviceProfileEditor (151)
[2015.03.04-04.20.33:799][908]LogModuleManager: Shutting down and abandoning module UndoHistory (150)
[2015.03.04-04.20.33:799][908]LogModuleManager: Shutting down and abandoning module GameplayTagsEditor (149)
[2015.03.04-04.20.33:799][908]LogModuleManager: Shutting down and abandoning module UserFeedback (148)
[2015.03.04-04.20.33:799][908]LogModuleManager: Shutting down and abandoning module XmlParser (147)
[2015.03.04-04.20.33:799][908]LogModuleManager: Shutting down and abandoning module Blutility (146)
[2015.03.04-04.20.33:799][908]LogModuleManager: Shutting down and abandoning module IOSPlatformEditor (145)
[2015.03.04-04.20.33:799][908]LogModuleManager: Shutting down and abandoning module IOSRuntimeSettings (144)
[2015.03.04-04.20.33:799][908]LogModuleManager: Shutting down and abandoning module AndroidPlatformEditor (143)
[2015.03.04-04.20.33:799][908]LogModuleManager: Shutting down and abandoning module AndroidRuntimeSettings (142)
[2015.03.04-04.20.33:799][908]LogModuleManager: Shutting down and abandoning module ProjectTargetPlatformEditor (141)
[2015.03.04-04.20.33:799][908]LogModuleManager: Shutting down and abandoning module ProjectSettingsViewer (140)
[2015.03.04-04.20.33:799][908]LogModuleManager: Shutting down and abandoning module InputBindingEditor (139)
[2015.03.04-04.20.33:799][908]LogModuleManager: Shutting down and abandoning module EditorSettingsViewer (138)
[2015.03.04-04.20.33:799][908]LogModuleManager: Shutting down and abandoning module SettingsEditor (137)
[2015.03.04-04.20.33:799][908]LogModuleManager: Shutting down and abandoning module ProjectLauncher (136)
[2015.03.04-04.20.33:799][908]LogModuleManager: Shutting down and abandoning module SessionFrontend (135)
[2015.03.04-04.20.33:799][908]LogModuleManager: Shutting down and abandoning module ProfilerClient (134)
[2015.03.04-04.20.33:799][908]LogModuleManager: Shutting down and abandoning module TargetDeviceServices (133)
[2015.03.04-04.20.33:799][908]LogModuleManager: Shutting down and abandoning module DeviceManager (132)
[2015.03.04-04.20.33:800][908]LogModuleManager: Shutting down and abandoning module AutomationController (131)
[2015.03.04-04.20.33:800][908]LogModuleManager: Shutting down and abandoning module AutomationWindow (130)
[2015.03.04-04.20.33:800][908]LogModuleManager: Shutting down and abandoning module Layers (129)
[2015.03.04-04.20.33:800][908]LogModuleManager: Shutting down and abandoning module ComponentVisualizers (128)
[2015.03.04-04.20.33:800][908]LogModuleManager: Shutting down and abandoning module DetailCustomizations (127)
[2015.03.04-04.20.33:800][908]LogModuleManager: Shutting down and abandoning module PackagesDialog (126)
[2015.03.04-04.20.33:800][908]LogModuleManager: Shutting down and abandoning module AssetRegistry (125)
[2015.03.04-04.20.33:879][908]LogModuleManager: Shutting down and abandoning module Persona (124)
[2015.03.04-04.20.33:879][908]LogModuleManager: Shutting down and abandoning module Kismet (123)
[2015.03.04-04.20.33:879][908]LogModuleManager: Shutting down and abandoning module GraphEditor (122)
[2015.03.04-04.20.33:879][908]LogModuleManager: Shutting down and abandoning module ClassViewer (121)
[2015.03.04-04.20.33:879][908]LogModuleManager: Shutting down and abandoning module Toolbox (120)
[2015.03.04-04.20.33:880][908]LogModuleManager: Shutting down and abandoning module ModuleUI (119)
[2015.03.04-04.20.33:880][908]LogModuleManager: Shutting down and abandoning module MovieSceneTools (118)
[2015.03.04-04.20.33:880][908]LogModuleManager: Shutting down and abandoning module OutputLog (117)
[2015.03.04-04.20.33:880][908]LogModuleManager: Shutting down and abandoning module GammaUI (116)
[2015.03.04-04.20.33:880][908]LogModuleManager: Shutting down and abandoning module Documentation (115)
[2015.03.04-04.20.33:880][908]LogModuleManager: Shutting down and abandoning module GameLiveStreaming (114)
[2015.03.04-04.20.33:880][908]LogModuleManager: Shutting down and abandoning module StreamingPauseRendering (113)
[2015.03.04-04.20.33:880][908]LogModuleManager: Shutting down and abandoning module HTTP (112)
[2015.03.04-04.20.33:880][908]LogModuleManager: Shutting down and abandoning module AnalyticsET (111)
[2015.03.04-04.20.33:880][908]LogModuleManager: Shutting down and abandoning module Analytics (110)
[2015.03.04-04.20.33:880][908]LogModuleManager: Shutting down and abandoning module AITestSuite (109)
[2015.03.04-04.20.33:880][908]LogModuleManager: Shutting down and abandoning module AIModule (108)
[2015.03.04-04.20.33:880][908]LogModuleManager: Shutting down and abandoning module ProfilerService (107)
[2015.03.04-04.20.33:911][908]LogModuleManager: Shutting down and abandoning module TaskGraph (106)
[2015.03.04-04.20.33:911][908]LogModuleManager: Shutting down and abandoning module GameplayDebugger (105)
[2015.03.04-04.20.33:911][908]LogModuleManager: Shutting down and abandoning module SlateRemote (104)
[2015.03.04-04.20.33:911][908]LogModuleManager: Shutting down and abandoning module ScriptEditorPlugin (103)
[2015.03.04-04.20.33:911][908]LogModuleManager: Shutting down and abandoning module CustomMeshComponent (102)
[2015.03.04-04.20.33:911][908]LogModuleManager: Shutting down and abandoning module CableComponent (101)
[2015.03.04-04.20.33:911][908]LogModuleManager: Shutting down and abandoning module MessagingDebugger (100)
[2015.03.04-04.20.33:911][908]LogModuleManager: Shutting down and abandoning module MediaPlayerEditor (99)
[2015.03.04-04.20.33:911][908]LogModuleManager: Shutting down and abandoning module SpeedTreeImporter (98)
[2015.03.04-04.20.33:911][908]LogModuleManager: Shutting down and abandoning module PluginsEditor (97)
[2015.03.04-04.20.33:911][908]LogModuleManager: Shutting down and abandoning module EpicSurvey (96)
[2015.03.04-04.20.33:911][908]LogModuleManager: Shutting down and abandoning module DesktopPlatform (95)
[2015.03.04-04.20.33:911][908]LogModuleManager: Shutting down and abandoning module VisualStudioSourceCodeAccess (94)
[2015.03.04-04.20.33:911][908]LogModuleManager: Shutting down and abandoning module UObjectPlugin (93)
[2015.03.04-04.20.33:911][908]LogModuleManager: Shutting down and abandoning module SubversionSourceControl (92)
[2015.03.04-04.20.33:911][908]LogModuleManager: Shutting down and abandoning module SourceControl (91)
[2015.03.04-04.20.33:911][908]LogModuleManager: Shutting down and abandoning module PerforceSourceControl (90)
[2015.03.04-04.20.33:911][908]LogModuleManager: Shutting down and abandoning module BlankPlugin (89)
[2015.03.04-04.20.33:911][908]LogModuleManager: Shutting down and abandoning module SlateReflector (88)
[2015.03.04-04.20.33:912][908]LogModuleManager: Shutting down and abandoning module DirectoryWatcher (87)
[2015.03.04-04.20.33:912][908]LogModuleManager: Shutting down and abandoning module HotReload (86)
[2015.03.04-04.20.33:912][908]LogModuleManager: Shutting down and abandoning module MainFrame (85)
[2015.03.04-04.20.33:912][908]LogModuleManager: Shutting down and abandoning module LevelEditor (84)
[2015.03.04-04.20.33:914][908]LogModuleManager: Shutting down and abandoning module ViewportSnapping (83)
[2015.03.04-04.20.33:914][908]LogModuleManager: Shutting down and abandoning module SmartSnapping (82)
[2015.03.04-04.20.33:914][908]LogModuleManager: Shutting down and abandoning module PaperTiledImporter (81)
[2015.03.04-04.20.33:914][908]LogModuleManager: Shutting down and abandoning module PaperJsonImporter (80)
[2015.03.04-04.20.33:914][908]LogModuleManager: Shutting down and abandoning module ContentBrowser (79)
[2015.03.04-04.20.33:914][908]LogModuleManager: Shutting down and abandoning module Paper2DEditor (78)
[2015.03.04-04.20.33:914][908]LogModuleManager: Shutting down and abandoning module ScriptPlugin (77)
[2015.03.04-04.20.33:914][908]LogModuleManager: Shutting down and abandoning module UdpMessaging (76)
[2015.03.04-04.20.34:014][908]LogModuleManager: Shutting down and abandoning module Paper2D (75)
[2015.03.04-04.20.34:014][908]LogModuleManager: Shutting down and abandoning module UE4Game (74)
[2015.03.04-04.20.34:014][908]LogModuleManager: Shutting down and abandoning module WindowsMoviePlayer (73)
[2015.03.04-04.20.34:018][908]LogModuleManager: Shutting down and abandoning module Media (72)
[2015.03.04-04.20.34:018][908]LogModuleManager: Shutting down and abandoning module WmfMedia (71)
[2015.03.04-04.20.34:018][908]LogModuleManager: Shutting down and abandoning module OnlineBlueprintSupport (70)
[2015.03.04-04.20.34:018][908]LogModuleManager: Shutting down and abandoning module PropertyEditor (69)
[2015.03.04-04.20.34:018][908]LogModuleManager: Shutting down and abandoning module BehaviorTreeEditor (68)
[2015.03.04-04.20.34:018][908]LogModuleManager: Shutting down and abandoning module FunctionalTesting (67)
[2015.03.04-04.20.34:018][908]LogModuleManager: Shutting down and abandoning module CollisionAnalyzer (66)
[2015.03.04-04.20.34:018][908]LogModuleManager: Shutting down and abandoning module WorkspaceMenuStructure (65)
[2015.03.04-04.20.34:018][908]LogModuleManager: Shutting down and abandoning module MessageLog (64)
[2015.03.04-04.20.34:018][908]LogModuleManager: Shutting down and abandoning module Sequencer (63)
[2015.03.04-04.20.34:018][908]LogModuleManager: Shutting down and abandoning module AssetTools (62)
[2015.03.04-04.20.34:018][908]LogModuleManager: Shutting down and abandoning module UMGEditor (61)
[2015.03.04-04.20.34:018][908]LogModuleManager: Shutting down and abandoning module UMG (60)
[2015.03.04-04.20.34:018][908]LogModuleManager: Shutting down and abandoning module Slate (59)
[2015.03.04-04.20.34:018][908]LogModuleManager: Shutting down and abandoning module EditorStyle (58)
[2015.03.04-04.20.34:025][908]LogModuleManager: Shutting down and abandoning module SessionServices (57)
[2015.03.04-04.20.34:025][908]LogModuleManager: Shutting down and abandoning module SourceCodeAccess (56)
[2015.03.04-04.20.34:025][908]LogModuleManager: Shutting down and abandoning module HeadMountedDisplay (55)
[2015.03.04-04.20.34:025][908]LogModuleManager: Shutting down and abandoning module XAudio2 (54)
[2015.03.04-04.20.34:025][908]LogModuleManager: Shutting down and abandoning module Networking (52)
[2015.03.04-04.20.34:025][908]LogModuleManager: Shutting down and abandoning module Core (51)
[2015.03.04-04.20.34:025][908]LogModuleManager: Shutting down and abandoning module KismetCompiler (50)
[2015.03.04-04.20.34:025][908]LogModuleManager: Shutting down and abandoning module PhysXFormats (49)
[2015.03.04-04.20.34:025][908]LogModuleManager: Shutting down and abandoning module MeshUtilities (48)
[2015.03.04-04.20.34:025][908]LogModuleManager: Shutting down and abandoning module DerivedDataCache (47)
[2015.03.04-04.20.34:030][908]LogDerivedDataCache: Shutdown
[2015.03.04-04.20.34:030][908]LogModuleManager: Shutting down and abandoning module ShaderFormatOpenGL (46)
[2015.03.04-04.20.34:030][908]LogModuleManager: Shutting down and abandoning module ShaderFormatD3D (45)
[2015.03.04-04.20.34:030][908]LogModuleManager: Shutting down and abandoning module MetalShaderFormat (44)
[2015.03.04-04.20.34:030][908]LogModuleManager: Shutting down and abandoning module TextureFormatUncompressed (43)
[2015.03.04-04.20.34:030][908]LogModuleManager: Shutting down and abandoning module TextureFormatPVR (42)
[2015.03.04-04.20.34:030][908]LogModuleManager: Shutting down and abandoning module TextureFormatDXT (41)
[2015.03.04-04.20.34:030][908]LogModuleManager: Shutting down and abandoning module TextureFormatAndroid (40)
[2015.03.04-04.20.34:030][908]LogModuleManager: Shutting down and abandoning module AudioFormatOpus (39)
[2015.03.04-04.20.34:030][908]LogModuleManager: Shutting down and abandoning module AudioFormatOgg (38)
[2015.03.04-04.20.34:030][908]LogModuleManager: Shutting down and abandoning module AudioFormatADPCM (37)
[2015.03.04-04.20.34:030][908]LogModuleManager: Shutting down and abandoning module LinuxTargetPlatform (36)
[2015.03.04-04.20.34:030][908]LogModuleManager: Shutting down and abandoning module LinuxServerTargetPlatform (35)
[2015.03.04-04.20.34:030][908]LogModuleManager: Shutting down and abandoning module LinuxNoEditorTargetPlatform (34)
[2015.03.04-04.20.34:030][908]LogModuleManager: Shutting down and abandoning module Messaging (33)
[2015.03.04-04.20.34:030][908]LogModuleManager: Shutting down and abandoning module IOSTargetPlatform (32)
[2015.03.04-04.20.34:030][908]LogModuleManager: Shutting down and abandoning module Android_PVRTCTargetPlatform (31)
[2015.03.04-04.20.34:030][908]LogModuleManager: Shutting down and abandoning module Android_ETC2TargetPlatform (30)
[2015.03.04-04.20.34:030][908]LogModuleManager: Shutting down and abandoning module Android_ETC1TargetPlatform (29)
[2015.03.04-04.20.34:030][908]LogModuleManager: Shutting down and abandoning module Android_DXTTargetPlatform (28)
[2015.03.04-04.20.34:030][908]LogModuleManager: Shutting down and abandoning module Android_ATCTargetPlatform (27)
[2015.03.04-04.20.34:030][908]LogModuleManager: Shutting down and abandoning module AndroidTargetPlatform (26)
[2015.03.04-04.20.34:030][908]LogModuleManager: Shutting down and abandoning module WindowsTargetPlatform (25)
[2015.03.04-04.20.34:030][908]LogModuleManager: Shutting down and abandoning module WindowsServerTargetPlatform (24)
[2015.03.04-04.20.34:030][908]LogModuleManager: Shutting down and abandoning module WindowsNoEditorTargetPlatform (23)
[2015.03.04-04.20.34:030][908]LogModuleManager: Shutting down and abandoning module WindowsClientTargetPlatform (22)
[2015.03.04-04.20.34:030][908]LogModuleManager: Shutting down and abandoning module TargetPlatform (21)
[2015.03.04-04.20.34:030][908]LogModuleManager: Shutting down and abandoning module InputCore (20)
[2015.03.04-04.20.34:030][908]LogModuleManager: Shutting down and abandoning module Settings (19)
[2015.03.04-04.20.34:030][908]LogModuleManager: Shutting down and abandoning module ImageWrapper (18)
[2015.03.04-04.20.34:030][908]LogModuleManager: Shutting down and abandoning module OculusRift (15)
[2015.03.04-04.20.34:030][908]LogModuleManager: Shutting down and abandoning module ExampleDeviceProfileSelector (14)
[2015.03.04-04.20.34:030][908]LogModuleManager: Shutting down and abandoning module TextureCompressor (13)
[2015.03.04-04.20.34:030][908]LogModuleManager: Shutting down and abandoning module ShaderCore (12)
[2015.03.04-04.20.34:030][908]LogModuleManager: Shutting down and abandoning module Landscape (11)
[2015.03.04-04.20.34:031][908]LogModuleManager: Shutting down and abandoning module SlateRHIRenderer (10)
[2015.03.04-04.20.34:032][908]LogModuleManager: Shutting down and abandoning module OpenGLDrv (9)
[2015.03.04-04.20.34:032][908]LogModuleManager: Shutting down and abandoning module D3D11RHI (8)
[2015.03.04-04.20.34:032][908]LogModuleManager: Shutting down and abandoning module Renderer (7)
[2015.03.04-04.20.34:032][908]LogModuleManager: Shutting down and abandoning module Engine (6)
[2015.03.04-04.20.34:032][908]LogModuleManager: Shutting down and abandoning module CoreUObject (5)
[2015.03.04-04.20.34:032][908]LogModuleManager: Shutting down and abandoning module NetworkFile (4)
[2015.03.04-04.20.34:032][908]LogModuleManager: Shutting down and abandoning module StreamingFile (3)
[2015.03.04-04.20.34:032][908]LogModuleManager: Shutting down and abandoning module SandboxFile (2)
[2015.03.04-04.20.34:032][908]LogModuleManager: Shutting down and abandoning module PakFile (1)
[2015.03.04-04.20.34:033][908]LogExit: Exiting.
[2015.03.04-04.20.34:060][908]Log file closed, 03/03/15 20:20:34
